--------------- Build Started: 11/20/2020 13:14:20 Project: colorSensor, Configuration: ARM GCC 5.4-2016-q2-update Debug ---------------
The code generation step is up to date.
arm-none-eabi-gcc.exe -mcpu=cortex-m3 -mthumb -I. -IGenerated_Source\PSoC5 -Wa,-alh=.\CortexM3\ARM_GCC_541\Debug/colorSensor.lst -g -D DEBUG -D CY_CORE_ID=0 -Wall -ffunction-sections -ffat-lto-objects -Og -c colorSensor.c -o .\CortexM3\ARM_GCC_541\Debug\colorSensor.o
colorSensor.c: In function 'getColor':
colorSensor.c:163:32: warning: 'countG' may be used uninitialized in this function [-Wmaybe-uninitialized]
                         countG ++;
                                ^
colorSensor.c:143:32: warning: 'countR' may be used uninitialized in this function [-Wmaybe-uninitialized]
                         countR ++;
                                ^
arm-none-eabi-ar.exe -rs .\CortexM3\ARM_GCC_541\Debug\colorSensor.a .\CortexM3\ARM_GCC_541\Debug\Clock_10kHz.o .\CortexM3\ARM_GCC_541\Debug\Control_Reg.o .\CortexM3\ARM_GCC_541\Debug\Control_Reg_PM.o .\CortexM3\ARM_GCC_541\Debug\Counter_INT.o .\CortexM3\ARM_GCC_541\Debug\Counter.o .\CortexM3\ARM_GCC_541\Debug\Counter_PM.o .\CortexM3\ARM_GCC_541\Debug\Timer.o .\CortexM3\ARM_GCC_541\Debug\Timer_PM.o .\CortexM3\ARM_GCC_541\Debug\Timer_INT.o .\CortexM3\ARM_GCC_541\Debug\Clock_100kHz.o .\CortexM3\ARM_GCC_541\Debug\UART_1.o .\CortexM3\ARM_GCC_541\Debug\UART_1_PM.o .\CortexM3\ARM_GCC_541\Debug\UART_1_INT.o .\CortexM3\ARM_GCC_541\Debug\UART_1_BOOT.o .\CortexM3\ARM_GCC_541\Debug\isr_uart_rx.o .\CortexM3\ARM_GCC_541\Debug\S0.o .\CortexM3\ARM_GCC_541\Debug\S1.o .\CortexM3\ARM_GCC_541\Debug\S2.o .\CortexM3\ARM_GCC_541\Debug\S3.o .\CortexM3\ARM_GCC_541\Debug\SensorOut.o .\CortexM3\ARM_GCC_541\Debug\UART_1_IntClock.o .\CortexM3\ARM_GCC_541\Debug\CyDmac.o .\CortexM3\ARM_GCC_541\Debug\CyFlash.o .\CortexM3\ARM_GCC_541\Debug\CyLib.o .\CortexM3\ARM_GCC_541\Debug\cyPm.o .\CortexM3\ARM_GCC_541\Debug\CySpc.o .\CortexM3\ARM_GCC_541\Debug\cyutils.o .\CortexM3\ARM_GCC_541\Debug\cy_em_eeprom.o .\CortexM3\ARM_GCC_541\Debug\OE.o .\CortexM3\ARM_GCC_541\Debug\CyBootAsmGnu.o
arm-none-eabi-ar.exe: creating .\CortexM3\ARM_GCC_541\Debug\colorSensor.a
arm-none-eabi-gcc.exe -Wl,--start-group -o "C:\Users\Lucas\Documents\PSoC Creator\colorSensor\colorSensor.cydsn\CortexM3\ARM_GCC_541\Debug\colorSensor.elf" .\CortexM3\ARM_GCC_541\Debug\main.o .\CortexM3\ARM_GCC_541\Debug\colorSensor.o .\CortexM3\ARM_GCC_541\Debug\cyfitter_cfg.o .\CortexM3\ARM_GCC_541\Debug\cymetadata.o .\CortexM3\ARM_GCC_541\Debug\Cm3Start.o .\CortexM3\ARM_GCC_541\Debug\colorSensor.a "C:\Program Files (x86)\Cypress\PSoC Creator\4.3\PSoC Creator\psoc\content\cycomponentlibrary\CyComponentLibrary.cylib\CortexM3\ARM_GCC_541\Debug\CyComponentLibrary.a" -mcpu=cortex-m3 -mthumb -L Generated_Source\PSoC5 -Wl,-Map,.\CortexM3\ARM_GCC_541\Debug/colorSensor.map -T Generated_Source\PSoC5\cm3gcc.ld -specs=nano.specs -Wl,--gc-sections -g -ffunction-sections -Og -ffat-lto-objects -Wl,--end-group
cyelftool.exe -C "C:\Users\Lucas\Documents\PSoC Creator\colorSensor\colorSensor.cydsn\CortexM3\ARM_GCC_541\Debug\colorSensor.elf" --flash_row_size 256 --flash_size 262144 --flash_offset 0x00000000
No ELF section .cychecksum found, creating one
Application checksum calculated and stored in ELF section .cychecksum
Checksum calculated and stored in ELF section .cymeta
cyelftool.exe -S "C:\Users\Lucas\Documents\PSoC Creator\colorSensor\colorSensor.cydsn\CortexM3\ARM_GCC_541\Debug\colorSensor.elf"
Flash used: 3014 of 262144 bytes (1,1 %).
SRAM used: 2665 of 65536 bytes (4,1 %). Stack: 2048 bytes. Heap: 128 bytes.
--------------- Build Succeeded: 11/20/2020 13:14:22 ---------------
