ARM GAS  C:\Users\AugustHA\AppData\Local\Temp\ccif8uAK.s 			page 1


   1              		.syntax unified
   2              		.cpu cortex-m3
   3              		.fpu softvfp
   4              		.eabi_attribute 20, 1
   5              		.eabi_attribute 21, 1
   6              		.eabi_attribute 23, 3
   7              		.eabi_attribute 24, 1
   8              		.eabi_attribute 25, 1
   9              		.eabi_attribute 26, 1
  10              		.eabi_attribute 30, 1
  11              		.eabi_attribute 34, 1
  12              		.eabi_attribute 18, 4
  13              		.thumb
  14              		.syntax unified
  15              		.file	"mainPSoC.c"
  16              		.text
  17              	.Ltext0:
  18              		.cfi_sections	.debug_frame
  19              		.global	__aeabi_f2iz
  20              		.global	__aeabi_i2d
  21              		.global	__aeabi_dcmpge
  22              		.global	__aeabi_f2d
  23              		.global	__aeabi_dcmplt
  24              		.section	.text.beertressWorkWork,"ax",%progbits
  25              		.align	2
  26              		.global	beertressWorkWork
  27              		.thumb
  28              		.thumb_func
  29              		.type	beertressWorkWork, %function
  30              	beertressWorkWork:
  31              	.LFB64:
  32              		.file 1 "mainPSoC.c"
   1:mainPSoC.c    **** /* ========================================
   2:mainPSoC.c    ****  *
   3:mainPSoC.c    ****  * Copyright YOUR COMPANY, THE YEAR
   4:mainPSoC.c    ****  * All Rights Reserved
   5:mainPSoC.c    ****  * UNPUBLISHED, LICENSED SOFTWARE.
   6:mainPSoC.c    ****  *
   7:mainPSoC.c    ****  * CONFIDENTIAL AND PROPRIETARY INFORMATION
   8:mainPSoC.c    ****  * WHICH IS THE PROPERTY OF your company.
   9:mainPSoC.c    ****  *
  10:mainPSoC.c    ****  * ========================================
  11:mainPSoC.c    **** */
  12:mainPSoC.c    **** //#include "I2Ckommunikation.h"
  13:mainPSoC.c    **** #include "project.h"
  14:mainPSoC.c    **** 
  15:mainPSoC.c    **** 
  16:mainPSoC.c    **** // Includes af bibloteker
  17:mainPSoC.c    **** #include "motorStyring.h"
  18:mainPSoC.c    **** #include "Scale.h"
  19:mainPSoC.c    **** #include "colorSensor.h"
  20:mainPSoC.c    **** #include "Afstandssensor.h"
  21:mainPSoC.c    **** #include "i2cKommunikation.h"
  22:mainPSoC.c    **** 
  23:mainPSoC.c    **** int orderReceived;
  24:mainPSoC.c    **** int distance;
  25:mainPSoC.c    **** uint8 rdBuf[8] = {0};
ARM GAS  C:\Users\AugustHA\AppData\Local\Temp\ccif8uAK.s 			page 2


  26:mainPSoC.c    **** 
  27:mainPSoC.c    **** 
  28:mainPSoC.c    **** void handleOrderReceived(int orderReceived);
  29:mainPSoC.c    **** void beertressWorkWork(int type, int table, int amount);
  30:mainPSoC.c    **** 
  31:mainPSoC.c    **** int main(void)
  32:mainPSoC.c    **** {
  33:mainPSoC.c    ****     CyGlobalIntEnable; /* Enable global interrupts. */
  34:mainPSoC.c    ****    
  35:mainPSoC.c    ****     
  36:mainPSoC.c    ****     
  37:mainPSoC.c    ****     //inits
  38:mainPSoC.c    ****     initMotor(); //Motor
  39:mainPSoC.c    ****     ADC_init();  //Vægtsensor
  40:mainPSoC.c    ****     init_Color(); //Colorsensor
  41:mainPSoC.c    ****     initDistSens(); //Afstandssensor
  42:mainPSoC.c    ****     initiere_I2Ckommunikation(); //I2C
  43:mainPSoC.c    ****     
  44:mainPSoC.c    ****     CyDelay(3000);
  45:mainPSoC.c    ****     standardColor();
  46:mainPSoC.c    **** 
  47:mainPSoC.c    ****         for(;;)
  48:mainPSoC.c    ****        {
  49:mainPSoC.c    ****         int i = newOrder();
  50:mainPSoC.c    ****         handleOrderReceived(i);   
  51:mainPSoC.c    ****        }
  52:mainPSoC.c    **** }
  53:mainPSoC.c    **** 
  54:mainPSoC.c    **** void beertressWorkWork(int type, int table, int amount)
  55:mainPSoC.c    **** {
  33              		.loc 1 55 0
  34              		.cfi_startproc
  35              		@ args = 0, pretend = 0, frame = 0
  36              		@ frame_needed = 0, uses_anonymous_args = 0
  37              	.LVL0:
  38 0000 70B5     		push	{r4, r5, r6, lr}
  39              		.cfi_def_cfa_offset 16
  40              		.cfi_offset 4, -16
  41              		.cfi_offset 5, -12
  42              		.cfi_offset 6, -8
  43              		.cfi_offset 14, -4
  44 0002 0446     		mov	r4, r0
  45 0004 0D46     		mov	r5, r1
  56:mainPSoC.c    ****     I2C_SlaveInitReadBuf((uint8 *) rdBuf, 8);
  46              		.loc 1 56 0
  47 0006 0821     		movs	r1, #8
  48              	.LVL1:
  49 0008 4748     		ldr	r0, .L23+16
  50              	.LVL2:
  51 000a FFF7FEFF 		bl	I2C_SlaveInitReadBuf
  52              	.LVL3:
  57:mainPSoC.c    ****     switch(type)
  53              		.loc 1 57 0
  54 000e 012C     		cmp	r4, #1
  55 0010 40F08180 		bne	.L1
  56              	.LVL4:
  57              	.LBB2:
ARM GAS  C:\Users\AugustHA\AppData\Local\Temp\ccif8uAK.s 			page 3


  58:mainPSoC.c    ****     {
  59:mainPSoC.c    ****         case 1 :
  60:mainPSoC.c    ****         {
  61:mainPSoC.c    ****             int tableCounter = 0;
  62:mainPSoC.c    ****             driveForward();
  58              		.loc 1 62 0
  59 0014 FFF7FEFF 		bl	driveForward
  60              	.LVL5:
  63:mainPSoC.c    ****             CyDelay(1000);
  61              		.loc 1 63 0
  62 0018 4FF47A70 		mov	r0, #1000
  63 001c FFF7FEFF 		bl	CyDelay
  64              	.LVL6:
  61:mainPSoC.c    ****             driveForward();
  65              		.loc 1 61 0
  66 0020 0024     		movs	r4, #0
  67              	.LVL7:
  68              	.L4:
  69              	.LBB3:
  64:mainPSoC.c    ****             for(;;)
  65:mainPSoC.c    ****             {
  66:mainPSoC.c    ****                 int color = getColor();
  70              		.loc 1 66 0
  71 0022 FFF7FEFF 		bl	getColor
  72              	.LVL8:
  73 0026 0646     		mov	r6, r0
  74              	.LVL9:
  67:mainPSoC.c    ****                 
  68:mainPSoC.c    ****                 if(tableCounter == table)
  75              		.loc 1 68 0
  76 0028 A542     		cmp	r5, r4
  77 002a 1AD1     		bne	.L5
  78              	.LBB4:
  69:mainPSoC.c    ****                 {
  70:mainPSoC.c    ****                     driveStop();
  79              		.loc 1 70 0
  80 002c FFF7FEFF 		bl	driveStop
  81              	.LVL10:
  71:mainPSoC.c    ****                     CyDelay(1000);
  82              		.loc 1 71 0
  83 0030 4FF47A70 		mov	r0, #1000
  84 0034 FFF7FEFF 		bl	CyDelay
  85              	.LVL11:
  72:mainPSoC.c    ****                     
  73:mainPSoC.c    ****                     int antal = amount*0.346;
  74:mainPSoC.c    ****                     int vaegt = ADC_Measure();
  86              		.loc 1 74 0
  87 0038 FFF7FEFF 		bl	ADC_Measure
  88              	.LVL12:
  89 003c FFF7FEFF 		bl	__aeabi_f2iz
  90              	.LVL13:
  91 0040 0546     		mov	r5, r0
  92              	.LVL14:
  93              	.L6:
  75:mainPSoC.c    ****                     while(vaegt >= 0.246)
  94              		.loc 1 75 0 discriminator 1
  95 0042 2846     		mov	r0, r5
ARM GAS  C:\Users\AugustHA\AppData\Local\Temp\ccif8uAK.s 			page 4


  96 0044 FFF7FEFF 		bl	__aeabi_i2d
  97              	.LVL15:
  98 0048 33A3     		adr	r3, .L23
  99 004a D3E90023 		ldrd	r2, [r3]
 100 004e FFF7FEFF 		bl	__aeabi_dcmpge
 101              	.LVL16:
 102 0052 0028     		cmp	r0, #0
 103 0054 F5D1     		bne	.L6
  76:mainPSoC.c    ****                     {
  77:mainPSoC.c    ****                     }
  78:mainPSoC.c    ****                     CyDelay(1000);
 104              		.loc 1 78 0
 105 0056 4FF47A70 		mov	r0, #1000
 106 005a FFF7FEFF 		bl	CyDelay
 107              	.LVL17:
  79:mainPSoC.c    ****                     table = 0;
 108              		.loc 1 79 0
 109 005e 0025     		movs	r5, #0
 110              	.LVL18:
 111              	.LBE4:
 112 0060 2DE0     		b	.L7
 113              	.LVL19:
 114              	.L5:
  80:mainPSoC.c    ****                 }
  81:mainPSoC.c    ****                 else if(tableCounter == 3)
 115              		.loc 1 81 0
 116 0062 032C     		cmp	r4, #3
 117 0064 2BD1     		bne	.L7
  82:mainPSoC.c    ****                 {
  83:mainPSoC.c    ****                     driveStop();
 118              		.loc 1 83 0
 119 0066 FFF7FEFF 		bl	driveStop
 120              	.LVL20:
  84:mainPSoC.c    ****                     CyDelay(3000);
 121              		.loc 1 84 0
 122 006a 40F6B830 		movw	r0, #3000
 123 006e FFF7FEFF 		bl	CyDelay
 124              	.LVL21:
  85:mainPSoC.c    ****                     Done_Write(1); // Order done
 125              		.loc 1 85 0
 126 0072 0120     		movs	r0, #1
 127 0074 FFF7FEFF 		bl	Done_Write
 128              	.LVL22:
  86:mainPSoC.c    ****                     CyDelay(500);
 129              		.loc 1 86 0
 130 0078 4FF4FA70 		mov	r0, #500
 131 007c FFF7FEFF 		bl	CyDelay
 132              	.LVL23:
  87:mainPSoC.c    ****                     Done_Write(0);
 133              		.loc 1 87 0
 134 0080 0020     		movs	r0, #0
 135 0082 FFF7FEFF 		bl	Done_Write
 136              	.LVL24:
  88:mainPSoC.c    ****                     while(ADC_Measure() < 0.346) // Empty
 137              		.loc 1 88 0
 138 0086 02E0     		b	.L8
 139              	.L9:
ARM GAS  C:\Users\AugustHA\AppData\Local\Temp\ccif8uAK.s 			page 5


  89:mainPSoC.c    ****                     {
  90:mainPSoC.c    ****                         rdBuf[0] = 0b00000001;
 140              		.loc 1 90 0
 141 0088 0122     		movs	r2, #1
 142 008a 274B     		ldr	r3, .L23+16
 143 008c 1A70     		strb	r2, [r3]
 144              	.L8:
  88:mainPSoC.c    ****                     while(ADC_Measure() < 0.346) // Empty
 145              		.loc 1 88 0
 146 008e FFF7FEFF 		bl	ADC_Measure
 147              	.LVL25:
 148 0092 FFF7FEFF 		bl	__aeabi_f2d
 149              	.LVL26:
 150 0096 22A3     		adr	r3, .L23+8
 151 0098 D3E90023 		ldrd	r2, [r3]
 152 009c FFF7FEFF 		bl	__aeabi_dcmplt
 153              	.LVL27:
 154 00a0 0028     		cmp	r0, #0
 155 00a2 F1D1     		bne	.L9
  91:mainPSoC.c    ****                     }
  92:mainPSoC.c    ****                     rdBuf[0] = 0b00000000;
 156              		.loc 1 92 0
 157 00a4 0022     		movs	r2, #0
 158 00a6 204B     		ldr	r3, .L23+16
 159 00a8 1A70     		strb	r2, [r3]
  93:mainPSoC.c    ****                     // I2C_SlaveClearReadBuf();
  94:mainPSoC.c    ****                     return;
 160              		.loc 1 94 0
 161 00aa 70BD     		pop	{r4, r5, r6, pc}
 162              	.LVL28:
 163              	.L10:
  95:mainPSoC.c    ****                 }
  96:mainPSoC.c    ****                     
  97:mainPSoC.c    ****                  while(color == 1) // roed
  98:mainPSoC.c    ****                  {
  99:mainPSoC.c    ****                     while(distance < 30)
 100:mainPSoC.c    ****                     {
 101:mainPSoC.c    ****                     driveStop();
 164              		.loc 1 101 0
 165 00ac FFF7FEFF 		bl	driveStop
 166              	.LVL29:
 167              	.L12:
  99:mainPSoC.c    ****                     {
 168              		.loc 1 99 0
 169 00b0 1E4B     		ldr	r3, .L23+20
 170 00b2 1B68     		ldr	r3, [r3]
 171 00b4 1D2B     		cmp	r3, #29
 172 00b6 F9DD     		ble	.L10
 102:mainPSoC.c    ****                     }
 103:mainPSoC.c    ****                     driveForward();
 173              		.loc 1 103 0
 174 00b8 FFF7FEFF 		bl	driveForward
 175              	.LVL30:
 104:mainPSoC.c    ****                     break;
 176              		.loc 1 104 0
 177 00bc 10E0     		b	.L11
 178              	.LVL31:
ARM GAS  C:\Users\AugustHA\AppData\Local\Temp\ccif8uAK.s 			page 6


 179              	.L7:
  97:mainPSoC.c    ****                  {
 180              		.loc 1 97 0
 181 00be 012E     		cmp	r6, #1
 182 00c0 0ED1     		bne	.L11
 183 00c2 F5E7     		b	.L12
 184              	.L13:
 105:mainPSoC.c    ****                  }
 106:mainPSoC.c    ****                   while(color == 2) // groen
 107:mainPSoC.c    ****                  {
 108:mainPSoC.c    ****                     while(distance < 30)
 109:mainPSoC.c    ****                      {
 110:mainPSoC.c    ****                     driveStop();
 185              		.loc 1 110 0
 186 00c4 FFF7FEFF 		bl	driveStop
 187              	.LVL32:
 188              	.L15:
 108:mainPSoC.c    ****                      {
 189              		.loc 1 108 0
 190 00c8 184B     		ldr	r3, .L23+20
 191 00ca 1B68     		ldr	r3, [r3]
 192 00cc 1D2B     		cmp	r3, #29
 193 00ce F9DD     		ble	.L13
 111:mainPSoC.c    ****                      }
 112:mainPSoC.c    ****                      driveForward();
 194              		.loc 1 112 0
 195 00d0 FFF7FEFF 		bl	driveForward
 196              	.LVL33:
 113:mainPSoC.c    ****                      tableCounter++;
 197              		.loc 1 113 0
 198 00d4 0134     		adds	r4, r4, #1
 199              	.LVL34:
 114:mainPSoC.c    ****                      CyDelay(500);
 200              		.loc 1 114 0
 201 00d6 4FF4FA70 		mov	r0, #500
 202 00da FFF7FEFF 		bl	CyDelay
 203              	.LVL35:
 115:mainPSoC.c    ****                      break;
 204              		.loc 1 115 0
 205 00de 0BE0     		b	.L14
 206              	.L11:
 106:mainPSoC.c    ****                  {
 207              		.loc 1 106 0
 208 00e0 022E     		cmp	r6, #2
 209 00e2 09D1     		bne	.L14
 210 00e4 F0E7     		b	.L15
 211              	.L16:
 116:mainPSoC.c    ****                  }
 117:mainPSoC.c    ****                  while(color == 3) // blaa
 118:mainPSoC.c    ****                  {
 119:mainPSoC.c    ****                     while(distance < 30)
 120:mainPSoC.c    ****                      {
 121:mainPSoC.c    ****                     driveStop();
 212              		.loc 1 121 0
 213 00e6 FFF7FEFF 		bl	driveStop
 214              	.LVL36:
 215              	.L18:
ARM GAS  C:\Users\AugustHA\AppData\Local\Temp\ccif8uAK.s 			page 7


 119:mainPSoC.c    ****                      {
 216              		.loc 1 119 0
 217 00ea 104B     		ldr	r3, .L23+20
 218 00ec 1B68     		ldr	r3, [r3]
 219 00ee 1D2B     		cmp	r3, #29
 220 00f0 F9DD     		ble	.L16
 122:mainPSoC.c    ****                      }
 123:mainPSoC.c    ****                      driveLeft();
 221              		.loc 1 123 0
 222 00f2 FFF7FEFF 		bl	driveLeft
 223              	.LVL37:
 124:mainPSoC.c    ****                      break;
 224              		.loc 1 124 0
 225 00f6 0BE0     		b	.L17
 226              	.L14:
 117:mainPSoC.c    ****                  {
 227              		.loc 1 117 0
 228 00f8 032E     		cmp	r6, #3
 229 00fa 09D1     		bne	.L17
 230 00fc F5E7     		b	.L18
 231              	.L19:
 125:mainPSoC.c    ****                  }
 126:mainPSoC.c    ****                  while(color == 4) // unknown
 127:mainPSoC.c    ****                  {
 128:mainPSoC.c    ****                     while(distance < 30)
 129:mainPSoC.c    ****                      {
 130:mainPSoC.c    ****                     driveStop();
 232              		.loc 1 130 0
 233 00fe FFF7FEFF 		bl	driveStop
 234              	.LVL38:
 235              	.L21:
 128:mainPSoC.c    ****                      {
 236              		.loc 1 128 0
 237 0102 0A4B     		ldr	r3, .L23+20
 238 0104 1B68     		ldr	r3, [r3]
 239 0106 1D2B     		cmp	r3, #29
 240 0108 F9DD     		ble	.L19
 131:mainPSoC.c    ****                      }
 132:mainPSoC.c    ****                      driveRight();
 241              		.loc 1 132 0
 242 010a FFF7FEFF 		bl	driveRight
 243              	.LVL39:
 133:mainPSoC.c    ****                      break;
 244              		.loc 1 133 0
 245 010e 88E7     		b	.L4
 246              	.L17:
 126:mainPSoC.c    ****                  {
 247              		.loc 1 126 0
 248 0110 042E     		cmp	r6, #4
 249 0112 86D1     		bne	.L4
 250 0114 F5E7     		b	.L21
 251              	.LVL40:
 252              	.L1:
 253 0116 70BD     		pop	{r4, r5, r6, pc}
 254              	.LVL41:
 255              	.L24:
 256              		.align	3
ARM GAS  C:\Users\AugustHA\AppData\Local\Temp\ccif8uAK.s 			page 8


 257              	.L23:
 258 0118 B0726891 		.word	-1855425872
 259 011c ED7CCF3F 		.word	1070562541
 260 0120 BE9F1A2F 		.word	790273982
 261 0124 DD24D63F 		.word	1070998749
 262 0128 00000000 		.word	.LANCHOR0
 263 012c 00000000 		.word	distance
 264              	.LBE3:
 265              	.LBE2:
 266              		.cfi_endproc
 267              	.LFE64:
 268              		.size	beertressWorkWork, .-beertressWorkWork
 269              		.section	.text.handleOrderReceived,"ax",%progbits
 270              		.align	2
 271              		.global	handleOrderReceived
 272              		.thumb
 273              		.thumb_func
 274              		.type	handleOrderReceived, %function
 275              	handleOrderReceived:
 276              	.LFB65:
 134:mainPSoC.c    ****                  }
 135:mainPSoC.c    ****             }
 136:mainPSoC.c    ****            
 137:mainPSoC.c    ****         }
 138:mainPSoC.c    ****         default :
 139:mainPSoC.c    ****         break;
 140:mainPSoC.c    ****     }
 141:mainPSoC.c    **** }
 142:mainPSoC.c    **** void handleOrderReceived(int orderReceived)
 143:mainPSoC.c    **** {
 277              		.loc 1 143 0
 278              		.cfi_startproc
 279              		@ args = 0, pretend = 0, frame = 0
 280              		@ frame_needed = 0, uses_anonymous_args = 0
 281              	.LVL42:
 282 0000 08B5     		push	{r3, lr}
 283              		.cfi_def_cfa_offset 8
 284              		.cfi_offset 3, -8
 285              		.cfi_offset 14, -4
 144:mainPSoC.c    ****     switch(orderReceived)
 286              		.loc 1 144 0
 287 0002 0138     		subs	r0, r0, #1
 288              	.LVL43:
 289 0004 0528     		cmp	r0, #5
 290 0006 27D8     		bhi	.L25
 291 0008 DFE800F0 		tbb	[pc, r0]
 292              	.L28:
 293 000c 03       		.byte	(.L27-.L28)/2
 294 000d 09       		.byte	(.L29-.L28)/2
 295 000e 0F       		.byte	(.L30-.L28)/2
 296 000f 15       		.byte	(.L31-.L28)/2
 297 0010 1B       		.byte	(.L32-.L28)/2
 298 0011 21       		.byte	(.L33-.L28)/2
 299              		.p2align 1
 300              	.L27:
 145:mainPSoC.c    ****     {
 146:mainPSoC.c    ****         
ARM GAS  C:\Users\AugustHA\AppData\Local\Temp\ccif8uAK.s 			page 9


 147:mainPSoC.c    ****         case 1 :
 148:mainPSoC.c    ****         {
 149:mainPSoC.c    ****             beertressWorkWork(1,1,1);
 301              		.loc 1 149 0
 302 0012 0122     		movs	r2, #1
 303 0014 1146     		mov	r1, r2
 304 0016 1046     		mov	r0, r2
 305              	.LVL44:
 306 0018 FFF7FEFF 		bl	beertressWorkWork
 307              	.LVL45:
 150:mainPSoC.c    ****             break;
 308              		.loc 1 150 0
 309 001c 08BD     		pop	{r3, pc}
 310              	.L29:
 151:mainPSoC.c    ****         }
 152:mainPSoC.c    ****         case 2 :
 153:mainPSoC.c    ****         {
 154:mainPSoC.c    ****             beertressWorkWork(1,1,2);
 311              		.loc 1 154 0
 312 001e 0222     		movs	r2, #2
 313 0020 0121     		movs	r1, #1
 314 0022 0846     		mov	r0, r1
 315 0024 FFF7FEFF 		bl	beertressWorkWork
 316              	.LVL46:
 155:mainPSoC.c    ****             break;
 317              		.loc 1 155 0
 318 0028 08BD     		pop	{r3, pc}
 319              	.L30:
 156:mainPSoC.c    ****         }
 157:mainPSoC.c    ****         
 158:mainPSoC.c    ****          case 3 :
 159:mainPSoC.c    ****         {
 160:mainPSoC.c    ****             beertressWorkWork(1,1,3);
 320              		.loc 1 160 0
 321 002a 0322     		movs	r2, #3
 322 002c 0121     		movs	r1, #1
 323 002e 0846     		mov	r0, r1
 324 0030 FFF7FEFF 		bl	beertressWorkWork
 325              	.LVL47:
 161:mainPSoC.c    ****             break;
 326              		.loc 1 161 0
 327 0034 08BD     		pop	{r3, pc}
 328              	.L31:
 162:mainPSoC.c    ****         }
 163:mainPSoC.c    ****          case 4 :
 164:mainPSoC.c    ****         {
 165:mainPSoC.c    ****             beertressWorkWork(1,2,1);
 329              		.loc 1 165 0
 330 0036 0122     		movs	r2, #1
 331 0038 0221     		movs	r1, #2
 332 003a 1046     		mov	r0, r2
 333 003c FFF7FEFF 		bl	beertressWorkWork
 334              	.LVL48:
 166:mainPSoC.c    ****             break;
 335              		.loc 1 166 0
 336 0040 08BD     		pop	{r3, pc}
 337              	.L32:
ARM GAS  C:\Users\AugustHA\AppData\Local\Temp\ccif8uAK.s 			page 10


 167:mainPSoC.c    ****         }
 168:mainPSoC.c    ****          case 5 :
 169:mainPSoC.c    ****         {
 170:mainPSoC.c    ****             beertressWorkWork(1,2,2);
 338              		.loc 1 170 0
 339 0042 0222     		movs	r2, #2
 340 0044 1146     		mov	r1, r2
 341 0046 0120     		movs	r0, #1
 342 0048 FFF7FEFF 		bl	beertressWorkWork
 343              	.LVL49:
 171:mainPSoC.c    ****             break;
 344              		.loc 1 171 0
 345 004c 08BD     		pop	{r3, pc}
 346              	.L33:
 172:mainPSoC.c    ****         }
 173:mainPSoC.c    ****          case 6 :
 174:mainPSoC.c    ****         {
 175:mainPSoC.c    ****             beertressWorkWork(1,2,3);
 347              		.loc 1 175 0
 348 004e 0322     		movs	r2, #3
 349 0050 0221     		movs	r1, #2
 350 0052 0120     		movs	r0, #1
 351 0054 FFF7FEFF 		bl	beertressWorkWork
 352              	.LVL50:
 353              	.L25:
 354 0058 08BD     		pop	{r3, pc}
 355              		.cfi_endproc
 356              	.LFE65:
 357              		.size	handleOrderReceived, .-handleOrderReceived
 358 005a 00BF     		.section	.text.main,"ax",%progbits
 359              		.align	2
 360              		.global	main
 361              		.thumb
 362              		.thumb_func
 363              		.type	main, %function
 364              	main:
 365              	.LFB63:
  32:mainPSoC.c    ****     CyGlobalIntEnable; /* Enable global interrupts. */
 366              		.loc 1 32 0
 367              		.cfi_startproc
 368              		@ args = 0, pretend = 0, frame = 0
 369              		@ frame_needed = 0, uses_anonymous_args = 0
 370 0000 08B5     		push	{r3, lr}
 371              		.cfi_def_cfa_offset 8
 372              		.cfi_offset 3, -8
 373              		.cfi_offset 14, -4
  33:mainPSoC.c    ****    
 374              		.loc 1 33 0
 375              		.syntax unified
 376              	@ 33 "mainPSoC.c" 1
 377 0002 62B6     		CPSIE   i
 378              	@ 0 "" 2
  38:mainPSoC.c    ****     ADC_init();  //Vægtsensor
 379              		.loc 1 38 0
 380              		.thumb
 381              		.syntax unified
 382 0004 FFF7FEFF 		bl	initMotor
ARM GAS  C:\Users\AugustHA\AppData\Local\Temp\ccif8uAK.s 			page 11


 383              	.LVL51:
  39:mainPSoC.c    ****     init_Color(); //Colorsensor
 384              		.loc 1 39 0
 385 0008 FFF7FEFF 		bl	ADC_init
 386              	.LVL52:
  40:mainPSoC.c    ****     initDistSens(); //Afstandssensor
 387              		.loc 1 40 0
 388 000c FFF7FEFF 		bl	init_Color
 389              	.LVL53:
  41:mainPSoC.c    ****     initiere_I2Ckommunikation(); //I2C
 390              		.loc 1 41 0
 391 0010 FFF7FEFF 		bl	initDistSens
 392              	.LVL54:
  42:mainPSoC.c    ****     
 393              		.loc 1 42 0
 394 0014 FFF7FEFF 		bl	initiere_I2Ckommunikation
 395              	.LVL55:
  44:mainPSoC.c    ****     standardColor();
 396              		.loc 1 44 0
 397 0018 40F6B830 		movw	r0, #3000
 398 001c FFF7FEFF 		bl	CyDelay
 399              	.LVL56:
  45:mainPSoC.c    **** 
 400              		.loc 1 45 0
 401 0020 FFF7FEFF 		bl	standardColor
 402              	.LVL57:
 403              	.L36:
 404              	.LBB5:
  49:mainPSoC.c    ****         handleOrderReceived(i);   
 405              		.loc 1 49 0 discriminator 1
 406 0024 FFF7FEFF 		bl	newOrder
 407              	.LVL58:
  50:mainPSoC.c    ****        }
 408              		.loc 1 50 0 discriminator 1
 409 0028 FFF7FEFF 		bl	handleOrderReceived
 410              	.LVL59:
 411 002c FAE7     		b	.L36
 412              	.LBE5:
 413              		.cfi_endproc
 414              	.LFE63:
 415              		.size	main, .-main
 416              		.global	rdBuf
 417              		.comm	distance,4,4
 418              		.comm	orderReceived,4,4
 419 002e 00BF     		.bss
 420              		.align	2
 421              		.set	.LANCHOR0,. + 0
 422              		.type	rdBuf, %object
 423              		.size	rdBuf, 8
 424              	rdBuf:
 425 0000 00000000 		.space	8
 425      00000000 
 426              		.text
 427              	.Letext0:
 428              		.file 2 "c:\\program files (x86)\\cypress\\psoc creator\\4.3\\psoc creator\\import\\gnu\\arm\\5.4.
 429              		.file 3 "c:\\program files (x86)\\cypress\\psoc creator\\4.3\\psoc creator\\import\\gnu\\arm\\5.4.
 430              		.file 4 "Generated_Source\\PSoC5/cytypes.h"
ARM GAS  C:\Users\AugustHA\AppData\Local\Temp\ccif8uAK.s 			page 12


 431              		.file 5 "Generated_Source\\PSoC5/core_cm3.h"
 432              		.file 6 "motorStyring.h"
 433              		.file 7 "Generated_Source\\PSoC5/CyLib.h"
 434              		.file 8 "Scale.h"
 435              		.file 9 "colorSensor.h"
 436              		.file 10 "Generated_Source\\PSoC5/Done.h"
 437              		.file 11 "Generated_Source\\PSoC5/I2C.h"
 438              		.file 12 "i2cKommunikation.h"
 439              		.file 13 "Afstandssensor.h"
 440              		.section	.debug_info,"",%progbits
 441              	.Ldebug_info0:
 442 0000 ED040000 		.4byte	0x4ed
 443 0004 0400     		.2byte	0x4
 444 0006 00000000 		.4byte	.Ldebug_abbrev0
 445 000a 04       		.byte	0x4
 446 000b 01       		.uleb128 0x1
 447 000c A8000000 		.4byte	.LASF46
 448 0010 0C       		.byte	0xc
 449 0011 5D000000 		.4byte	.LASF47
 450 0015 59020000 		.4byte	.LASF48
 451 0019 00000000 		.4byte	.Ldebug_ranges0+0
 452 001d 00000000 		.4byte	0
 453 0021 00000000 		.4byte	.Ldebug_line0
 454 0025 02       		.uleb128 0x2
 455 0026 08       		.byte	0x8
 456 0027 04       		.byte	0x4
 457 0028 C8020000 		.4byte	.LASF0
 458 002c 03       		.uleb128 0x3
 459 002d 04       		.byte	0x4
 460 002e 05       		.byte	0x5
 461 002f 696E7400 		.ascii	"int\000"
 462 0033 02       		.uleb128 0x2
 463 0034 01       		.byte	0x1
 464 0035 06       		.byte	0x6
 465 0036 BC020000 		.4byte	.LASF1
 466 003a 02       		.uleb128 0x2
 467 003b 01       		.byte	0x1
 468 003c 08       		.byte	0x8
 469 003d 9A000000 		.4byte	.LASF2
 470 0041 02       		.uleb128 0x2
 471 0042 02       		.byte	0x2
 472 0043 05       		.byte	0x5
 473 0044 49020000 		.4byte	.LASF3
 474 0048 02       		.uleb128 0x2
 475 0049 02       		.byte	0x2
 476 004a 07       		.byte	0x7
 477 004b CF020000 		.4byte	.LASF4
 478 004f 04       		.uleb128 0x4
 479 0050 11000000 		.4byte	.LASF10
 480 0054 02       		.byte	0x2
 481 0055 3F       		.byte	0x3f
 482 0056 5A000000 		.4byte	0x5a
 483 005a 02       		.uleb128 0x2
 484 005b 04       		.byte	0x4
 485 005c 05       		.byte	0x5
 486 005d A7020000 		.4byte	.LASF5
 487 0061 02       		.uleb128 0x2
ARM GAS  C:\Users\AugustHA\AppData\Local\Temp\ccif8uAK.s 			page 13


 488 0062 04       		.byte	0x4
 489 0063 07       		.byte	0x7
 490 0064 36010000 		.4byte	.LASF6
 491 0068 02       		.uleb128 0x2
 492 0069 08       		.byte	0x8
 493 006a 05       		.byte	0x5
 494 006b 1F020000 		.4byte	.LASF7
 495 006f 02       		.uleb128 0x2
 496 0070 08       		.byte	0x8
 497 0071 07       		.byte	0x7
 498 0072 C7010000 		.4byte	.LASF8
 499 0076 02       		.uleb128 0x2
 500 0077 04       		.byte	0x4
 501 0078 07       		.byte	0x7
 502 0079 BA010000 		.4byte	.LASF9
 503 007d 04       		.uleb128 0x4
 504 007e 01020000 		.4byte	.LASF11
 505 0082 03       		.byte	0x3
 506 0083 2C       		.byte	0x2c
 507 0084 4F000000 		.4byte	0x4f
 508 0088 05       		.uleb128 0x5
 509 0089 53020000 		.4byte	.LASF12
 510 008d 04       		.byte	0x4
 511 008e E801     		.2byte	0x1e8
 512 0090 3A000000 		.4byte	0x3a
 513 0094 02       		.uleb128 0x2
 514 0095 04       		.byte	0x4
 515 0096 04       		.byte	0x4
 516 0097 94000000 		.4byte	.LASF13
 517 009b 02       		.uleb128 0x2
 518 009c 01       		.byte	0x1
 519 009d 08       		.byte	0x8
 520 009e 2D020000 		.4byte	.LASF14
 521 00a2 02       		.uleb128 0x2
 522 00a3 08       		.byte	0x8
 523 00a4 04       		.byte	0x4
 524 00a5 B0020000 		.4byte	.LASF15
 525 00a9 02       		.uleb128 0x2
 526 00aa 04       		.byte	0x4
 527 00ab 07       		.byte	0x7
 528 00ac 09020000 		.4byte	.LASF16
 529 00b0 06       		.uleb128 0x6
 530 00b1 32020000 		.4byte	.LASF24
 531 00b5 01       		.byte	0x1
 532 00b6 36       		.byte	0x36
 533 00b7 00000000 		.4byte	.LFB64
 534 00bb 30010000 		.4byte	.LFE64-.LFB64
 535 00bf 01       		.uleb128 0x1
 536 00c0 9C       		.byte	0x9c
 537 00c1 8B020000 		.4byte	0x28b
 538 00c5 07       		.uleb128 0x7
 539 00c6 44020000 		.4byte	.LASF17
 540 00ca 01       		.byte	0x1
 541 00cb 36       		.byte	0x36
 542 00cc 2C000000 		.4byte	0x2c
 543 00d0 00000000 		.4byte	.LLST0
 544 00d4 07       		.uleb128 0x7
ARM GAS  C:\Users\AugustHA\AppData\Local\Temp\ccif8uAK.s 			page 14


 545 00d5 5F010000 		.4byte	.LASF18
 546 00d9 01       		.byte	0x1
 547 00da 36       		.byte	0x36
 548 00db 2C000000 		.4byte	0x2c
 549 00df 45000000 		.4byte	.LLST1
 550 00e3 07       		.uleb128 0x7
 551 00e4 9C010000 		.4byte	.LASF19
 552 00e8 01       		.byte	0x1
 553 00e9 36       		.byte	0x36
 554 00ea 2C000000 		.4byte	0x2c
 555 00ee 88000000 		.4byte	.LLST2
 556 00f2 08       		.uleb128 0x8
 557 00f3 14000000 		.4byte	.LBB2
 558 00f7 1C010000 		.4byte	.LBE2-.LBB2
 559 00fb 72020000 		.4byte	0x272
 560 00ff 09       		.uleb128 0x9
 561 0100 50000000 		.4byte	.LASF20
 562 0104 01       		.byte	0x1
 563 0105 3D       		.byte	0x3d
 564 0106 2C000000 		.4byte	0x2c
 565 010a A9000000 		.4byte	.LLST3
 566 010e 08       		.uleb128 0x8
 567 010f 22000000 		.4byte	.LBB3
 568 0113 0E010000 		.4byte	.LBE3-.LBB3
 569 0117 57020000 		.4byte	0x257
 570 011b 09       		.uleb128 0x9
 571 011c 96010000 		.4byte	.LASF21
 572 0120 01       		.byte	0x1
 573 0121 42       		.byte	0x42
 574 0122 2C000000 		.4byte	0x2c
 575 0126 C8000000 		.4byte	.LLST4
 576 012a 08       		.uleb128 0x8
 577 012b 2C000000 		.4byte	.LBB4
 578 012f 34000000 		.4byte	.LBE4-.LBB4
 579 0133 8E010000 		.4byte	0x18e
 580 0137 09       		.uleb128 0x9
 581 0138 35000000 		.4byte	.LASF22
 582 013c 01       		.byte	0x1
 583 013d 49       		.byte	0x49
 584 013e 2C000000 		.4byte	0x2c
 585 0142 FC000000 		.4byte	.LLST5
 586 0146 09       		.uleb128 0x9
 587 0147 65010000 		.4byte	.LASF23
 588 014b 01       		.byte	0x1
 589 014c 4A       		.byte	0x4a
 590 014d 2C000000 		.4byte	0x2c
 591 0151 26010000 		.4byte	.LLST6
 592 0155 0A       		.uleb128 0xa
 593 0156 30000000 		.4byte	.LVL10
 594 015a 40040000 		.4byte	0x440
 595 015e 0B       		.uleb128 0xb
 596 015f 38000000 		.4byte	.LVL11
 597 0163 4B040000 		.4byte	0x44b
 598 0167 73010000 		.4byte	0x173
 599 016b 0C       		.uleb128 0xc
 600 016c 01       		.uleb128 0x1
 601 016d 50       		.byte	0x50
ARM GAS  C:\Users\AugustHA\AppData\Local\Temp\ccif8uAK.s 			page 15


 602 016e 03       		.uleb128 0x3
 603 016f 0A       		.byte	0xa
 604 0170 E803     		.2byte	0x3e8
 605 0172 00       		.byte	0
 606 0173 0A       		.uleb128 0xa
 607 0174 3C000000 		.4byte	.LVL12
 608 0178 56040000 		.4byte	0x456
 609 017c 0D       		.uleb128 0xd
 610 017d 5E000000 		.4byte	.LVL17
 611 0181 4B040000 		.4byte	0x44b
 612 0185 0C       		.uleb128 0xc
 613 0186 01       		.uleb128 0x1
 614 0187 50       		.byte	0x50
 615 0188 03       		.uleb128 0x3
 616 0189 0A       		.byte	0xa
 617 018a E803     		.2byte	0x3e8
 618 018c 00       		.byte	0
 619 018d 00       		.byte	0
 620 018e 0A       		.uleb128 0xa
 621 018f 26000000 		.4byte	.LVL8
 622 0193 61040000 		.4byte	0x461
 623 0197 0A       		.uleb128 0xa
 624 0198 6A000000 		.4byte	.LVL20
 625 019c 40040000 		.4byte	0x440
 626 01a0 0B       		.uleb128 0xb
 627 01a1 72000000 		.4byte	.LVL21
 628 01a5 4B040000 		.4byte	0x44b
 629 01a9 B5010000 		.4byte	0x1b5
 630 01ad 0C       		.uleb128 0xc
 631 01ae 01       		.uleb128 0x1
 632 01af 50       		.byte	0x50
 633 01b0 03       		.uleb128 0x3
 634 01b1 0A       		.byte	0xa
 635 01b2 B80B     		.2byte	0xbb8
 636 01b4 00       		.byte	0
 637 01b5 0B       		.uleb128 0xb
 638 01b6 78000000 		.4byte	.LVL22
 639 01ba 6C040000 		.4byte	0x46c
 640 01be C8010000 		.4byte	0x1c8
 641 01c2 0C       		.uleb128 0xc
 642 01c3 01       		.uleb128 0x1
 643 01c4 50       		.byte	0x50
 644 01c5 01       		.uleb128 0x1
 645 01c6 31       		.byte	0x31
 646 01c7 00       		.byte	0
 647 01c8 0B       		.uleb128 0xb
 648 01c9 80000000 		.4byte	.LVL23
 649 01cd 4B040000 		.4byte	0x44b
 650 01d1 DD010000 		.4byte	0x1dd
 651 01d5 0C       		.uleb128 0xc
 652 01d6 01       		.uleb128 0x1
 653 01d7 50       		.byte	0x50
 654 01d8 03       		.uleb128 0x3
 655 01d9 0A       		.byte	0xa
 656 01da F401     		.2byte	0x1f4
 657 01dc 00       		.byte	0
 658 01dd 0B       		.uleb128 0xb
ARM GAS  C:\Users\AugustHA\AppData\Local\Temp\ccif8uAK.s 			page 16


 659 01de 86000000 		.4byte	.LVL24
 660 01e2 6C040000 		.4byte	0x46c
 661 01e6 F0010000 		.4byte	0x1f0
 662 01ea 0C       		.uleb128 0xc
 663 01eb 01       		.uleb128 0x1
 664 01ec 50       		.byte	0x50
 665 01ed 01       		.uleb128 0x1
 666 01ee 30       		.byte	0x30
 667 01ef 00       		.byte	0
 668 01f0 0A       		.uleb128 0xa
 669 01f1 92000000 		.4byte	.LVL25
 670 01f5 56040000 		.4byte	0x456
 671 01f9 0A       		.uleb128 0xa
 672 01fa B0000000 		.4byte	.LVL29
 673 01fe 40040000 		.4byte	0x440
 674 0202 0A       		.uleb128 0xa
 675 0203 BC000000 		.4byte	.LVL30
 676 0207 77040000 		.4byte	0x477
 677 020b 0A       		.uleb128 0xa
 678 020c C8000000 		.4byte	.LVL32
 679 0210 40040000 		.4byte	0x440
 680 0214 0A       		.uleb128 0xa
 681 0215 D4000000 		.4byte	.LVL33
 682 0219 77040000 		.4byte	0x477
 683 021d 0B       		.uleb128 0xb
 684 021e DE000000 		.4byte	.LVL35
 685 0222 4B040000 		.4byte	0x44b
 686 0226 32020000 		.4byte	0x232
 687 022a 0C       		.uleb128 0xc
 688 022b 01       		.uleb128 0x1
 689 022c 50       		.byte	0x50
 690 022d 03       		.uleb128 0x3
 691 022e 0A       		.byte	0xa
 692 022f F401     		.2byte	0x1f4
 693 0231 00       		.byte	0
 694 0232 0A       		.uleb128 0xa
 695 0233 EA000000 		.4byte	.LVL36
 696 0237 40040000 		.4byte	0x440
 697 023b 0A       		.uleb128 0xa
 698 023c F6000000 		.4byte	.LVL37
 699 0240 82040000 		.4byte	0x482
 700 0244 0A       		.uleb128 0xa
 701 0245 02010000 		.4byte	.LVL38
 702 0249 40040000 		.4byte	0x440
 703 024d 0A       		.uleb128 0xa
 704 024e 0E010000 		.4byte	.LVL39
 705 0252 8D040000 		.4byte	0x48d
 706 0256 00       		.byte	0
 707 0257 0A       		.uleb128 0xa
 708 0258 18000000 		.4byte	.LVL5
 709 025c 77040000 		.4byte	0x477
 710 0260 0D       		.uleb128 0xd
 711 0261 20000000 		.4byte	.LVL6
 712 0265 4B040000 		.4byte	0x44b
 713 0269 0C       		.uleb128 0xc
 714 026a 01       		.uleb128 0x1
 715 026b 50       		.byte	0x50
ARM GAS  C:\Users\AugustHA\AppData\Local\Temp\ccif8uAK.s 			page 17


 716 026c 03       		.uleb128 0x3
 717 026d 0A       		.byte	0xa
 718 026e E803     		.2byte	0x3e8
 719 0270 00       		.byte	0
 720 0271 00       		.byte	0
 721 0272 0D       		.uleb128 0xd
 722 0273 0E000000 		.4byte	.LVL3
 723 0277 98040000 		.4byte	0x498
 724 027b 0C       		.uleb128 0xc
 725 027c 01       		.uleb128 0x1
 726 027d 50       		.byte	0x50
 727 027e 05       		.uleb128 0x5
 728 027f 03       		.byte	0x3
 729 0280 00000000 		.4byte	.LANCHOR0
 730 0284 0C       		.uleb128 0xc
 731 0285 01       		.uleb128 0x1
 732 0286 51       		.byte	0x51
 733 0287 01       		.uleb128 0x1
 734 0288 38       		.byte	0x38
 735 0289 00       		.byte	0
 736 028a 00       		.byte	0
 737 028b 0E       		.uleb128 0xe
 738 028c 82010000 		.4byte	.LASF25
 739 0290 01       		.byte	0x1
 740 0291 8E       		.byte	0x8e
 741 0292 00000000 		.4byte	.LFB65
 742 0296 5A000000 		.4byte	.LFE65-.LFB65
 743 029a 01       		.uleb128 0x1
 744 029b 9C       		.byte	0x9c
 745 029c 5A030000 		.4byte	0x35a
 746 02a0 07       		.uleb128 0x7
 747 02a1 68000000 		.4byte	.LASF26
 748 02a5 01       		.byte	0x1
 749 02a6 8E       		.byte	0x8e
 750 02a7 2C000000 		.4byte	0x2c
 751 02ab 39010000 		.4byte	.LLST7
 752 02af 0B       		.uleb128 0xb
 753 02b0 1C000000 		.4byte	.LVL45
 754 02b4 B0000000 		.4byte	0xb0
 755 02b8 CC020000 		.4byte	0x2cc
 756 02bc 0C       		.uleb128 0xc
 757 02bd 01       		.uleb128 0x1
 758 02be 50       		.byte	0x50
 759 02bf 01       		.uleb128 0x1
 760 02c0 31       		.byte	0x31
 761 02c1 0C       		.uleb128 0xc
 762 02c2 01       		.uleb128 0x1
 763 02c3 51       		.byte	0x51
 764 02c4 01       		.uleb128 0x1
 765 02c5 31       		.byte	0x31
 766 02c6 0C       		.uleb128 0xc
 767 02c7 01       		.uleb128 0x1
 768 02c8 52       		.byte	0x52
 769 02c9 01       		.uleb128 0x1
 770 02ca 31       		.byte	0x31
 771 02cb 00       		.byte	0
 772 02cc 0B       		.uleb128 0xb
ARM GAS  C:\Users\AugustHA\AppData\Local\Temp\ccif8uAK.s 			page 18


 773 02cd 28000000 		.4byte	.LVL46
 774 02d1 B0000000 		.4byte	0xb0
 775 02d5 E9020000 		.4byte	0x2e9
 776 02d9 0C       		.uleb128 0xc
 777 02da 01       		.uleb128 0x1
 778 02db 50       		.byte	0x50
 779 02dc 01       		.uleb128 0x1
 780 02dd 31       		.byte	0x31
 781 02de 0C       		.uleb128 0xc
 782 02df 01       		.uleb128 0x1
 783 02e0 51       		.byte	0x51
 784 02e1 01       		.uleb128 0x1
 785 02e2 31       		.byte	0x31
 786 02e3 0C       		.uleb128 0xc
 787 02e4 01       		.uleb128 0x1
 788 02e5 52       		.byte	0x52
 789 02e6 01       		.uleb128 0x1
 790 02e7 32       		.byte	0x32
 791 02e8 00       		.byte	0
 792 02e9 0B       		.uleb128 0xb
 793 02ea 34000000 		.4byte	.LVL47
 794 02ee B0000000 		.4byte	0xb0
 795 02f2 06030000 		.4byte	0x306
 796 02f6 0C       		.uleb128 0xc
 797 02f7 01       		.uleb128 0x1
 798 02f8 50       		.byte	0x50
 799 02f9 01       		.uleb128 0x1
 800 02fa 31       		.byte	0x31
 801 02fb 0C       		.uleb128 0xc
 802 02fc 01       		.uleb128 0x1
 803 02fd 51       		.byte	0x51
 804 02fe 01       		.uleb128 0x1
 805 02ff 31       		.byte	0x31
 806 0300 0C       		.uleb128 0xc
 807 0301 01       		.uleb128 0x1
 808 0302 52       		.byte	0x52
 809 0303 01       		.uleb128 0x1
 810 0304 33       		.byte	0x33
 811 0305 00       		.byte	0
 812 0306 0B       		.uleb128 0xb
 813 0307 40000000 		.4byte	.LVL48
 814 030b B0000000 		.4byte	0xb0
 815 030f 23030000 		.4byte	0x323
 816 0313 0C       		.uleb128 0xc
 817 0314 01       		.uleb128 0x1
 818 0315 50       		.byte	0x50
 819 0316 01       		.uleb128 0x1
 820 0317 31       		.byte	0x31
 821 0318 0C       		.uleb128 0xc
 822 0319 01       		.uleb128 0x1
 823 031a 51       		.byte	0x51
 824 031b 01       		.uleb128 0x1
 825 031c 32       		.byte	0x32
 826 031d 0C       		.uleb128 0xc
 827 031e 01       		.uleb128 0x1
 828 031f 52       		.byte	0x52
 829 0320 01       		.uleb128 0x1
ARM GAS  C:\Users\AugustHA\AppData\Local\Temp\ccif8uAK.s 			page 19


 830 0321 31       		.byte	0x31
 831 0322 00       		.byte	0
 832 0323 0B       		.uleb128 0xb
 833 0324 4C000000 		.4byte	.LVL49
 834 0328 B0000000 		.4byte	0xb0
 835 032c 40030000 		.4byte	0x340
 836 0330 0C       		.uleb128 0xc
 837 0331 01       		.uleb128 0x1
 838 0332 50       		.byte	0x50
 839 0333 01       		.uleb128 0x1
 840 0334 31       		.byte	0x31
 841 0335 0C       		.uleb128 0xc
 842 0336 01       		.uleb128 0x1
 843 0337 51       		.byte	0x51
 844 0338 01       		.uleb128 0x1
 845 0339 32       		.byte	0x32
 846 033a 0C       		.uleb128 0xc
 847 033b 01       		.uleb128 0x1
 848 033c 52       		.byte	0x52
 849 033d 01       		.uleb128 0x1
 850 033e 32       		.byte	0x32
 851 033f 00       		.byte	0
 852 0340 0D       		.uleb128 0xd
 853 0341 58000000 		.4byte	.LVL50
 854 0345 B0000000 		.4byte	0xb0
 855 0349 0C       		.uleb128 0xc
 856 034a 01       		.uleb128 0x1
 857 034b 50       		.byte	0x50
 858 034c 01       		.uleb128 0x1
 859 034d 31       		.byte	0x31
 860 034e 0C       		.uleb128 0xc
 861 034f 01       		.uleb128 0x1
 862 0350 51       		.byte	0x51
 863 0351 01       		.uleb128 0x1
 864 0352 32       		.byte	0x32
 865 0353 0C       		.uleb128 0xc
 866 0354 01       		.uleb128 0x1
 867 0355 52       		.byte	0x52
 868 0356 01       		.uleb128 0x1
 869 0357 33       		.byte	0x33
 870 0358 00       		.byte	0
 871 0359 00       		.byte	0
 872 035a 0F       		.uleb128 0xf
 873 035b 7D010000 		.4byte	.LASF49
 874 035f 01       		.byte	0x1
 875 0360 1F       		.byte	0x1f
 876 0361 2C000000 		.4byte	0x2c
 877 0365 00000000 		.4byte	.LFB63
 878 0369 2E000000 		.4byte	.LFE63-.LFB63
 879 036d 01       		.uleb128 0x1
 880 036e 9C       		.byte	0x9c
 881 036f EC030000 		.4byte	0x3ec
 882 0373 08       		.uleb128 0x8
 883 0374 24000000 		.4byte	.LBB5
 884 0378 0A000000 		.4byte	.LBE5-.LBB5
 885 037c A0030000 		.4byte	0x3a0
 886 0380 10       		.uleb128 0x10
ARM GAS  C:\Users\AugustHA\AppData\Local\Temp\ccif8uAK.s 			page 20


 887 0381 6900     		.ascii	"i\000"
 888 0383 01       		.byte	0x1
 889 0384 31       		.byte	0x31
 890 0385 2C000000 		.4byte	0x2c
 891 0389 67010000 		.4byte	.LLST8
 892 038d 0A       		.uleb128 0xa
 893 038e 28000000 		.4byte	.LVL58
 894 0392 A3040000 		.4byte	0x4a3
 895 0396 0A       		.uleb128 0xa
 896 0397 2C000000 		.4byte	.LVL59
 897 039b 8B020000 		.4byte	0x28b
 898 039f 00       		.byte	0
 899 03a0 0A       		.uleb128 0xa
 900 03a1 08000000 		.4byte	.LVL51
 901 03a5 AE040000 		.4byte	0x4ae
 902 03a9 0A       		.uleb128 0xa
 903 03aa 0C000000 		.4byte	.LVL52
 904 03ae B9040000 		.4byte	0x4b9
 905 03b2 0A       		.uleb128 0xa
 906 03b3 10000000 		.4byte	.LVL53
 907 03b7 C4040000 		.4byte	0x4c4
 908 03bb 0A       		.uleb128 0xa
 909 03bc 14000000 		.4byte	.LVL54
 910 03c0 CF040000 		.4byte	0x4cf
 911 03c4 0A       		.uleb128 0xa
 912 03c5 18000000 		.4byte	.LVL55
 913 03c9 DA040000 		.4byte	0x4da
 914 03cd 0B       		.uleb128 0xb
 915 03ce 20000000 		.4byte	.LVL56
 916 03d2 4B040000 		.4byte	0x44b
 917 03d6 E2030000 		.4byte	0x3e2
 918 03da 0C       		.uleb128 0xc
 919 03db 01       		.uleb128 0x1
 920 03dc 50       		.byte	0x50
 921 03dd 03       		.uleb128 0x3
 922 03de 0A       		.byte	0xa
 923 03df B80B     		.2byte	0xbb8
 924 03e1 00       		.byte	0
 925 03e2 0A       		.uleb128 0xa
 926 03e3 24000000 		.4byte	.LVL57
 927 03e7 E5040000 		.4byte	0x4e5
 928 03eb 00       		.byte	0
 929 03ec 11       		.uleb128 0x11
 930 03ed A3010000 		.4byte	.LASF27
 931 03f1 05       		.byte	0x5
 932 03f2 1207     		.2byte	0x712
 933 03f4 F8030000 		.4byte	0x3f8
 934 03f8 12       		.uleb128 0x12
 935 03f9 7D000000 		.4byte	0x7d
 936 03fd 13       		.uleb128 0x13
 937 03fe 68000000 		.4byte	.LASF26
 938 0402 01       		.byte	0x1
 939 0403 17       		.byte	0x17
 940 0404 2C000000 		.4byte	0x2c
 941 0408 05       		.uleb128 0x5
 942 0409 03       		.byte	0x3
 943 040a 00000000 		.4byte	orderReceived
ARM GAS  C:\Users\AugustHA\AppData\Local\Temp\ccif8uAK.s 			page 21


 944 040e 13       		.uleb128 0x13
 945 040f 8B000000 		.4byte	.LASF28
 946 0413 01       		.byte	0x1
 947 0414 18       		.byte	0x18
 948 0415 2C000000 		.4byte	0x2c
 949 0419 05       		.uleb128 0x5
 950 041a 03       		.byte	0x3
 951 041b 00000000 		.4byte	distance
 952 041f 14       		.uleb128 0x14
 953 0420 88000000 		.4byte	0x88
 954 0424 2F040000 		.4byte	0x42f
 955 0428 15       		.uleb128 0x15
 956 0429 A9000000 		.4byte	0xa9
 957 042d 07       		.byte	0x7
 958 042e 00       		.byte	0
 959 042f 13       		.uleb128 0x13
 960 0430 00000000 		.4byte	.LASF29
 961 0434 01       		.byte	0x1
 962 0435 19       		.byte	0x19
 963 0436 1F040000 		.4byte	0x41f
 964 043a 05       		.uleb128 0x5
 965 043b 03       		.byte	0x3
 966 043c 00000000 		.4byte	rdBuf
 967 0440 16       		.uleb128 0x16
 968 0441 48010000 		.4byte	.LASF30
 969 0445 48010000 		.4byte	.LASF30
 970 0449 06       		.byte	0x6
 971 044a 14       		.byte	0x14
 972 044b 16       		.uleb128 0x16
 973 044c E2020000 		.4byte	.LASF31
 974 0450 E2020000 		.4byte	.LASF31
 975 0454 07       		.byte	0x7
 976 0455 76       		.byte	0x76
 977 0456 16       		.uleb128 0x16
 978 0457 44000000 		.4byte	.LASF32
 979 045b 44000000 		.4byte	.LASF32
 980 045f 08       		.byte	0x8
 981 0460 12       		.byte	0x12
 982 0461 16       		.uleb128 0x16
 983 0462 74010000 		.4byte	.LASF33
 984 0466 74010000 		.4byte	.LASF33
 985 046a 09       		.byte	0x9
 986 046b 11       		.byte	0x11
 987 046c 16       		.uleb128 0x16
 988 046d 06000000 		.4byte	.LASF34
 989 0471 06000000 		.4byte	.LASF34
 990 0475 0A       		.byte	0xa
 991 0476 26       		.byte	0x26
 992 0477 16       		.uleb128 0x16
 993 0478 52010000 		.4byte	.LASF35
 994 047c 52010000 		.4byte	.LASF35
 995 0480 06       		.byte	0x6
 996 0481 10       		.byte	0x10
 997 0482 16       		.uleb128 0x16
 998 0483 B0010000 		.4byte	.LASF36
 999 0487 B0010000 		.4byte	.LASF36
 1000 048b 06       		.byte	0x6
ARM GAS  C:\Users\AugustHA\AppData\Local\Temp\ccif8uAK.s 			page 22


 1001 048c 12       		.byte	0x12
 1002 048d 16       		.uleb128 0x16
 1003 048e EA020000 		.4byte	.LASF37
 1004 0492 EA020000 		.4byte	.LASF37
 1005 0496 06       		.byte	0x6
 1006 0497 13       		.byte	0x13
 1007 0498 16       		.uleb128 0x16
 1008 0499 76000000 		.4byte	.LASF38
 1009 049d 76000000 		.4byte	.LASF38
 1010 04a1 0B       		.byte	0xb
 1011 04a2 C5       		.byte	0xc5
 1012 04a3 16       		.uleb128 0x16
 1013 04a4 3B000000 		.4byte	.LASF39
 1014 04a8 3B000000 		.4byte	.LASF39
 1015 04ac 0C       		.byte	0xc
 1016 04ad 0D       		.byte	0xd
 1017 04ae 16       		.uleb128 0x16
 1018 04af EC010000 		.4byte	.LASF40
 1019 04b3 EC010000 		.4byte	.LASF40
 1020 04b7 06       		.byte	0x6
 1021 04b8 0F       		.byte	0xf
 1022 04b9 16       		.uleb128 0x16
 1023 04ba 6B010000 		.4byte	.LASF41
 1024 04be 6B010000 		.4byte	.LASF41
 1025 04c2 08       		.byte	0x8
 1026 04c3 0E       		.byte	0xe
 1027 04c4 16       		.uleb128 0x16
 1028 04c5 F6010000 		.4byte	.LASF42
 1029 04c9 F6010000 		.4byte	.LASF42
 1030 04cd 09       		.byte	0x9
 1031 04ce 0D       		.byte	0xd
 1032 04cf 16       		.uleb128 0x16
 1033 04d0 12020000 		.4byte	.LASF43
 1034 04d4 12020000 		.4byte	.LASF43
 1035 04d8 0D       		.byte	0xd
 1036 04d9 11       		.byte	0x11
 1037 04da 16       		.uleb128 0x16
 1038 04db 1B000000 		.4byte	.LASF44
 1039 04df 1B000000 		.4byte	.LASF44
 1040 04e3 0C       		.byte	0xc
 1041 04e4 0C       		.byte	0xc
 1042 04e5 16       		.uleb128 0x16
 1043 04e6 DE010000 		.4byte	.LASF45
 1044 04ea DE010000 		.4byte	.LASF45
 1045 04ee 09       		.byte	0x9
 1046 04ef 10       		.byte	0x10
 1047 04f0 00       		.byte	0
 1048              		.section	.debug_abbrev,"",%progbits
 1049              	.Ldebug_abbrev0:
 1050 0000 01       		.uleb128 0x1
 1051 0001 11       		.uleb128 0x11
 1052 0002 01       		.byte	0x1
 1053 0003 25       		.uleb128 0x25
 1054 0004 0E       		.uleb128 0xe
 1055 0005 13       		.uleb128 0x13
 1056 0006 0B       		.uleb128 0xb
 1057 0007 03       		.uleb128 0x3
ARM GAS  C:\Users\AugustHA\AppData\Local\Temp\ccif8uAK.s 			page 23


 1058 0008 0E       		.uleb128 0xe
 1059 0009 1B       		.uleb128 0x1b
 1060 000a 0E       		.uleb128 0xe
 1061 000b 55       		.uleb128 0x55
 1062 000c 17       		.uleb128 0x17
 1063 000d 11       		.uleb128 0x11
 1064 000e 01       		.uleb128 0x1
 1065 000f 10       		.uleb128 0x10
 1066 0010 17       		.uleb128 0x17
 1067 0011 00       		.byte	0
 1068 0012 00       		.byte	0
 1069 0013 02       		.uleb128 0x2
 1070 0014 24       		.uleb128 0x24
 1071 0015 00       		.byte	0
 1072 0016 0B       		.uleb128 0xb
 1073 0017 0B       		.uleb128 0xb
 1074 0018 3E       		.uleb128 0x3e
 1075 0019 0B       		.uleb128 0xb
 1076 001a 03       		.uleb128 0x3
 1077 001b 0E       		.uleb128 0xe
 1078 001c 00       		.byte	0
 1079 001d 00       		.byte	0
 1080 001e 03       		.uleb128 0x3
 1081 001f 24       		.uleb128 0x24
 1082 0020 00       		.byte	0
 1083 0021 0B       		.uleb128 0xb
 1084 0022 0B       		.uleb128 0xb
 1085 0023 3E       		.uleb128 0x3e
 1086 0024 0B       		.uleb128 0xb
 1087 0025 03       		.uleb128 0x3
 1088 0026 08       		.uleb128 0x8
 1089 0027 00       		.byte	0
 1090 0028 00       		.byte	0
 1091 0029 04       		.uleb128 0x4
 1092 002a 16       		.uleb128 0x16
 1093 002b 00       		.byte	0
 1094 002c 03       		.uleb128 0x3
 1095 002d 0E       		.uleb128 0xe
 1096 002e 3A       		.uleb128 0x3a
 1097 002f 0B       		.uleb128 0xb
 1098 0030 3B       		.uleb128 0x3b
 1099 0031 0B       		.uleb128 0xb
 1100 0032 49       		.uleb128 0x49
 1101 0033 13       		.uleb128 0x13
 1102 0034 00       		.byte	0
 1103 0035 00       		.byte	0
 1104 0036 05       		.uleb128 0x5
 1105 0037 16       		.uleb128 0x16
 1106 0038 00       		.byte	0
 1107 0039 03       		.uleb128 0x3
 1108 003a 0E       		.uleb128 0xe
 1109 003b 3A       		.uleb128 0x3a
 1110 003c 0B       		.uleb128 0xb
 1111 003d 3B       		.uleb128 0x3b
 1112 003e 05       		.uleb128 0x5
 1113 003f 49       		.uleb128 0x49
 1114 0040 13       		.uleb128 0x13
ARM GAS  C:\Users\AugustHA\AppData\Local\Temp\ccif8uAK.s 			page 24


 1115 0041 00       		.byte	0
 1116 0042 00       		.byte	0
 1117 0043 06       		.uleb128 0x6
 1118 0044 2E       		.uleb128 0x2e
 1119 0045 01       		.byte	0x1
 1120 0046 3F       		.uleb128 0x3f
 1121 0047 19       		.uleb128 0x19
 1122 0048 03       		.uleb128 0x3
 1123 0049 0E       		.uleb128 0xe
 1124 004a 3A       		.uleb128 0x3a
 1125 004b 0B       		.uleb128 0xb
 1126 004c 3B       		.uleb128 0x3b
 1127 004d 0B       		.uleb128 0xb
 1128 004e 27       		.uleb128 0x27
 1129 004f 19       		.uleb128 0x19
 1130 0050 11       		.uleb128 0x11
 1131 0051 01       		.uleb128 0x1
 1132 0052 12       		.uleb128 0x12
 1133 0053 06       		.uleb128 0x6
 1134 0054 40       		.uleb128 0x40
 1135 0055 18       		.uleb128 0x18
 1136 0056 9642     		.uleb128 0x2116
 1137 0058 19       		.uleb128 0x19
 1138 0059 01       		.uleb128 0x1
 1139 005a 13       		.uleb128 0x13
 1140 005b 00       		.byte	0
 1141 005c 00       		.byte	0
 1142 005d 07       		.uleb128 0x7
 1143 005e 05       		.uleb128 0x5
 1144 005f 00       		.byte	0
 1145 0060 03       		.uleb128 0x3
 1146 0061 0E       		.uleb128 0xe
 1147 0062 3A       		.uleb128 0x3a
 1148 0063 0B       		.uleb128 0xb
 1149 0064 3B       		.uleb128 0x3b
 1150 0065 0B       		.uleb128 0xb
 1151 0066 49       		.uleb128 0x49
 1152 0067 13       		.uleb128 0x13
 1153 0068 02       		.uleb128 0x2
 1154 0069 17       		.uleb128 0x17
 1155 006a 00       		.byte	0
 1156 006b 00       		.byte	0
 1157 006c 08       		.uleb128 0x8
 1158 006d 0B       		.uleb128 0xb
 1159 006e 01       		.byte	0x1
 1160 006f 11       		.uleb128 0x11
 1161 0070 01       		.uleb128 0x1
 1162 0071 12       		.uleb128 0x12
 1163 0072 06       		.uleb128 0x6
 1164 0073 01       		.uleb128 0x1
 1165 0074 13       		.uleb128 0x13
 1166 0075 00       		.byte	0
 1167 0076 00       		.byte	0
 1168 0077 09       		.uleb128 0x9
 1169 0078 34       		.uleb128 0x34
 1170 0079 00       		.byte	0
 1171 007a 03       		.uleb128 0x3
ARM GAS  C:\Users\AugustHA\AppData\Local\Temp\ccif8uAK.s 			page 25


 1172 007b 0E       		.uleb128 0xe
 1173 007c 3A       		.uleb128 0x3a
 1174 007d 0B       		.uleb128 0xb
 1175 007e 3B       		.uleb128 0x3b
 1176 007f 0B       		.uleb128 0xb
 1177 0080 49       		.uleb128 0x49
 1178 0081 13       		.uleb128 0x13
 1179 0082 02       		.uleb128 0x2
 1180 0083 17       		.uleb128 0x17
 1181 0084 00       		.byte	0
 1182 0085 00       		.byte	0
 1183 0086 0A       		.uleb128 0xa
 1184 0087 898201   		.uleb128 0x4109
 1185 008a 00       		.byte	0
 1186 008b 11       		.uleb128 0x11
 1187 008c 01       		.uleb128 0x1
 1188 008d 31       		.uleb128 0x31
 1189 008e 13       		.uleb128 0x13
 1190 008f 00       		.byte	0
 1191 0090 00       		.byte	0
 1192 0091 0B       		.uleb128 0xb
 1193 0092 898201   		.uleb128 0x4109
 1194 0095 01       		.byte	0x1
 1195 0096 11       		.uleb128 0x11
 1196 0097 01       		.uleb128 0x1
 1197 0098 31       		.uleb128 0x31
 1198 0099 13       		.uleb128 0x13
 1199 009a 01       		.uleb128 0x1
 1200 009b 13       		.uleb128 0x13
 1201 009c 00       		.byte	0
 1202 009d 00       		.byte	0
 1203 009e 0C       		.uleb128 0xc
 1204 009f 8A8201   		.uleb128 0x410a
 1205 00a2 00       		.byte	0
 1206 00a3 02       		.uleb128 0x2
 1207 00a4 18       		.uleb128 0x18
 1208 00a5 9142     		.uleb128 0x2111
 1209 00a7 18       		.uleb128 0x18
 1210 00a8 00       		.byte	0
 1211 00a9 00       		.byte	0
 1212 00aa 0D       		.uleb128 0xd
 1213 00ab 898201   		.uleb128 0x4109
 1214 00ae 01       		.byte	0x1
 1215 00af 11       		.uleb128 0x11
 1216 00b0 01       		.uleb128 0x1
 1217 00b1 31       		.uleb128 0x31
 1218 00b2 13       		.uleb128 0x13
 1219 00b3 00       		.byte	0
 1220 00b4 00       		.byte	0
 1221 00b5 0E       		.uleb128 0xe
 1222 00b6 2E       		.uleb128 0x2e
 1223 00b7 01       		.byte	0x1
 1224 00b8 3F       		.uleb128 0x3f
 1225 00b9 19       		.uleb128 0x19
 1226 00ba 03       		.uleb128 0x3
 1227 00bb 0E       		.uleb128 0xe
 1228 00bc 3A       		.uleb128 0x3a
ARM GAS  C:\Users\AugustHA\AppData\Local\Temp\ccif8uAK.s 			page 26


 1229 00bd 0B       		.uleb128 0xb
 1230 00be 3B       		.uleb128 0x3b
 1231 00bf 0B       		.uleb128 0xb
 1232 00c0 27       		.uleb128 0x27
 1233 00c1 19       		.uleb128 0x19
 1234 00c2 11       		.uleb128 0x11
 1235 00c3 01       		.uleb128 0x1
 1236 00c4 12       		.uleb128 0x12
 1237 00c5 06       		.uleb128 0x6
 1238 00c6 40       		.uleb128 0x40
 1239 00c7 18       		.uleb128 0x18
 1240 00c8 9742     		.uleb128 0x2117
 1241 00ca 19       		.uleb128 0x19
 1242 00cb 01       		.uleb128 0x1
 1243 00cc 13       		.uleb128 0x13
 1244 00cd 00       		.byte	0
 1245 00ce 00       		.byte	0
 1246 00cf 0F       		.uleb128 0xf
 1247 00d0 2E       		.uleb128 0x2e
 1248 00d1 01       		.byte	0x1
 1249 00d2 3F       		.uleb128 0x3f
 1250 00d3 19       		.uleb128 0x19
 1251 00d4 03       		.uleb128 0x3
 1252 00d5 0E       		.uleb128 0xe
 1253 00d6 3A       		.uleb128 0x3a
 1254 00d7 0B       		.uleb128 0xb
 1255 00d8 3B       		.uleb128 0x3b
 1256 00d9 0B       		.uleb128 0xb
 1257 00da 27       		.uleb128 0x27
 1258 00db 19       		.uleb128 0x19
 1259 00dc 49       		.uleb128 0x49
 1260 00dd 13       		.uleb128 0x13
 1261 00de 8701     		.uleb128 0x87
 1262 00e0 19       		.uleb128 0x19
 1263 00e1 11       		.uleb128 0x11
 1264 00e2 01       		.uleb128 0x1
 1265 00e3 12       		.uleb128 0x12
 1266 00e4 06       		.uleb128 0x6
 1267 00e5 40       		.uleb128 0x40
 1268 00e6 18       		.uleb128 0x18
 1269 00e7 9742     		.uleb128 0x2117
 1270 00e9 19       		.uleb128 0x19
 1271 00ea 01       		.uleb128 0x1
 1272 00eb 13       		.uleb128 0x13
 1273 00ec 00       		.byte	0
 1274 00ed 00       		.byte	0
 1275 00ee 10       		.uleb128 0x10
 1276 00ef 34       		.uleb128 0x34
 1277 00f0 00       		.byte	0
 1278 00f1 03       		.uleb128 0x3
 1279 00f2 08       		.uleb128 0x8
 1280 00f3 3A       		.uleb128 0x3a
 1281 00f4 0B       		.uleb128 0xb
 1282 00f5 3B       		.uleb128 0x3b
 1283 00f6 0B       		.uleb128 0xb
 1284 00f7 49       		.uleb128 0x49
 1285 00f8 13       		.uleb128 0x13
ARM GAS  C:\Users\AugustHA\AppData\Local\Temp\ccif8uAK.s 			page 27


 1286 00f9 02       		.uleb128 0x2
 1287 00fa 17       		.uleb128 0x17
 1288 00fb 00       		.byte	0
 1289 00fc 00       		.byte	0
 1290 00fd 11       		.uleb128 0x11
 1291 00fe 34       		.uleb128 0x34
 1292 00ff 00       		.byte	0
 1293 0100 03       		.uleb128 0x3
 1294 0101 0E       		.uleb128 0xe
 1295 0102 3A       		.uleb128 0x3a
 1296 0103 0B       		.uleb128 0xb
 1297 0104 3B       		.uleb128 0x3b
 1298 0105 05       		.uleb128 0x5
 1299 0106 49       		.uleb128 0x49
 1300 0107 13       		.uleb128 0x13
 1301 0108 3F       		.uleb128 0x3f
 1302 0109 19       		.uleb128 0x19
 1303 010a 3C       		.uleb128 0x3c
 1304 010b 19       		.uleb128 0x19
 1305 010c 00       		.byte	0
 1306 010d 00       		.byte	0
 1307 010e 12       		.uleb128 0x12
 1308 010f 35       		.uleb128 0x35
 1309 0110 00       		.byte	0
 1310 0111 49       		.uleb128 0x49
 1311 0112 13       		.uleb128 0x13
 1312 0113 00       		.byte	0
 1313 0114 00       		.byte	0
 1314 0115 13       		.uleb128 0x13
 1315 0116 34       		.uleb128 0x34
 1316 0117 00       		.byte	0
 1317 0118 03       		.uleb128 0x3
 1318 0119 0E       		.uleb128 0xe
 1319 011a 3A       		.uleb128 0x3a
 1320 011b 0B       		.uleb128 0xb
 1321 011c 3B       		.uleb128 0x3b
 1322 011d 0B       		.uleb128 0xb
 1323 011e 49       		.uleb128 0x49
 1324 011f 13       		.uleb128 0x13
 1325 0120 3F       		.uleb128 0x3f
 1326 0121 19       		.uleb128 0x19
 1327 0122 02       		.uleb128 0x2
 1328 0123 18       		.uleb128 0x18
 1329 0124 00       		.byte	0
 1330 0125 00       		.byte	0
 1331 0126 14       		.uleb128 0x14
 1332 0127 01       		.uleb128 0x1
 1333 0128 01       		.byte	0x1
 1334 0129 49       		.uleb128 0x49
 1335 012a 13       		.uleb128 0x13
 1336 012b 01       		.uleb128 0x1
 1337 012c 13       		.uleb128 0x13
 1338 012d 00       		.byte	0
 1339 012e 00       		.byte	0
 1340 012f 15       		.uleb128 0x15
 1341 0130 21       		.uleb128 0x21
 1342 0131 00       		.byte	0
ARM GAS  C:\Users\AugustHA\AppData\Local\Temp\ccif8uAK.s 			page 28


 1343 0132 49       		.uleb128 0x49
 1344 0133 13       		.uleb128 0x13
 1345 0134 2F       		.uleb128 0x2f
 1346 0135 0B       		.uleb128 0xb
 1347 0136 00       		.byte	0
 1348 0137 00       		.byte	0
 1349 0138 16       		.uleb128 0x16
 1350 0139 2E       		.uleb128 0x2e
 1351 013a 00       		.byte	0
 1352 013b 3F       		.uleb128 0x3f
 1353 013c 19       		.uleb128 0x19
 1354 013d 3C       		.uleb128 0x3c
 1355 013e 19       		.uleb128 0x19
 1356 013f 6E       		.uleb128 0x6e
 1357 0140 0E       		.uleb128 0xe
 1358 0141 03       		.uleb128 0x3
 1359 0142 0E       		.uleb128 0xe
 1360 0143 3A       		.uleb128 0x3a
 1361 0144 0B       		.uleb128 0xb
 1362 0145 3B       		.uleb128 0x3b
 1363 0146 0B       		.uleb128 0xb
 1364 0147 00       		.byte	0
 1365 0148 00       		.byte	0
 1366 0149 00       		.byte	0
 1367              		.section	.debug_loc,"",%progbits
 1368              	.Ldebug_loc0:
 1369              	.LLST0:
 1370 0000 00000000 		.4byte	.LVL0
 1371 0004 0A000000 		.4byte	.LVL2
 1372 0008 0100     		.2byte	0x1
 1373 000a 50       		.byte	0x50
 1374 000b 0A000000 		.4byte	.LVL2
 1375 000f 22000000 		.4byte	.LVL7
 1376 0013 0100     		.2byte	0x1
 1377 0015 54       		.byte	0x54
 1378 0016 22000000 		.4byte	.LVL7
 1379 001a 16010000 		.4byte	.LVL40
 1380 001e 0400     		.2byte	0x4
 1381 0020 F3       		.byte	0xf3
 1382 0021 01       		.uleb128 0x1
 1383 0022 50       		.byte	0x50
 1384 0023 9F       		.byte	0x9f
 1385 0024 16010000 		.4byte	.LVL40
 1386 0028 18010000 		.4byte	.LVL41
 1387 002c 0100     		.2byte	0x1
 1388 002e 54       		.byte	0x54
 1389 002f 18010000 		.4byte	.LVL41
 1390 0033 30010000 		.4byte	.LFE64
 1391 0037 0400     		.2byte	0x4
 1392 0039 F3       		.byte	0xf3
 1393 003a 01       		.uleb128 0x1
 1394 003b 50       		.byte	0x50
 1395 003c 9F       		.byte	0x9f
 1396 003d 00000000 		.4byte	0
 1397 0041 00000000 		.4byte	0
 1398              	.LLST1:
 1399 0045 00000000 		.4byte	.LVL0
ARM GAS  C:\Users\AugustHA\AppData\Local\Temp\ccif8uAK.s 			page 29


 1400 0049 08000000 		.4byte	.LVL1
 1401 004d 0100     		.2byte	0x1
 1402 004f 51       		.byte	0x51
 1403 0050 08000000 		.4byte	.LVL1
 1404 0054 42000000 		.4byte	.LVL14
 1405 0058 0100     		.2byte	0x1
 1406 005a 55       		.byte	0x55
 1407 005b 5E000000 		.4byte	.LVL17
 1408 005f 62000000 		.4byte	.LVL19
 1409 0063 0200     		.2byte	0x2
 1410 0065 30       		.byte	0x30
 1411 0066 9F       		.byte	0x9f
 1412 0067 62000000 		.4byte	.LVL19
 1413 006b 18010000 		.4byte	.LVL41
 1414 006f 0100     		.2byte	0x1
 1415 0071 55       		.byte	0x55
 1416 0072 18010000 		.4byte	.LVL41
 1417 0076 30010000 		.4byte	.LFE64
 1418 007a 0400     		.2byte	0x4
 1419 007c F3       		.byte	0xf3
 1420 007d 01       		.uleb128 0x1
 1421 007e 51       		.byte	0x51
 1422 007f 9F       		.byte	0x9f
 1423 0080 00000000 		.4byte	0
 1424 0084 00000000 		.4byte	0
 1425              	.LLST2:
 1426 0088 00000000 		.4byte	.LVL0
 1427 008c 0D000000 		.4byte	.LVL3-1
 1428 0090 0100     		.2byte	0x1
 1429 0092 52       		.byte	0x52
 1430 0093 0D000000 		.4byte	.LVL3-1
 1431 0097 30010000 		.4byte	.LFE64
 1432 009b 0400     		.2byte	0x4
 1433 009d F3       		.byte	0xf3
 1434 009e 01       		.uleb128 0x1
 1435 009f 52       		.byte	0x52
 1436 00a0 9F       		.byte	0x9f
 1437 00a1 00000000 		.4byte	0
 1438 00a5 00000000 		.4byte	0
 1439              	.LLST3:
 1440 00a9 14000000 		.4byte	.LVL4
 1441 00ad 22000000 		.4byte	.LVL7
 1442 00b1 0200     		.2byte	0x2
 1443 00b3 30       		.byte	0x30
 1444 00b4 9F       		.byte	0x9f
 1445 00b5 22000000 		.4byte	.LVL7
 1446 00b9 16010000 		.4byte	.LVL40
 1447 00bd 0100     		.2byte	0x1
 1448 00bf 54       		.byte	0x54
 1449 00c0 00000000 		.4byte	0
 1450 00c4 00000000 		.4byte	0
 1451              	.LLST4:
 1452 00c8 28000000 		.4byte	.LVL9
 1453 00cc 2F000000 		.4byte	.LVL10-1
 1454 00d0 0100     		.2byte	0x1
 1455 00d2 50       		.byte	0x50
 1456 00d3 2F000000 		.4byte	.LVL10-1
ARM GAS  C:\Users\AugustHA\AppData\Local\Temp\ccif8uAK.s 			page 30


 1457 00d7 62000000 		.4byte	.LVL19
 1458 00db 0100     		.2byte	0x1
 1459 00dd 56       		.byte	0x56
 1460 00de 62000000 		.4byte	.LVL19
 1461 00e2 69000000 		.4byte	.LVL20-1
 1462 00e6 0100     		.2byte	0x1
 1463 00e8 50       		.byte	0x50
 1464 00e9 69000000 		.4byte	.LVL20-1
 1465 00ed 16010000 		.4byte	.LVL40
 1466 00f1 0100     		.2byte	0x1
 1467 00f3 56       		.byte	0x56
 1468 00f4 00000000 		.4byte	0
 1469 00f8 00000000 		.4byte	0
 1470              	.LLST5:
 1471 00fc 38000000 		.4byte	.LVL11
 1472 0100 62000000 		.4byte	.LVL19
 1473 0104 1800     		.2byte	0x18
 1474 0106 F3       		.byte	0xf3
 1475 0107 01       		.uleb128 0x1
 1476 0108 52       		.byte	0x52
 1477 0109 F7       		.byte	0xf7
 1478 010a 2C       		.uleb128 0x2c
 1479 010b F7       		.byte	0xf7
 1480 010c 25       		.uleb128 0x25
 1481 010d F4       		.byte	0xf4
 1482 010e 25       		.uleb128 0x25
 1483 010f 08       		.byte	0x8
 1484 0110 BE9F1A2F 		.4byte	0x2f1a9fbe
 1485 0114 DD24D63F 		.4byte	0x3fd624dd
 1486 0118 1E       		.byte	0x1e
 1487 0119 F7       		.byte	0xf7
 1488 011a 2C       		.uleb128 0x2c
 1489 011b F7       		.byte	0xf7
 1490 011c 00       		.uleb128 0
 1491 011d 9F       		.byte	0x9f
 1492 011e 00000000 		.4byte	0
 1493 0122 00000000 		.4byte	0
 1494              	.LLST6:
 1495 0126 42000000 		.4byte	.LVL14
 1496 012a 60000000 		.4byte	.LVL18
 1497 012e 0100     		.2byte	0x1
 1498 0130 55       		.byte	0x55
 1499 0131 00000000 		.4byte	0
 1500 0135 00000000 		.4byte	0
 1501              	.LLST7:
 1502 0139 00000000 		.4byte	.LVL42
 1503 013d 04000000 		.4byte	.LVL43
 1504 0141 0100     		.2byte	0x1
 1505 0143 50       		.byte	0x50
 1506 0144 04000000 		.4byte	.LVL43
 1507 0148 18000000 		.4byte	.LVL44
 1508 014c 0300     		.2byte	0x3
 1509 014e 70       		.byte	0x70
 1510 014f 01       		.sleb128 1
 1511 0150 9F       		.byte	0x9f
 1512 0151 18000000 		.4byte	.LVL44
 1513 0155 5A000000 		.4byte	.LFE65
ARM GAS  C:\Users\AugustHA\AppData\Local\Temp\ccif8uAK.s 			page 31


 1514 0159 0400     		.2byte	0x4
 1515 015b F3       		.byte	0xf3
 1516 015c 01       		.uleb128 0x1
 1517 015d 50       		.byte	0x50
 1518 015e 9F       		.byte	0x9f
 1519 015f 00000000 		.4byte	0
 1520 0163 00000000 		.4byte	0
 1521              	.LLST8:
 1522 0167 28000000 		.4byte	.LVL58
 1523 016b 2B000000 		.4byte	.LVL59-1
 1524 016f 0100     		.2byte	0x1
 1525 0171 50       		.byte	0x50
 1526 0172 00000000 		.4byte	0
 1527 0176 00000000 		.4byte	0
 1528              		.section	.debug_aranges,"",%progbits
 1529 0000 2C000000 		.4byte	0x2c
 1530 0004 0200     		.2byte	0x2
 1531 0006 00000000 		.4byte	.Ldebug_info0
 1532 000a 04       		.byte	0x4
 1533 000b 00       		.byte	0
 1534 000c 0000     		.2byte	0
 1535 000e 0000     		.2byte	0
 1536 0010 00000000 		.4byte	.LFB64
 1537 0014 30010000 		.4byte	.LFE64-.LFB64
 1538 0018 00000000 		.4byte	.LFB65
 1539 001c 5A000000 		.4byte	.LFE65-.LFB65
 1540 0020 00000000 		.4byte	.LFB63
 1541 0024 2E000000 		.4byte	.LFE63-.LFB63
 1542 0028 00000000 		.4byte	0
 1543 002c 00000000 		.4byte	0
 1544              		.section	.debug_ranges,"",%progbits
 1545              	.Ldebug_ranges0:
 1546 0000 00000000 		.4byte	.LFB64
 1547 0004 30010000 		.4byte	.LFE64
 1548 0008 00000000 		.4byte	.LFB65
 1549 000c 5A000000 		.4byte	.LFE65
 1550 0010 00000000 		.4byte	.LFB63
 1551 0014 2E000000 		.4byte	.LFE63
 1552 0018 00000000 		.4byte	0
 1553 001c 00000000 		.4byte	0
 1554              		.section	.debug_line,"",%progbits
 1555              	.Ldebug_line0:
 1556 0000 58020000 		.section	.debug_str,"MS",%progbits,1
 1556      0200C601 
 1556      00000201 
 1556      FB0E0D00 
 1556      01010101 
 1557              	.LASF29:
 1558 0000 72644275 		.ascii	"rdBuf\000"
 1558      6600
 1559              	.LASF34:
 1560 0006 446F6E65 		.ascii	"Done_Write\000"
 1560      5F577269 
 1560      746500
 1561              	.LASF10:
 1562 0011 5F5F696E 		.ascii	"__int32_t\000"
 1562      7433325F 
ARM GAS  C:\Users\AugustHA\AppData\Local\Temp\ccif8uAK.s 			page 32


 1562      7400
 1563              	.LASF44:
 1564 001b 696E6974 		.ascii	"initiere_I2Ckommunikation\000"
 1564      69657265 
 1564      5F493243 
 1564      6B6F6D6D 
 1564      756E696B 
 1565              	.LASF22:
 1566 0035 616E7461 		.ascii	"antal\000"
 1566      6C00
 1567              	.LASF39:
 1568 003b 6E65774F 		.ascii	"newOrder\000"
 1568      72646572 
 1568      00
 1569              	.LASF32:
 1570 0044 4144435F 		.ascii	"ADC_Measure\000"
 1570      4D656173 
 1570      75726500 
 1571              	.LASF20:
 1572 0050 7461626C 		.ascii	"tableCounter\000"
 1572      65436F75 
 1572      6E746572 
 1572      00
 1573              	.LASF47:
 1574 005d 6D61696E 		.ascii	"mainPSoC.c\000"
 1574      50536F43 
 1574      2E6300
 1575              	.LASF26:
 1576 0068 6F726465 		.ascii	"orderReceived\000"
 1576      72526563 
 1576      65697665 
 1576      6400
 1577              	.LASF38:
 1578 0076 4932435F 		.ascii	"I2C_SlaveInitReadBuf\000"
 1578      536C6176 
 1578      65496E69 
 1578      74526561 
 1578      64427566 
 1579              	.LASF28:
 1580 008b 64697374 		.ascii	"distance\000"
 1580      616E6365 
 1580      00
 1581              	.LASF13:
 1582 0094 666C6F61 		.ascii	"float\000"
 1582      7400
 1583              	.LASF2:
 1584 009a 756E7369 		.ascii	"unsigned char\000"
 1584      676E6564 
 1584      20636861 
 1584      7200
 1585              	.LASF46:
 1586 00a8 474E5520 		.ascii	"GNU C11 5.4.1 20160609 (release) [ARM/embedded-5-br"
 1586      43313120 
 1586      352E342E 
 1586      31203230 
 1586      31363036 
 1587 00db 616E6368 		.ascii	"anch revision 237715] -mcpu=cortex-m3 -mthumb -g -O"
ARM GAS  C:\Users\AugustHA\AppData\Local\Temp\ccif8uAK.s 			page 33


 1587      20726576 
 1587      6973696F 
 1587      6E203233 
 1587      37373135 
 1588 010e 67202D66 		.ascii	"g -ffunction-sections -ffat-lto-objects\000"
 1588      66756E63 
 1588      74696F6E 
 1588      2D736563 
 1588      74696F6E 
 1589              	.LASF6:
 1590 0136 6C6F6E67 		.ascii	"long unsigned int\000"
 1590      20756E73 
 1590      69676E65 
 1590      6420696E 
 1590      7400
 1591              	.LASF30:
 1592 0148 64726976 		.ascii	"driveStop\000"
 1592      6553746F 
 1592      7000
 1593              	.LASF35:
 1594 0152 64726976 		.ascii	"driveForward\000"
 1594      65466F72 
 1594      77617264 
 1594      00
 1595              	.LASF18:
 1596 015f 7461626C 		.ascii	"table\000"
 1596      6500
 1597              	.LASF23:
 1598 0165 76616567 		.ascii	"vaegt\000"
 1598      7400
 1599              	.LASF41:
 1600 016b 4144435F 		.ascii	"ADC_init\000"
 1600      696E6974 
 1600      00
 1601              	.LASF33:
 1602 0174 67657443 		.ascii	"getColor\000"
 1602      6F6C6F72 
 1602      00
 1603              	.LASF49:
 1604 017d 6D61696E 		.ascii	"main\000"
 1604      00
 1605              	.LASF25:
 1606 0182 68616E64 		.ascii	"handleOrderReceived\000"
 1606      6C654F72 
 1606      64657252 
 1606      65636569 
 1606      76656400 
 1607              	.LASF21:
 1608 0196 636F6C6F 		.ascii	"color\000"
 1608      7200
 1609              	.LASF19:
 1610 019c 616D6F75 		.ascii	"amount\000"
 1610      6E7400
 1611              	.LASF27:
 1612 01a3 49544D5F 		.ascii	"ITM_RxBuffer\000"
 1612      52784275 
 1612      66666572 
ARM GAS  C:\Users\AugustHA\AppData\Local\Temp\ccif8uAK.s 			page 34


 1612      00
 1613              	.LASF36:
 1614 01b0 64726976 		.ascii	"driveLeft\000"
 1614      654C6566 
 1614      7400
 1615              	.LASF9:
 1616 01ba 756E7369 		.ascii	"unsigned int\000"
 1616      676E6564 
 1616      20696E74 
 1616      00
 1617              	.LASF8:
 1618 01c7 6C6F6E67 		.ascii	"long long unsigned int\000"
 1618      206C6F6E 
 1618      6720756E 
 1618      7369676E 
 1618      65642069 
 1619              	.LASF45:
 1620 01de 7374616E 		.ascii	"standardColor\000"
 1620      64617264 
 1620      436F6C6F 
 1620      7200
 1621              	.LASF40:
 1622 01ec 696E6974 		.ascii	"initMotor\000"
 1622      4D6F746F 
 1622      7200
 1623              	.LASF42:
 1624 01f6 696E6974 		.ascii	"init_Color\000"
 1624      5F436F6C 
 1624      6F7200
 1625              	.LASF11:
 1626 0201 696E7433 		.ascii	"int32_t\000"
 1626      325F7400 
 1627              	.LASF16:
 1628 0209 73697A65 		.ascii	"sizetype\000"
 1628      74797065 
 1628      00
 1629              	.LASF43:
 1630 0212 696E6974 		.ascii	"initDistSens\000"
 1630      44697374 
 1630      53656E73 
 1630      00
 1631              	.LASF7:
 1632 021f 6C6F6E67 		.ascii	"long long int\000"
 1632      206C6F6E 
 1632      6720696E 
 1632      7400
 1633              	.LASF14:
 1634 022d 63686172 		.ascii	"char\000"
 1634      00
 1635              	.LASF24:
 1636 0232 62656572 		.ascii	"beertressWorkWork\000"
 1636      74726573 
 1636      73576F72 
 1636      6B576F72 
 1636      6B00
 1637              	.LASF17:
 1638 0244 74797065 		.ascii	"type\000"
ARM GAS  C:\Users\AugustHA\AppData\Local\Temp\ccif8uAK.s 			page 35


 1638      00
 1639              	.LASF3:
 1640 0249 73686F72 		.ascii	"short int\000"
 1640      7420696E 
 1640      7400
 1641              	.LASF12:
 1642 0253 75696E74 		.ascii	"uint8\000"
 1642      3800
 1643              	.LASF48:
 1644 0259 433A5C55 		.ascii	"C:\\Users\\AugustHA\\Documents\\PRJ3\\Projekt3-2020"
 1644      73657273 
 1644      5C417567 
 1644      75737448 
 1644      415C446F 
 1645 0287 5C4B6F64 		.ascii	"\\Kode\\main_psoc_done\\Main.cydsn\000"
 1645      655C6D61 
 1645      696E5F70 
 1645      736F635F 
 1645      646F6E65 
 1646              	.LASF5:
 1647 02a7 6C6F6E67 		.ascii	"long int\000"
 1647      20696E74 
 1647      00
 1648              	.LASF15:
 1649 02b0 6C6F6E67 		.ascii	"long double\000"
 1649      20646F75 
 1649      626C6500 
 1650              	.LASF1:
 1651 02bc 7369676E 		.ascii	"signed char\000"
 1651      65642063 
 1651      68617200 
 1652              	.LASF0:
 1653 02c8 646F7562 		.ascii	"double\000"
 1653      6C6500
 1654              	.LASF4:
 1655 02cf 73686F72 		.ascii	"short unsigned int\000"
 1655      7420756E 
 1655      7369676E 
 1655      65642069 
 1655      6E7400
 1656              	.LASF31:
 1657 02e2 43794465 		.ascii	"CyDelay\000"
 1657      6C617900 
 1658              	.LASF37:
 1659 02ea 64726976 		.ascii	"driveRight\000"
 1659      65526967 
 1659      687400
 1660              		.ident	"GCC: (GNU Tools for ARM Embedded Processors) 5.4.1 20160609 (release) [ARM/embedded-5-bran
