ARM GAS  C:\Users\Simon\AppData\Local\Temp\cc9ZQFwp.s 			page 1


   1              		.syntax unified
   2              		.cpu cortex-m3
   3              		.fpu softvfp
   4              		.eabi_attribute 20, 1
   5              		.eabi_attribute 21, 1
   6              		.eabi_attribute 23, 3
   7              		.eabi_attribute 24, 1
   8              		.eabi_attribute 25, 1
   9              		.eabi_attribute 26, 1
  10              		.eabi_attribute 30, 1
  11              		.eabi_attribute 34, 1
  12              		.eabi_attribute 18, 4
  13              		.thumb
  14              		.syntax unified
  15              		.file	"ADC.c"
  16              		.text
  17              	.Ltext0:
  18              		.cfi_sections	.debug_frame
  19              		.section	.text.ADC_init,"ax",%progbits
  20              		.align	2
  21              		.global	ADC_init
  22              		.thumb
  23              		.thumb_func
  24              		.type	ADC_init, %function
  25              	ADC_init:
  26              	.LFB64:
  27              		.file 1 "..\\..\\..\\..\\..\\kgSensor\\Scale.cydsn\\ADC.c"
   1:..\..\..\..\..\kgSensor\Scale.cydsn/ADC.c **** /* ========================================
   2:..\..\..\..\..\kgSensor\Scale.cydsn/ADC.c ****  *
   3:..\..\..\..\..\kgSensor\Scale.cydsn/ADC.c ****  * Copyright YOUR COMPANY, THE YEAR
   4:..\..\..\..\..\kgSensor\Scale.cydsn/ADC.c ****  * All Rights Reserved
   5:..\..\..\..\..\kgSensor\Scale.cydsn/ADC.c ****  * UNPUBLISHED, LICENSED SOFTWARE.
   6:..\..\..\..\..\kgSensor\Scale.cydsn/ADC.c ****  *
   7:..\..\..\..\..\kgSensor\Scale.cydsn/ADC.c ****  * CONFIDENTIAL AND PROPRIETARY INFORMATION
   8:..\..\..\..\..\kgSensor\Scale.cydsn/ADC.c ****  * WHICH IS THE PROPERTY OF your company.
   9:..\..\..\..\..\kgSensor\Scale.cydsn/ADC.c ****  *
  10:..\..\..\..\..\kgSensor\Scale.cydsn/ADC.c ****  * ========================================
  11:..\..\..\..\..\kgSensor\Scale.cydsn/ADC.c **** */
  12:..\..\..\..\..\kgSensor\Scale.cydsn/ADC.c **** #include "ADC.h"
  13:..\..\..\..\..\kgSensor\Scale.cydsn/ADC.c **** #include "project.h"
  14:..\..\..\..\..\kgSensor\Scale.cydsn/ADC.c **** #include <stdio.h>
  15:..\..\..\..\..\kgSensor\Scale.cydsn/ADC.c **** 
  16:..\..\..\..\..\kgSensor\Scale.cydsn/ADC.c **** void ADC_init()
  17:..\..\..\..\..\kgSensor\Scale.cydsn/ADC.c **** {
  28              		.loc 1 17 0
  29              		.cfi_startproc
  30              		@ args = 0, pretend = 0, frame = 0
  31              		@ frame_needed = 0, uses_anonymous_args = 0
  32 0000 08B5     		push	{r3, lr}
  33              		.cfi_def_cfa_offset 8
  34              		.cfi_offset 3, -8
  35              		.cfi_offset 14, -4
  18:..\..\..\..\..\kgSensor\Scale.cydsn/ADC.c ****     ADC_SAR_1_Start();
  36              		.loc 1 18 0
  37 0002 FFF7FEFF 		bl	ADC_SAR_1_Start
  38              	.LVL0:
  19:..\..\..\..\..\kgSensor\Scale.cydsn/ADC.c ****     ADC_SAR_1_StartConvert();
ARM GAS  C:\Users\Simon\AppData\Local\Temp\cc9ZQFwp.s 			page 2


  39              		.loc 1 19 0
  40 0006 FFF7FEFF 		bl	ADC_SAR_1_StartConvert
  41              	.LVL1:
  42 000a 08BD     		pop	{r3, pc}
  43              		.cfi_endproc
  44              	.LFE64:
  45              		.size	ADC_init, .-ADC_init
  46              		.global	__aeabi_i2d
  47              		.global	__aeabi_dmul
  48              		.global	__aeabi_dsub
  49              		.global	__aeabi_d2f
  50              		.global	__aeabi_fcmpgt
  51              		.section	.text.ADC_Measure,"ax",%progbits
  52              		.align	2
  53              		.global	ADC_Measure
  54              		.thumb
  55              		.thumb_func
  56              		.type	ADC_Measure, %function
  57              	ADC_Measure:
  58              	.LFB65:
  20:..\..\..\..\..\kgSensor\Scale.cydsn/ADC.c **** }
  21:..\..\..\..\..\kgSensor\Scale.cydsn/ADC.c **** 
  22:..\..\..\..\..\kgSensor\Scale.cydsn/ADC.c **** float ADC_Measure()
  23:..\..\..\..\..\kgSensor\Scale.cydsn/ADC.c **** {
  59              		.loc 1 23 0
  60              		.cfi_startproc
  61              		@ args = 0, pretend = 0, frame = 0
  62              		@ frame_needed = 0, uses_anonymous_args = 0
  63 0000 08B5     		push	{r3, lr}
  64              		.cfi_def_cfa_offset 8
  65              		.cfi_offset 3, -8
  66              		.cfi_offset 14, -4
  24:..\..\..\..\..\kgSensor\Scale.cydsn/ADC.c ****     char uartBuffer[256];
  25:..\..\..\..\..\kgSensor\Scale.cydsn/ADC.c ****     char uartBuffer2[256];
  26:..\..\..\..\..\kgSensor\Scale.cydsn/ADC.c ****     
  27:..\..\..\..\..\kgSensor\Scale.cydsn/ADC.c ****     
  28:..\..\..\..\..\kgSensor\Scale.cydsn/ADC.c ****     if (ADC_SAR_1_IsEndConversion(ADC_SAR_1_WAIT_FOR_RESULT))
  67              		.loc 1 28 0
  68 0002 0020     		movs	r0, #0
  69 0004 FFF7FEFF 		bl	ADC_SAR_1_IsEndConversion
  70              	.LVL2:
  71 0008 C0B1     		cbz	r0, .L6
  72              	.LBB2:
  29:..\..\..\..\..\kgSensor\Scale.cydsn/ADC.c ****         {
  30:..\..\..\..\..\kgSensor\Scale.cydsn/ADC.c ****             uint16_t result = ADC_SAR_1_GetResult16();
  73              		.loc 1 30 0
  74 000a FFF7FEFF 		bl	ADC_SAR_1_GetResult16
  75              	.LVL3:
  31:..\..\..\..\..\kgSensor\Scale.cydsn/ADC.c **** //            snprintf(uartBuffer, sizeof(uartBuffer), "ADC result: 0x%x \r\n", result);
  32:..\..\..\..\..\kgSensor\Scale.cydsn/ADC.c **** //            UART_1_PutString(uartBuffer);
  33:..\..\..\..\..\kgSensor\Scale.cydsn/ADC.c ****             
  34:..\..\..\..\..\kgSensor\Scale.cydsn/ADC.c ****             float kg = 0.0005 * result - 0.0553;
  76              		.loc 1 34 0
  77 000e 80B2     		uxth	r0, r0
  78 0010 FFF7FEFF 		bl	__aeabi_i2d
  79              	.LVL4:
  80 0014 0CA3     		adr	r3, .L11
ARM GAS  C:\Users\Simon\AppData\Local\Temp\cc9ZQFwp.s 			page 3


  81 0016 D3E90023 		ldrd	r2, [r3]
  82 001a FFF7FEFF 		bl	__aeabi_dmul
  83              	.LVL5:
  84 001e 0CA3     		adr	r3, .L11+8
  85 0020 D3E90023 		ldrd	r2, [r3]
  86 0024 FFF7FEFF 		bl	__aeabi_dsub
  87              	.LVL6:
  88 0028 FFF7FEFF 		bl	__aeabi_d2f
  89              	.LVL7:
  35:..\..\..\..\..\kgSensor\Scale.cydsn/ADC.c **** //            snprintf(uartBuffer2, sizeof(uartBuffer2), "Kg result: %f \r\n", kg);
  36:..\..\..\..\..\kgSensor\Scale.cydsn/ADC.c **** //            UART_1_PutString(uartBuffer2); 
  37:..\..\..\..\..\kgSensor\Scale.cydsn/ADC.c ****             
  38:..\..\..\..\..\kgSensor\Scale.cydsn/ADC.c ****             if(kg > 0.5)
  90              		.loc 1 38 0
  91 002c 4FF07C51 		mov	r1, #1056964608
  92 0030 FFF7FEFF 		bl	__aeabi_fcmpgt
  93              	.LVL8:
  94 0034 20B1     		cbz	r0, .L9
  39:..\..\..\..\..\kgSensor\Scale.cydsn/ADC.c ****             {
  40:..\..\..\..\..\kgSensor\Scale.cydsn/ADC.c ****                 return 1;
  95              		.loc 1 40 0
  96 0036 4FF07E50 		mov	r0, #1065353216
  97 003a 08BD     		pop	{r3, pc}
  98              	.L6:
  99              	.LBE2:
  41:..\..\..\..\..\kgSensor\Scale.cydsn/ADC.c ****             }
  42:..\..\..\..\..\kgSensor\Scale.cydsn/ADC.c ****             else
  43:..\..\..\..\..\kgSensor\Scale.cydsn/ADC.c ****             {
  44:..\..\..\..\..\kgSensor\Scale.cydsn/ADC.c ****                 return 0;
  45:..\..\..\..\..\kgSensor\Scale.cydsn/ADC.c ****             }
  46:..\..\..\..\..\kgSensor\Scale.cydsn/ADC.c ****         }   
  47:..\..\..\..\..\kgSensor\Scale.cydsn/ADC.c ****     return 0;
 100              		.loc 1 47 0
 101 003c 0020     		movs	r0, #0
 102 003e 08BD     		pop	{r3, pc}
 103              	.L9:
 104              	.LBB3:
  44:..\..\..\..\..\kgSensor\Scale.cydsn/ADC.c ****             }
 105              		.loc 1 44 0
 106 0040 0020     		movs	r0, #0
 107              	.LBE3:
  48:..\..\..\..\..\kgSensor\Scale.cydsn/ADC.c **** }
 108              		.loc 1 48 0
 109 0042 08BD     		pop	{r3, pc}
 110              	.L12:
 111 0044 AFF30080 		.align	3
 112              	.L11:
 113 0048 FCA9F1D2 		.word	-755914244
 114 004c 4D62403F 		.word	1061184077
 115 0050 8E06F016 		.word	384829070
 116 0054 4850AC3F 		.word	1068257352
 117              		.cfi_endproc
 118              	.LFE65:
 119              		.size	ADC_Measure, .-ADC_Measure
 120              		.text
 121              	.Letext0:
 122              		.file 2 "c:\\program files (x86)\\cypress\\psoc creator\\4.3\\psoc creator\\import\\gnu\\arm\\5.4.
ARM GAS  C:\Users\Simon\AppData\Local\Temp\cc9ZQFwp.s 			page 4


 123              		.file 3 "c:\\program files (x86)\\cypress\\psoc creator\\4.3\\psoc creator\\import\\gnu\\arm\\5.4.
 124              		.file 4 "Generated_Source\\PSoC5/ADC_SAR_1.h"
 125              		.file 5 "Generated_Source\\PSoC5/core_cm3.h"
 126              		.section	.debug_info,"",%progbits
 127              	.Ldebug_info0:
 128 0000 9B010000 		.4byte	0x19b
 129 0004 0400     		.2byte	0x4
 130 0006 00000000 		.4byte	.Ldebug_abbrev0
 131 000a 04       		.byte	0x4
 132 000b 01       		.uleb128 0x1
 133 000c 93000000 		.4byte	.LASF25
 134 0010 0C       		.byte	0xc
 135 0011 00000000 		.4byte	.LASF26
 136 0015 96010000 		.4byte	.LASF27
 137 0019 18000000 		.4byte	.Ldebug_ranges0+0x18
 138 001d 00000000 		.4byte	0
 139 0021 00000000 		.4byte	.Ldebug_line0
 140 0025 02       		.uleb128 0x2
 141 0026 01       		.byte	0x1
 142 0027 06       		.byte	0x6
 143 0028 52020000 		.4byte	.LASF0
 144 002c 02       		.uleb128 0x2
 145 002d 01       		.byte	0x1
 146 002e 08       		.byte	0x8
 147 002f 85000000 		.4byte	.LASF1
 148 0033 02       		.uleb128 0x2
 149 0034 02       		.byte	0x2
 150 0035 05       		.byte	0x5
 151 0036 1E020000 		.4byte	.LASF2
 152 003a 03       		.uleb128 0x3
 153 003b 57010000 		.4byte	.LASF4
 154 003f 02       		.byte	0x2
 155 0040 2B       		.byte	0x2b
 156 0041 45000000 		.4byte	0x45
 157 0045 02       		.uleb128 0x2
 158 0046 02       		.byte	0x2
 159 0047 07       		.byte	0x7
 160 0048 3F000000 		.4byte	.LASF3
 161 004c 03       		.uleb128 0x3
 162 004d 35000000 		.4byte	.LASF5
 163 0051 02       		.byte	0x2
 164 0052 3F       		.byte	0x3f
 165 0053 57000000 		.4byte	0x57
 166 0057 02       		.uleb128 0x2
 167 0058 04       		.byte	0x4
 168 0059 05       		.byte	0x5
 169 005a 31020000 		.4byte	.LASF6
 170 005e 02       		.uleb128 0x2
 171 005f 04       		.byte	0x4
 172 0060 07       		.byte	0x7
 173 0061 21010000 		.4byte	.LASF7
 174 0065 02       		.uleb128 0x2
 175 0066 08       		.byte	0x8
 176 0067 05       		.byte	0x5
 177 0068 0B020000 		.4byte	.LASF8
 178 006c 02       		.uleb128 0x2
 179 006d 08       		.byte	0x8
ARM GAS  C:\Users\Simon\AppData\Local\Temp\cc9ZQFwp.s 			page 5


 180 006e 07       		.byte	0x7
 181 006f 78010000 		.4byte	.LASF9
 182 0073 04       		.uleb128 0x4
 183 0074 04       		.byte	0x4
 184 0075 05       		.byte	0x5
 185 0076 696E7400 		.ascii	"int\000"
 186 007a 02       		.uleb128 0x2
 187 007b 04       		.byte	0x4
 188 007c 07       		.byte	0x7
 189 007d 6B010000 		.4byte	.LASF10
 190 0081 03       		.uleb128 0x3
 191 0082 28020000 		.4byte	.LASF11
 192 0086 03       		.byte	0x3
 193 0087 24       		.byte	0x24
 194 0088 3A000000 		.4byte	0x3a
 195 008c 03       		.uleb128 0x3
 196 008d E4010000 		.4byte	.LASF12
 197 0091 03       		.byte	0x3
 198 0092 2C       		.byte	0x2c
 199 0093 4C000000 		.4byte	0x4c
 200 0097 02       		.uleb128 0x2
 201 0098 04       		.byte	0x4
 202 0099 04       		.byte	0x4
 203 009a 65000000 		.4byte	.LASF13
 204 009e 02       		.uleb128 0x2
 205 009f 08       		.byte	0x8
 206 00a0 04       		.byte	0x4
 207 00a1 5E000000 		.4byte	.LASF14
 208 00a5 02       		.uleb128 0x2
 209 00a6 01       		.byte	0x1
 210 00a7 08       		.byte	0x8
 211 00a8 19020000 		.4byte	.LASF15
 212 00ac 02       		.uleb128 0x2
 213 00ad 04       		.byte	0x4
 214 00ae 07       		.byte	0x7
 215 00af EC010000 		.4byte	.LASF16
 216 00b3 02       		.uleb128 0x2
 217 00b4 08       		.byte	0x8
 218 00b5 04       		.byte	0x4
 219 00b6 46020000 		.4byte	.LASF17
 220 00ba 05       		.uleb128 0x5
 221 00bb 62010000 		.4byte	.LASF28
 222 00bf 01       		.byte	0x1
 223 00c0 10       		.byte	0x10
 224 00c1 00000000 		.4byte	.LFB64
 225 00c5 0C000000 		.4byte	.LFE64-.LFB64
 226 00c9 01       		.uleb128 0x1
 227 00ca 9C       		.byte	0x9c
 228 00cb E2000000 		.4byte	0xe2
 229 00cf 06       		.uleb128 0x6
 230 00d0 06000000 		.4byte	.LVL0
 231 00d4 72010000 		.4byte	0x172
 232 00d8 06       		.uleb128 0x6
 233 00d9 0A000000 		.4byte	.LVL1
 234 00dd 7D010000 		.4byte	0x17d
 235 00e1 00       		.byte	0
 236 00e2 07       		.uleb128 0x7
ARM GAS  C:\Users\Simon\AppData\Local\Temp\cc9ZQFwp.s 			page 6


 237 00e3 52000000 		.4byte	.LASF29
 238 00e7 01       		.byte	0x1
 239 00e8 16       		.byte	0x16
 240 00e9 97000000 		.4byte	0x97
 241 00ed 00000000 		.4byte	.LFB65
 242 00f1 58000000 		.4byte	.LFE65-.LFB65
 243 00f5 01       		.uleb128 0x1
 244 00f6 9C       		.byte	0x9c
 245 00f7 51010000 		.4byte	0x151
 246 00fb 08       		.uleb128 0x8
 247 00fc 2A000000 		.4byte	.LASF18
 248 0100 01       		.byte	0x1
 249 0101 18       		.byte	0x18
 250 0102 51010000 		.4byte	0x151
 251 0106 08       		.uleb128 0x8
 252 0107 3A020000 		.4byte	.LASF19
 253 010b 01       		.byte	0x1
 254 010c 19       		.byte	0x19
 255 010d 51010000 		.4byte	0x151
 256 0111 09       		.uleb128 0x9
 257 0112 00000000 		.4byte	.Ldebug_ranges0+0
 258 0116 41010000 		.4byte	0x141
 259 011a 0A       		.uleb128 0xa
 260 011b 8F010000 		.4byte	.LASF20
 261 011f 01       		.byte	0x1
 262 0120 1E       		.byte	0x1e
 263 0121 81000000 		.4byte	0x81
 264 0125 00000000 		.4byte	.LLST0
 265 0129 0B       		.uleb128 0xb
 266 012a 6B6700   		.ascii	"kg\000"
 267 012d 01       		.byte	0x1
 268 012e 22       		.byte	0x22
 269 012f 97000000 		.4byte	0x97
 270 0133 13000000 		.4byte	.LLST1
 271 0137 06       		.uleb128 0x6
 272 0138 0E000000 		.4byte	.LVL3
 273 013c 88010000 		.4byte	0x188
 274 0140 00       		.byte	0
 275 0141 0C       		.uleb128 0xc
 276 0142 08000000 		.4byte	.LVL2
 277 0146 93010000 		.4byte	0x193
 278 014a 0D       		.uleb128 0xd
 279 014b 01       		.uleb128 0x1
 280 014c 50       		.byte	0x50
 281 014d 01       		.uleb128 0x1
 282 014e 30       		.byte	0x30
 283 014f 00       		.byte	0
 284 0150 00       		.byte	0
 285 0151 0E       		.uleb128 0xe
 286 0152 A5000000 		.4byte	0xa5
 287 0156 61010000 		.4byte	0x161
 288 015a 0F       		.uleb128 0xf
 289 015b AC000000 		.4byte	0xac
 290 015f FF       		.byte	0xff
 291 0160 00       		.byte	0
 292 0161 10       		.uleb128 0x10
 293 0162 4A010000 		.4byte	.LASF30
ARM GAS  C:\Users\Simon\AppData\Local\Temp\cc9ZQFwp.s 			page 7


 294 0166 05       		.byte	0x5
 295 0167 1207     		.2byte	0x712
 296 0169 6D010000 		.4byte	0x16d
 297 016d 11       		.uleb128 0x11
 298 016e 8C000000 		.4byte	0x8c
 299 0172 12       		.uleb128 0x12
 300 0173 5E020000 		.4byte	.LASF21
 301 0177 5E020000 		.4byte	.LASF21
 302 017b 04       		.byte	0x4
 303 017c 34       		.byte	0x34
 304 017d 12       		.uleb128 0x12
 305 017e 33010000 		.4byte	.LASF22
 306 0182 33010000 		.4byte	.LASF22
 307 0186 04       		.byte	0x4
 308 0187 D1       		.byte	0xd1
 309 0188 12       		.uleb128 0x12
 310 0189 F5010000 		.4byte	.LASF23
 311 018d F5010000 		.4byte	.LASF23
 312 0191 04       		.byte	0x4
 313 0192 3B       		.byte	0x3b
 314 0193 12       		.uleb128 0x12
 315 0194 6B000000 		.4byte	.LASF24
 316 0198 6B000000 		.4byte	.LASF24
 317 019c 04       		.byte	0x4
 318 019d 39       		.byte	0x39
 319 019e 00       		.byte	0
 320              		.section	.debug_abbrev,"",%progbits
 321              	.Ldebug_abbrev0:
 322 0000 01       		.uleb128 0x1
 323 0001 11       		.uleb128 0x11
 324 0002 01       		.byte	0x1
 325 0003 25       		.uleb128 0x25
 326 0004 0E       		.uleb128 0xe
 327 0005 13       		.uleb128 0x13
 328 0006 0B       		.uleb128 0xb
 329 0007 03       		.uleb128 0x3
 330 0008 0E       		.uleb128 0xe
 331 0009 1B       		.uleb128 0x1b
 332 000a 0E       		.uleb128 0xe
 333 000b 55       		.uleb128 0x55
 334 000c 17       		.uleb128 0x17
 335 000d 11       		.uleb128 0x11
 336 000e 01       		.uleb128 0x1
 337 000f 10       		.uleb128 0x10
 338 0010 17       		.uleb128 0x17
 339 0011 00       		.byte	0
 340 0012 00       		.byte	0
 341 0013 02       		.uleb128 0x2
 342 0014 24       		.uleb128 0x24
 343 0015 00       		.byte	0
 344 0016 0B       		.uleb128 0xb
 345 0017 0B       		.uleb128 0xb
 346 0018 3E       		.uleb128 0x3e
 347 0019 0B       		.uleb128 0xb
 348 001a 03       		.uleb128 0x3
 349 001b 0E       		.uleb128 0xe
 350 001c 00       		.byte	0
ARM GAS  C:\Users\Simon\AppData\Local\Temp\cc9ZQFwp.s 			page 8


 351 001d 00       		.byte	0
 352 001e 03       		.uleb128 0x3
 353 001f 16       		.uleb128 0x16
 354 0020 00       		.byte	0
 355 0021 03       		.uleb128 0x3
 356 0022 0E       		.uleb128 0xe
 357 0023 3A       		.uleb128 0x3a
 358 0024 0B       		.uleb128 0xb
 359 0025 3B       		.uleb128 0x3b
 360 0026 0B       		.uleb128 0xb
 361 0027 49       		.uleb128 0x49
 362 0028 13       		.uleb128 0x13
 363 0029 00       		.byte	0
 364 002a 00       		.byte	0
 365 002b 04       		.uleb128 0x4
 366 002c 24       		.uleb128 0x24
 367 002d 00       		.byte	0
 368 002e 0B       		.uleb128 0xb
 369 002f 0B       		.uleb128 0xb
 370 0030 3E       		.uleb128 0x3e
 371 0031 0B       		.uleb128 0xb
 372 0032 03       		.uleb128 0x3
 373 0033 08       		.uleb128 0x8
 374 0034 00       		.byte	0
 375 0035 00       		.byte	0
 376 0036 05       		.uleb128 0x5
 377 0037 2E       		.uleb128 0x2e
 378 0038 01       		.byte	0x1
 379 0039 3F       		.uleb128 0x3f
 380 003a 19       		.uleb128 0x19
 381 003b 03       		.uleb128 0x3
 382 003c 0E       		.uleb128 0xe
 383 003d 3A       		.uleb128 0x3a
 384 003e 0B       		.uleb128 0xb
 385 003f 3B       		.uleb128 0x3b
 386 0040 0B       		.uleb128 0xb
 387 0041 11       		.uleb128 0x11
 388 0042 01       		.uleb128 0x1
 389 0043 12       		.uleb128 0x12
 390 0044 06       		.uleb128 0x6
 391 0045 40       		.uleb128 0x40
 392 0046 18       		.uleb128 0x18
 393 0047 9742     		.uleb128 0x2117
 394 0049 19       		.uleb128 0x19
 395 004a 01       		.uleb128 0x1
 396 004b 13       		.uleb128 0x13
 397 004c 00       		.byte	0
 398 004d 00       		.byte	0
 399 004e 06       		.uleb128 0x6
 400 004f 898201   		.uleb128 0x4109
 401 0052 00       		.byte	0
 402 0053 11       		.uleb128 0x11
 403 0054 01       		.uleb128 0x1
 404 0055 31       		.uleb128 0x31
 405 0056 13       		.uleb128 0x13
 406 0057 00       		.byte	0
 407 0058 00       		.byte	0
ARM GAS  C:\Users\Simon\AppData\Local\Temp\cc9ZQFwp.s 			page 9


 408 0059 07       		.uleb128 0x7
 409 005a 2E       		.uleb128 0x2e
 410 005b 01       		.byte	0x1
 411 005c 3F       		.uleb128 0x3f
 412 005d 19       		.uleb128 0x19
 413 005e 03       		.uleb128 0x3
 414 005f 0E       		.uleb128 0xe
 415 0060 3A       		.uleb128 0x3a
 416 0061 0B       		.uleb128 0xb
 417 0062 3B       		.uleb128 0x3b
 418 0063 0B       		.uleb128 0xb
 419 0064 49       		.uleb128 0x49
 420 0065 13       		.uleb128 0x13
 421 0066 11       		.uleb128 0x11
 422 0067 01       		.uleb128 0x1
 423 0068 12       		.uleb128 0x12
 424 0069 06       		.uleb128 0x6
 425 006a 40       		.uleb128 0x40
 426 006b 18       		.uleb128 0x18
 427 006c 9642     		.uleb128 0x2116
 428 006e 19       		.uleb128 0x19
 429 006f 01       		.uleb128 0x1
 430 0070 13       		.uleb128 0x13
 431 0071 00       		.byte	0
 432 0072 00       		.byte	0
 433 0073 08       		.uleb128 0x8
 434 0074 34       		.uleb128 0x34
 435 0075 00       		.byte	0
 436 0076 03       		.uleb128 0x3
 437 0077 0E       		.uleb128 0xe
 438 0078 3A       		.uleb128 0x3a
 439 0079 0B       		.uleb128 0xb
 440 007a 3B       		.uleb128 0x3b
 441 007b 0B       		.uleb128 0xb
 442 007c 49       		.uleb128 0x49
 443 007d 13       		.uleb128 0x13
 444 007e 00       		.byte	0
 445 007f 00       		.byte	0
 446 0080 09       		.uleb128 0x9
 447 0081 0B       		.uleb128 0xb
 448 0082 01       		.byte	0x1
 449 0083 55       		.uleb128 0x55
 450 0084 17       		.uleb128 0x17
 451 0085 01       		.uleb128 0x1
 452 0086 13       		.uleb128 0x13
 453 0087 00       		.byte	0
 454 0088 00       		.byte	0
 455 0089 0A       		.uleb128 0xa
 456 008a 34       		.uleb128 0x34
 457 008b 00       		.byte	0
 458 008c 03       		.uleb128 0x3
 459 008d 0E       		.uleb128 0xe
 460 008e 3A       		.uleb128 0x3a
 461 008f 0B       		.uleb128 0xb
 462 0090 3B       		.uleb128 0x3b
 463 0091 0B       		.uleb128 0xb
 464 0092 49       		.uleb128 0x49
ARM GAS  C:\Users\Simon\AppData\Local\Temp\cc9ZQFwp.s 			page 10


 465 0093 13       		.uleb128 0x13
 466 0094 02       		.uleb128 0x2
 467 0095 17       		.uleb128 0x17
 468 0096 00       		.byte	0
 469 0097 00       		.byte	0
 470 0098 0B       		.uleb128 0xb
 471 0099 34       		.uleb128 0x34
 472 009a 00       		.byte	0
 473 009b 03       		.uleb128 0x3
 474 009c 08       		.uleb128 0x8
 475 009d 3A       		.uleb128 0x3a
 476 009e 0B       		.uleb128 0xb
 477 009f 3B       		.uleb128 0x3b
 478 00a0 0B       		.uleb128 0xb
 479 00a1 49       		.uleb128 0x49
 480 00a2 13       		.uleb128 0x13
 481 00a3 02       		.uleb128 0x2
 482 00a4 17       		.uleb128 0x17
 483 00a5 00       		.byte	0
 484 00a6 00       		.byte	0
 485 00a7 0C       		.uleb128 0xc
 486 00a8 898201   		.uleb128 0x4109
 487 00ab 01       		.byte	0x1
 488 00ac 11       		.uleb128 0x11
 489 00ad 01       		.uleb128 0x1
 490 00ae 31       		.uleb128 0x31
 491 00af 13       		.uleb128 0x13
 492 00b0 00       		.byte	0
 493 00b1 00       		.byte	0
 494 00b2 0D       		.uleb128 0xd
 495 00b3 8A8201   		.uleb128 0x410a
 496 00b6 00       		.byte	0
 497 00b7 02       		.uleb128 0x2
 498 00b8 18       		.uleb128 0x18
 499 00b9 9142     		.uleb128 0x2111
 500 00bb 18       		.uleb128 0x18
 501 00bc 00       		.byte	0
 502 00bd 00       		.byte	0
 503 00be 0E       		.uleb128 0xe
 504 00bf 01       		.uleb128 0x1
 505 00c0 01       		.byte	0x1
 506 00c1 49       		.uleb128 0x49
 507 00c2 13       		.uleb128 0x13
 508 00c3 01       		.uleb128 0x1
 509 00c4 13       		.uleb128 0x13
 510 00c5 00       		.byte	0
 511 00c6 00       		.byte	0
 512 00c7 0F       		.uleb128 0xf
 513 00c8 21       		.uleb128 0x21
 514 00c9 00       		.byte	0
 515 00ca 49       		.uleb128 0x49
 516 00cb 13       		.uleb128 0x13
 517 00cc 2F       		.uleb128 0x2f
 518 00cd 0B       		.uleb128 0xb
 519 00ce 00       		.byte	0
 520 00cf 00       		.byte	0
 521 00d0 10       		.uleb128 0x10
ARM GAS  C:\Users\Simon\AppData\Local\Temp\cc9ZQFwp.s 			page 11


 522 00d1 34       		.uleb128 0x34
 523 00d2 00       		.byte	0
 524 00d3 03       		.uleb128 0x3
 525 00d4 0E       		.uleb128 0xe
 526 00d5 3A       		.uleb128 0x3a
 527 00d6 0B       		.uleb128 0xb
 528 00d7 3B       		.uleb128 0x3b
 529 00d8 05       		.uleb128 0x5
 530 00d9 49       		.uleb128 0x49
 531 00da 13       		.uleb128 0x13
 532 00db 3F       		.uleb128 0x3f
 533 00dc 19       		.uleb128 0x19
 534 00dd 3C       		.uleb128 0x3c
 535 00de 19       		.uleb128 0x19
 536 00df 00       		.byte	0
 537 00e0 00       		.byte	0
 538 00e1 11       		.uleb128 0x11
 539 00e2 35       		.uleb128 0x35
 540 00e3 00       		.byte	0
 541 00e4 49       		.uleb128 0x49
 542 00e5 13       		.uleb128 0x13
 543 00e6 00       		.byte	0
 544 00e7 00       		.byte	0
 545 00e8 12       		.uleb128 0x12
 546 00e9 2E       		.uleb128 0x2e
 547 00ea 00       		.byte	0
 548 00eb 3F       		.uleb128 0x3f
 549 00ec 19       		.uleb128 0x19
 550 00ed 3C       		.uleb128 0x3c
 551 00ee 19       		.uleb128 0x19
 552 00ef 6E       		.uleb128 0x6e
 553 00f0 0E       		.uleb128 0xe
 554 00f1 03       		.uleb128 0x3
 555 00f2 0E       		.uleb128 0xe
 556 00f3 3A       		.uleb128 0x3a
 557 00f4 0B       		.uleb128 0xb
 558 00f5 3B       		.uleb128 0x3b
 559 00f6 0B       		.uleb128 0xb
 560 00f7 00       		.byte	0
 561 00f8 00       		.byte	0
 562 00f9 00       		.byte	0
 563              		.section	.debug_loc,"",%progbits
 564              	.Ldebug_loc0:
 565              	.LLST0:
 566 0000 0E000000 		.4byte	.LVL3
 567 0004 13000000 		.4byte	.LVL4-1
 568 0008 0100     		.2byte	0x1
 569 000a 50       		.byte	0x50
 570 000b 00000000 		.4byte	0
 571 000f 00000000 		.4byte	0
 572              	.LLST1:
 573 0013 2C000000 		.4byte	.LVL7
 574 0017 33000000 		.4byte	.LVL8-1
 575 001b 0100     		.2byte	0x1
 576 001d 50       		.byte	0x50
 577 001e 00000000 		.4byte	0
 578 0022 00000000 		.4byte	0
ARM GAS  C:\Users\Simon\AppData\Local\Temp\cc9ZQFwp.s 			page 12


 579              		.section	.debug_aranges,"",%progbits
 580 0000 24000000 		.4byte	0x24
 581 0004 0200     		.2byte	0x2
 582 0006 00000000 		.4byte	.Ldebug_info0
 583 000a 04       		.byte	0x4
 584 000b 00       		.byte	0
 585 000c 0000     		.2byte	0
 586 000e 0000     		.2byte	0
 587 0010 00000000 		.4byte	.LFB64
 588 0014 0C000000 		.4byte	.LFE64-.LFB64
 589 0018 00000000 		.4byte	.LFB65
 590 001c 58000000 		.4byte	.LFE65-.LFB65
 591 0020 00000000 		.4byte	0
 592 0024 00000000 		.4byte	0
 593              		.section	.debug_ranges,"",%progbits
 594              	.Ldebug_ranges0:
 595 0000 0A000000 		.4byte	.LBB2
 596 0004 3C000000 		.4byte	.LBE2
 597 0008 40000000 		.4byte	.LBB3
 598 000c 42000000 		.4byte	.LBE3
 599 0010 00000000 		.4byte	0
 600 0014 00000000 		.4byte	0
 601 0018 00000000 		.4byte	.LFB64
 602 001c 0C000000 		.4byte	.LFE64
 603 0020 00000000 		.4byte	.LFB65
 604 0024 58000000 		.4byte	.LFE65
 605 0028 00000000 		.4byte	0
 606 002c 00000000 		.4byte	0
 607              		.section	.debug_line,"",%progbits
 608              	.Ldebug_line0:
 609 0000 9F010000 		.section	.debug_str,"MS",%progbits,1
 609      02007101 
 609      00000201 
 609      FB0E0D00 
 609      01010101 
 610              	.LASF26:
 611 0000 2E2E5C2E 		.ascii	"..\\..\\..\\..\\..\\kgSensor\\Scale.cydsn\\ADC.c\000"
 611      2E5C2E2E 
 611      5C2E2E5C 
 611      2E2E5C6B 
 611      6753656E 
 612              	.LASF18:
 613 002a 75617274 		.ascii	"uartBuffer\000"
 613      42756666 
 613      657200
 614              	.LASF5:
 615 0035 5F5F696E 		.ascii	"__int32_t\000"
 615      7433325F 
 615      7400
 616              	.LASF3:
 617 003f 73686F72 		.ascii	"short unsigned int\000"
 617      7420756E 
 617      7369676E 
 617      65642069 
 617      6E7400
 618              	.LASF29:
 619 0052 4144435F 		.ascii	"ADC_Measure\000"
ARM GAS  C:\Users\Simon\AppData\Local\Temp\cc9ZQFwp.s 			page 13


 619      4D656173 
 619      75726500 
 620              	.LASF14:
 621 005e 646F7562 		.ascii	"double\000"
 621      6C6500
 622              	.LASF13:
 623 0065 666C6F61 		.ascii	"float\000"
 623      7400
 624              	.LASF24:
 625 006b 4144435F 		.ascii	"ADC_SAR_1_IsEndConversion\000"
 625      5341525F 
 625      315F4973 
 625      456E6443 
 625      6F6E7665 
 626              	.LASF1:
 627 0085 756E7369 		.ascii	"unsigned char\000"
 627      676E6564 
 627      20636861 
 627      7200
 628              	.LASF25:
 629 0093 474E5520 		.ascii	"GNU C11 5.4.1 20160609 (release) [ARM/embedded-5-br"
 629      43313120 
 629      352E342E 
 629      31203230 
 629      31363036 
 630 00c6 616E6368 		.ascii	"anch revision 237715] -mcpu=cortex-m3 -mthumb -g -O"
 630      20726576 
 630      6973696F 
 630      6E203233 
 630      37373135 
 631 00f9 67202D66 		.ascii	"g -ffunction-sections -ffat-lto-objects\000"
 631      66756E63 
 631      74696F6E 
 631      2D736563 
 631      74696F6E 
 632              	.LASF7:
 633 0121 6C6F6E67 		.ascii	"long unsigned int\000"
 633      20756E73 
 633      69676E65 
 633      6420696E 
 633      7400
 634              	.LASF22:
 635 0133 4144435F 		.ascii	"ADC_SAR_1_StartConvert\000"
 635      5341525F 
 635      315F5374 
 635      61727443 
 635      6F6E7665 
 636              	.LASF30:
 637 014a 49544D5F 		.ascii	"ITM_RxBuffer\000"
 637      52784275 
 637      66666572 
 637      00
 638              	.LASF4:
 639 0157 5F5F7569 		.ascii	"__uint16_t\000"
 639      6E743136 
 639      5F7400
 640              	.LASF28:
ARM GAS  C:\Users\Simon\AppData\Local\Temp\cc9ZQFwp.s 			page 14


 641 0162 4144435F 		.ascii	"ADC_init\000"
 641      696E6974 
 641      00
 642              	.LASF10:
 643 016b 756E7369 		.ascii	"unsigned int\000"
 643      676E6564 
 643      20696E74 
 643      00
 644              	.LASF9:
 645 0178 6C6F6E67 		.ascii	"long long unsigned int\000"
 645      206C6F6E 
 645      6720756E 
 645      7369676E 
 645      65642069 
 646              	.LASF20:
 647 018f 72657375 		.ascii	"result\000"
 647      6C7400
 648              	.LASF27:
 649 0196 433A5C55 		.ascii	"C:\\Users\\Simon\\Desktop\\Projekt3-2020\\Kode\\Sca"
 649      73657273 
 649      5C53696D 
 649      6F6E5C44 
 649      65736B74 
 650 01c3 6C655C50 		.ascii	"le\\Projekt3Scale\\PRJ3Scale.cydsn\000"
 650      726F6A65 
 650      6B743353 
 650      63616C65 
 650      5C50524A 
 651              	.LASF12:
 652 01e4 696E7433 		.ascii	"int32_t\000"
 652      325F7400 
 653              	.LASF16:
 654 01ec 73697A65 		.ascii	"sizetype\000"
 654      74797065 
 654      00
 655              	.LASF23:
 656 01f5 4144435F 		.ascii	"ADC_SAR_1_GetResult16\000"
 656      5341525F 
 656      315F4765 
 656      74526573 
 656      756C7431 
 657              	.LASF8:
 658 020b 6C6F6E67 		.ascii	"long long int\000"
 658      206C6F6E 
 658      6720696E 
 658      7400
 659              	.LASF15:
 660 0219 63686172 		.ascii	"char\000"
 660      00
 661              	.LASF2:
 662 021e 73686F72 		.ascii	"short int\000"
 662      7420696E 
 662      7400
 663              	.LASF11:
 664 0228 75696E74 		.ascii	"uint16_t\000"
 664      31365F74 
 664      00
ARM GAS  C:\Users\Simon\AppData\Local\Temp\cc9ZQFwp.s 			page 15


 665              	.LASF6:
 666 0231 6C6F6E67 		.ascii	"long int\000"
 666      20696E74 
 666      00
 667              	.LASF19:
 668 023a 75617274 		.ascii	"uartBuffer2\000"
 668      42756666 
 668      65723200 
 669              	.LASF17:
 670 0246 6C6F6E67 		.ascii	"long double\000"
 670      20646F75 
 670      626C6500 
 671              	.LASF0:
 672 0252 7369676E 		.ascii	"signed char\000"
 672      65642063 
 672      68617200 
 673              	.LASF21:
 674 025e 4144435F 		.ascii	"ADC_SAR_1_Start\000"
 674      5341525F 
 674      315F5374 
 674      61727400 
 675              		.ident	"GCC: (GNU Tools for ARM Embedded Processors) 5.4.1 20160609 (release) [ARM/embedded-5-bran
