ARM GAS  C:\Users\Simon\AppData\Local\Temp\ccRid4hb.s 			page 1


   1              		.syntax unified
   2              		.cpu cortex-m3
   3              		.fpu softvfp
   4              		.eabi_attribute 20, 1
   5              		.eabi_attribute 21, 1
   6              		.eabi_attribute 23, 3
   7              		.eabi_attribute 24, 1
   8              		.eabi_attribute 25, 1
   9              		.eabi_attribute 26, 1
  10              		.eabi_attribute 30, 1
  11              		.eabi_attribute 34, 1
  12              		.eabi_attribute 18, 4
  13              		.thumb
  14              		.syntax unified
  15              		.file	"ADC2.c"
  16              		.text
  17              	.Ltext0:
  18              		.cfi_sections	.debug_frame
  19              		.section	.text.ADC_init,"ax",%progbits
  20              		.align	2
  21              		.global	ADC_init
  22              		.thumb
  23              		.thumb_func
  24              		.type	ADC_init, %function
  25              	ADC_init:
  26              	.LFB64:
  27              		.file 1 "ADC2.c"
   1:ADC2.c        **** #include "ADC2.h"
   2:ADC2.c        **** #include "project.h"
   3:ADC2.c        **** #include <stdio.h>
   4:ADC2.c        **** 
   5:ADC2.c        **** void ADC_init()
   6:ADC2.c        **** {
  28              		.loc 1 6 0
  29              		.cfi_startproc
  30              		@ args = 0, pretend = 0, frame = 0
  31              		@ frame_needed = 0, uses_anonymous_args = 0
  32 0000 08B5     		push	{r3, lr}
  33              		.cfi_def_cfa_offset 8
  34              		.cfi_offset 3, -8
  35              		.cfi_offset 14, -4
   7:ADC2.c        ****     ADC_SAR_1_Start();
  36              		.loc 1 7 0
  37 0002 FFF7FEFF 		bl	ADC_SAR_1_Start
  38              	.LVL0:
   8:ADC2.c        ****     ADC_SAR_1_StartConvert();
  39              		.loc 1 8 0
  40 0006 FFF7FEFF 		bl	ADC_SAR_1_StartConvert
  41              	.LVL1:
  42 000a 08BD     		pop	{r3, pc}
  43              		.cfi_endproc
  44              	.LFE64:
  45              		.size	ADC_init, .-ADC_init
  46              		.global	__aeabi_i2d
  47              		.global	__aeabi_dmul
  48              		.global	__aeabi_dsub
  49              		.global	__aeabi_d2f
ARM GAS  C:\Users\Simon\AppData\Local\Temp\ccRid4hb.s 			page 2


  50              		.section	.text.ADC_Measure,"ax",%progbits
  51              		.align	2
  52              		.global	ADC_Measure
  53              		.thumb
  54              		.thumb_func
  55              		.type	ADC_Measure, %function
  56              	ADC_Measure:
  57              	.LFB65:
   9:ADC2.c        **** }
  10:ADC2.c        **** 
  11:ADC2.c        **** float ADC_Measure()
  12:ADC2.c        **** {
  58              		.loc 1 12 0
  59              		.cfi_startproc
  60              		@ args = 0, pretend = 0, frame = 0
  61              		@ frame_needed = 0, uses_anonymous_args = 0
  62 0000 08B5     		push	{r3, lr}
  63              		.cfi_def_cfa_offset 8
  64              		.cfi_offset 3, -8
  65              		.cfi_offset 14, -4
  13:ADC2.c        **** //    char uartBuffer[256];
  14:ADC2.c        **** //    char uartBuffer2[256];  
  15:ADC2.c        ****     
  16:ADC2.c        ****     if (ADC_SAR_1_IsEndConversion(ADC_SAR_1_WAIT_FOR_RESULT))
  66              		.loc 1 16 0
  67 0002 0020     		movs	r0, #0
  68 0004 FFF7FEFF 		bl	ADC_SAR_1_IsEndConversion
  69              	.LVL2:
  70 0008 A0B1     		cbz	r0, .L5
  71              	.LBB2:
  17:ADC2.c        ****         {
  18:ADC2.c        ****             uint16_t result = ADC_SAR_1_GetResult16();
  72              		.loc 1 18 0
  73 000a FFF7FEFF 		bl	ADC_SAR_1_GetResult16
  74              	.LVL3:
  75 000e 80B2     		uxth	r0, r0
  76              	.LVL4:
  19:ADC2.c        ****             uint16_t offset = 0x128;
  20:ADC2.c        ****             result = result - offset;
  77              		.loc 1 20 0
  78 0010 A0F59470 		sub	r0, r0, #296
  79              	.LVL5:
  21:ADC2.c        ****             float kg = 0.0005 * result - 0.0553;
  80              		.loc 1 21 0
  81 0014 80B2     		uxth	r0, r0
  82 0016 FFF7FEFF 		bl	__aeabi_i2d
  83              	.LVL6:
  84 001a 07A3     		adr	r3, .L7
  85 001c D3E90023 		ldrd	r2, [r3]
  86 0020 FFF7FEFF 		bl	__aeabi_dmul
  87              	.LVL7:
  88 0024 06A3     		adr	r3, .L7+8
  89 0026 D3E90023 		ldrd	r2, [r3]
  90 002a FFF7FEFF 		bl	__aeabi_dsub
  91              	.LVL8:
  92 002e FFF7FEFF 		bl	__aeabi_d2f
  93              	.LVL9:
ARM GAS  C:\Users\Simon\AppData\Local\Temp\ccRid4hb.s 			page 3


  22:ADC2.c        ****             return kg;
  94              		.loc 1 22 0
  95 0032 08BD     		pop	{r3, pc}
  96              	.LVL10:
  97              	.L5:
  98              	.LBE2:
  23:ADC2.c        ****         }
  24:ADC2.c        ****     return 0;
  99              		.loc 1 24 0
 100 0034 0020     		movs	r0, #0
  25:ADC2.c        **** }...
 101              		.loc 1 25 0
 102 0036 08BD     		pop	{r3, pc}
 103              	.L8:
 104              		.align	3
 105              	.L7:
 106 0038 FCA9F1D2 		.word	-755914244
 107 003c 4D62403F 		.word	1061184077
 108 0040 8E06F016 		.word	384829070
 109 0044 4850AC3F 		.word	1068257352
 110              		.cfi_endproc
 111              	.LFE65:
 112              		.size	ADC_Measure, .-ADC_Measure
 113              		.text
 114              	.Letext0:
 115              		.file 2 "c:\\program files (x86)\\cypress\\psoc creator\\4.3\\psoc creator\\import\\gnu\\arm\\5.4.
 116              		.file 3 "c:\\program files (x86)\\cypress\\psoc creator\\4.3\\psoc creator\\import\\gnu\\arm\\5.4.
 117              		.file 4 "Generated_Source\\PSoC5/ADC_SAR_1.h"
 118              		.file 5 "Generated_Source\\PSoC5/core_cm3.h"
 119              		.section	.debug_info,"",%progbits
 120              	.Ldebug_info0:
 121 0000 88010000 		.4byte	0x188
 122 0004 0400     		.2byte	0x4
 123 0006 00000000 		.4byte	.Ldebug_abbrev0
 124 000a 04       		.byte	0x4
 125 000b 01       		.uleb128 0x1
 126 000c 5E000000 		.4byte	.LASF24
 127 0010 0C       		.byte	0xc
 128 0011 34020000 		.4byte	.LASF25
 129 0015 61010000 		.4byte	.LASF26
 130 0019 00000000 		.4byte	.Ldebug_ranges0+0
 131 001d 00000000 		.4byte	0
 132 0021 00000000 		.4byte	.Ldebug_line0
 133 0025 02       		.uleb128 0x2
 134 0026 01       		.byte	0x1
 135 0027 06       		.byte	0x6
 136 0028 18020000 		.4byte	.LASF0
 137 002c 02       		.uleb128 0x2
 138 002d 01       		.byte	0x1
 139 002e 08       		.byte	0x8
 140 002f 50000000 		.4byte	.LASF1
 141 0033 02       		.uleb128 0x2
 142 0034 02       		.byte	0x2
 143 0035 05       		.byte	0x5
 144 0036 F0010000 		.4byte	.LASF2
 145 003a 03       		.uleb128 0x3
 146 003b 22010000 		.4byte	.LASF4
ARM GAS  C:\Users\Simon\AppData\Local\Temp\ccRid4hb.s 			page 4


 147 003f 02       		.byte	0x2
 148 0040 2B       		.byte	0x2b
 149 0041 45000000 		.4byte	0x45
 150 0045 02       		.uleb128 0x2
 151 0046 02       		.byte	0x2
 152 0047 07       		.byte	0x7
 153 0048 0A000000 		.4byte	.LASF3
 154 004c 03       		.uleb128 0x3
 155 004d 00000000 		.4byte	.LASF5
 156 0051 02       		.byte	0x2
 157 0052 3F       		.byte	0x3f
 158 0053 57000000 		.4byte	0x57
 159 0057 02       		.uleb128 0x2
 160 0058 04       		.byte	0x4
 161 0059 05       		.byte	0x5
 162 005a 03020000 		.4byte	.LASF6
 163 005e 02       		.uleb128 0x2
 164 005f 04       		.byte	0x4
 165 0060 07       		.byte	0x7
 166 0061 EC000000 		.4byte	.LASF7
 167 0065 02       		.uleb128 0x2
 168 0066 08       		.byte	0x8
 169 0067 05       		.byte	0x5
 170 0068 D6010000 		.4byte	.LASF8
 171 006c 02       		.uleb128 0x2
 172 006d 08       		.byte	0x8
 173 006e 07       		.byte	0x7
 174 006f 43010000 		.4byte	.LASF9
 175 0073 04       		.uleb128 0x4
 176 0074 04       		.byte	0x4
 177 0075 05       		.byte	0x5
 178 0076 696E7400 		.ascii	"int\000"
 179 007a 02       		.uleb128 0x2
 180 007b 04       		.byte	0x4
 181 007c 07       		.byte	0x7
 182 007d 36010000 		.4byte	.LASF10
 183 0081 03       		.uleb128 0x3
 184 0082 FA010000 		.4byte	.LASF11
 185 0086 03       		.byte	0x3
 186 0087 24       		.byte	0x24
 187 0088 3A000000 		.4byte	0x3a
 188 008c 03       		.uleb128 0x3
 189 008d AF010000 		.4byte	.LASF12
 190 0091 03       		.byte	0x3
 191 0092 2C       		.byte	0x2c
 192 0093 4C000000 		.4byte	0x4c
 193 0097 02       		.uleb128 0x2
 194 0098 04       		.byte	0x4
 195 0099 04       		.byte	0x4
 196 009a 30000000 		.4byte	.LASF13
 197 009e 02       		.uleb128 0x2
 198 009f 08       		.byte	0x8
 199 00a0 04       		.byte	0x4
 200 00a1 29000000 		.4byte	.LASF14
 201 00a5 02       		.uleb128 0x2
 202 00a6 01       		.byte	0x1
 203 00a7 08       		.byte	0x8
ARM GAS  C:\Users\Simon\AppData\Local\Temp\ccRid4hb.s 			page 5


 204 00a8 E4010000 		.4byte	.LASF15
 205 00ac 02       		.uleb128 0x2
 206 00ad 04       		.byte	0x4
 207 00ae 07       		.byte	0x7
 208 00af B7010000 		.4byte	.LASF16
 209 00b3 02       		.uleb128 0x2
 210 00b4 08       		.byte	0x8
 211 00b5 04       		.byte	0x4
 212 00b6 0C020000 		.4byte	.LASF17
 213 00ba 05       		.uleb128 0x5
 214 00bb 2D010000 		.4byte	.LASF27
 215 00bf 01       		.byte	0x1
 216 00c0 05       		.byte	0x5
 217 00c1 00000000 		.4byte	.LFB64
 218 00c5 0C000000 		.4byte	.LFE64-.LFB64
 219 00c9 01       		.uleb128 0x1
 220 00ca 9C       		.byte	0x9c
 221 00cb E2000000 		.4byte	0xe2
 222 00cf 06       		.uleb128 0x6
 223 00d0 06000000 		.4byte	.LVL0
 224 00d4 5F010000 		.4byte	0x15f
 225 00d8 06       		.uleb128 0x6
 226 00d9 0A000000 		.4byte	.LVL1
 227 00dd 6A010000 		.4byte	0x16a
 228 00e1 00       		.byte	0
 229 00e2 07       		.uleb128 0x7
 230 00e3 1D000000 		.4byte	.LASF28
 231 00e7 01       		.byte	0x1
 232 00e8 0B       		.byte	0xb
 233 00e9 97000000 		.4byte	0x97
 234 00ed 00000000 		.4byte	.LFB65
 235 00f1 48000000 		.4byte	.LFE65-.LFB65
 236 00f5 01       		.uleb128 0x1
 237 00f6 9C       		.byte	0x9c
 238 00f7 4E010000 		.4byte	0x14e
 239 00fb 08       		.uleb128 0x8
 240 00fc 0A000000 		.4byte	.LBB2
 241 0100 2A000000 		.4byte	.LBE2-.LBB2
 242 0104 3E010000 		.4byte	0x13e
 243 0108 09       		.uleb128 0x9
 244 0109 5A010000 		.4byte	.LASF18
 245 010d 01       		.byte	0x1
 246 010e 12       		.byte	0x12
 247 010f 81000000 		.4byte	0x81
 248 0113 00000000 		.4byte	.LLST0
 249 0117 09       		.uleb128 0x9
 250 0118 E9010000 		.4byte	.LASF19
 251 011c 01       		.byte	0x1
 252 011d 13       		.byte	0x13
 253 011e 81000000 		.4byte	0x81
 254 0122 13000000 		.4byte	.LLST1
 255 0126 0A       		.uleb128 0xa
 256 0127 6B6700   		.ascii	"kg\000"
 257 012a 01       		.byte	0x1
 258 012b 15       		.byte	0x15
 259 012c 97000000 		.4byte	0x97
 260 0130 29000000 		.4byte	.LLST2
ARM GAS  C:\Users\Simon\AppData\Local\Temp\ccRid4hb.s 			page 6


 261 0134 06       		.uleb128 0x6
 262 0135 0E000000 		.4byte	.LVL3
 263 0139 75010000 		.4byte	0x175
 264 013d 00       		.byte	0
 265 013e 0B       		.uleb128 0xb
 266 013f 08000000 		.4byte	.LVL2
 267 0143 80010000 		.4byte	0x180
 268 0147 0C       		.uleb128 0xc
 269 0148 01       		.uleb128 0x1
 270 0149 50       		.byte	0x50
 271 014a 01       		.uleb128 0x1
 272 014b 30       		.byte	0x30
 273 014c 00       		.byte	0
 274 014d 00       		.byte	0
 275 014e 0D       		.uleb128 0xd
 276 014f 15010000 		.4byte	.LASF29
 277 0153 05       		.byte	0x5
 278 0154 1207     		.2byte	0x712
 279 0156 5A010000 		.4byte	0x15a
 280 015a 0E       		.uleb128 0xe
 281 015b 8C000000 		.4byte	0x8c
 282 015f 0F       		.uleb128 0xf
 283 0160 24020000 		.4byte	.LASF20
 284 0164 24020000 		.4byte	.LASF20
 285 0168 04       		.byte	0x4
 286 0169 34       		.byte	0x34
 287 016a 0F       		.uleb128 0xf
 288 016b FE000000 		.4byte	.LASF21
 289 016f FE000000 		.4byte	.LASF21
 290 0173 04       		.byte	0x4
 291 0174 D1       		.byte	0xd1
 292 0175 0F       		.uleb128 0xf
 293 0176 C0010000 		.4byte	.LASF22
 294 017a C0010000 		.4byte	.LASF22
 295 017e 04       		.byte	0x4
 296 017f 3B       		.byte	0x3b
 297 0180 0F       		.uleb128 0xf
 298 0181 36000000 		.4byte	.LASF23
 299 0185 36000000 		.4byte	.LASF23
 300 0189 04       		.byte	0x4
 301 018a 39       		.byte	0x39
 302 018b 00       		.byte	0
 303              		.section	.debug_abbrev,"",%progbits
 304              	.Ldebug_abbrev0:
 305 0000 01       		.uleb128 0x1
 306 0001 11       		.uleb128 0x11
 307 0002 01       		.byte	0x1
 308 0003 25       		.uleb128 0x25
 309 0004 0E       		.uleb128 0xe
 310 0005 13       		.uleb128 0x13
 311 0006 0B       		.uleb128 0xb
 312 0007 03       		.uleb128 0x3
 313 0008 0E       		.uleb128 0xe
 314 0009 1B       		.uleb128 0x1b
 315 000a 0E       		.uleb128 0xe
 316 000b 55       		.uleb128 0x55
 317 000c 17       		.uleb128 0x17
ARM GAS  C:\Users\Simon\AppData\Local\Temp\ccRid4hb.s 			page 7


 318 000d 11       		.uleb128 0x11
 319 000e 01       		.uleb128 0x1
 320 000f 10       		.uleb128 0x10
 321 0010 17       		.uleb128 0x17
 322 0011 00       		.byte	0
 323 0012 00       		.byte	0
 324 0013 02       		.uleb128 0x2
 325 0014 24       		.uleb128 0x24
 326 0015 00       		.byte	0
 327 0016 0B       		.uleb128 0xb
 328 0017 0B       		.uleb128 0xb
 329 0018 3E       		.uleb128 0x3e
 330 0019 0B       		.uleb128 0xb
 331 001a 03       		.uleb128 0x3
 332 001b 0E       		.uleb128 0xe
 333 001c 00       		.byte	0
 334 001d 00       		.byte	0
 335 001e 03       		.uleb128 0x3
 336 001f 16       		.uleb128 0x16
 337 0020 00       		.byte	0
 338 0021 03       		.uleb128 0x3
 339 0022 0E       		.uleb128 0xe
 340 0023 3A       		.uleb128 0x3a
 341 0024 0B       		.uleb128 0xb
 342 0025 3B       		.uleb128 0x3b
 343 0026 0B       		.uleb128 0xb
 344 0027 49       		.uleb128 0x49
 345 0028 13       		.uleb128 0x13
 346 0029 00       		.byte	0
 347 002a 00       		.byte	0
 348 002b 04       		.uleb128 0x4
 349 002c 24       		.uleb128 0x24
 350 002d 00       		.byte	0
 351 002e 0B       		.uleb128 0xb
 352 002f 0B       		.uleb128 0xb
 353 0030 3E       		.uleb128 0x3e
 354 0031 0B       		.uleb128 0xb
 355 0032 03       		.uleb128 0x3
 356 0033 08       		.uleb128 0x8
 357 0034 00       		.byte	0
 358 0035 00       		.byte	0
 359 0036 05       		.uleb128 0x5
 360 0037 2E       		.uleb128 0x2e
 361 0038 01       		.byte	0x1
 362 0039 3F       		.uleb128 0x3f
 363 003a 19       		.uleb128 0x19
 364 003b 03       		.uleb128 0x3
 365 003c 0E       		.uleb128 0xe
 366 003d 3A       		.uleb128 0x3a
 367 003e 0B       		.uleb128 0xb
 368 003f 3B       		.uleb128 0x3b
 369 0040 0B       		.uleb128 0xb
 370 0041 11       		.uleb128 0x11
 371 0042 01       		.uleb128 0x1
 372 0043 12       		.uleb128 0x12
 373 0044 06       		.uleb128 0x6
 374 0045 40       		.uleb128 0x40
ARM GAS  C:\Users\Simon\AppData\Local\Temp\ccRid4hb.s 			page 8


 375 0046 18       		.uleb128 0x18
 376 0047 9742     		.uleb128 0x2117
 377 0049 19       		.uleb128 0x19
 378 004a 01       		.uleb128 0x1
 379 004b 13       		.uleb128 0x13
 380 004c 00       		.byte	0
 381 004d 00       		.byte	0
 382 004e 06       		.uleb128 0x6
 383 004f 898201   		.uleb128 0x4109
 384 0052 00       		.byte	0
 385 0053 11       		.uleb128 0x11
 386 0054 01       		.uleb128 0x1
 387 0055 31       		.uleb128 0x31
 388 0056 13       		.uleb128 0x13
 389 0057 00       		.byte	0
 390 0058 00       		.byte	0
 391 0059 07       		.uleb128 0x7
 392 005a 2E       		.uleb128 0x2e
 393 005b 01       		.byte	0x1
 394 005c 3F       		.uleb128 0x3f
 395 005d 19       		.uleb128 0x19
 396 005e 03       		.uleb128 0x3
 397 005f 0E       		.uleb128 0xe
 398 0060 3A       		.uleb128 0x3a
 399 0061 0B       		.uleb128 0xb
 400 0062 3B       		.uleb128 0x3b
 401 0063 0B       		.uleb128 0xb
 402 0064 49       		.uleb128 0x49
 403 0065 13       		.uleb128 0x13
 404 0066 11       		.uleb128 0x11
 405 0067 01       		.uleb128 0x1
 406 0068 12       		.uleb128 0x12
 407 0069 06       		.uleb128 0x6
 408 006a 40       		.uleb128 0x40
 409 006b 18       		.uleb128 0x18
 410 006c 9642     		.uleb128 0x2116
 411 006e 19       		.uleb128 0x19
 412 006f 01       		.uleb128 0x1
 413 0070 13       		.uleb128 0x13
 414 0071 00       		.byte	0
 415 0072 00       		.byte	0
 416 0073 08       		.uleb128 0x8
 417 0074 0B       		.uleb128 0xb
 418 0075 01       		.byte	0x1
 419 0076 11       		.uleb128 0x11
 420 0077 01       		.uleb128 0x1
 421 0078 12       		.uleb128 0x12
 422 0079 06       		.uleb128 0x6
 423 007a 01       		.uleb128 0x1
 424 007b 13       		.uleb128 0x13
 425 007c 00       		.byte	0
 426 007d 00       		.byte	0
 427 007e 09       		.uleb128 0x9
 428 007f 34       		.uleb128 0x34
 429 0080 00       		.byte	0
 430 0081 03       		.uleb128 0x3
 431 0082 0E       		.uleb128 0xe
ARM GAS  C:\Users\Simon\AppData\Local\Temp\ccRid4hb.s 			page 9


 432 0083 3A       		.uleb128 0x3a
 433 0084 0B       		.uleb128 0xb
 434 0085 3B       		.uleb128 0x3b
 435 0086 0B       		.uleb128 0xb
 436 0087 49       		.uleb128 0x49
 437 0088 13       		.uleb128 0x13
 438 0089 02       		.uleb128 0x2
 439 008a 17       		.uleb128 0x17
 440 008b 00       		.byte	0
 441 008c 00       		.byte	0
 442 008d 0A       		.uleb128 0xa
 443 008e 34       		.uleb128 0x34
 444 008f 00       		.byte	0
 445 0090 03       		.uleb128 0x3
 446 0091 08       		.uleb128 0x8
 447 0092 3A       		.uleb128 0x3a
 448 0093 0B       		.uleb128 0xb
 449 0094 3B       		.uleb128 0x3b
 450 0095 0B       		.uleb128 0xb
 451 0096 49       		.uleb128 0x49
 452 0097 13       		.uleb128 0x13
 453 0098 02       		.uleb128 0x2
 454 0099 17       		.uleb128 0x17
 455 009a 00       		.byte	0
 456 009b 00       		.byte	0
 457 009c 0B       		.uleb128 0xb
 458 009d 898201   		.uleb128 0x4109
 459 00a0 01       		.byte	0x1
 460 00a1 11       		.uleb128 0x11
 461 00a2 01       		.uleb128 0x1
 462 00a3 31       		.uleb128 0x31
 463 00a4 13       		.uleb128 0x13
 464 00a5 00       		.byte	0
 465 00a6 00       		.byte	0
 466 00a7 0C       		.uleb128 0xc
 467 00a8 8A8201   		.uleb128 0x410a
 468 00ab 00       		.byte	0
 469 00ac 02       		.uleb128 0x2
 470 00ad 18       		.uleb128 0x18
 471 00ae 9142     		.uleb128 0x2111
 472 00b0 18       		.uleb128 0x18
 473 00b1 00       		.byte	0
 474 00b2 00       		.byte	0
 475 00b3 0D       		.uleb128 0xd
 476 00b4 34       		.uleb128 0x34
 477 00b5 00       		.byte	0
 478 00b6 03       		.uleb128 0x3
 479 00b7 0E       		.uleb128 0xe
 480 00b8 3A       		.uleb128 0x3a
 481 00b9 0B       		.uleb128 0xb
 482 00ba 3B       		.uleb128 0x3b
 483 00bb 05       		.uleb128 0x5
 484 00bc 49       		.uleb128 0x49
 485 00bd 13       		.uleb128 0x13
 486 00be 3F       		.uleb128 0x3f
 487 00bf 19       		.uleb128 0x19
 488 00c0 3C       		.uleb128 0x3c
ARM GAS  C:\Users\Simon\AppData\Local\Temp\ccRid4hb.s 			page 10


 489 00c1 19       		.uleb128 0x19
 490 00c2 00       		.byte	0
 491 00c3 00       		.byte	0
 492 00c4 0E       		.uleb128 0xe
 493 00c5 35       		.uleb128 0x35
 494 00c6 00       		.byte	0
 495 00c7 49       		.uleb128 0x49
 496 00c8 13       		.uleb128 0x13
 497 00c9 00       		.byte	0
 498 00ca 00       		.byte	0
 499 00cb 0F       		.uleb128 0xf
 500 00cc 2E       		.uleb128 0x2e
 501 00cd 00       		.byte	0
 502 00ce 3F       		.uleb128 0x3f
 503 00cf 19       		.uleb128 0x19
 504 00d0 3C       		.uleb128 0x3c
 505 00d1 19       		.uleb128 0x19
 506 00d2 6E       		.uleb128 0x6e
 507 00d3 0E       		.uleb128 0xe
 508 00d4 03       		.uleb128 0x3
 509 00d5 0E       		.uleb128 0xe
 510 00d6 3A       		.uleb128 0x3a
 511 00d7 0B       		.uleb128 0xb
 512 00d8 3B       		.uleb128 0x3b
 513 00d9 0B       		.uleb128 0xb
 514 00da 00       		.byte	0
 515 00db 00       		.byte	0
 516 00dc 00       		.byte	0
 517              		.section	.debug_loc,"",%progbits
 518              	.Ldebug_loc0:
 519              	.LLST0:
 520 0000 10000000 		.4byte	.LVL4
 521 0004 19000000 		.4byte	.LVL6-1
 522 0008 0100     		.2byte	0x1
 523 000a 50       		.byte	0x50
 524 000b 00000000 		.4byte	0
 525 000f 00000000 		.4byte	0
 526              	.LLST1:
 527 0013 10000000 		.4byte	.LVL4
 528 0017 34000000 		.4byte	.LVL10
 529 001b 0400     		.2byte	0x4
 530 001d 0A       		.byte	0xa
 531 001e 2801     		.2byte	0x128
 532 0020 9F       		.byte	0x9f
 533 0021 00000000 		.4byte	0
 534 0025 00000000 		.4byte	0
 535              	.LLST2:
 536 0029 32000000 		.4byte	.LVL9
 537 002d 34000000 		.4byte	.LVL10
 538 0031 0100     		.2byte	0x1
 539 0033 50       		.byte	0x50
 540 0034 00000000 		.4byte	0
 541 0038 00000000 		.4byte	0
 542              		.section	.debug_aranges,"",%progbits
 543 0000 24000000 		.4byte	0x24
 544 0004 0200     		.2byte	0x2
 545 0006 00000000 		.4byte	.Ldebug_info0
ARM GAS  C:\Users\Simon\AppData\Local\Temp\ccRid4hb.s 			page 11


 546 000a 04       		.byte	0x4
 547 000b 00       		.byte	0
 548 000c 0000     		.2byte	0
 549 000e 0000     		.2byte	0
 550 0010 00000000 		.4byte	.LFB64
 551 0014 0C000000 		.4byte	.LFE64-.LFB64
 552 0018 00000000 		.4byte	.LFB65
 553 001c 48000000 		.4byte	.LFE65-.LFB65
 554 0020 00000000 		.4byte	0
 555 0024 00000000 		.4byte	0
 556              		.section	.debug_ranges,"",%progbits
 557              	.Ldebug_ranges0:
 558 0000 00000000 		.4byte	.LFB64
 559 0004 0C000000 		.4byte	.LFE64
 560 0008 00000000 		.4byte	.LFB65
 561 000c 48000000 		.4byte	.LFE65
 562 0010 00000000 		.4byte	0
 563 0014 00000000 		.4byte	0
 564              		.section	.debug_line,"",%progbits
 565              	.Ldebug_line0:
 566 0000 79010000 		.section	.debug_str,"MS",%progbits,1
 566      02004E01 
 566      00000201 
 566      FB0E0D00 
 566      01010101 
 567              	.LASF5:
 568 0000 5F5F696E 		.ascii	"__int32_t\000"
 568      7433325F 
 568      7400
 569              	.LASF3:
 570 000a 73686F72 		.ascii	"short unsigned int\000"
 570      7420756E 
 570      7369676E 
 570      65642069 
 570      6E7400
 571              	.LASF28:
 572 001d 4144435F 		.ascii	"ADC_Measure\000"
 572      4D656173 
 572      75726500 
 573              	.LASF14:
 574 0029 646F7562 		.ascii	"double\000"
 574      6C6500
 575              	.LASF13:
 576 0030 666C6F61 		.ascii	"float\000"
 576      7400
 577              	.LASF23:
 578 0036 4144435F 		.ascii	"ADC_SAR_1_IsEndConversion\000"
 578      5341525F 
 578      315F4973 
 578      456E6443 
 578      6F6E7665 
 579              	.LASF1:
 580 0050 756E7369 		.ascii	"unsigned char\000"
 580      676E6564 
 580      20636861 
 580      7200
 581              	.LASF24:
ARM GAS  C:\Users\Simon\AppData\Local\Temp\ccRid4hb.s 			page 12


 582 005e 474E5520 		.ascii	"GNU C11 5.4.1 20160609 (release) [ARM/embedded-5-br"
 582      43313120 
 582      352E342E 
 582      31203230 
 582      31363036 
 583 0091 616E6368 		.ascii	"anch revision 237715] -mcpu=cortex-m3 -mthumb -g -O"
 583      20726576 
 583      6973696F 
 583      6E203233 
 583      37373135 
 584 00c4 67202D66 		.ascii	"g -ffunction-sections -ffat-lto-objects\000"
 584      66756E63 
 584      74696F6E 
 584      2D736563 
 584      74696F6E 
 585              	.LASF7:
 586 00ec 6C6F6E67 		.ascii	"long unsigned int\000"
 586      20756E73 
 586      69676E65 
 586      6420696E 
 586      7400
 587              	.LASF21:
 588 00fe 4144435F 		.ascii	"ADC_SAR_1_StartConvert\000"
 588      5341525F 
 588      315F5374 
 588      61727443 
 588      6F6E7665 
 589              	.LASF29:
 590 0115 49544D5F 		.ascii	"ITM_RxBuffer\000"
 590      52784275 
 590      66666572 
 590      00
 591              	.LASF4:
 592 0122 5F5F7569 		.ascii	"__uint16_t\000"
 592      6E743136 
 592      5F7400
 593              	.LASF27:
 594 012d 4144435F 		.ascii	"ADC_init\000"
 594      696E6974 
 594      00
 595              	.LASF10:
 596 0136 756E7369 		.ascii	"unsigned int\000"
 596      676E6564 
 596      20696E74 
 596      00
 597              	.LASF9:
 598 0143 6C6F6E67 		.ascii	"long long unsigned int\000"
 598      206C6F6E 
 598      6720756E 
 598      7369676E 
 598      65642069 
 599              	.LASF18:
 600 015a 72657375 		.ascii	"result\000"
 600      6C7400
 601              	.LASF26:
 602 0161 433A5C55 		.ascii	"C:\\Users\\Simon\\Desktop\\Projekt3-2020\\Kode\\Sca"
 602      73657273 
ARM GAS  C:\Users\Simon\AppData\Local\Temp\ccRid4hb.s 			page 13


 602      5C53696D 
 602      6F6E5C44 
 602      65736B74 
 603 018e 6C655C50 		.ascii	"le\\Projekt3Scale\\PRJ3Scale.cydsn\000"
 603      726F6A65 
 603      6B743353 
 603      63616C65 
 603      5C50524A 
 604              	.LASF12:
 605 01af 696E7433 		.ascii	"int32_t\000"
 605      325F7400 
 606              	.LASF16:
 607 01b7 73697A65 		.ascii	"sizetype\000"
 607      74797065 
 607      00
 608              	.LASF22:
 609 01c0 4144435F 		.ascii	"ADC_SAR_1_GetResult16\000"
 609      5341525F 
 609      315F4765 
 609      74526573 
 609      756C7431 
 610              	.LASF8:
 611 01d6 6C6F6E67 		.ascii	"long long int\000"
 611      206C6F6E 
 611      6720696E 
 611      7400
 612              	.LASF15:
 613 01e4 63686172 		.ascii	"char\000"
 613      00
 614              	.LASF19:
 615 01e9 6F666673 		.ascii	"offset\000"
 615      657400
 616              	.LASF2:
 617 01f0 73686F72 		.ascii	"short int\000"
 617      7420696E 
 617      7400
 618              	.LASF11:
 619 01fa 75696E74 		.ascii	"uint16_t\000"
 619      31365F74 
 619      00
 620              	.LASF6:
 621 0203 6C6F6E67 		.ascii	"long int\000"
 621      20696E74 
 621      00
 622              	.LASF17:
 623 020c 6C6F6E67 		.ascii	"long double\000"
 623      20646F75 
 623      626C6500 
 624              	.LASF0:
 625 0218 7369676E 		.ascii	"signed char\000"
 625      65642063 
 625      68617200 
 626              	.LASF20:
 627 0224 4144435F 		.ascii	"ADC_SAR_1_Start\000"
 627      5341525F 
 627      315F5374 
 627      61727400 
ARM GAS  C:\Users\Simon\AppData\Local\Temp\ccRid4hb.s 			page 14


 628              	.LASF25:
 629 0234 41444332 		.ascii	"ADC2.c\000"
 629      2E6300
 630              		.ident	"GCC: (GNU Tools for ARM Embedded Processors) 5.4.1 20160609 (release) [ARM/embedded-5-bran
