ARM GAS  C:\Users\Simon\AppData\Local\Temp\cccPV67i.s 			page 1


   1              		.syntax unified
   2              		.cpu cortex-m3
   3              		.fpu softvfp
   4              		.eabi_attribute 20, 1
   5              		.eabi_attribute 21, 1
   6              		.eabi_attribute 23, 3
   7              		.eabi_attribute 24, 1
   8              		.eabi_attribute 25, 1
   9              		.eabi_attribute 26, 1
  10              		.eabi_attribute 30, 1
  11              		.eabi_attribute 34, 1
  12              		.eabi_attribute 18, 4
  13              		.thumb
  14              		.syntax unified
  15              		.file	"cymetadata.c"
  16              		.text
  17              	.Ltext0:
  18              		.cfi_sections	.debug_frame
  19              		.global	cy_metadata
  20              		.global	cy_meta_flashprotect
  21              		.global	cy_meta_wonvl
  22              		.global	cy_meta_custnvl
  23              		.global	cy_meta_configecc
  24              		.section	.cyconfigecc,"a",%progbits
  25              		.align	2
  26              		.type	cy_meta_configecc, %object
  27              		.size	cy_meta_configecc, 1812
  28              	cy_meta_configecc:
  29 0000 03       		.byte	3
  30 0001 52       		.byte	82
  31 0002 00       		.byte	0
  32 0003 40       		.byte	64
  33 0004 05       		.byte	5
  34 0005 64       		.byte	100
  35 0006 00       		.byte	0
  36 0007 40       		.byte	64
  37 0008 02       		.byte	2
  38 0009 65       		.byte	101
  39 000a 00       		.byte	0
  40 000b 40       		.byte	64
  41 000c 54       		.byte	84
  42 000d 00       		.byte	0
  43 000e 01       		.byte	1
  44 000f 40       		.byte	64
  45 0010 31       		.byte	49
  46 0011 01       		.byte	1
  47 0012 01       		.byte	1
  48 0013 40       		.byte	64
  49 0014 02       		.byte	2
  50 0015 03       		.byte	3
  51 0016 01       		.byte	1
  52 0017 40       		.byte	64
  53 0018 53       		.byte	83
  54 0019 04       		.byte	4
  55 001a 01       		.byte	1
  56 001b 40       		.byte	64
  57 001c 3D       		.byte	61
ARM GAS  C:\Users\Simon\AppData\Local\Temp\cccPV67i.s 			page 2


  58 001d 05       		.byte	5
  59 001e 01       		.byte	1
  60 001f 40       		.byte	64
  61 0020 5B       		.byte	91
  62 0021 06       		.byte	6
  63 0022 01       		.byte	1
  64 0023 40       		.byte	64
  65 0024 40       		.byte	64
  66 0025 07       		.byte	7
  67 0026 01       		.byte	1
  68 0027 40       		.byte	64
  69 0028 57       		.byte	87
  70 0029 14       		.byte	20
  71 002a 01       		.byte	1
  72 002b 40       		.byte	64
  73 002c 3A       		.byte	58
  74 002d 15       		.byte	21
  75 002e 01       		.byte	1
  76 002f 40       		.byte	64
  77 0030 4D       		.byte	77
  78 0031 16       		.byte	22
  79 0032 01       		.byte	1
  80 0033 40       		.byte	64
  81 0034 38       		.byte	56
  82 0035 17       		.byte	23
  83 0036 01       		.byte	1
  84 0037 40       		.byte	64
  85 0038 04       		.byte	4
  86 0039 18       		.byte	24
  87 003a 01       		.byte	1
  88 003b 40       		.byte	64
  89 003c 02       		.byte	2
  90 003d 19       		.byte	25
  91 003e 01       		.byte	1
  92 003f 40       		.byte	64
  93 0040 06       		.byte	6
  94 0041 1B       		.byte	27
  95 0042 01       		.byte	1
  96 0043 40       		.byte	64
  97 0044 05       		.byte	5
  98 0045 40       		.byte	64
  99 0046 01       		.byte	1
 100 0047 40       		.byte	64
 101 0048 0B       		.byte	11
 102 0049 41       		.byte	65
 103 004a 01       		.byte	1
 104 004b 40       		.byte	64
 105 004c 0A       		.byte	10
 106 004d 42       		.byte	66
 107 004e 01       		.byte	1
 108 004f 40       		.byte	64
 109 0050 07       		.byte	7
 110 0051 43       		.byte	67
 111 0052 01       		.byte	1
 112 0053 40       		.byte	64
 113 0054 0A       		.byte	10
 114 0055 48       		.byte	72
ARM GAS  C:\Users\Simon\AppData\Local\Temp\cccPV67i.s 			page 3


 115 0056 01       		.byte	1
 116 0057 40       		.byte	64
 117 0058 1C       		.byte	28
 118 0059 49       		.byte	73
 119 005a 01       		.byte	1
 120 005b 40       		.byte	64
 121 005c 0B       		.byte	11
 122 005d 4C       		.byte	76
 123 005e 01       		.byte	1
 124 005f 40       		.byte	64
 125 0060 06       		.byte	6
 126 0061 4D       		.byte	77
 127 0062 01       		.byte	1
 128 0063 40       		.byte	64
 129 0064 05       		.byte	5
 130 0065 50       		.byte	80
 131 0066 01       		.byte	1
 132 0067 40       		.byte	64
 133 0068 02       		.byte	2
 134 0069 51       		.byte	81
 135 006a 01       		.byte	1
 136 006b 40       		.byte	64
 137 006c 18       		.byte	24
 138 006d 82       		.byte	-126
 139 006e 60       		.byte	96
 140 006f 02       		.byte	2
 141 0070 64       		.byte	100
 142 0071 03       		.byte	3
 143 0072 77       		.byte	119
 144 0073 01       		.byte	1
 145 0074 80       		.byte	-128
 146 0075 0D       		.byte	13
 147 0076 81       		.byte	-127
 148 0077 0D       		.byte	13
 149 0078 85       		.byte	-123
 150 0079 0F       		.byte	15
 151 007a 87       		.byte	-121
 152 007b 0D       		.byte	13
 153 007c 85       		.byte	-123
 154 007d 67       		.byte	103
 155 007e 87       		.byte	-121
 156 007f 0D       		.byte	13
 157 0080 02       		.byte	2
 158 0081 02       		.byte	2
 159 0082 06       		.byte	6
 160 0083 04       		.byte	4
 161 0084 12       		.byte	18
 162 0085 01       		.byte	1
 163 0086 1B       		.byte	27
 164 0087 01       		.byte	1
 165 0088 22       		.byte	34
 166 0089 02       		.byte	2
 167 008a 2D       		.byte	45
 168 008b 01       		.byte	1
 169 008c 30       		.byte	48
 170 008d 04       		.byte	4
 171 008e 34       		.byte	52
ARM GAS  C:\Users\Simon\AppData\Local\Temp\cccPV67i.s 			page 4


 172 008f 02       		.byte	2
 173 0090 36       		.byte	54
 174 0091 01       		.byte	1
 175 0092 37       		.byte	55
 176 0093 01       		.byte	1
 177 0094 3E       		.byte	62
 178 0095 10       		.byte	16
 179 0096 40       		.byte	64
 180 0097 10       		.byte	16
 181 0098 41       		.byte	65
 182 0099 05       		.byte	5
 183 009a 45       		.byte	69
 184 009b D1       		.byte	-47
 185 009c 46       		.byte	70
 186 009d 02       		.byte	2
 187 009e 48       		.byte	72
 188 009f 07       		.byte	7
 189 00a0 49       		.byte	73
 190 00a1 FF       		.byte	-1
 191 00a2 4A       		.byte	74
 192 00a3 FF       		.byte	-1
 193 00a4 4B       		.byte	75
 194 00a5 FF       		.byte	-1
 195 00a6 4D       		.byte	77
 196 00a7 A0       		.byte	-96
 197 00a8 4F       		.byte	79
 198 00a9 04       		.byte	4
 199 00aa 50       		.byte	80
 200 00ab 18       		.byte	24
 201 00ac 52       		.byte	82
 202 00ad 80       		.byte	-128
 203 00ae 54       		.byte	84
 204 00af 05       		.byte	5
 205 00b0 58       		.byte	88
 206 00b1 04       		.byte	4
 207 00b2 59       		.byte	89
 208 00b3 04       		.byte	4
 209 00b4 5A       		.byte	90
 210 00b5 04       		.byte	4
 211 00b6 5B       		.byte	91
 212 00b7 04       		.byte	4
 213 00b8 5C       		.byte	92
 214 00b9 44       		.byte	68
 215 00ba 5D       		.byte	93
 216 00bb 44       		.byte	68
 217 00bc 5F       		.byte	95
 218 00bd 01       		.byte	1
 219 00be 60       		.byte	96
 220 00bf 40       		.byte	64
 221 00c0 62       		.byte	98
 222 00c1 C0       		.byte	-64
 223 00c2 64       		.byte	100
 224 00c3 40       		.byte	64
 225 00c4 65       		.byte	101
 226 00c5 40       		.byte	64
 227 00c6 66       		.byte	102
 228 00c7 C0       		.byte	-64
ARM GAS  C:\Users\Simon\AppData\Local\Temp\cccPV67i.s 			page 5


 229 00c8 68       		.byte	104
 230 00c9 C0       		.byte	-64
 231 00ca 6A       		.byte	106
 232 00cb C0       		.byte	-64
 233 00cc 6C       		.byte	108
 234 00cd C0       		.byte	-64
 235 00ce 6E       		.byte	110
 236 00cf C0       		.byte	-64
 237 00d0 86       		.byte	-122
 238 00d1 04       		.byte	4
 239 00d2 88       		.byte	-120
 240 00d3 01       		.byte	1
 241 00d4 8F       		.byte	-113
 242 00d5 01       		.byte	1
 243 00d6 9A       		.byte	-102
 244 00d7 07       		.byte	7
 245 00d8 9B       		.byte	-101
 246 00d9 02       		.byte	2
 247 00da A2       		.byte	-94
 248 00db 08       		.byte	8
 249 00dc A3       		.byte	-93
 250 00dd 02       		.byte	2
 251 00de A7       		.byte	-89
 252 00df 01       		.byte	1
 253 00e0 B0       		.byte	-80
 254 00e1 01       		.byte	1
 255 00e2 B2       		.byte	-78
 256 00e3 02       		.byte	2
 257 00e4 B4       		.byte	-76
 258 00e5 08       		.byte	8
 259 00e6 B5       		.byte	-75
 260 00e7 01       		.byte	1
 261 00e8 B6       		.byte	-74
 262 00e9 04       		.byte	4
 263 00ea B7       		.byte	-73
 264 00eb 02       		.byte	2
 265 00ec BF       		.byte	-65
 266 00ed 10       		.byte	16
 267 00ee C0       		.byte	-64
 268 00ef 20       		.byte	32
 269 00f0 C1       		.byte	-63
 270 00f1 05       		.byte	5
 271 00f2 C5       		.byte	-59
 272 00f3 D1       		.byte	-47
 273 00f4 C6       		.byte	-58
 274 00f5 02       		.byte	2
 275 00f6 C8       		.byte	-56
 276 00f7 07       		.byte	7
 277 00f8 C9       		.byte	-55
 278 00f9 FF       		.byte	-1
 279 00fa CA       		.byte	-54
 280 00fb FF       		.byte	-1
 281 00fc CB       		.byte	-53
 282 00fd FF       		.byte	-1
 283 00fe CD       		.byte	-51
 284 00ff A0       		.byte	-96
 285 0100 CF       		.byte	-49
ARM GAS  C:\Users\Simon\AppData\Local\Temp\cccPV67i.s 			page 6


 286 0101 04       		.byte	4
 287 0102 D0       		.byte	-48
 288 0103 18       		.byte	24
 289 0104 D2       		.byte	-46
 290 0105 80       		.byte	-128
 291 0106 D4       		.byte	-44
 292 0107 05       		.byte	5
 293 0108 D8       		.byte	-40
 294 0109 04       		.byte	4
 295 010a D9       		.byte	-39
 296 010b 04       		.byte	4
 297 010c DA       		.byte	-38
 298 010d 04       		.byte	4
 299 010e DB       		.byte	-37
 300 010f 04       		.byte	4
 301 0110 DC       		.byte	-36
 302 0111 45       		.byte	69
 303 0112 DD       		.byte	-35
 304 0113 55       		.byte	85
 305 0114 DF       		.byte	-33
 306 0115 01       		.byte	1
 307 0116 E0       		.byte	-32
 308 0117 40       		.byte	64
 309 0118 E2       		.byte	-30
 310 0119 C0       		.byte	-64
 311 011a E4       		.byte	-28
 312 011b 40       		.byte	64
 313 011c E5       		.byte	-27
 314 011d 40       		.byte	64
 315 011e E6       		.byte	-26
 316 011f C0       		.byte	-64
 317 0120 E8       		.byte	-24
 318 0121 C0       		.byte	-64
 319 0122 EA       		.byte	-22
 320 0123 C0       		.byte	-64
 321 0124 EC       		.byte	-20
 322 0125 C0       		.byte	-64
 323 0126 EE       		.byte	-18
 324 0127 C0       		.byte	-64
 325 0128 00       		.byte	0
 326 0129 01       		.byte	1
 327 012a 02       		.byte	2
 328 012b 20       		.byte	32
 329 012c 04       		.byte	4
 330 012d 14       		.byte	20
 331 012e 09       		.byte	9
 332 012f 02       		.byte	2
 333 0130 0F       		.byte	15
 334 0131 08       		.byte	8
 335 0132 10       		.byte	16
 336 0133 80       		.byte	-128
 337 0134 16       		.byte	22
 338 0135 80       		.byte	-128
 339 0136 18       		.byte	24
 340 0137 01       		.byte	1
 341 0138 1A       		.byte	26
 342 0139 05       		.byte	5
ARM GAS  C:\Users\Simon\AppData\Local\Temp\cccPV67i.s 			page 7


 343 013a 1B       		.byte	27
 344 013b 01       		.byte	1
 345 013c 1C       		.byte	28
 346 013d 56       		.byte	86
 347 013e 1D       		.byte	29
 348 013f 20       		.byte	32
 349 0140 1F       		.byte	31
 350 0141 20       		.byte	32
 351 0142 22       		.byte	34
 352 0143 40       		.byte	64
 353 0144 25       		.byte	37
 354 0145 80       		.byte	-128
 355 0146 27       		.byte	39
 356 0147 08       		.byte	8
 357 0148 2B       		.byte	43
 358 0149 01       		.byte	1
 359 014a 2E       		.byte	46
 360 014b 01       		.byte	1
 361 014c 2F       		.byte	47
 362 014d 20       		.byte	32
 363 014e 32       		.byte	50
 364 014f 20       		.byte	32
 365 0150 36       		.byte	54
 366 0151 20       		.byte	32
 367 0152 3F       		.byte	63
 368 0153 80       		.byte	-128
 369 0154 40       		.byte	64
 370 0155 01       		.byte	1
 371 0156 45       		.byte	69
 372 0157 20       		.byte	32
 373 0158 49       		.byte	73
 374 0159 02       		.byte	2
 375 015a 4A       		.byte	74
 376 015b 20       		.byte	32
 377 015c 4B       		.byte	75
 378 015d 80       		.byte	-128
 379 015e 4D       		.byte	77
 380 015f 01       		.byte	1
 381 0160 4F       		.byte	79
 382 0161 88       		.byte	-120
 383 0162 50       		.byte	80
 384 0163 80       		.byte	-128
 385 0164 53       		.byte	83
 386 0165 40       		.byte	64
 387 0166 57       		.byte	87
 388 0167 40       		.byte	64
 389 0168 59       		.byte	89
 390 0169 02       		.byte	2
 391 016a 5A       		.byte	90
 392 016b 84       		.byte	-124
 393 016c 5C       		.byte	92
 394 016d 40       		.byte	64
 395 016e 5D       		.byte	93
 396 016f 01       		.byte	1
 397 0170 5F       		.byte	95
 398 0171 08       		.byte	8
 399 0172 71       		.byte	113
ARM GAS  C:\Users\Simon\AppData\Local\Temp\cccPV67i.s 			page 8


 400 0173 02       		.byte	2
 401 0174 76       		.byte	118
 402 0175 80       		.byte	-128
 403 0176 85       		.byte	-123
 404 0177 80       		.byte	-128
 405 0178 C0       		.byte	-64
 406 0179 6C       		.byte	108
 407 017a C2       		.byte	-62
 408 017b 48       		.byte	72
 409 017c C4       		.byte	-60
 410 017d 18       		.byte	24
 411 017e CA       		.byte	-54
 412 017f C8       		.byte	-56
 413 0180 CC       		.byte	-52
 414 0181 24       		.byte	36
 415 0182 CE       		.byte	-50
 416 0183 10       		.byte	16
 417 0184 D0       		.byte	-48
 418 0185 28       		.byte	40
 419 0186 D2       		.byte	-46
 420 0187 18       		.byte	24
 421 0188 D6       		.byte	-42
 422 0189 DB       		.byte	-37
 423 018a 86       		.byte	-122
 424 018b 10       		.byte	16
 425 018c AC       		.byte	-84
 426 018d 01       		.byte	1
 427 018e 02       		.byte	2
 428 018f 01       		.byte	1
 429 0190 03       		.byte	3
 430 0191 0F       		.byte	15
 431 0192 09       		.byte	9
 432 0193 03       		.byte	3
 433 0194 0B       		.byte	11
 434 0195 0C       		.byte	12
 435 0196 0D       		.byte	13
 436 0197 05       		.byte	5
 437 0198 0F       		.byte	15
 438 0199 0A       		.byte	10
 439 019a 12       		.byte	18
 440 019b 01       		.byte	1
 441 019c 15       		.byte	21
 442 019d 03       		.byte	3
 443 019e 17       		.byte	23
 444 019f 0C       		.byte	12
 445 01a0 21       		.byte	33
 446 01a1 0F       		.byte	15
 447 01a2 22       		.byte	34
 448 01a3 01       		.byte	1
 449 01a4 29       		.byte	41
 450 01a5 05       		.byte	5
 451 01a6 2B       		.byte	43
 452 01a7 0A       		.byte	10
 453 01a8 33       		.byte	51
 454 01a9 0F       		.byte	15
 455 01aa 34       		.byte	52
 456 01ab 01       		.byte	1
ARM GAS  C:\Users\Simon\AppData\Local\Temp\cccPV67i.s 			page 9


 457 01ac 3E       		.byte	62
 458 01ad 10       		.byte	16
 459 01ae 40       		.byte	64
 460 01af 23       		.byte	35
 461 01b0 41       		.byte	65
 462 01b1 05       		.byte	5
 463 01b2 42       		.byte	66
 464 01b3 04       		.byte	4
 465 01b4 49       		.byte	73
 466 01b5 FF       		.byte	-1
 467 01b6 4A       		.byte	74
 468 01b7 FF       		.byte	-1
 469 01b8 4B       		.byte	75
 470 01b9 FF       		.byte	-1
 471 01ba 4F       		.byte	79
 472 01bb 01       		.byte	1
 473 01bc 50       		.byte	80
 474 01bd 18       		.byte	24
 475 01be 52       		.byte	82
 476 01bf 93       		.byte	-109
 477 01c0 58       		.byte	88
 478 01c1 04       		.byte	4
 479 01c2 59       		.byte	89
 480 01c3 04       		.byte	4
 481 01c4 5A       		.byte	90
 482 01c5 04       		.byte	4
 483 01c6 5B       		.byte	91
 484 01c7 04       		.byte	4
 485 01c8 5F       		.byte	95
 486 01c9 01       		.byte	1
 487 01ca 60       		.byte	96
 488 01cb 40       		.byte	64
 489 01cc 62       		.byte	98
 490 01cd 40       		.byte	64
 491 01ce 64       		.byte	100
 492 01cf 40       		.byte	64
 493 01d0 65       		.byte	101
 494 01d1 40       		.byte	64
 495 01d2 66       		.byte	102
 496 01d3 80       		.byte	-128
 497 01d4 68       		.byte	104
 498 01d5 80       		.byte	-128
 499 01d6 6A       		.byte	106
 500 01d7 80       		.byte	-128
 501 01d8 6C       		.byte	108
 502 01d9 80       		.byte	-128
 503 01da 6E       		.byte	110
 504 01db 80       		.byte	-128
 505 01dc 82       		.byte	-126
 506 01dd 01       		.byte	1
 507 01de 8B       		.byte	-117
 508 01df 02       		.byte	2
 509 01e0 8F       		.byte	-113
 510 01e1 01       		.byte	1
 511 01e2 92       		.byte	-110
 512 01e3 01       		.byte	1
 513 01e4 93       		.byte	-109
ARM GAS  C:\Users\Simon\AppData\Local\Temp\cccPV67i.s 			page 10


 514 01e5 02       		.byte	2
 515 01e6 9E       		.byte	-98
 516 01e7 01       		.byte	1
 517 01e8 A0       		.byte	-96
 518 01e9 01       		.byte	1
 519 01ea A3       		.byte	-93
 520 01eb 02       		.byte	2
 521 01ec AA       		.byte	-86
 522 01ed 01       		.byte	1
 523 01ee AF       		.byte	-81
 524 01ef 02       		.byte	2
 525 01f0 B0       		.byte	-80
 526 01f1 01       		.byte	1
 527 01f2 B3       		.byte	-77
 528 01f3 01       		.byte	1
 529 01f4 B7       		.byte	-73
 530 01f5 02       		.byte	2
 531 01f6 BE       		.byte	-66
 532 01f7 01       		.byte	1
 533 01f8 BF       		.byte	-65
 534 01f9 40       		.byte	64
 535 01fa C0       		.byte	-64
 536 01fb 63       		.byte	99
 537 01fc C1       		.byte	-63
 538 01fd 04       		.byte	4
 539 01fe C2       		.byte	-62
 540 01ff 05       		.byte	5
 541 0200 C5       		.byte	-59
 542 0201 EC       		.byte	-20
 543 0202 C6       		.byte	-58
 544 0203 20       		.byte	32
 545 0204 C8       		.byte	-56
 546 0205 0B       		.byte	11
 547 0206 C9       		.byte	-55
 548 0207 FF       		.byte	-1
 549 0208 CA       		.byte	-54
 550 0209 FF       		.byte	-1
 551 020a CB       		.byte	-53
 552 020b FF       		.byte	-1
 553 020c CD       		.byte	-51
 554 020d 83       		.byte	-125
 555 020e CE       		.byte	-50
 556 020f 03       		.byte	3
 557 0210 CF       		.byte	-49
 558 0211 01       		.byte	1
 559 0212 D0       		.byte	-48
 560 0213 18       		.byte	24
 561 0214 D4       		.byte	-44
 562 0215 03       		.byte	3
 563 0216 D6       		.byte	-42
 564 0217 04       		.byte	4
 565 0218 D8       		.byte	-40
 566 0219 04       		.byte	4
 567 021a D9       		.byte	-39
 568 021b 04       		.byte	4
 569 021c DA       		.byte	-38
 570 021d 04       		.byte	4
ARM GAS  C:\Users\Simon\AppData\Local\Temp\cccPV67i.s 			page 11


 571 021e DB       		.byte	-37
 572 021f 04       		.byte	4
 573 0220 DF       		.byte	-33
 574 0221 05       		.byte	5
 575 0222 E0       		.byte	-32
 576 0223 40       		.byte	64
 577 0224 E2       		.byte	-30
 578 0225 40       		.byte	64
 579 0226 E4       		.byte	-28
 580 0227 40       		.byte	64
 581 0228 E5       		.byte	-27
 582 0229 40       		.byte	64
 583 022a E6       		.byte	-26
 584 022b 80       		.byte	-128
 585 022c E8       		.byte	-24
 586 022d 80       		.byte	-128
 587 022e EA       		.byte	-22
 588 022f 80       		.byte	-128
 589 0230 EC       		.byte	-20
 590 0231 80       		.byte	-128
 591 0232 EE       		.byte	-18
 592 0233 80       		.byte	-128
 593 0234 00       		.byte	0
 594 0235 02       		.byte	2
 595 0236 01       		.byte	1
 596 0237 02       		.byte	2
 597 0238 05       		.byte	5
 598 0239 02       		.byte	2
 599 023a 0A       		.byte	10
 600 023b 40       		.byte	64
 601 023c 0C       		.byte	12
 602 023d 80       		.byte	-128
 603 023e 0D       		.byte	13
 604 023f 01       		.byte	1
 605 0240 0E       		.byte	14
 606 0241 40       		.byte	64
 607 0242 10       		.byte	16
 608 0243 80       		.byte	-128
 609 0244 16       		.byte	22
 610 0245 80       		.byte	-128
 611 0246 17       		.byte	23
 612 0247 10       		.byte	16
 613 0248 18       		.byte	24
 614 0249 04       		.byte	4
 615 024a 1B       		.byte	27
 616 024b 10       		.byte	16
 617 024c 1C       		.byte	28
 618 024d 40       		.byte	64
 619 024e 1F       		.byte	31
 620 024f 01       		.byte	1
 621 0250 23       		.byte	35
 622 0251 10       		.byte	16
 623 0252 26       		.byte	38
 624 0253 40       		.byte	64
 625 0254 27       		.byte	39
 626 0255 10       		.byte	16
 627 0256 28       		.byte	40
ARM GAS  C:\Users\Simon\AppData\Local\Temp\cccPV67i.s 			page 12


 628 0257 80       		.byte	-128
 629 0258 29       		.byte	41
 630 0259 20       		.byte	32
 631 025a 2C       		.byte	44
 632 025b 80       		.byte	-128
 633 025c 2E       		.byte	46
 634 025d 40       		.byte	64
 635 025e 31       		.byte	49
 636 025f 08       		.byte	8
 637 0260 35       		.byte	53
 638 0261 02       		.byte	2
 639 0262 38       		.byte	56
 640 0263 02       		.byte	2
 641 0264 39       		.byte	57
 642 0265 50       		.byte	80
 643 0266 3B       		.byte	59
 644 0267 02       		.byte	2
 645 0268 3E       		.byte	62
 646 0269 A0       		.byte	-96
 647 026a 40       		.byte	64
 648 026b 44       		.byte	68
 649 026c 42       		.byte	66
 650 026d 20       		.byte	32
 651 026e 44       		.byte	68
 652 026f 80       		.byte	-128
 653 0270 46       		.byte	70
 654 0271 20       		.byte	32
 655 0272 4A       		.byte	74
 656 0273 01       		.byte	1
 657 0274 4C       		.byte	76
 658 0275 01       		.byte	1
 659 0276 4D       		.byte	77
 660 0277 01       		.byte	1
 661 0278 4F       		.byte	79
 662 0279 24       		.byte	36
 663 027a 56       		.byte	86
 664 027b 20       		.byte	32
 665 027c 5D       		.byte	93
 666 027d 01       		.byte	1
 667 027e 5E       		.byte	94
 668 027f 80       		.byte	-128
 669 0280 5F       		.byte	95
 670 0281 14       		.byte	20
 671 0282 65       		.byte	101
 672 0283 01       		.byte	1
 673 0284 68       		.byte	104
 674 0285 08       		.byte	8
 675 0286 69       		.byte	105
 676 0287 50       		.byte	80
 677 0288 6B       		.byte	107
 678 0289 02       		.byte	2
 679 028a 70       		.byte	112
 680 028b 80       		.byte	-128
 681 028c 72       		.byte	114
 682 028d 42       		.byte	66
 683 028e 7C       		.byte	124
 684 028f 80       		.byte	-128
ARM GAS  C:\Users\Simon\AppData\Local\Temp\cccPV67i.s 			page 13


 685 0290 81       		.byte	-127
 686 0291 01       		.byte	1
 687 0292 89       		.byte	-119
 688 0293 04       		.byte	4
 689 0294 A6       		.byte	-90
 690 0295 10       		.byte	16
 691 0296 C0       		.byte	-64
 692 0297 18       		.byte	24
 693 0298 C2       		.byte	-62
 694 0299 98       		.byte	-104
 695 029a C4       		.byte	-60
 696 029b 58       		.byte	88
 697 029c CA       		.byte	-54
 698 029d 95       		.byte	-107
 699 029e CC       		.byte	-52
 700 029f 82       		.byte	-126
 701 02a0 CE       		.byte	-50
 702 02a1 3D       		.byte	61
 703 02a2 D0       		.byte	-48
 704 02a3 C7       		.byte	-57
 705 02a4 D2       		.byte	-46
 706 02a5 38       		.byte	56
 707 02a6 D6       		.byte	-42
 708 02a7 F0       		.byte	-16
 709 02a8 D8       		.byte	-40
 710 02a9 80       		.byte	-128
 711 02aa DE       		.byte	-34
 712 02ab 10       		.byte	16
 713 02ac E4       		.byte	-28
 714 02ad 80       		.byte	-128
 715 02ae 02       		.byte	2
 716 02af 02       		.byte	2
 717 02b0 03       		.byte	3
 718 02b1 03       		.byte	3
 719 02b2 0D       		.byte	13
 720 02b3 01       		.byte	1
 721 02b4 0E       		.byte	14
 722 02b5 03       		.byte	3
 723 02b6 17       		.byte	23
 724 02b7 02       		.byte	2
 725 02b8 1A       		.byte	26
 726 02b9 01       		.byte	1
 727 02ba 1B       		.byte	27
 728 02bb 01       		.byte	1
 729 02bc 1C       		.byte	28
 730 02bd 03       		.byte	3
 731 02be 21       		.byte	33
 732 02bf 03       		.byte	3
 733 02c0 22       		.byte	34
 734 02c1 03       		.byte	3
 735 02c2 28       		.byte	40
 736 02c3 01       		.byte	1
 737 02c4 2F       		.byte	47
 738 02c5 03       		.byte	3
 739 02c6 35       		.byte	53
 740 02c7 03       		.byte	3
 741 02c8 36       		.byte	54
ARM GAS  C:\Users\Simon\AppData\Local\Temp\cccPV67i.s 			page 14


 742 02c9 03       		.byte	3
 743 02ca 40       		.byte	64
 744 02cb 50       		.byte	80
 745 02cc 41       		.byte	65
 746 02cd 03       		.byte	3
 747 02ce 49       		.byte	73
 748 02cf FF       		.byte	-1
 749 02d0 4A       		.byte	74
 750 02d1 FF       		.byte	-1
 751 02d2 4B       		.byte	75
 752 02d3 FF       		.byte	-1
 753 02d4 4D       		.byte	77
 754 02d5 A0       		.byte	-96
 755 02d6 4F       		.byte	79
 756 02d7 04       		.byte	4
 757 02d8 50       		.byte	80
 758 02d9 18       		.byte	24
 759 02da 58       		.byte	88
 760 02db 04       		.byte	4
 761 02dc 59       		.byte	89
 762 02dd 04       		.byte	4
 763 02de 5A       		.byte	90
 764 02df 04       		.byte	4
 765 02e0 5D       		.byte	93
 766 02e1 02       		.byte	2
 767 02e2 5F       		.byte	95
 768 02e3 01       		.byte	1
 769 02e4 60       		.byte	96
 770 02e5 40       		.byte	64
 771 02e6 62       		.byte	98
 772 02e7 C0       		.byte	-64
 773 02e8 64       		.byte	100
 774 02e9 40       		.byte	64
 775 02ea 65       		.byte	101
 776 02eb 40       		.byte	64
 777 02ec 66       		.byte	102
 778 02ed C0       		.byte	-64
 779 02ee 68       		.byte	104
 780 02ef C0       		.byte	-64
 781 02f0 6A       		.byte	106
 782 02f1 C0       		.byte	-64
 783 02f2 6C       		.byte	108
 784 02f3 C0       		.byte	-64
 785 02f4 6E       		.byte	110
 786 02f5 C0       		.byte	-64
 787 02f6 81       		.byte	-127
 788 02f7 10       		.byte	16
 789 02f8 83       		.byte	-125
 790 02f9 06       		.byte	6
 791 02fa 88       		.byte	-120
 792 02fb 07       		.byte	7
 793 02fc 89       		.byte	-119
 794 02fd 01       		.byte	1
 795 02fe 8A       		.byte	-118
 796 02ff 08       		.byte	8
 797 0300 8B       		.byte	-117
 798 0301 02       		.byte	2
ARM GAS  C:\Users\Simon\AppData\Local\Temp\cccPV67i.s 			page 15


 799 0302 8E       		.byte	-114
 800 0303 10       		.byte	16
 801 0304 90       		.byte	-112
 802 0305 0F       		.byte	15
 803 0306 94       		.byte	-108
 804 0307 02       		.byte	2
 805 0308 95       		.byte	-107
 806 0309 06       		.byte	6
 807 030a 96       		.byte	-106
 808 030b 01       		.byte	1
 809 030c 97       		.byte	-105
 810 030d 19       		.byte	25
 811 030e 9C       		.byte	-100
 812 030f 08       		.byte	8
 813 0310 9E       		.byte	-98
 814 0311 07       		.byte	7
 815 0312 A1       		.byte	-95
 816 0313 1F       		.byte	31
 817 0314 A2       		.byte	-94
 818 0315 04       		.byte	4
 819 0316 A6       		.byte	-90
 820 0317 10       		.byte	16
 821 0318 A8       		.byte	-88
 822 0319 01       		.byte	1
 823 031a A9       		.byte	-87
 824 031b 09       		.byte	9
 825 031c AA       		.byte	-86
 826 031d 02       		.byte	2
 827 031e AB       		.byte	-85
 828 031f 06       		.byte	6
 829 0320 AD       		.byte	-83
 830 0321 04       		.byte	4
 831 0322 AF       		.byte	-81
 832 0323 08       		.byte	8
 833 0324 B2       		.byte	-78
 834 0325 10       		.byte	16
 835 0326 B3       		.byte	-77
 836 0327 1F       		.byte	31
 837 0328 B4       		.byte	-76
 838 0329 0F       		.byte	15
 839 032a BE       		.byte	-66
 840 032b 04       		.byte	4
 841 032c C0       		.byte	-64
 842 032d 50       		.byte	80
 843 032e C1       		.byte	-63
 844 032f 02       		.byte	2
 845 0330 C5       		.byte	-59
 846 0331 D1       		.byte	-47
 847 0332 C6       		.byte	-58
 848 0333 20       		.byte	32
 849 0334 C8       		.byte	-56
 850 0335 0B       		.byte	11
 851 0336 C9       		.byte	-55
 852 0337 FF       		.byte	-1
 853 0338 CA       		.byte	-54
 854 0339 FF       		.byte	-1
 855 033a CB       		.byte	-53
ARM GAS  C:\Users\Simon\AppData\Local\Temp\cccPV67i.s 			page 16


 856 033b FF       		.byte	-1
 857 033c CD       		.byte	-51
 858 033d AF       		.byte	-81
 859 033e CE       		.byte	-50
 860 033f 0F       		.byte	15
 861 0340 CF       		.byte	-49
 862 0341 04       		.byte	4
 863 0342 D0       		.byte	-48
 864 0343 18       		.byte	24
 865 0344 D4       		.byte	-44
 866 0345 05       		.byte	5
 867 0346 D8       		.byte	-40
 868 0347 04       		.byte	4
 869 0348 D9       		.byte	-39
 870 0349 04       		.byte	4
 871 034a DA       		.byte	-38
 872 034b 04       		.byte	4
 873 034c DB       		.byte	-37
 874 034d 04       		.byte	4
 875 034e DD       		.byte	-35
 876 034f 22       		.byte	34
 877 0350 DF       		.byte	-33
 878 0351 01       		.byte	1
 879 0352 E0       		.byte	-32
 880 0353 40       		.byte	64
 881 0354 E2       		.byte	-30
 882 0355 C0       		.byte	-64
 883 0356 E4       		.byte	-28
 884 0357 40       		.byte	64
 885 0358 E5       		.byte	-27
 886 0359 40       		.byte	64
 887 035a E6       		.byte	-26
 888 035b C0       		.byte	-64
 889 035c E8       		.byte	-24
 890 035d C0       		.byte	-64
 891 035e EA       		.byte	-22
 892 035f C0       		.byte	-64
 893 0360 EC       		.byte	-20
 894 0361 C0       		.byte	-64
 895 0362 EE       		.byte	-18
 896 0363 C0       		.byte	-64
 897 0364 01       		.byte	1
 898 0365 20       		.byte	32
 899 0366 02       		.byte	2
 900 0367 02       		.byte	2
 901 0368 05       		.byte	5
 902 0369 02       		.byte	2
 903 036a 06       		.byte	6
 904 036b 02       		.byte	2
 905 036c 09       		.byte	9
 906 036d 08       		.byte	8
 907 036e 0B       		.byte	11
 908 036f 82       		.byte	-126
 909 0370 0D       		.byte	13
 910 0371 10       		.byte	16
 911 0372 0E       		.byte	14
 912 0373 02       		.byte	2
ARM GAS  C:\Users\Simon\AppData\Local\Temp\cccPV67i.s 			page 17


 913 0374 10       		.byte	16
 914 0375 08       		.byte	8
 915 0376 12       		.byte	18
 916 0377 50       		.byte	80
 917 0378 13       		.byte	19
 918 0379 02       		.byte	2
 919 037a 15       		.byte	21
 920 037b 02       		.byte	2
 921 037c 17       		.byte	23
 922 037d 10       		.byte	16
 923 037e 19       		.byte	25
 924 037f 24       		.byte	36
 925 0380 1C       		.byte	28
 926 0381 02       		.byte	2
 927 0382 21       		.byte	33
 928 0383 08       		.byte	8
 929 0384 27       		.byte	39
 930 0385 04       		.byte	4
 931 0386 28       		.byte	40
 932 0387 80       		.byte	-128
 933 0388 29       		.byte	41
 934 0389 20       		.byte	32
 935 038a 2A       		.byte	42
 936 038b 40       		.byte	64
 937 038c 2E       		.byte	46
 938 038d 40       		.byte	64
 939 038e 2F       		.byte	47
 940 038f 40       		.byte	64
 941 0390 31       		.byte	49
 942 0391 08       		.byte	8
 943 0392 37       		.byte	55
 944 0393 14       		.byte	20
 945 0394 39       		.byte	57
 946 0395 10       		.byte	16
 947 0396 3B       		.byte	59
 948 0397 02       		.byte	2
 949 0398 3E       		.byte	62
 950 0399 82       		.byte	-126
 951 039a 41       		.byte	65
 952 039b 20       		.byte	32
 953 039c 46       		.byte	70
 954 039d 10       		.byte	16
 955 039e 48       		.byte	72
 956 039f 20       		.byte	32
 957 03a0 49       		.byte	73
 958 03a1 01       		.byte	1
 959 03a2 4A       		.byte	74
 960 03a3 02       		.byte	2
 961 03a4 4E       		.byte	78
 962 03a5 02       		.byte	2
 963 03a6 51       		.byte	81
 964 03a7 20       		.byte	32
 965 03a8 52       		.byte	82
 966 03a9 10       		.byte	16
 967 03aa 59       		.byte	89
 968 03ab 85       		.byte	-123
 969 03ac 68       		.byte	104
ARM GAS  C:\Users\Simon\AppData\Local\Temp\cccPV67i.s 			page 18


 970 03ad 02       		.byte	2
 971 03ae 69       		.byte	105
 972 03af 40       		.byte	64
 973 03b0 6B       		.byte	107
 974 03b1 01       		.byte	1
 975 03b2 78       		.byte	120
 976 03b3 80       		.byte	-128
 977 03b4 7A       		.byte	122
 978 03b5 01       		.byte	1
 979 03b6 91       		.byte	-111
 980 03b7 3A       		.byte	58
 981 03b8 92       		.byte	-110
 982 03b9 40       		.byte	64
 983 03ba 93       		.byte	-109
 984 03bb 02       		.byte	2
 985 03bc 99       		.byte	-103
 986 03bd 02       		.byte	2
 987 03be 9A       		.byte	-102
 988 03bf 82       		.byte	-126
 989 03c0 9B       		.byte	-101
 990 03c1 12       		.byte	18
 991 03c2 9C       		.byte	-100
 992 03c3 80       		.byte	-128
 993 03c4 9D       		.byte	-99
 994 03c5 20       		.byte	32
 995 03c6 A0       		.byte	-96
 996 03c7 08       		.byte	8
 997 03c8 A4       		.byte	-92
 998 03c9 01       		.byte	1
 999 03ca A5       		.byte	-91
 1000 03cb 08       		.byte	8
 1001 03cc A6       		.byte	-90
 1002 03cd 11       		.byte	17
 1003 03ce AD       		.byte	-83
 1004 03cf 10       		.byte	16
 1005 03d0 AE       		.byte	-82
 1006 03d1 80       		.byte	-128
 1007 03d2 C0       		.byte	-64
 1008 03d3 93       		.byte	-109
 1009 03d4 C2       		.byte	-62
 1010 03d5 CD       		.byte	-51
 1011 03d6 C4       		.byte	-60
 1012 03d7 5E       		.byte	94
 1013 03d8 CA       		.byte	-54
 1014 03d9 9D       		.byte	-99
 1015 03da CC       		.byte	-52
 1016 03db 62       		.byte	98
 1017 03dc CE       		.byte	-50
 1018 03dd 95       		.byte	-107
 1019 03de D0       		.byte	-48
 1020 03df 44       		.byte	68
 1021 03e0 D2       		.byte	-46
 1022 03e1 18       		.byte	24
 1023 03e2 D6       		.byte	-42
 1024 03e3 0B       		.byte	11
 1025 03e4 00       		.byte	0
 1026 03e5 07       		.byte	7
ARM GAS  C:\Users\Simon\AppData\Local\Temp\cccPV67i.s 			page 19


 1027 03e6 04       		.byte	4
 1028 03e7 01       		.byte	1
 1029 03e8 08       		.byte	8
 1030 03e9 02       		.byte	2
 1031 03ea 12       		.byte	18
 1032 03eb 07       		.byte	7
 1033 03ec 1C       		.byte	28
 1034 03ed 04       		.byte	4
 1035 03ee 20       		.byte	32
 1036 03ef 08       		.byte	8
 1037 03f0 2C       		.byte	44
 1038 03f1 0F       		.byte	15
 1039 03f2 34       		.byte	52
 1040 03f3 07       		.byte	7
 1041 03f4 36       		.byte	54
 1042 03f5 08       		.byte	8
 1043 03f6 38       		.byte	56
 1044 03f7 80       		.byte	-128
 1045 03f8 3E       		.byte	62
 1046 03f9 40       		.byte	64
 1047 03fa 40       		.byte	64
 1048 03fb 31       		.byte	49
 1049 03fc 41       		.byte	65
 1050 03fd 06       		.byte	6
 1051 03fe 49       		.byte	73
 1052 03ff FF       		.byte	-1
 1053 0400 4A       		.byte	74
 1054 0401 FF       		.byte	-1
 1055 0402 4B       		.byte	75
 1056 0403 FF       		.byte	-1
 1057 0404 4D       		.byte	77
 1058 0405 A0       		.byte	-96
 1059 0406 4F       		.byte	79
 1060 0407 01       		.byte	1
 1061 0408 50       		.byte	80
 1062 0409 18       		.byte	24
 1063 040a 58       		.byte	88
 1064 040b 04       		.byte	4
 1065 040c 5A       		.byte	90
 1066 040d 04       		.byte	4
 1067 040e 5C       		.byte	92
 1068 040f 03       		.byte	3
 1069 0410 5D       		.byte	93
 1070 0411 01       		.byte	1
 1071 0412 5F       		.byte	95
 1072 0413 01       		.byte	1
 1073 0414 60       		.byte	96
 1074 0415 40       		.byte	64
 1075 0416 62       		.byte	98
 1076 0417 80       		.byte	-128
 1077 0418 64       		.byte	100
 1078 0419 40       		.byte	64
 1079 041a 65       		.byte	101
 1080 041b 40       		.byte	64
 1081 041c 66       		.byte	102
 1082 041d 80       		.byte	-128
 1083 041e 68       		.byte	104
ARM GAS  C:\Users\Simon\AppData\Local\Temp\cccPV67i.s 			page 20


 1084 041f 40       		.byte	64
 1085 0420 6A       		.byte	106
 1086 0421 50       		.byte	80
 1087 0422 6B       		.byte	107
 1088 0423 A8       		.byte	-88
 1089 0424 6C       		.byte	108
 1090 0425 40       		.byte	64
 1091 0426 6D       		.byte	109
 1092 0427 20       		.byte	32
 1093 0428 6E       		.byte	110
 1094 0429 50       		.byte	80
 1095 042a 6F       		.byte	111
 1096 042b A8       		.byte	-88
 1097 042c 82       		.byte	-126
 1098 042d 04       		.byte	4
 1099 042e 83       		.byte	-125
 1100 042f 04       		.byte	4
 1101 0430 8E       		.byte	-114
 1102 0431 01       		.byte	1
 1103 0432 96       		.byte	-106
 1104 0433 04       		.byte	4
 1105 0434 97       		.byte	-105
 1106 0435 01       		.byte	1
 1107 0436 9E       		.byte	-98
 1108 0437 02       		.byte	2
 1109 0438 A0       		.byte	-96
 1110 0439 01       		.byte	1
 1111 043a A3       		.byte	-93
 1112 043b 02       		.byte	2
 1113 043c A4       		.byte	-92
 1114 043d 02       		.byte	2
 1115 043e A8       		.byte	-88
 1116 043f 04       		.byte	4
 1117 0440 B0       		.byte	-80
 1118 0441 01       		.byte	1
 1119 0442 B2       		.byte	-78
 1120 0443 04       		.byte	4
 1121 0444 B3       		.byte	-77
 1122 0445 01       		.byte	1
 1123 0446 B4       		.byte	-76
 1124 0447 02       		.byte	2
 1125 0448 B5       		.byte	-75
 1126 0449 02       		.byte	2
 1127 044a B7       		.byte	-73
 1128 044b 04       		.byte	4
 1129 044c BE       		.byte	-66
 1130 044d 15       		.byte	21
 1131 044e C0       		.byte	-64
 1132 044f 35       		.byte	53
 1133 0450 C1       		.byte	-63
 1134 0451 06       		.byte	6
 1135 0452 C5       		.byte	-59
 1136 0453 0C       		.byte	12
 1137 0454 C6       		.byte	-58
 1138 0455 20       		.byte	32
 1139 0456 C7       		.byte	-57
 1140 0457 5E       		.byte	94
ARM GAS  C:\Users\Simon\AppData\Local\Temp\cccPV67i.s 			page 21


 1141 0458 C8       		.byte	-56
 1142 0459 3B       		.byte	59
 1143 045a C9       		.byte	-55
 1144 045b FF       		.byte	-1
 1145 045c CA       		.byte	-54
 1146 045d FF       		.byte	-1
 1147 045e CB       		.byte	-53
 1148 045f FF       		.byte	-1
 1149 0460 CD       		.byte	-51
 1150 0461 AF       		.byte	-81
 1151 0462 CE       		.byte	-50
 1152 0463 07       		.byte	7
 1153 0464 CF       		.byte	-49
 1154 0465 01       		.byte	1
 1155 0466 D0       		.byte	-48
 1156 0467 18       		.byte	24
 1157 0468 D2       		.byte	-46
 1158 0469 80       		.byte	-128
 1159 046a D4       		.byte	-44
 1160 046b 07       		.byte	7
 1161 046c D8       		.byte	-40
 1162 046d 04       		.byte	4
 1163 046e D9       		.byte	-39
 1164 046f 04       		.byte	4
 1165 0470 DA       		.byte	-38
 1166 0471 04       		.byte	4
 1167 0472 DB       		.byte	-37
 1168 0473 04       		.byte	4
 1169 0474 DC       		.byte	-36
 1170 0475 10       		.byte	16
 1171 0476 DD       		.byte	-35
 1172 0477 11       		.byte	17
 1173 0478 DF       		.byte	-33
 1174 0479 05       		.byte	5
 1175 047a E0       		.byte	-32
 1176 047b 40       		.byte	64
 1177 047c E2       		.byte	-30
 1178 047d 80       		.byte	-128
 1179 047e E4       		.byte	-28
 1180 047f 40       		.byte	64
 1181 0480 E5       		.byte	-27
 1182 0481 40       		.byte	64
 1183 0482 E6       		.byte	-26
 1184 0483 80       		.byte	-128
 1185 0484 E8       		.byte	-24
 1186 0485 40       		.byte	64
 1187 0486 EA       		.byte	-22
 1188 0487 50       		.byte	80
 1189 0488 EB       		.byte	-21
 1190 0489 A8       		.byte	-88
 1191 048a EC       		.byte	-20
 1192 048b 40       		.byte	64
 1193 048c ED       		.byte	-19
 1194 048d 20       		.byte	32
 1195 048e EE       		.byte	-18
 1196 048f 50       		.byte	80
 1197 0490 EF       		.byte	-17
ARM GAS  C:\Users\Simon\AppData\Local\Temp\cccPV67i.s 			page 22


 1198 0491 A8       		.byte	-88
 1199 0492 00       		.byte	0
 1200 0493 24       		.byte	36
 1201 0494 02       		.byte	2
 1202 0495 80       		.byte	-128
 1203 0496 06       		.byte	6
 1204 0497 41       		.byte	65
 1205 0498 09       		.byte	9
 1206 0499 82       		.byte	-126
 1207 049a 0C       		.byte	12
 1208 049b 84       		.byte	-124
 1209 049c 0D       		.byte	13
 1210 049d 04       		.byte	4
 1211 049e 10       		.byte	16
 1212 049f 82       		.byte	-126
 1213 04a0 17       		.byte	23
 1214 04a1 16       		.byte	22
 1215 04a2 18       		.byte	24
 1216 04a3 05       		.byte	5
 1217 04a4 1A       		.byte	26
 1218 04a5 0A       		.byte	10
 1219 04a6 1D       		.byte	29
 1220 04a7 08       		.byte	8
 1221 04a8 1E       		.byte	30
 1222 04a9 48       		.byte	72
 1223 04aa 26       		.byte	38
 1224 04ab 10       		.byte	16
 1225 04ac 27       		.byte	39
 1226 04ad 16       		.byte	22
 1227 04ae 2C       		.byte	44
 1228 04af 80       		.byte	-128
 1229 04b0 34       		.byte	52
 1230 04b1 04       		.byte	4
 1231 04b2 3E       		.byte	62
 1232 04b3 30       		.byte	48
 1233 04b4 3F       		.byte	63
 1234 04b5 02       		.byte	2
 1235 04b6 40       		.byte	64
 1236 04b7 01       		.byte	1
 1237 04b8 41       		.byte	65
 1238 04b9 08       		.byte	8
 1239 04ba 45       		.byte	69
 1240 04bb 08       		.byte	8
 1241 04bc 4B       		.byte	75
 1242 04bd 20       		.byte	32
 1243 04be 4C       		.byte	76
 1244 04bf 80       		.byte	-128
 1245 04c0 4D       		.byte	77
 1246 04c1 20       		.byte	32
 1247 04c2 4E       		.byte	78
 1248 04c3 01       		.byte	1
 1249 04c4 4F       		.byte	79
 1250 04c5 04       		.byte	4
 1251 04c6 56       		.byte	86
 1252 04c7 29       		.byte	41
 1253 04c8 57       		.byte	87
 1254 04c9 01       		.byte	1
ARM GAS  C:\Users\Simon\AppData\Local\Temp\cccPV67i.s 			page 23


 1255 04ca 5E       		.byte	94
 1256 04cb 58       		.byte	88
 1257 04cc 66       		.byte	102
 1258 04cd 08       		.byte	8
 1259 04ce 67       		.byte	103
 1260 04cf 04       		.byte	4
 1261 04d0 76       		.byte	118
 1262 04d1 40       		.byte	64
 1263 04d2 7D       		.byte	125
 1264 04d3 40       		.byte	64
 1265 04d4 85       		.byte	-123
 1266 04d5 20       		.byte	32
 1267 04d6 87       		.byte	-121
 1268 04d7 10       		.byte	16
 1269 04d8 91       		.byte	-111
 1270 04d9 48       		.byte	72
 1271 04da 96       		.byte	-106
 1272 04db 08       		.byte	8
 1273 04dc A0       		.byte	-96
 1274 04dd 12       		.byte	18
 1275 04de A1       		.byte	-95
 1276 04df 82       		.byte	-126
 1277 04e0 A2       		.byte	-94
 1278 04e1 80       		.byte	-128
 1279 04e2 A6       		.byte	-90
 1280 04e3 10       		.byte	16
 1281 04e4 AC       		.byte	-84
 1282 04e5 80       		.byte	-128
 1283 04e6 C0       		.byte	-64
 1284 04e7 9E       		.byte	-98
 1285 04e8 C2       		.byte	-62
 1286 04e9 A9       		.byte	-87
 1287 04ea C4       		.byte	-60
 1288 04eb 79       		.byte	121
 1289 04ec CA       		.byte	-54
 1290 04ed 80       		.byte	-128
 1291 04ee CC       		.byte	-52
 1292 04ef 40       		.byte	64
 1293 04f0 CE       		.byte	-50
 1294 04f1 80       		.byte	-128
 1295 04f2 D0       		.byte	-48
 1296 04f3 4A       		.byte	74
 1297 04f4 D2       		.byte	-46
 1298 04f5 34       		.byte	52
 1299 04f6 D6       		.byte	-42
 1300 04f7 70       		.byte	112
 1301 04f8 D8       		.byte	-40
 1302 04f9 60       		.byte	96
 1303 04fa DE       		.byte	-34
 1304 04fb 10       		.byte	16
 1305 04fc E0       		.byte	-32
 1306 04fd 08       		.byte	8
 1307 04fe E4       		.byte	-28
 1308 04ff 01       		.byte	1
 1309 0500 E6       		.byte	-26
 1310 0501 02       		.byte	2
 1311 0502 EA       		.byte	-22
ARM GAS  C:\Users\Simon\AppData\Local\Temp\cccPV67i.s 			page 24


 1312 0503 04       		.byte	4
 1313 0504 EE       		.byte	-18
 1314 0505 04       		.byte	4
 1315 0506 02       		.byte	2
 1316 0507 01       		.byte	1
 1317 0508 13       		.byte	19
 1318 0509 02       		.byte	2
 1319 050a 1A       		.byte	26
 1320 050b 01       		.byte	1
 1321 050c 27       		.byte	39
 1322 050d 01       		.byte	1
 1323 050e 31       		.byte	49
 1324 050f 02       		.byte	2
 1325 0510 36       		.byte	54
 1326 0511 01       		.byte	1
 1327 0512 37       		.byte	55
 1328 0513 01       		.byte	1
 1329 0514 40       		.byte	64
 1330 0515 61       		.byte	97
 1331 0516 41       		.byte	65
 1332 0517 04       		.byte	4
 1333 0518 49       		.byte	73
 1334 0519 FF       		.byte	-1
 1335 051a 4A       		.byte	74
 1336 051b FF       		.byte	-1
 1337 051c 4B       		.byte	75
 1338 051d FF       		.byte	-1
 1339 051e 4F       		.byte	79
 1340 051f 01       		.byte	1
 1341 0520 50       		.byte	80
 1342 0521 18       		.byte	24
 1343 0522 52       		.byte	82
 1344 0523 80       		.byte	-128
 1345 0524 58       		.byte	88
 1346 0525 04       		.byte	4
 1347 0526 59       		.byte	89
 1348 0527 04       		.byte	4
 1349 0528 5A       		.byte	90
 1350 0529 04       		.byte	4
 1351 052a 5B       		.byte	91
 1352 052b 04       		.byte	4
 1353 052c 5C       		.byte	92
 1354 052d 22       		.byte	34
 1355 052e 5D       		.byte	93
 1356 052f 23       		.byte	35
 1357 0530 5F       		.byte	95
 1358 0531 01       		.byte	1
 1359 0532 60       		.byte	96
 1360 0533 40       		.byte	64
 1361 0534 62       		.byte	98
 1362 0535 40       		.byte	64
 1363 0536 64       		.byte	100
 1364 0537 40       		.byte	64
 1365 0538 65       		.byte	101
 1366 0539 40       		.byte	64
 1367 053a 66       		.byte	102
 1368 053b 80       		.byte	-128
ARM GAS  C:\Users\Simon\AppData\Local\Temp\cccPV67i.s 			page 25


 1369 053c 68       		.byte	104
 1370 053d 80       		.byte	-128
 1371 053e 6A       		.byte	106
 1372 053f 80       		.byte	-128
 1373 0540 6C       		.byte	108
 1374 0541 80       		.byte	-128
 1375 0542 6E       		.byte	110
 1376 0543 80       		.byte	-128
 1377 0544 83       		.byte	-125
 1378 0545 04       		.byte	4
 1379 0546 8A       		.byte	-118
 1380 0547 02       		.byte	2
 1381 0548 8B       		.byte	-117
 1382 0549 01       		.byte	1
 1383 054a 8D       		.byte	-115
 1384 054b 03       		.byte	3
 1385 054c 97       		.byte	-105
 1386 054d 01       		.byte	1
 1387 054e 9C       		.byte	-100
 1388 054f 01       		.byte	1
 1389 0550 9F       		.byte	-97
 1390 0551 02       		.byte	2
 1391 0552 A2       		.byte	-94
 1392 0553 02       		.byte	2
 1393 0554 A6       		.byte	-90
 1394 0555 01       		.byte	1
 1395 0556 AF       		.byte	-81
 1396 0557 01       		.byte	1
 1397 0558 B0       		.byte	-80
 1398 0559 02       		.byte	2
 1399 055a B3       		.byte	-77
 1400 055b 04       		.byte	4
 1401 055c B6       		.byte	-74
 1402 055d 01       		.byte	1
 1403 055e B7       		.byte	-73
 1404 055f 03       		.byte	3
 1405 0560 BE       		.byte	-66
 1406 0561 01       		.byte	1
 1407 0562 C0       		.byte	-64
 1408 0563 61       		.byte	97
 1409 0564 C1       		.byte	-63
 1410 0565 04       		.byte	4
 1411 0566 C5       		.byte	-59
 1412 0567 EC       		.byte	-20
 1413 0568 C6       		.byte	-58
 1414 0569 02       		.byte	2
 1415 056a C8       		.byte	-56
 1416 056b 07       		.byte	7
 1417 056c C9       		.byte	-55
 1418 056d FF       		.byte	-1
 1419 056e CA       		.byte	-54
 1420 056f FF       		.byte	-1
 1421 0570 CB       		.byte	-53
 1422 0571 FF       		.byte	-1
 1423 0572 CD       		.byte	-51
 1424 0573 83       		.byte	-125
 1425 0574 CE       		.byte	-50
ARM GAS  C:\Users\Simon\AppData\Local\Temp\cccPV67i.s 			page 26


 1426 0575 03       		.byte	3
 1427 0576 CF       		.byte	-49
 1428 0577 01       		.byte	1
 1429 0578 D0       		.byte	-48
 1430 0579 18       		.byte	24
 1431 057a D2       		.byte	-46
 1432 057b 80       		.byte	-128
 1433 057c D4       		.byte	-44
 1434 057d 01       		.byte	1
 1435 057e D6       		.byte	-42
 1436 057f 04       		.byte	4
 1437 0580 D8       		.byte	-40
 1438 0581 04       		.byte	4
 1439 0582 D9       		.byte	-39
 1440 0583 04       		.byte	4
 1441 0584 DA       		.byte	-38
 1442 0585 04       		.byte	4
 1443 0586 DB       		.byte	-37
 1444 0587 04       		.byte	4
 1445 0588 DC       		.byte	-36
 1446 0589 32       		.byte	50
 1447 058a DD       		.byte	-35
 1448 058b 33       		.byte	51
 1449 058c DF       		.byte	-33
 1450 058d 05       		.byte	5
 1451 058e E0       		.byte	-32
 1452 058f 40       		.byte	64
 1453 0590 E2       		.byte	-30
 1454 0591 40       		.byte	64
 1455 0592 E4       		.byte	-28
 1456 0593 40       		.byte	64
 1457 0594 E5       		.byte	-27
 1458 0595 40       		.byte	64
 1459 0596 E6       		.byte	-26
 1460 0597 80       		.byte	-128
 1461 0598 E8       		.byte	-24
 1462 0599 80       		.byte	-128
 1463 059a EA       		.byte	-22
 1464 059b 80       		.byte	-128
 1465 059c EC       		.byte	-20
 1466 059d 80       		.byte	-128
 1467 059e EE       		.byte	-18
 1468 059f 80       		.byte	-128
 1469 05a0 00       		.byte	0
 1470 05a1 20       		.byte	32
 1471 05a2 07       		.byte	7
 1472 05a3 80       		.byte	-128
 1473 05a4 09       		.byte	9
 1474 05a5 40       		.byte	64
 1475 05a6 0C       		.byte	12
 1476 05a7 20       		.byte	32
 1477 05a8 10       		.byte	16
 1478 05a9 A0       		.byte	-96
 1479 05aa 19       		.byte	25
 1480 05ab 80       		.byte	-128
 1481 05ac 1A       		.byte	26
 1482 05ad 40       		.byte	64
ARM GAS  C:\Users\Simon\AppData\Local\Temp\cccPV67i.s 			page 27


 1483 05ae 1E       		.byte	30
 1484 05af 02       		.byte	2
 1485 05b0 1F       		.byte	31
 1486 05b1 40       		.byte	64
 1487 05b2 20       		.byte	32
 1488 05b3 30       		.byte	48
 1489 05b4 22       		.byte	34
 1490 05b5 80       		.byte	-128
 1491 05b6 25       		.byte	37
 1492 05b7 40       		.byte	64
 1493 05b8 26       		.byte	38
 1494 05b9 02       		.byte	2
 1495 05ba 27       		.byte	39
 1496 05bb 80       		.byte	-128
 1497 05bc 2A       		.byte	42
 1498 05bd 40       		.byte	64
 1499 05be 2C       		.byte	44
 1500 05bf 20       		.byte	32
 1501 05c0 32       		.byte	50
 1502 05c1 84       		.byte	-124
 1503 05c2 35       		.byte	53
 1504 05c3 02       		.byte	2
 1505 05c4 38       		.byte	56
 1506 05c5 12       		.byte	18
 1507 05c6 39       		.byte	57
 1508 05c7 40       		.byte	64
 1509 05c8 41       		.byte	65
 1510 05c9 80       		.byte	-128
 1511 05ca 43       		.byte	67
 1512 05cb 01       		.byte	1
 1513 05cc 45       		.byte	69
 1514 05cd 80       		.byte	-128
 1515 05ce 47       		.byte	71
 1516 05cf 01       		.byte	1
 1517 05d0 49       		.byte	73
 1518 05d1 05       		.byte	5
 1519 05d2 4A       		.byte	74
 1520 05d3 08       		.byte	8
 1521 05d4 4E       		.byte	78
 1522 05d5 0C       		.byte	12
 1523 05d6 50       		.byte	80
 1524 05d7 80       		.byte	-128
 1525 05d8 51       		.byte	81
 1526 05d9 80       		.byte	-128
 1527 05da 52       		.byte	82
 1528 05db 40       		.byte	64
 1529 05dc 59       		.byte	89
 1530 05dd 05       		.byte	5
 1531 05de 5A       		.byte	90
 1532 05df 40       		.byte	64
 1533 05e0 60       		.byte	96
 1534 05e1 80       		.byte	-128
 1535 05e2 70       		.byte	112
 1536 05e3 01       		.byte	1
 1537 05e4 71       		.byte	113
 1538 05e5 02       		.byte	2
 1539 05e6 75       		.byte	117
ARM GAS  C:\Users\Simon\AppData\Local\Temp\cccPV67i.s 			page 28


 1540 05e7 02       		.byte	2
 1541 05e8 79       		.byte	121
 1542 05e9 40       		.byte	64
 1543 05ea 82       		.byte	-126
 1544 05eb 01       		.byte	1
 1545 05ec 91       		.byte	-111
 1546 05ed 48       		.byte	72
 1547 05ee 97       		.byte	-105
 1548 05ef 80       		.byte	-128
 1549 05f0 9B       		.byte	-101
 1550 05f1 01       		.byte	1
 1551 05f2 9D       		.byte	-99
 1552 05f3 80       		.byte	-128
 1553 05f4 A0       		.byte	-96
 1554 05f5 22       		.byte	34
 1555 05f6 A6       		.byte	-90
 1556 05f7 13       		.byte	19
 1557 05f8 C0       		.byte	-64
 1558 05f9 12       		.byte	18
 1559 05fa C2       		.byte	-62
 1560 05fb 41       		.byte	65
 1561 05fc C4       		.byte	-60
 1562 05fd 0C       		.byte	12
 1563 05fe CA       		.byte	-54
 1564 05ff 48       		.byte	72
 1565 0600 CC       		.byte	-52
 1566 0601 8A       		.byte	-118
 1567 0602 CE       		.byte	-50
 1568 0603 0D       		.byte	13
 1569 0604 D0       		.byte	-48
 1570 0605 99       		.byte	-103
 1571 0606 D2       		.byte	-46
 1572 0607 24       		.byte	36
 1573 0608 D6       		.byte	-42
 1574 0609 0B       		.byte	11
 1575 060a D8       		.byte	-40
 1576 060b 01       		.byte	1
 1577 060c DE       		.byte	-34
 1578 060d 08       		.byte	8
 1579 060e E2       		.byte	-30
 1580 060f 03       		.byte	3
 1581 0610 39       		.byte	57
 1582 0611 80       		.byte	-128
 1583 0612 3F       		.byte	63
 1584 0613 40       		.byte	64
 1585 0614 59       		.byte	89
 1586 0615 04       		.byte	4
 1587 0616 5F       		.byte	95
 1588 0617 01       		.byte	1
 1589 0618 25       		.byte	37
 1590 0619 80       		.byte	-128
 1591 061a E2       		.byte	-30
 1592 061b 03       		.byte	3
 1593 061c 85       		.byte	-123
 1594 061d 80       		.byte	-128
 1595 061e A1       		.byte	-95
 1596 061f 80       		.byte	-128
ARM GAS  C:\Users\Simon\AppData\Local\Temp\cccPV67i.s 			page 29


 1597 0620 E0       		.byte	-32
 1598 0621 08       		.byte	8
 1599 0622 E4       		.byte	-28
 1600 0623 01       		.byte	1
 1601 0624 EA       		.byte	-22
 1602 0625 04       		.byte	4
 1603 0626 EE       		.byte	-18
 1604 0627 04       		.byte	4
 1605 0628 30       		.byte	48
 1606 0629 42       		.byte	66
 1607 062a 36       		.byte	54
 1608 062b 24       		.byte	36
 1609 062c 87       		.byte	-121
 1610 062d 10       		.byte	16
 1611 062e CC       		.byte	-52
 1612 062f F0       		.byte	-16
 1613 0630 E6       		.byte	-26
 1614 0631 40       		.byte	64
 1615 0632 0C       		.byte	12
 1616 0633 04       		.byte	4
 1617 0634 84       		.byte	-124
 1618 0635 40       		.byte	64
 1619 0636 93       		.byte	-109
 1620 0637 20       		.byte	32
 1621 0638 9C       		.byte	-100
 1622 0639 40       		.byte	64
 1623 063a A3       		.byte	-93
 1624 063b 20       		.byte	32
 1625 063c A4       		.byte	-92
 1626 063d 02       		.byte	2
 1627 063e A6       		.byte	-90
 1628 063f 24       		.byte	36
 1629 0640 AF       		.byte	-81
 1630 0641 20       		.byte	32
 1631 0642 C2       		.byte	-62
 1632 0643 20       		.byte	32
 1633 0644 E6       		.byte	-26
 1634 0645 10       		.byte	16
 1635 0646 EE       		.byte	-18
 1636 0647 10       		.byte	16
 1637 0648 3C       		.byte	60
 1638 0649 80       		.byte	-128
 1639 064a 80       		.byte	-128
 1640 064b 02       		.byte	2
 1641 064c 88       		.byte	-120
 1642 064d 04       		.byte	4
 1643 064e 93       		.byte	-109
 1644 064f 20       		.byte	32
 1645 0650 98       		.byte	-104
 1646 0651 04       		.byte	4
 1647 0652 A3       		.byte	-93
 1648 0653 20       		.byte	32
 1649 0654 A4       		.byte	-92
 1650 0655 02       		.byte	2
 1651 0656 A6       		.byte	-90
 1652 0657 24       		.byte	36
 1653 0658 CE       		.byte	-50
ARM GAS  C:\Users\Simon\AppData\Local\Temp\cccPV67i.s 			page 30


 1654 0659 20       		.byte	32
 1655 065a E2       		.byte	-30
 1656 065b 20       		.byte	32
 1657 065c 93       		.byte	-109
 1658 065d 20       		.byte	32
 1659 065e 97       		.byte	-105
 1660 065f 04       		.byte	4
 1661 0660 A3       		.byte	-93
 1662 0661 20       		.byte	32
 1663 0662 A4       		.byte	-92
 1664 0663 40       		.byte	64
 1665 0664 A6       		.byte	-90
 1666 0665 24       		.byte	36
 1667 0666 AF       		.byte	-81
 1668 0667 04       		.byte	4
 1669 0668 E8       		.byte	-24
 1670 0669 40       		.byte	64
 1671 066a 80       		.byte	-128
 1672 066b 08       		.byte	8
 1673 066c 83       		.byte	-125
 1674 066d 02       		.byte	2
 1675 066e 84       		.byte	-124
 1676 066f 40       		.byte	64
 1677 0670 93       		.byte	-109
 1678 0671 20       		.byte	32
 1679 0672 97       		.byte	-105
 1680 0673 04       		.byte	4
 1681 0674 A3       		.byte	-93
 1682 0675 20       		.byte	32
 1683 0676 A4       		.byte	-92
 1684 0677 40       		.byte	64
 1685 0678 A6       		.byte	-90
 1686 0679 24       		.byte	36
 1687 067a E2       		.byte	-30
 1688 067b C0       		.byte	-64
 1689 067c E6       		.byte	-26
 1690 067d 80       		.byte	-128
 1691 067e 0B       		.byte	11
 1692 067f 04       		.byte	4
 1693 0680 12       		.byte	18
 1694 0681 20       		.byte	32
 1695 0682 16       		.byte	22
 1696 0683 40       		.byte	64
 1697 0684 53       		.byte	83
 1698 0685 10       		.byte	16
 1699 0686 57       		.byte	87
 1700 0687 20       		.byte	32
 1701 0688 5F       		.byte	95
 1702 0689 02       		.byte	2
 1703 068a 70       		.byte	112
 1704 068b 08       		.byte	8
 1705 068c 77       		.byte	119
 1706 068d 10       		.byte	16
 1707 068e 82       		.byte	-126
 1708 068f 20       		.byte	32
 1709 0690 86       		.byte	-122
 1710 0691 40       		.byte	64
ARM GAS  C:\Users\Simon\AppData\Local\Temp\cccPV67i.s 			page 31


 1711 0692 93       		.byte	-109
 1712 0693 20       		.byte	32
 1713 0694 97       		.byte	-105
 1714 0695 04       		.byte	4
 1715 0696 9B       		.byte	-101
 1716 0697 12       		.byte	18
 1717 0698 A0       		.byte	-96
 1718 0699 08       		.byte	8
 1719 069a A3       		.byte	-93
 1720 069b 20       		.byte	32
 1721 069c AA       		.byte	-86
 1722 069d 04       		.byte	4
 1723 069e AB       		.byte	-85
 1724 069f 10       		.byte	16
 1725 06a0 AE       		.byte	-82
 1726 06a1 20       		.byte	32
 1727 06a2 C2       		.byte	-62
 1728 06a3 40       		.byte	64
 1729 06a4 C4       		.byte	-60
 1730 06a5 30       		.byte	48
 1731 06a6 D4       		.byte	-44
 1732 06a7 60       		.byte	96
 1733 06a8 D6       		.byte	-42
 1734 06a9 80       		.byte	-128
 1735 06aa DC       		.byte	-36
 1736 06ab 80       		.byte	-128
 1737 06ac DE       		.byte	-34
 1738 06ad 20       		.byte	32
 1739 06ae E0       		.byte	-32
 1740 06af 10       		.byte	16
 1741 06b0 E4       		.byte	-28
 1742 06b1 80       		.byte	-128
 1743 06b2 EA       		.byte	-22
 1744 06b3 20       		.byte	32
 1745 06b4 EE       		.byte	-18
 1746 06b5 60       		.byte	96
 1747 06b6 10       		.byte	16
 1748 06b7 20       		.byte	32
 1749 06b8 13       		.byte	19
 1750 06b9 80       		.byte	-128
 1751 06ba 16       		.byte	22
 1752 06bb 20       		.byte	32
 1753 06bc 1F       		.byte	31
 1754 06bd 80       		.byte	-128
 1755 06be 7B       		.byte	123
 1756 06bf 10       		.byte	16
 1757 06c0 7F       		.byte	127
 1758 06c1 40       		.byte	64
 1759 06c2 80       		.byte	-128
 1760 06c3 20       		.byte	32
 1761 06c4 87       		.byte	-121
 1762 06c5 80       		.byte	-128
 1763 06c6 C4       		.byte	-60
 1764 06c7 0E       		.byte	14
 1765 06c8 C6       		.byte	-58
 1766 06c9 01       		.byte	1
 1767 06ca DE       		.byte	-34
ARM GAS  C:\Users\Simon\AppData\Local\Temp\cccPV67i.s 			page 32


 1768 06cb 03       		.byte	3
 1769 06cc 83       		.byte	-125
 1770 06cd 10       		.byte	16
 1771 06ce 87       		.byte	-121
 1772 06cf 40       		.byte	64
 1773 06d0 97       		.byte	-105
 1774 06d1 80       		.byte	-128
 1775 06d2 A7       		.byte	-89
 1776 06d3 10       		.byte	16
 1777 06d4 AA       		.byte	-86
 1778 06d5 20       		.byte	32
 1779 06d6 AB       		.byte	-85
 1780 06d7 80       		.byte	-128
 1781 06d8 00       		.byte	0
 1782 06d9 35       		.byte	53
 1783 06da 08       		.byte	8
 1784 06db 30       		.byte	48
 1785 06dc 0A       		.byte	10
 1786 06dd 05       		.byte	5
 1787 06de 10       		.byte	16
 1788 06df 0E       		.byte	14
 1789 06e0 1A       		.byte	26
 1790 06e1 0E       		.byte	14
 1791 06e2 00       		.byte	0
 1792 06e3 FF       		.byte	-1
 1793 06e4 03       		.byte	3
 1794 06e5 C0       		.byte	-64
 1795 06e6 00       		.byte	0
 1796 06e7 00       		.byte	0
 1797 06e8 61       		.byte	97
 1798 06e9 00       		.byte	0
 1799 06ea A0       		.byte	-96
 1800 06eb 59       		.byte	89
 1801 06ec 59       		.byte	89
 1802 06ed 00       		.byte	0
 1803 06ee 00       		.byte	0
 1804 06ef 00       		.byte	0
 1805 06f0 06       		.byte	6
 1806 06f1 00       		.byte	0
 1807 06f2 00       		.byte	0
 1808 06f3 00       		.byte	0
 1809 06f4 03       		.byte	3
 1810 06f5 00       		.byte	0
 1811 06f6 00       		.byte	0
 1812 06f7 00       		.byte	0
 1813 06f8 03       		.byte	3
 1814 06f9 00       		.byte	0
 1815 06fa 03       		.byte	3
 1816 06fb 00       		.byte	0
 1817 06fc 00       		.byte	0
 1818 06fd 00       		.byte	0
 1819 06fe 00       		.byte	0
 1820 06ff 00       		.byte	0
 1821 0700 00       		.byte	0
 1822 0701 4B       		.byte	75
 1823 0702 4B       		.byte	75
 1824 0703 00       		.byte	0
ARM GAS  C:\Users\Simon\AppData\Local\Temp\cccPV67i.s 			page 33


 1825 0704 00       		.byte	0
 1826 0705 00       		.byte	0
 1827 0706 00       		.byte	0
 1828 0707 00       		.byte	0
 1829 0708 40       		.byte	64
 1830 0709 BF       		.byte	-65
 1831 070a BF       		.byte	-65
 1832 070b 00       		.byte	0
 1833 070c 83       		.byte	-125
 1834 070d 00       		.byte	0
 1835 070e 00       		.byte	0
 1836 070f 00       		.byte	0
 1837 0710 0C       		.byte	12
 1838 0711 00       		.byte	0
 1839 0712 18       		.byte	24
 1840 0713 01       		.byte	1
 1841              		.section	.cywolatch,"a",%progbits
 1842              		.align	2
 1843              		.type	cy_meta_wonvl, %object
 1844              		.size	cy_meta_wonvl, 4
 1845              	cy_meta_wonvl:
 1846 0000 BC       		.byte	-68
 1847 0001 90       		.byte	-112
 1848 0002 AC       		.byte	-84
 1849 0003 AF       		.byte	-81
 1850              		.section	.cycustnvl,"a",%progbits
 1851              		.align	2
 1852              		.type	cy_meta_custnvl, %object
 1853              		.size	cy_meta_custnvl, 4
 1854              	cy_meta_custnvl:
 1855 0000 00       		.byte	0
 1856 0001 00       		.byte	0
 1857 0002 40       		.byte	64
 1858 0003 05       		.byte	5
 1859              		.section	.cymeta,"a",%progbits
 1860              		.align	2
 1861              		.type	cy_metadata, %object
 1862              		.size	cy_metadata, 12
 1863              	cy_metadata:
 1864 0000 00       		.byte	0
 1865 0001 01       		.byte	1
 1866 0002 2E       		.byte	46
 1867 0003 16       		.byte	22
 1868 0004 10       		.byte	16
 1869 0005 69       		.byte	105
 1870 0006 00       		.byte	0
 1871 0007 01       		.byte	1
 1872 0008 00       		.byte	0
 1873 0009 00       		.byte	0
 1874 000a 00       		.byte	0
 1875 000b 00       		.byte	0
 1876              		.section	.cyflashprotect,"a",%progbits
 1877              		.align	2
 1878              		.type	cy_meta_flashprotect, %object
 1879              		.size	cy_meta_flashprotect, 256
 1880              	cy_meta_flashprotect:
 1881 0000 00000000 		.space	256
ARM GAS  C:\Users\Simon\AppData\Local\Temp\cccPV67i.s 			page 34


 1881      00000000 
 1881      00000000 
 1881      00000000 
 1881      00000000 
 1882              		.text
 1883              	.Letext0:
 1884              		.file 1 "c:\\program files (x86)\\cypress\\psoc creator\\4.3\\psoc creator\\import\\gnu\\arm\\5.4.
 1885              		.file 2 "c:\\program files (x86)\\cypress\\psoc creator\\4.3\\psoc creator\\import\\gnu\\arm\\5.4.
 1886              		.file 3 "Generated_Source\\PSoC5\\cymetadata.c"
 1887              		.section	.debug_info,"",%progbits
 1888              	.Ldebug_info0:
 1889 0000 35010000 		.4byte	0x135
 1890 0004 0400     		.2byte	0x4
 1891 0006 00000000 		.4byte	.Ldebug_abbrev0
 1892 000a 04       		.byte	0x4
 1893 000b 01       		.uleb128 0x1
 1894 000c 24000000 		.4byte	.LASF17
 1895 0010 0C       		.byte	0xc
 1896 0011 CA010000 		.4byte	.LASF18
 1897 0015 B2000000 		.4byte	.LASF19
 1898 0019 00000000 		.4byte	.Ldebug_line0
 1899 001d 02       		.uleb128 0x2
 1900 001e 01       		.byte	0x1
 1901 001f 06       		.byte	0x6
 1902 0020 BE010000 		.4byte	.LASF0
 1903 0024 03       		.uleb128 0x3
 1904 0025 00000000 		.4byte	.LASF9
 1905 0029 01       		.byte	0x1
 1906 002a 1D       		.byte	0x1d
 1907 002b 2F000000 		.4byte	0x2f
 1908 002f 02       		.uleb128 0x2
 1909 0030 01       		.byte	0x1
 1910 0031 08       		.byte	0x8
 1911 0032 16000000 		.4byte	.LASF1
 1912 0036 02       		.uleb128 0x2
 1913 0037 02       		.byte	0x2
 1914 0038 05       		.byte	0x5
 1915 0039 AB010000 		.4byte	.LASF2
 1916 003d 02       		.uleb128 0x2
 1917 003e 02       		.byte	0x2
 1918 003f 07       		.byte	0x7
 1919 0040 FE000000 		.4byte	.LASF3
 1920 0044 02       		.uleb128 0x2
 1921 0045 04       		.byte	0x4
 1922 0046 05       		.byte	0x5
 1923 0047 B5010000 		.4byte	.LASF4
 1924 004b 02       		.uleb128 0x2
 1925 004c 04       		.byte	0x4
 1926 004d 07       		.byte	0x7
 1927 004e 11010000 		.4byte	.LASF5
 1928 0052 02       		.uleb128 0x2
 1929 0053 08       		.byte	0x8
 1930 0054 05       		.byte	0x5
 1931 0055 9D010000 		.4byte	.LASF6
 1932 0059 02       		.uleb128 0x2
 1933 005a 08       		.byte	0x8
 1934 005b 07       		.byte	0x7
ARM GAS  C:\Users\Simon\AppData\Local\Temp\cccPV67i.s 			page 35


 1935 005c 52010000 		.4byte	.LASF7
 1936 0060 04       		.uleb128 0x4
 1937 0061 04       		.byte	0x4
 1938 0062 05       		.byte	0x5
 1939 0063 696E7400 		.ascii	"int\000"
 1940 0067 02       		.uleb128 0x2
 1941 0068 04       		.byte	0x4
 1942 0069 07       		.byte	0x7
 1943 006a 45010000 		.4byte	.LASF8
 1944 006e 03       		.uleb128 0x3
 1945 006f 69010000 		.4byte	.LASF10
 1946 0073 02       		.byte	0x2
 1947 0074 18       		.byte	0x18
 1948 0075 24000000 		.4byte	0x24
 1949 0079 05       		.uleb128 0x5
 1950 007a 91000000 		.4byte	0x91
 1951 007e 8A000000 		.4byte	0x8a
 1952 0082 06       		.uleb128 0x6
 1953 0083 8A000000 		.4byte	0x8a
 1954 0087 1307     		.2byte	0x713
 1955 0089 00       		.byte	0
 1956 008a 02       		.uleb128 0x2
 1957 008b 04       		.byte	0x4
 1958 008c 07       		.byte	0x7
 1959 008d 94010000 		.4byte	.LASF11
 1960 0091 07       		.uleb128 0x7
 1961 0092 6E000000 		.4byte	0x6e
 1962 0096 08       		.uleb128 0x8
 1963 0097 33010000 		.4byte	.LASF12
 1964 009b 03       		.byte	0x3
 1965 009c 1F       		.byte	0x1f
 1966 009d A7000000 		.4byte	0xa7
 1967 00a1 05       		.uleb128 0x5
 1968 00a2 03       		.byte	0x3
 1969 00a3 00000000 		.4byte	cy_meta_configecc
 1970 00a7 07       		.uleb128 0x7
 1971 00a8 79000000 		.4byte	0x79
 1972 00ac 05       		.uleb128 0x5
 1973 00ad 91000000 		.4byte	0x91
 1974 00b1 BC000000 		.4byte	0xbc
 1975 00b5 09       		.uleb128 0x9
 1976 00b6 8A000000 		.4byte	0x8a
 1977 00ba 03       		.byte	0x3
 1978 00bb 00       		.byte	0
 1979 00bc 0A       		.uleb128 0xa
 1980 00bd 23010000 		.4byte	.LASF13
 1981 00c1 03       		.byte	0x3
 1982 00c2 0F01     		.2byte	0x10f
 1983 00c4 CE000000 		.4byte	0xce
 1984 00c8 05       		.uleb128 0x5
 1985 00c9 03       		.byte	0x3
 1986 00ca 00000000 		.4byte	cy_meta_custnvl
 1987 00ce 07       		.uleb128 0x7
 1988 00cf AC000000 		.4byte	0xac
 1989 00d3 0A       		.uleb128 0xa
 1990 00d4 86010000 		.4byte	.LASF14
 1991 00d8 03       		.byte	0x3
ARM GAS  C:\Users\Simon\AppData\Local\Temp\cccPV67i.s 			page 36


 1992 00d9 1D01     		.2byte	0x11d
 1993 00db E5000000 		.4byte	0xe5
 1994 00df 05       		.uleb128 0x5
 1995 00e0 03       		.byte	0x3
 1996 00e1 00000000 		.4byte	cy_meta_wonvl
 1997 00e5 07       		.uleb128 0x7
 1998 00e6 AC000000 		.4byte	0xac
 1999 00ea 05       		.uleb128 0x5
 2000 00eb 91000000 		.4byte	0x91
 2001 00ef FA000000 		.4byte	0xfa
 2002 00f3 09       		.uleb128 0x9
 2003 00f4 8A000000 		.4byte	0x8a
 2004 00f8 FF       		.byte	0xff
 2005 00f9 00       		.byte	0
 2006 00fa 0A       		.uleb128 0xa
 2007 00fb 71010000 		.4byte	.LASF15
 2008 00ff 03       		.byte	0x3
 2009 0100 2B01     		.2byte	0x12b
 2010 0102 0C010000 		.4byte	0x10c
 2011 0106 05       		.uleb128 0x5
 2012 0107 03       		.byte	0x3
 2013 0108 00000000 		.4byte	cy_meta_flashprotect
 2014 010c 07       		.uleb128 0x7
 2015 010d EA000000 		.4byte	0xea
 2016 0111 05       		.uleb128 0x5
 2017 0112 91000000 		.4byte	0x91
 2018 0116 21010000 		.4byte	0x121
 2019 011a 09       		.uleb128 0x9
 2020 011b 8A000000 		.4byte	0x8a
 2021 011f 0B       		.byte	0xb
 2022 0120 00       		.byte	0
 2023 0121 0A       		.uleb128 0xa
 2024 0122 0A000000 		.4byte	.LASF16
 2025 0126 03       		.byte	0x3
 2026 0127 5801     		.2byte	0x158
 2027 0129 33010000 		.4byte	0x133
 2028 012d 05       		.uleb128 0x5
 2029 012e 03       		.byte	0x3
 2030 012f 00000000 		.4byte	cy_metadata
 2031 0133 07       		.uleb128 0x7
 2032 0134 11010000 		.4byte	0x111
 2033 0138 00       		.byte	0
 2034              		.section	.debug_abbrev,"",%progbits
 2035              	.Ldebug_abbrev0:
 2036 0000 01       		.uleb128 0x1
 2037 0001 11       		.uleb128 0x11
 2038 0002 01       		.byte	0x1
 2039 0003 25       		.uleb128 0x25
 2040 0004 0E       		.uleb128 0xe
 2041 0005 13       		.uleb128 0x13
 2042 0006 0B       		.uleb128 0xb
 2043 0007 03       		.uleb128 0x3
 2044 0008 0E       		.uleb128 0xe
 2045 0009 1B       		.uleb128 0x1b
 2046 000a 0E       		.uleb128 0xe
 2047 000b 10       		.uleb128 0x10
 2048 000c 17       		.uleb128 0x17
ARM GAS  C:\Users\Simon\AppData\Local\Temp\cccPV67i.s 			page 37


 2049 000d 00       		.byte	0
 2050 000e 00       		.byte	0
 2051 000f 02       		.uleb128 0x2
 2052 0010 24       		.uleb128 0x24
 2053 0011 00       		.byte	0
 2054 0012 0B       		.uleb128 0xb
 2055 0013 0B       		.uleb128 0xb
 2056 0014 3E       		.uleb128 0x3e
 2057 0015 0B       		.uleb128 0xb
 2058 0016 03       		.uleb128 0x3
 2059 0017 0E       		.uleb128 0xe
 2060 0018 00       		.byte	0
 2061 0019 00       		.byte	0
 2062 001a 03       		.uleb128 0x3
 2063 001b 16       		.uleb128 0x16
 2064 001c 00       		.byte	0
 2065 001d 03       		.uleb128 0x3
 2066 001e 0E       		.uleb128 0xe
 2067 001f 3A       		.uleb128 0x3a
 2068 0020 0B       		.uleb128 0xb
 2069 0021 3B       		.uleb128 0x3b
 2070 0022 0B       		.uleb128 0xb
 2071 0023 49       		.uleb128 0x49
 2072 0024 13       		.uleb128 0x13
 2073 0025 00       		.byte	0
 2074 0026 00       		.byte	0
 2075 0027 04       		.uleb128 0x4
 2076 0028 24       		.uleb128 0x24
 2077 0029 00       		.byte	0
 2078 002a 0B       		.uleb128 0xb
 2079 002b 0B       		.uleb128 0xb
 2080 002c 3E       		.uleb128 0x3e
 2081 002d 0B       		.uleb128 0xb
 2082 002e 03       		.uleb128 0x3
 2083 002f 08       		.uleb128 0x8
 2084 0030 00       		.byte	0
 2085 0031 00       		.byte	0
 2086 0032 05       		.uleb128 0x5
 2087 0033 01       		.uleb128 0x1
 2088 0034 01       		.byte	0x1
 2089 0035 49       		.uleb128 0x49
 2090 0036 13       		.uleb128 0x13
 2091 0037 01       		.uleb128 0x1
 2092 0038 13       		.uleb128 0x13
 2093 0039 00       		.byte	0
 2094 003a 00       		.byte	0
 2095 003b 06       		.uleb128 0x6
 2096 003c 21       		.uleb128 0x21
 2097 003d 00       		.byte	0
 2098 003e 49       		.uleb128 0x49
 2099 003f 13       		.uleb128 0x13
 2100 0040 2F       		.uleb128 0x2f
 2101 0041 05       		.uleb128 0x5
 2102 0042 00       		.byte	0
 2103 0043 00       		.byte	0
 2104 0044 07       		.uleb128 0x7
 2105 0045 26       		.uleb128 0x26
ARM GAS  C:\Users\Simon\AppData\Local\Temp\cccPV67i.s 			page 38


 2106 0046 00       		.byte	0
 2107 0047 49       		.uleb128 0x49
 2108 0048 13       		.uleb128 0x13
 2109 0049 00       		.byte	0
 2110 004a 00       		.byte	0
 2111 004b 08       		.uleb128 0x8
 2112 004c 34       		.uleb128 0x34
 2113 004d 00       		.byte	0
 2114 004e 03       		.uleb128 0x3
 2115 004f 0E       		.uleb128 0xe
 2116 0050 3A       		.uleb128 0x3a
 2117 0051 0B       		.uleb128 0xb
 2118 0052 3B       		.uleb128 0x3b
 2119 0053 0B       		.uleb128 0xb
 2120 0054 49       		.uleb128 0x49
 2121 0055 13       		.uleb128 0x13
 2122 0056 3F       		.uleb128 0x3f
 2123 0057 19       		.uleb128 0x19
 2124 0058 02       		.uleb128 0x2
 2125 0059 18       		.uleb128 0x18
 2126 005a 00       		.byte	0
 2127 005b 00       		.byte	0
 2128 005c 09       		.uleb128 0x9
 2129 005d 21       		.uleb128 0x21
 2130 005e 00       		.byte	0
 2131 005f 49       		.uleb128 0x49
 2132 0060 13       		.uleb128 0x13
 2133 0061 2F       		.uleb128 0x2f
 2134 0062 0B       		.uleb128 0xb
 2135 0063 00       		.byte	0
 2136 0064 00       		.byte	0
 2137 0065 0A       		.uleb128 0xa
 2138 0066 34       		.uleb128 0x34
 2139 0067 00       		.byte	0
 2140 0068 03       		.uleb128 0x3
 2141 0069 0E       		.uleb128 0xe
 2142 006a 3A       		.uleb128 0x3a
 2143 006b 0B       		.uleb128 0xb
 2144 006c 3B       		.uleb128 0x3b
 2145 006d 05       		.uleb128 0x5
 2146 006e 49       		.uleb128 0x49
 2147 006f 13       		.uleb128 0x13
 2148 0070 3F       		.uleb128 0x3f
 2149 0071 19       		.uleb128 0x19
 2150 0072 02       		.uleb128 0x2
 2151 0073 18       		.uleb128 0x18
 2152 0074 00       		.byte	0
 2153 0075 00       		.byte	0
 2154 0076 00       		.byte	0
 2155              		.section	.debug_aranges,"",%progbits
 2156 0000 14000000 		.4byte	0x14
 2157 0004 0200     		.2byte	0x2
 2158 0006 00000000 		.4byte	.Ldebug_info0
 2159 000a 04       		.byte	0x4
 2160 000b 00       		.byte	0
 2161 000c 0000     		.2byte	0
 2162 000e 0000     		.2byte	0
ARM GAS  C:\Users\Simon\AppData\Local\Temp\cccPV67i.s 			page 39


 2163 0010 00000000 		.4byte	0
 2164 0014 00000000 		.4byte	0
 2165              		.section	.debug_line,"",%progbits
 2166              	.Ldebug_line0:
 2167 0000 3D010000 		.section	.debug_str,"MS",%progbits,1
 2167      02003701 
 2167      00000201 
 2167      FB0E0D00 
 2167      01010101 
 2168              	.LASF9:
 2169 0000 5F5F7569 		.ascii	"__uint8_t\000"
 2169      6E74385F 
 2169      7400
 2170              	.LASF16:
 2171 000a 63795F6D 		.ascii	"cy_metadata\000"
 2171      65746164 
 2171      61746100 
 2172              	.LASF1:
 2173 0016 756E7369 		.ascii	"unsigned char\000"
 2173      676E6564 
 2173      20636861 
 2173      7200
 2174              	.LASF17:
 2175 0024 474E5520 		.ascii	"GNU C11 5.4.1 20160609 (release) [ARM/embedded-5-br"
 2175      43313120 
 2175      352E342E 
 2175      31203230 
 2175      31363036 
 2176 0057 616E6368 		.ascii	"anch revision 237715] -mcpu=cortex-m3 -mthumb -g -O"
 2176      20726576 
 2176      6973696F 
 2176      6E203233 
 2176      37373135 
 2177 008a 67202D66 		.ascii	"g -ffunction-sections -ffat-lto-objects\000"
 2177      66756E63 
 2177      74696F6E 
 2177      2D736563 
 2177      74696F6E 
 2178              	.LASF19:
 2179 00b2 433A5C55 		.ascii	"C:\\Users\\Simon\\Desktop\\Projekt3-2020\\Kode\\mai"
 2179      73657273 
 2179      5C53696D 
 2179      6F6E5C44 
 2179      65736B74 
 2180 00df 6E5F7073 		.ascii	"n_psoc\\Main_Project\\Main.cydsn\000"
 2180      6F635C4D 
 2180      61696E5F 
 2180      50726F6A 
 2180      6563745C 
 2181              	.LASF3:
 2182 00fe 73686F72 		.ascii	"short unsigned int\000"
 2182      7420756E 
 2182      7369676E 
 2182      65642069 
 2182      6E7400
 2183              	.LASF5:
 2184 0111 6C6F6E67 		.ascii	"long unsigned int\000"
ARM GAS  C:\Users\Simon\AppData\Local\Temp\cccPV67i.s 			page 40


 2184      20756E73 
 2184      69676E65 
 2184      6420696E 
 2184      7400
 2185              	.LASF13:
 2186 0123 63795F6D 		.ascii	"cy_meta_custnvl\000"
 2186      6574615F 
 2186      63757374 
 2186      6E766C00 
 2187              	.LASF12:
 2188 0133 63795F6D 		.ascii	"cy_meta_configecc\000"
 2188      6574615F 
 2188      636F6E66 
 2188      69676563 
 2188      6300
 2189              	.LASF8:
 2190 0145 756E7369 		.ascii	"unsigned int\000"
 2190      676E6564 
 2190      20696E74 
 2190      00
 2191              	.LASF7:
 2192 0152 6C6F6E67 		.ascii	"long long unsigned int\000"
 2192      206C6F6E 
 2192      6720756E 
 2192      7369676E 
 2192      65642069 
 2193              	.LASF10:
 2194 0169 75696E74 		.ascii	"uint8_t\000"
 2194      385F7400 
 2195              	.LASF15:
 2196 0171 63795F6D 		.ascii	"cy_meta_flashprotect\000"
 2196      6574615F 
 2196      666C6173 
 2196      6870726F 
 2196      74656374 
 2197              	.LASF14:
 2198 0186 63795F6D 		.ascii	"cy_meta_wonvl\000"
 2198      6574615F 
 2198      776F6E76 
 2198      6C00
 2199              	.LASF11:
 2200 0194 73697A65 		.ascii	"sizetype\000"
 2200      74797065 
 2200      00
 2201              	.LASF6:
 2202 019d 6C6F6E67 		.ascii	"long long int\000"
 2202      206C6F6E 
 2202      6720696E 
 2202      7400
 2203              	.LASF2:
 2204 01ab 73686F72 		.ascii	"short int\000"
 2204      7420696E 
 2204      7400
 2205              	.LASF4:
 2206 01b5 6C6F6E67 		.ascii	"long int\000"
 2206      20696E74 
 2206      00
ARM GAS  C:\Users\Simon\AppData\Local\Temp\cccPV67i.s 			page 41


 2207              	.LASF0:
 2208 01be 7369676E 		.ascii	"signed char\000"
 2208      65642063 
 2208      68617200 
 2209              	.LASF18:
 2210 01ca 47656E65 		.ascii	"Generated_Source\\PSoC5\\cymetadata.c\000"
 2210      72617465 
 2210      645F536F 
 2210      75726365 
 2210      5C50536F 
 2211              		.ident	"GCC: (GNU Tools for ARM Embedded Processors) 5.4.1 20160609 (release) [ARM/embedded-5-bran
