ARM GAS  C:\Users\PETERW~1\AppData\Local\Temp\ccZBusnp.s 			page 1


   1              		.syntax unified
   2              		.cpu cortex-m3
   3              		.fpu softvfp
   4              		.eabi_attribute 20, 1
   5              		.eabi_attribute 21, 1
   6              		.eabi_attribute 23, 3
   7              		.eabi_attribute 24, 1
   8              		.eabi_attribute 25, 1
   9              		.eabi_attribute 26, 1
  10              		.eabi_attribute 30, 1
  11              		.eabi_attribute 34, 1
  12              		.eabi_attribute 18, 4
  13              		.thumb
  14              		.syntax unified
  15              		.file	"I2CI2Ckommunikation.c"
  16              		.text
  17              	.Ltext0:
  18              		.cfi_sections	.debug_frame
  19              		.section	.text.initiere_I2Ckommunikation,"ax",%progbits
  20              		.align	2
  21              		.global	initiere_I2Ckommunikation
  22              		.thumb
  23              		.thumb_func
  24              		.type	initiere_I2Ckommunikation, %function
  25              	initiere_I2Ckommunikation:
  26              	.LFB63:
  27              		.file 1 "I2CI2Ckommunikation.c"
   1:I2CI2Ckommunikation.c **** /* ========================================
   2:I2CI2Ckommunikation.c ****  *
   3:I2CI2Ckommunikation.c ****  * Copyright YOUR COMPANY, THE YEAR
   4:I2CI2Ckommunikation.c ****  * All Rights Reserved
   5:I2CI2Ckommunikation.c ****  * UNPUBLISHED, LICENSED SOFTWARE.
   6:I2CI2Ckommunikation.c ****  *
   7:I2CI2Ckommunikation.c ****  * CONFIDENTIAL AND PROPRIETARY INFORMATION
   8:I2CI2Ckommunikation.c ****  * WHICH IS THE PROPERTY OF your company.
   9:I2CI2Ckommunikation.c ****  *
  10:I2CI2Ckommunikation.c ****  * ========================================
  11:I2CI2Ckommunikation.c **** */
  12:I2CI2Ckommunikation.c **** 
  13:I2CI2Ckommunikation.c **** #include "I2C.h"
  14:I2CI2Ckommunikation.c **** #include "project.h"
  15:I2CI2Ckommunikation.c **** 
  16:I2CI2Ckommunikation.c **** uint8 byteCnt;   
  17:I2CI2Ckommunikation.c **** uint8 wrBuf[3];
  18:I2CI2Ckommunikation.c **** uint8 i;
  19:I2CI2Ckommunikation.c **** 
  20:I2CI2Ckommunikation.c **** void initiere_I2Ckommunikation()
  21:I2CI2Ckommunikation.c **** {
  28              		.loc 1 21 0
  29              		.cfi_startproc
  30              		@ args = 0, pretend = 0, frame = 0
  31              		@ frame_needed = 0, uses_anonymous_args = 0
  32 0000 08B5     		push	{r3, lr}
  33              		.cfi_def_cfa_offset 8
  34              		.cfi_offset 3, -8
  35              		.cfi_offset 14, -4
  22:I2CI2Ckommunikation.c ****     I2C_SlaveInitWriteBuf((uint8 *) wrBuf, 3);
ARM GAS  C:\Users\PETERW~1\AppData\Local\Temp\ccZBusnp.s 			page 2


  36              		.loc 1 22 0
  37 0002 0321     		movs	r1, #3
  38 0004 0248     		ldr	r0, .L3
  39 0006 FFF7FEFF 		bl	I2C_SlaveInitWriteBuf
  40              	.LVL0:
  23:I2CI2Ckommunikation.c ****     I2C_Start();
  41              		.loc 1 23 0
  42 000a FFF7FEFF 		bl	I2C_Start
  43              	.LVL1:
  44 000e 08BD     		pop	{r3, pc}
  45              	.L4:
  46              		.align	2
  47              	.L3:
  48 0010 00000000 		.word	wrBuf
  49              		.cfi_endproc
  50              	.LFE63:
  51              		.size	initiere_I2Ckommunikation, .-initiere_I2Ckommunikation
  52              		.section	.text.I2C_Kommunikation,"ax",%progbits
  53              		.align	2
  54              		.global	I2C_Kommunikation
  55              		.thumb
  56              		.thumb_func
  57              		.type	I2C_Kommunikation, %function
  58              	I2C_Kommunikation:
  59              	.LFB64:
  24:I2CI2Ckommunikation.c **** }
  25:I2CI2Ckommunikation.c **** 
  26:I2CI2Ckommunikation.c **** int I2C_Kommunikation()
  27:I2CI2Ckommunikation.c **** {
  60              		.loc 1 27 0
  61              		.cfi_startproc
  62              		@ args = 0, pretend = 0, frame = 0
  63              		@ frame_needed = 0, uses_anonymous_args = 0
  64 0000 08B5     		push	{r3, lr}
  65              		.cfi_def_cfa_offset 8
  66              		.cfi_offset 3, -8
  67              		.cfi_offset 14, -4
  28:I2CI2Ckommunikation.c ****       if(0u != (I2C_SlaveStatus() & I2C_SSTAT_WR_CMPLT)) 
  68              		.loc 1 28 0
  69 0002 FFF7FEFF 		bl	I2C_SlaveStatus
  70              	.LVL2:
  71 0006 10F0100F 		tst	r0, #16
  72 000a 0DD0     		beq	.L6
  29:I2CI2Ckommunikation.c ****          { 
  30:I2CI2Ckommunikation.c ****             byteCnt = I2C_SlaveGetWriteBufSize(); 
  73              		.loc 1 30 0
  74 000c FFF7FEFF 		bl	I2C_SlaveGetWriteBufSize
  75              	.LVL3:
  76 0010 084B     		ldr	r3, .L11
  77 0012 1870     		strb	r0, [r3]
  31:I2CI2Ckommunikation.c ****             I2C_SlaveClearWriteStatus(); 
  78              		.loc 1 31 0
  79 0014 FFF7FEFF 		bl	I2C_SlaveClearWriteStatus
  80              	.LVL4:
  32:I2CI2Ckommunikation.c ****             
  33:I2CI2Ckommunikation.c ****             if(wrBuf[0] == 0b00000001)
  81              		.loc 1 33 0
ARM GAS  C:\Users\PETERW~1\AppData\Local\Temp\ccZBusnp.s 			page 3


  82 0018 074B     		ldr	r3, .L11+4
  83 001a 1B78     		ldrb	r3, [r3]	@ zero_extendqisi2
  84 001c 012B     		cmp	r3, #1
  85 001e 04D0     		beq	.L8
  34:I2CI2Ckommunikation.c ****                 {
  35:I2CI2Ckommunikation.c ****                   return 1;
  36:I2CI2Ckommunikation.c ****                 }
  37:I2CI2Ckommunikation.c ****             else if (wrBuf[0] == 0b00000010)
  86              		.loc 1 37 0
  87 0020 022B     		cmp	r3, #2
  88 0022 04D0     		beq	.L9
  38:I2CI2Ckommunikation.c ****             {
  39:I2CI2Ckommunikation.c ****                 return 2;
  40:I2CI2Ckommunikation.c ****             }
  41:I2CI2Ckommunikation.c ****             I2C_SlaveClearWriteBuf(); 
  89              		.loc 1 41 0
  90 0024 FFF7FEFF 		bl	I2C_SlaveClearWriteBuf
  91              	.LVL5:
  92              	.L6:
  42:I2CI2Ckommunikation.c ****          }
  43:I2CI2Ckommunikation.c **** }
  93              		.loc 1 43 0
  94 0028 08BD     		pop	{r3, pc}
  95              	.L8:
  35:I2CI2Ckommunikation.c ****                 }
  96              		.loc 1 35 0
  97 002a 0120     		movs	r0, #1
  98 002c 08BD     		pop	{r3, pc}
  99              	.L9:
  39:I2CI2Ckommunikation.c ****             }
 100              		.loc 1 39 0
 101 002e 0220     		movs	r0, #2
 102              		.loc 1 43 0
 103 0030 08BD     		pop	{r3, pc}
 104              	.L12:
 105 0032 00BF     		.align	2
 106              	.L11:
 107 0034 00000000 		.word	byteCnt
 108 0038 00000000 		.word	wrBuf
 109              		.cfi_endproc
 110              	.LFE64:
 111              		.size	I2C_Kommunikation, .-I2C_Kommunikation
 112              		.comm	i,1,1
 113              		.comm	wrBuf,3,4
 114              		.comm	byteCnt,1,1
 115              		.text
 116              	.Letext0:
 117              		.file 2 "c:\\program files (x86)\\cypress\\psoc creator\\4.3\\psoc creator\\import\\gnu\\arm\\5.4.
 118              		.file 3 "c:\\program files (x86)\\cypress\\psoc creator\\4.3\\psoc creator\\import\\gnu\\arm\\5.4.
 119              		.file 4 "Generated_Source\\PSoC5/cytypes.h"
 120              		.file 5 "Generated_Source\\PSoC5/core_cm3.h"
 121              		.file 6 "Generated_Source\\PSoC5/I2C.h"
 122              		.section	.debug_info,"",%progbits
 123              	.Ldebug_info0:
 124 0000 BA010000 		.4byte	0x1ba
 125 0004 0400     		.2byte	0x4
 126 0006 00000000 		.4byte	.Ldebug_abbrev0
ARM GAS  C:\Users\PETERW~1\AppData\Local\Temp\ccZBusnp.s 			page 4


 127 000a 04       		.byte	0x4
 128 000b 01       		.uleb128 0x1
 129 000c 5C000000 		.4byte	.LASF26
 130 0010 0C       		.byte	0xc
 131 0011 22010000 		.4byte	.LASF27
 132 0015 BB010000 		.4byte	.LASF28
 133 0019 00000000 		.4byte	.Ldebug_ranges0+0
 134 001d 00000000 		.4byte	0
 135 0021 00000000 		.4byte	.Ldebug_line0
 136 0025 02       		.uleb128 0x2
 137 0026 01       		.byte	0x1
 138 0027 06       		.byte	0x6
 139 0028 50020000 		.4byte	.LASF0
 140 002c 02       		.uleb128 0x2
 141 002d 01       		.byte	0x1
 142 002e 08       		.byte	0x8
 143 002f 4E000000 		.4byte	.LASF1
 144 0033 02       		.uleb128 0x2
 145 0034 02       		.byte	0x2
 146 0035 05       		.byte	0x5
 147 0036 0D020000 		.4byte	.LASF2
 148 003a 02       		.uleb128 0x2
 149 003b 02       		.byte	0x2
 150 003c 07       		.byte	0x7
 151 003d FC000000 		.4byte	.LASF3
 152 0041 03       		.uleb128 0x3
 153 0042 00000000 		.4byte	.LASF9
 154 0046 02       		.byte	0x2
 155 0047 3F       		.byte	0x3f
 156 0048 4C000000 		.4byte	0x4c
 157 004c 02       		.uleb128 0x2
 158 004d 04       		.byte	0x4
 159 004e 05       		.byte	0x5
 160 004f 36020000 		.4byte	.LASF4
 161 0053 02       		.uleb128 0x2
 162 0054 04       		.byte	0x4
 163 0055 07       		.byte	0x7
 164 0056 EA000000 		.4byte	.LASF5
 165 005a 02       		.uleb128 0x2
 166 005b 08       		.byte	0x8
 167 005c 05       		.byte	0x5
 168 005d AD010000 		.4byte	.LASF6
 169 0061 02       		.uleb128 0x2
 170 0062 08       		.byte	0x8
 171 0063 07       		.byte	0x7
 172 0064 6E010000 		.4byte	.LASF7
 173 0068 04       		.uleb128 0x4
 174 0069 04       		.byte	0x4
 175 006a 05       		.byte	0x5
 176 006b 696E7400 		.ascii	"int\000"
 177 006f 02       		.uleb128 0x2
 178 0070 04       		.byte	0x4
 179 0071 07       		.byte	0x7
 180 0072 61010000 		.4byte	.LASF8
 181 0076 03       		.uleb128 0x3
 182 0077 9C010000 		.4byte	.LASF10
 183 007b 03       		.byte	0x3
ARM GAS  C:\Users\PETERW~1\AppData\Local\Temp\ccZBusnp.s 			page 5


 184 007c 2C       		.byte	0x2c
 185 007d 41000000 		.4byte	0x41
 186 0081 05       		.uleb128 0x5
 187 0082 17020000 		.4byte	.LASF11
 188 0086 04       		.byte	0x4
 189 0087 E801     		.2byte	0x1e8
 190 0089 2C000000 		.4byte	0x2c
 191 008d 02       		.uleb128 0x2
 192 008e 04       		.byte	0x4
 193 008f 04       		.byte	0x4
 194 0090 48000000 		.4byte	.LASF12
 195 0094 02       		.uleb128 0x2
 196 0095 08       		.byte	0x8
 197 0096 04       		.byte	0x4
 198 0097 38010000 		.4byte	.LASF13
 199 009b 02       		.uleb128 0x2
 200 009c 01       		.byte	0x1
 201 009d 08       		.byte	0x8
 202 009e 3F020000 		.4byte	.LASF14
 203 00a2 02       		.uleb128 0x2
 204 00a3 08       		.byte	0x8
 205 00a4 04       		.byte	0x4
 206 00a5 44020000 		.4byte	.LASF15
 207 00a9 02       		.uleb128 0x2
 208 00aa 04       		.byte	0x4
 209 00ab 07       		.byte	0x7
 210 00ac A4010000 		.4byte	.LASF16
 211 00b0 06       		.uleb128 0x6
 212 00b1 0A000000 		.4byte	.LASF29
 213 00b5 01       		.byte	0x1
 214 00b6 14       		.byte	0x14
 215 00b7 00000000 		.4byte	.LFB63
 216 00bb 14000000 		.4byte	.LFE63-.LFB63
 217 00bf 01       		.uleb128 0x1
 218 00c0 9C       		.byte	0x9c
 219 00c1 EB000000 		.4byte	0xeb
 220 00c5 07       		.uleb128 0x7
 221 00c6 0A000000 		.4byte	.LVL0
 222 00ca 7B010000 		.4byte	0x17b
 223 00ce E1000000 		.4byte	0xe1
 224 00d2 08       		.uleb128 0x8
 225 00d3 01       		.uleb128 0x1
 226 00d4 50       		.byte	0x50
 227 00d5 05       		.uleb128 0x5
 228 00d6 03       		.byte	0x3
 229 00d7 00000000 		.4byte	wrBuf
 230 00db 08       		.uleb128 0x8
 231 00dc 01       		.uleb128 0x1
 232 00dd 51       		.byte	0x51
 233 00de 01       		.uleb128 0x1
 234 00df 33       		.byte	0x33
 235 00e0 00       		.byte	0
 236 00e1 09       		.uleb128 0x9
 237 00e2 0E000000 		.4byte	.LVL1
 238 00e6 86010000 		.4byte	0x186
 239 00ea 00       		.byte	0
 240 00eb 0A       		.uleb128 0xa
ARM GAS  C:\Users\PETERW~1\AppData\Local\Temp\ccZBusnp.s 			page 6


 241 00ec 3F010000 		.4byte	.LASF30
 242 00f0 01       		.byte	0x1
 243 00f1 1A       		.byte	0x1a
 244 00f2 68000000 		.4byte	0x68
 245 00f6 00000000 		.4byte	.LFB64
 246 00fa 3C000000 		.4byte	.LFE64-.LFB64
 247 00fe 01       		.uleb128 0x1
 248 00ff 9C       		.byte	0x9c
 249 0100 29010000 		.4byte	0x129
 250 0104 09       		.uleb128 0x9
 251 0105 06000000 		.4byte	.LVL2
 252 0109 91010000 		.4byte	0x191
 253 010d 09       		.uleb128 0x9
 254 010e 10000000 		.4byte	.LVL3
 255 0112 9C010000 		.4byte	0x19c
 256 0116 09       		.uleb128 0x9
 257 0117 18000000 		.4byte	.LVL4
 258 011b A7010000 		.4byte	0x1a7
 259 011f 09       		.uleb128 0x9
 260 0120 28000000 		.4byte	.LVL5
 261 0124 B2010000 		.4byte	0x1b2
 262 0128 00       		.byte	0
 263 0129 0B       		.uleb128 0xb
 264 012a 0F010000 		.4byte	.LASF17
 265 012e 05       		.byte	0x5
 266 012f 1207     		.2byte	0x712
 267 0131 35010000 		.4byte	0x135
 268 0135 0C       		.uleb128 0xc
 269 0136 76000000 		.4byte	0x76
 270 013a 0D       		.uleb128 0xd
 271 013b 5C020000 		.4byte	.LASF18
 272 013f 01       		.byte	0x1
 273 0140 10       		.byte	0x10
 274 0141 81000000 		.4byte	0x81
 275 0145 05       		.uleb128 0x5
 276 0146 03       		.byte	0x3
 277 0147 00000000 		.4byte	byteCnt
 278 014b 0E       		.uleb128 0xe
 279 014c 81000000 		.4byte	0x81
 280 0150 5B010000 		.4byte	0x15b
 281 0154 0F       		.uleb128 0xf
 282 0155 A9000000 		.4byte	0xa9
 283 0159 02       		.byte	0x2
 284 015a 00       		.byte	0
 285 015b 0D       		.uleb128 0xd
 286 015c 1C010000 		.4byte	.LASF19
 287 0160 01       		.byte	0x1
 288 0161 11       		.byte	0x11
 289 0162 4B010000 		.4byte	0x14b
 290 0166 05       		.uleb128 0x5
 291 0167 03       		.byte	0x3
 292 0168 00000000 		.4byte	wrBuf
 293 016c 10       		.uleb128 0x10
 294 016d 6900     		.ascii	"i\000"
 295 016f 01       		.byte	0x1
 296 0170 12       		.byte	0x12
 297 0171 81000000 		.4byte	0x81
ARM GAS  C:\Users\PETERW~1\AppData\Local\Temp\ccZBusnp.s 			page 7


 298 0175 05       		.uleb128 0x5
 299 0176 03       		.byte	0x3
 300 0177 00000000 		.4byte	i
 301 017b 11       		.uleb128 0x11
 302 017c F7010000 		.4byte	.LASF20
 303 0180 F7010000 		.4byte	.LASF20
 304 0184 06       		.byte	0x6
 305 0185 C7       		.byte	0xc7
 306 0186 11       		.uleb128 0x11
 307 0187 3E000000 		.4byte	.LASF21
 308 018b 3E000000 		.4byte	.LASF21
 309 018f 06       		.byte	0x6
 310 0190 93       		.byte	0x93
 311 0191 11       		.uleb128 0x11
 312 0192 51010000 		.4byte	.LASF22
 313 0196 51010000 		.4byte	.LASF22
 314 019a 06       		.byte	0x6
 315 019b BE       		.byte	0xbe
 316 019c 11       		.uleb128 0x11
 317 019d 1D020000 		.4byte	.LASF23
 318 01a1 1D020000 		.4byte	.LASF23
 319 01a5 06       		.byte	0x6
 320 01a6 CA       		.byte	0xca
 321 01a7 11       		.uleb128 0x11
 322 01a8 24000000 		.4byte	.LASF24
 323 01ac 24000000 		.4byte	.LASF24
 324 01b0 06       		.byte	0x6
 325 01b1 C0       		.byte	0xc0
 326 01b2 11       		.uleb128 0x11
 327 01b3 85010000 		.4byte	.LASF25
 328 01b7 85010000 		.4byte	.LASF25
 329 01bb 06       		.byte	0x6
 330 01bc CC       		.byte	0xcc
 331 01bd 00       		.byte	0
 332              		.section	.debug_abbrev,"",%progbits
 333              	.Ldebug_abbrev0:
 334 0000 01       		.uleb128 0x1
 335 0001 11       		.uleb128 0x11
 336 0002 01       		.byte	0x1
 337 0003 25       		.uleb128 0x25
 338 0004 0E       		.uleb128 0xe
 339 0005 13       		.uleb128 0x13
 340 0006 0B       		.uleb128 0xb
 341 0007 03       		.uleb128 0x3
 342 0008 0E       		.uleb128 0xe
 343 0009 1B       		.uleb128 0x1b
 344 000a 0E       		.uleb128 0xe
 345 000b 55       		.uleb128 0x55
 346 000c 17       		.uleb128 0x17
 347 000d 11       		.uleb128 0x11
 348 000e 01       		.uleb128 0x1
 349 000f 10       		.uleb128 0x10
 350 0010 17       		.uleb128 0x17
 351 0011 00       		.byte	0
 352 0012 00       		.byte	0
 353 0013 02       		.uleb128 0x2
 354 0014 24       		.uleb128 0x24
ARM GAS  C:\Users\PETERW~1\AppData\Local\Temp\ccZBusnp.s 			page 8


 355 0015 00       		.byte	0
 356 0016 0B       		.uleb128 0xb
 357 0017 0B       		.uleb128 0xb
 358 0018 3E       		.uleb128 0x3e
 359 0019 0B       		.uleb128 0xb
 360 001a 03       		.uleb128 0x3
 361 001b 0E       		.uleb128 0xe
 362 001c 00       		.byte	0
 363 001d 00       		.byte	0
 364 001e 03       		.uleb128 0x3
 365 001f 16       		.uleb128 0x16
 366 0020 00       		.byte	0
 367 0021 03       		.uleb128 0x3
 368 0022 0E       		.uleb128 0xe
 369 0023 3A       		.uleb128 0x3a
 370 0024 0B       		.uleb128 0xb
 371 0025 3B       		.uleb128 0x3b
 372 0026 0B       		.uleb128 0xb
 373 0027 49       		.uleb128 0x49
 374 0028 13       		.uleb128 0x13
 375 0029 00       		.byte	0
 376 002a 00       		.byte	0
 377 002b 04       		.uleb128 0x4
 378 002c 24       		.uleb128 0x24
 379 002d 00       		.byte	0
 380 002e 0B       		.uleb128 0xb
 381 002f 0B       		.uleb128 0xb
 382 0030 3E       		.uleb128 0x3e
 383 0031 0B       		.uleb128 0xb
 384 0032 03       		.uleb128 0x3
 385 0033 08       		.uleb128 0x8
 386 0034 00       		.byte	0
 387 0035 00       		.byte	0
 388 0036 05       		.uleb128 0x5
 389 0037 16       		.uleb128 0x16
 390 0038 00       		.byte	0
 391 0039 03       		.uleb128 0x3
 392 003a 0E       		.uleb128 0xe
 393 003b 3A       		.uleb128 0x3a
 394 003c 0B       		.uleb128 0xb
 395 003d 3B       		.uleb128 0x3b
 396 003e 05       		.uleb128 0x5
 397 003f 49       		.uleb128 0x49
 398 0040 13       		.uleb128 0x13
 399 0041 00       		.byte	0
 400 0042 00       		.byte	0
 401 0043 06       		.uleb128 0x6
 402 0044 2E       		.uleb128 0x2e
 403 0045 01       		.byte	0x1
 404 0046 3F       		.uleb128 0x3f
 405 0047 19       		.uleb128 0x19
 406 0048 03       		.uleb128 0x3
 407 0049 0E       		.uleb128 0xe
 408 004a 3A       		.uleb128 0x3a
 409 004b 0B       		.uleb128 0xb
 410 004c 3B       		.uleb128 0x3b
 411 004d 0B       		.uleb128 0xb
ARM GAS  C:\Users\PETERW~1\AppData\Local\Temp\ccZBusnp.s 			page 9


 412 004e 11       		.uleb128 0x11
 413 004f 01       		.uleb128 0x1
 414 0050 12       		.uleb128 0x12
 415 0051 06       		.uleb128 0x6
 416 0052 40       		.uleb128 0x40
 417 0053 18       		.uleb128 0x18
 418 0054 9742     		.uleb128 0x2117
 419 0056 19       		.uleb128 0x19
 420 0057 01       		.uleb128 0x1
 421 0058 13       		.uleb128 0x13
 422 0059 00       		.byte	0
 423 005a 00       		.byte	0
 424 005b 07       		.uleb128 0x7
 425 005c 898201   		.uleb128 0x4109
 426 005f 01       		.byte	0x1
 427 0060 11       		.uleb128 0x11
 428 0061 01       		.uleb128 0x1
 429 0062 31       		.uleb128 0x31
 430 0063 13       		.uleb128 0x13
 431 0064 01       		.uleb128 0x1
 432 0065 13       		.uleb128 0x13
 433 0066 00       		.byte	0
 434 0067 00       		.byte	0
 435 0068 08       		.uleb128 0x8
 436 0069 8A8201   		.uleb128 0x410a
 437 006c 00       		.byte	0
 438 006d 02       		.uleb128 0x2
 439 006e 18       		.uleb128 0x18
 440 006f 9142     		.uleb128 0x2111
 441 0071 18       		.uleb128 0x18
 442 0072 00       		.byte	0
 443 0073 00       		.byte	0
 444 0074 09       		.uleb128 0x9
 445 0075 898201   		.uleb128 0x4109
 446 0078 00       		.byte	0
 447 0079 11       		.uleb128 0x11
 448 007a 01       		.uleb128 0x1
 449 007b 31       		.uleb128 0x31
 450 007c 13       		.uleb128 0x13
 451 007d 00       		.byte	0
 452 007e 00       		.byte	0
 453 007f 0A       		.uleb128 0xa
 454 0080 2E       		.uleb128 0x2e
 455 0081 01       		.byte	0x1
 456 0082 3F       		.uleb128 0x3f
 457 0083 19       		.uleb128 0x19
 458 0084 03       		.uleb128 0x3
 459 0085 0E       		.uleb128 0xe
 460 0086 3A       		.uleb128 0x3a
 461 0087 0B       		.uleb128 0xb
 462 0088 3B       		.uleb128 0x3b
 463 0089 0B       		.uleb128 0xb
 464 008a 49       		.uleb128 0x49
 465 008b 13       		.uleb128 0x13
 466 008c 11       		.uleb128 0x11
 467 008d 01       		.uleb128 0x1
 468 008e 12       		.uleb128 0x12
ARM GAS  C:\Users\PETERW~1\AppData\Local\Temp\ccZBusnp.s 			page 10


 469 008f 06       		.uleb128 0x6
 470 0090 40       		.uleb128 0x40
 471 0091 18       		.uleb128 0x18
 472 0092 9742     		.uleb128 0x2117
 473 0094 19       		.uleb128 0x19
 474 0095 01       		.uleb128 0x1
 475 0096 13       		.uleb128 0x13
 476 0097 00       		.byte	0
 477 0098 00       		.byte	0
 478 0099 0B       		.uleb128 0xb
 479 009a 34       		.uleb128 0x34
 480 009b 00       		.byte	0
 481 009c 03       		.uleb128 0x3
 482 009d 0E       		.uleb128 0xe
 483 009e 3A       		.uleb128 0x3a
 484 009f 0B       		.uleb128 0xb
 485 00a0 3B       		.uleb128 0x3b
 486 00a1 05       		.uleb128 0x5
 487 00a2 49       		.uleb128 0x49
 488 00a3 13       		.uleb128 0x13
 489 00a4 3F       		.uleb128 0x3f
 490 00a5 19       		.uleb128 0x19
 491 00a6 3C       		.uleb128 0x3c
 492 00a7 19       		.uleb128 0x19
 493 00a8 00       		.byte	0
 494 00a9 00       		.byte	0
 495 00aa 0C       		.uleb128 0xc
 496 00ab 35       		.uleb128 0x35
 497 00ac 00       		.byte	0
 498 00ad 49       		.uleb128 0x49
 499 00ae 13       		.uleb128 0x13
 500 00af 00       		.byte	0
 501 00b0 00       		.byte	0
 502 00b1 0D       		.uleb128 0xd
 503 00b2 34       		.uleb128 0x34
 504 00b3 00       		.byte	0
 505 00b4 03       		.uleb128 0x3
 506 00b5 0E       		.uleb128 0xe
 507 00b6 3A       		.uleb128 0x3a
 508 00b7 0B       		.uleb128 0xb
 509 00b8 3B       		.uleb128 0x3b
 510 00b9 0B       		.uleb128 0xb
 511 00ba 49       		.uleb128 0x49
 512 00bb 13       		.uleb128 0x13
 513 00bc 3F       		.uleb128 0x3f
 514 00bd 19       		.uleb128 0x19
 515 00be 02       		.uleb128 0x2
 516 00bf 18       		.uleb128 0x18
 517 00c0 00       		.byte	0
 518 00c1 00       		.byte	0
 519 00c2 0E       		.uleb128 0xe
 520 00c3 01       		.uleb128 0x1
 521 00c4 01       		.byte	0x1
 522 00c5 49       		.uleb128 0x49
 523 00c6 13       		.uleb128 0x13
 524 00c7 01       		.uleb128 0x1
 525 00c8 13       		.uleb128 0x13
ARM GAS  C:\Users\PETERW~1\AppData\Local\Temp\ccZBusnp.s 			page 11


 526 00c9 00       		.byte	0
 527 00ca 00       		.byte	0
 528 00cb 0F       		.uleb128 0xf
 529 00cc 21       		.uleb128 0x21
 530 00cd 00       		.byte	0
 531 00ce 49       		.uleb128 0x49
 532 00cf 13       		.uleb128 0x13
 533 00d0 2F       		.uleb128 0x2f
 534 00d1 0B       		.uleb128 0xb
 535 00d2 00       		.byte	0
 536 00d3 00       		.byte	0
 537 00d4 10       		.uleb128 0x10
 538 00d5 34       		.uleb128 0x34
 539 00d6 00       		.byte	0
 540 00d7 03       		.uleb128 0x3
 541 00d8 08       		.uleb128 0x8
 542 00d9 3A       		.uleb128 0x3a
 543 00da 0B       		.uleb128 0xb
 544 00db 3B       		.uleb128 0x3b
 545 00dc 0B       		.uleb128 0xb
 546 00dd 49       		.uleb128 0x49
 547 00de 13       		.uleb128 0x13
 548 00df 3F       		.uleb128 0x3f
 549 00e0 19       		.uleb128 0x19
 550 00e1 02       		.uleb128 0x2
 551 00e2 18       		.uleb128 0x18
 552 00e3 00       		.byte	0
 553 00e4 00       		.byte	0
 554 00e5 11       		.uleb128 0x11
 555 00e6 2E       		.uleb128 0x2e
 556 00e7 00       		.byte	0
 557 00e8 3F       		.uleb128 0x3f
 558 00e9 19       		.uleb128 0x19
 559 00ea 3C       		.uleb128 0x3c
 560 00eb 19       		.uleb128 0x19
 561 00ec 6E       		.uleb128 0x6e
 562 00ed 0E       		.uleb128 0xe
 563 00ee 03       		.uleb128 0x3
 564 00ef 0E       		.uleb128 0xe
 565 00f0 3A       		.uleb128 0x3a
 566 00f1 0B       		.uleb128 0xb
 567 00f2 3B       		.uleb128 0x3b
 568 00f3 0B       		.uleb128 0xb
 569 00f4 00       		.byte	0
 570 00f5 00       		.byte	0
 571 00f6 00       		.byte	0
 572              		.section	.debug_aranges,"",%progbits
 573 0000 24000000 		.4byte	0x24
 574 0004 0200     		.2byte	0x2
 575 0006 00000000 		.4byte	.Ldebug_info0
 576 000a 04       		.byte	0x4
 577 000b 00       		.byte	0
 578 000c 0000     		.2byte	0
 579 000e 0000     		.2byte	0
 580 0010 00000000 		.4byte	.LFB63
 581 0014 14000000 		.4byte	.LFE63-.LFB63
 582 0018 00000000 		.4byte	.LFB64
ARM GAS  C:\Users\PETERW~1\AppData\Local\Temp\ccZBusnp.s 			page 12


 583 001c 3C000000 		.4byte	.LFE64-.LFB64
 584 0020 00000000 		.4byte	0
 585 0024 00000000 		.4byte	0
 586              		.section	.debug_ranges,"",%progbits
 587              	.Ldebug_ranges0:
 588 0000 00000000 		.4byte	.LFB63
 589 0004 14000000 		.4byte	.LFE63
 590 0008 00000000 		.4byte	.LFB64
 591 000c 3C000000 		.4byte	.LFE64
 592 0010 00000000 		.4byte	0
 593 0014 00000000 		.4byte	0
 594              		.section	.debug_line,"",%progbits
 595              	.Ldebug_line0:
 596 0000 96010000 		.section	.debug_str,"MS",%progbits,1
 596      02006401 
 596      00000201 
 596      FB0E0D00 
 596      01010101 
 597              	.LASF9:
 598 0000 5F5F696E 		.ascii	"__int32_t\000"
 598      7433325F 
 598      7400
 599              	.LASF29:
 600 000a 696E6974 		.ascii	"initiere_I2Ckommunikation\000"
 600      69657265 
 600      5F493243 
 600      6B6F6D6D 
 600      756E696B 
 601              	.LASF24:
 602 0024 4932435F 		.ascii	"I2C_SlaveClearWriteStatus\000"
 602      536C6176 
 602      65436C65 
 602      61725772 
 602      69746553 
 603              	.LASF21:
 604 003e 4932435F 		.ascii	"I2C_Start\000"
 604      53746172 
 604      7400
 605              	.LASF12:
 606 0048 666C6F61 		.ascii	"float\000"
 606      7400
 607              	.LASF1:
 608 004e 756E7369 		.ascii	"unsigned char\000"
 608      676E6564 
 608      20636861 
 608      7200
 609              	.LASF26:
 610 005c 474E5520 		.ascii	"GNU C11 5.4.1 20160609 (release) [ARM/embedded-5-br"
 610      43313120 
 610      352E342E 
 610      31203230 
 610      31363036 
 611 008f 616E6368 		.ascii	"anch revision 237715] -mcpu=cortex-m3 -mthumb -g -O"
 611      20726576 
 611      6973696F 
 611      6E203233 
 611      37373135 
ARM GAS  C:\Users\PETERW~1\AppData\Local\Temp\ccZBusnp.s 			page 13


 612 00c2 67202D66 		.ascii	"g -ffunction-sections -ffat-lto-objects\000"
 612      66756E63 
 612      74696F6E 
 612      2D736563 
 612      74696F6E 
 613              	.LASF5:
 614 00ea 6C6F6E67 		.ascii	"long unsigned int\000"
 614      20756E73 
 614      69676E65 
 614      6420696E 
 614      7400
 615              	.LASF3:
 616 00fc 73686F72 		.ascii	"short unsigned int\000"
 616      7420756E 
 616      7369676E 
 616      65642069 
 616      6E7400
 617              	.LASF17:
 618 010f 49544D5F 		.ascii	"ITM_RxBuffer\000"
 618      52784275 
 618      66666572 
 618      00
 619              	.LASF19:
 620 011c 77724275 		.ascii	"wrBuf\000"
 620      6600
 621              	.LASF27:
 622 0122 49324349 		.ascii	"I2CI2Ckommunikation.c\000"
 622      32436B6F 
 622      6D6D756E 
 622      696B6174 
 622      696F6E2E 
 623              	.LASF13:
 624 0138 646F7562 		.ascii	"double\000"
 624      6C6500
 625              	.LASF30:
 626 013f 4932435F 		.ascii	"I2C_Kommunikation\000"
 626      4B6F6D6D 
 626      756E696B 
 626      6174696F 
 626      6E00
 627              	.LASF22:
 628 0151 4932435F 		.ascii	"I2C_SlaveStatus\000"
 628      536C6176 
 628      65537461 
 628      74757300 
 629              	.LASF8:
 630 0161 756E7369 		.ascii	"unsigned int\000"
 630      676E6564 
 630      20696E74 
 630      00
 631              	.LASF7:
 632 016e 6C6F6E67 		.ascii	"long long unsigned int\000"
 632      206C6F6E 
 632      6720756E 
 632      7369676E 
 632      65642069 
 633              	.LASF25:
ARM GAS  C:\Users\PETERW~1\AppData\Local\Temp\ccZBusnp.s 			page 14


 634 0185 4932435F 		.ascii	"I2C_SlaveClearWriteBuf\000"
 634      536C6176 
 634      65436C65 
 634      61725772 
 634      69746542 
 635              	.LASF10:
 636 019c 696E7433 		.ascii	"int32_t\000"
 636      325F7400 
 637              	.LASF16:
 638 01a4 73697A65 		.ascii	"sizetype\000"
 638      74797065 
 638      00
 639              	.LASF6:
 640 01ad 6C6F6E67 		.ascii	"long long int\000"
 640      206C6F6E 
 640      6720696E 
 640      7400
 641              	.LASF28:
 642 01bb 433A5C49 		.ascii	"C:\\IKT\\Projekt3-2020\\Kode\\main_psoc\\Main_Proje"
 642      4B545C50 
 642      726F6A65 
 642      6B74332D 
 642      32303230 
 643 01e9 63745C4D 		.ascii	"ct\\Main.cydsn\000"
 643      61696E2E 
 643      63796473 
 643      6E00
 644              	.LASF20:
 645 01f7 4932435F 		.ascii	"I2C_SlaveInitWriteBuf\000"
 645      536C6176 
 645      65496E69 
 645      74577269 
 645      74654275 
 646              	.LASF2:
 647 020d 73686F72 		.ascii	"short int\000"
 647      7420696E 
 647      7400
 648              	.LASF11:
 649 0217 75696E74 		.ascii	"uint8\000"
 649      3800
 650              	.LASF23:
 651 021d 4932435F 		.ascii	"I2C_SlaveGetWriteBufSize\000"
 651      536C6176 
 651      65476574 
 651      57726974 
 651      65427566 
 652              	.LASF4:
 653 0236 6C6F6E67 		.ascii	"long int\000"
 653      20696E74 
 653      00
 654              	.LASF14:
 655 023f 63686172 		.ascii	"char\000"
 655      00
 656              	.LASF15:
 657 0244 6C6F6E67 		.ascii	"long double\000"
 657      20646F75 
 657      626C6500 
ARM GAS  C:\Users\PETERW~1\AppData\Local\Temp\ccZBusnp.s 			page 15


 658              	.LASF0:
 659 0250 7369676E 		.ascii	"signed char\000"
 659      65642063 
 659      68617200 
 660              	.LASF18:
 661 025c 62797465 		.ascii	"byteCnt\000"
 661      436E7400 
 662              		.ident	"GCC: (GNU Tools for ARM Embedded Processors) 5.4.1 20160609 (release) [ARM/embedded-5-bran
