ARM GAS  C:\Users\Simon\AppData\Local\Temp\ccKB8P5g.s 			page 1


   1              		.syntax unified
   2              		.cpu cortex-m3
   3              		.fpu softvfp
   4              		.eabi_attribute 20, 1
   5              		.eabi_attribute 21, 1
   6              		.eabi_attribute 23, 3
   7              		.eabi_attribute 24, 1
   8              		.eabi_attribute 25, 1
   9              		.eabi_attribute 26, 1
  10              		.eabi_attribute 30, 1
  11              		.eabi_attribute 34, 1
  12              		.eabi_attribute 18, 4
  13              		.thumb
  14              		.syntax unified
  15              		.file	"motorStyring.c"
  16              		.text
  17              	.Ltext0:
  18              		.cfi_sections	.debug_frame
  19              		.section	.text.initMotor,"ax",%progbits
  20              		.align	2
  21              		.global	initMotor
  22              		.thumb
  23              		.thumb_func
  24              		.type	initMotor, %function
  25              	initMotor:
  26              	.LFB63:
  27              		.file 1 "motorStyring.c"
   1:motorStyring.c **** /* ========================================
   2:motorStyring.c ****  *
   3:motorStyring.c ****  * Copyright BEERTRESS, 2020
   4:motorStyring.c ****  * All Rights Reserved
   5:motorStyring.c ****  * UNPUBLISHED, LICENSED SOFTWARE.
   6:motorStyring.c ****  *
   7:motorStyring.c ****  * CONFIDENTIAL AND PROPRIETARY INFORMATION
   8:motorStyring.c ****  * WHICH IS THE PROPERTY OF BEERTRESS.
   9:motorStyring.c ****  *
  10:motorStyring.c ****  * ========================================
  11:motorStyring.c **** */
  12:motorStyring.c **** 
  13:motorStyring.c **** #include "motorStyring.h"
  14:motorStyring.c **** #include "project.h"
  15:motorStyring.c **** 
  16:motorStyring.c **** void initMotor()
  17:motorStyring.c **** {
  28              		.loc 1 17 0
  29              		.cfi_startproc
  30              		@ args = 0, pretend = 0, frame = 0
  31              		@ frame_needed = 0, uses_anonymous_args = 0
  32 0000 08B5     		push	{r3, lr}
  33              		.cfi_def_cfa_offset 8
  34              		.cfi_offset 3, -8
  35              		.cfi_offset 14, -4
  18:motorStyring.c ****     PWM1_Start();
  36              		.loc 1 18 0
  37 0002 FFF7FEFF 		bl	PWM1_Start
  38              	.LVL0:
  19:motorStyring.c ****     PWM2_Start();
ARM GAS  C:\Users\Simon\AppData\Local\Temp\ccKB8P5g.s 			page 2


  39              		.loc 1 19 0
  40 0006 FFF7FEFF 		bl	PWM2_Start
  41              	.LVL1:
  42 000a 08BD     		pop	{r3, pc}
  43              		.cfi_endproc
  44              	.LFE63:
  45              		.size	initMotor, .-initMotor
  46              		.section	.text.driveForward,"ax",%progbits
  47              		.align	2
  48              		.global	driveForward
  49              		.thumb
  50              		.thumb_func
  51              		.type	driveForward, %function
  52              	driveForward:
  53              	.LFB64:
  20:motorStyring.c **** }
  21:motorStyring.c **** void driveForward()
  22:motorStyring.c **** {
  54              		.loc 1 22 0
  55              		.cfi_startproc
  56              		@ args = 0, pretend = 0, frame = 0
  57              		@ frame_needed = 0, uses_anonymous_args = 0
  58 0000 08B5     		push	{r3, lr}
  59              		.cfi_def_cfa_offset 8
  60              		.cfi_offset 3, -8
  61              		.cfi_offset 14, -4
  23:motorStyring.c ****     // Sætter direction på DC motor ved hjælp af H-Bro
  24:motorStyring.c ****     in1_Write(1);
  62              		.loc 1 24 0
  63 0002 0120     		movs	r0, #1
  64 0004 FFF7FEFF 		bl	in1_Write
  65              	.LVL2:
  25:motorStyring.c ****     in2_Write(0);
  66              		.loc 1 25 0
  67 0008 0020     		movs	r0, #0
  68 000a FFF7FEFF 		bl	in2_Write
  69              	.LVL3:
  26:motorStyring.c ****     in3_Write(0);
  70              		.loc 1 26 0
  71 000e 0020     		movs	r0, #0
  72 0010 FFF7FEFF 		bl	in3_Write
  73              	.LVL4:
  27:motorStyring.c ****     in4_Write(1);
  74              		.loc 1 27 0
  75 0014 0120     		movs	r0, #1
  76 0016 FFF7FEFF 		bl	in4_Write
  77              	.LVL5:
  28:motorStyring.c ****     // Starter PWM
  29:motorStyring.c ****     PWM1_Start();
  78              		.loc 1 29 0
  79 001a FFF7FEFF 		bl	PWM1_Start
  80              	.LVL6:
  30:motorStyring.c ****     PWM2_Start();
  81              		.loc 1 30 0
  82 001e FFF7FEFF 		bl	PWM2_Start
  83              	.LVL7:
  31:motorStyring.c ****     // Sætter PWM til 100%
ARM GAS  C:\Users\Simon\AppData\Local\Temp\ccKB8P5g.s 			page 3


  32:motorStyring.c ****     PWM2_WriteCompare(100);
  84              		.loc 1 32 0
  85 0022 6420     		movs	r0, #100
  86 0024 FFF7FEFF 		bl	PWM2_WriteCompare
  87              	.LVL8:
  33:motorStyring.c ****     PWM1_WriteCompare(100);
  88              		.loc 1 33 0
  89 0028 6420     		movs	r0, #100
  90 002a FFF7FEFF 		bl	PWM1_WriteCompare
  91              	.LVL9:
  92 002e 08BD     		pop	{r3, pc}
  93              		.cfi_endproc
  94              	.LFE64:
  95              		.size	driveForward, .-driveForward
  96              		.section	.text.driveBackward,"ax",%progbits
  97              		.align	2
  98              		.global	driveBackward
  99              		.thumb
 100              		.thumb_func
 101              		.type	driveBackward, %function
 102              	driveBackward:
 103              	.LFB65:
  34:motorStyring.c **** }
  35:motorStyring.c **** 
  36:motorStyring.c **** void driveBackward()
  37:motorStyring.c **** {   
 104              		.loc 1 37 0
 105              		.cfi_startproc
 106              		@ args = 0, pretend = 0, frame = 0
 107              		@ frame_needed = 0, uses_anonymous_args = 0
 108 0000 08B5     		push	{r3, lr}
 109              		.cfi_def_cfa_offset 8
 110              		.cfi_offset 3, -8
 111              		.cfi_offset 14, -4
  38:motorStyring.c ****     // Sætter direction på DC motor ved hjælp af H-Bro
  39:motorStyring.c ****     in1_Write(0);
 112              		.loc 1 39 0
 113 0002 0020     		movs	r0, #0
 114 0004 FFF7FEFF 		bl	in1_Write
 115              	.LVL10:
  40:motorStyring.c ****     in2_Write(1);
 116              		.loc 1 40 0
 117 0008 0120     		movs	r0, #1
 118 000a FFF7FEFF 		bl	in2_Write
 119              	.LVL11:
  41:motorStyring.c ****     in3_Write(3);
 120              		.loc 1 41 0
 121 000e 0320     		movs	r0, #3
 122 0010 FFF7FEFF 		bl	in3_Write
 123              	.LVL12:
  42:motorStyring.c ****     in4_Write(4);
 124              		.loc 1 42 0
 125 0014 0420     		movs	r0, #4
 126 0016 FFF7FEFF 		bl	in4_Write
 127              	.LVL13:
  43:motorStyring.c ****     // Starter PWM
  44:motorStyring.c ****     PWM1_Start();
ARM GAS  C:\Users\Simon\AppData\Local\Temp\ccKB8P5g.s 			page 4


 128              		.loc 1 44 0
 129 001a FFF7FEFF 		bl	PWM1_Start
 130              	.LVL14:
  45:motorStyring.c ****     PWM2_Start();
 131              		.loc 1 45 0
 132 001e FFF7FEFF 		bl	PWM2_Start
 133              	.LVL15:
  46:motorStyring.c ****     // Sætter PWM til 100%
  47:motorStyring.c ****     PWM2_WriteCompare(100);
 134              		.loc 1 47 0
 135 0022 6420     		movs	r0, #100
 136 0024 FFF7FEFF 		bl	PWM2_WriteCompare
 137              	.LVL16:
  48:motorStyring.c ****     PWM1_WriteCompare(100);
 138              		.loc 1 48 0
 139 0028 6420     		movs	r0, #100
 140 002a FFF7FEFF 		bl	PWM1_WriteCompare
 141              	.LVL17:
 142 002e 08BD     		pop	{r3, pc}
 143              		.cfi_endproc
 144              	.LFE65:
 145              		.size	driveBackward, .-driveBackward
 146              		.section	.text.driveLeft,"ax",%progbits
 147              		.align	2
 148              		.global	driveLeft
 149              		.thumb
 150              		.thumb_func
 151              		.type	driveLeft, %function
 152              	driveLeft:
 153              	.LFB66:
  49:motorStyring.c **** }
  50:motorStyring.c **** 
  51:motorStyring.c **** void driveLeft()
  52:motorStyring.c **** {
 154              		.loc 1 52 0
 155              		.cfi_startproc
 156              		@ args = 0, pretend = 0, frame = 0
 157              		@ frame_needed = 0, uses_anonymous_args = 0
 158 0000 08B5     		push	{r3, lr}
 159              		.cfi_def_cfa_offset 8
 160              		.cfi_offset 3, -8
 161              		.cfi_offset 14, -4
  53:motorStyring.c ****     // Starter PWM i venstre side, stopper PWM i højre.
  54:motorStyring.c ****     PWM1_Start();
 162              		.loc 1 54 0
 163 0002 FFF7FEFF 		bl	PWM1_Start
 164              	.LVL18:
  55:motorStyring.c ****     PWM2_Stop();
 165              		.loc 1 55 0
 166 0006 FFF7FEFF 		bl	PWM2_Stop
 167              	.LVL19:
  56:motorStyring.c ****     // Sætter PWM til 100%
  57:motorStyring.c ****     PWM1_WriteCompare(100);
 168              		.loc 1 57 0
 169 000a 6420     		movs	r0, #100
 170 000c FFF7FEFF 		bl	PWM1_WriteCompare
 171              	.LVL20:
ARM GAS  C:\Users\Simon\AppData\Local\Temp\ccKB8P5g.s 			page 5


 172 0010 08BD     		pop	{r3, pc}
 173              		.cfi_endproc
 174              	.LFE66:
 175              		.size	driveLeft, .-driveLeft
 176 0012 00BF     		.section	.text.driveRight,"ax",%progbits
 177              		.align	2
 178              		.global	driveRight
 179              		.thumb
 180              		.thumb_func
 181              		.type	driveRight, %function
 182              	driveRight:
 183              	.LFB67:
  58:motorStyring.c **** }
  59:motorStyring.c **** 
  60:motorStyring.c **** 
  61:motorStyring.c **** void driveRight()
  62:motorStyring.c **** {
 184              		.loc 1 62 0
 185              		.cfi_startproc
 186              		@ args = 0, pretend = 0, frame = 0
 187              		@ frame_needed = 0, uses_anonymous_args = 0
 188 0000 08B5     		push	{r3, lr}
 189              		.cfi_def_cfa_offset 8
 190              		.cfi_offset 3, -8
 191              		.cfi_offset 14, -4
  63:motorStyring.c ****     // Starter PWM i højre side, stopper PWM i venstre.
  64:motorStyring.c ****     PWM1_Stop();
 192              		.loc 1 64 0
 193 0002 FFF7FEFF 		bl	PWM1_Stop
 194              	.LVL21:
  65:motorStyring.c ****     PWM2_Start();
 195              		.loc 1 65 0
 196 0006 FFF7FEFF 		bl	PWM2_Start
 197              	.LVL22:
  66:motorStyring.c ****     // Sætter PWM til 100%
  67:motorStyring.c ****     PWM2_WriteCompare(100);
 198              		.loc 1 67 0
 199 000a 6420     		movs	r0, #100
 200 000c FFF7FEFF 		bl	PWM2_WriteCompare
 201              	.LVL23:
 202 0010 08BD     		pop	{r3, pc}
 203              		.cfi_endproc
 204              	.LFE67:
 205              		.size	driveRight, .-driveRight
 206 0012 00BF     		.section	.text.driveStop,"ax",%progbits
 207              		.align	2
 208              		.global	driveStop
 209              		.thumb
 210              		.thumb_func
 211              		.type	driveStop, %function
 212              	driveStop:
 213              	.LFB68:
  68:motorStyring.c **** }
  69:motorStyring.c **** 
  70:motorStyring.c **** void driveStop()
  71:motorStyring.c **** {
 214              		.loc 1 71 0
ARM GAS  C:\Users\Simon\AppData\Local\Temp\ccKB8P5g.s 			page 6


 215              		.cfi_startproc
 216              		@ args = 0, pretend = 0, frame = 0
 217              		@ frame_needed = 0, uses_anonymous_args = 0
 218 0000 08B5     		push	{r3, lr}
 219              		.cfi_def_cfa_offset 8
 220              		.cfi_offset 3, -8
 221              		.cfi_offset 14, -4
  72:motorStyring.c ****     // Stopper PWM
  73:motorStyring.c ****     PWM1_Stop();
 222              		.loc 1 73 0
 223 0002 FFF7FEFF 		bl	PWM1_Stop
 224              	.LVL24:
  74:motorStyring.c ****     PWM2_Stop();
 225              		.loc 1 74 0
 226 0006 FFF7FEFF 		bl	PWM2_Stop
 227              	.LVL25:
 228 000a 08BD     		pop	{r3, pc}
 229              		.cfi_endproc
 230              	.LFE68:
 231              		.size	driveStop, .-driveStop
 232              		.text
 233              	.Letext0:
 234              		.file 2 "c:\\program files (x86)\\cypress\\psoc creator\\4.3\\psoc creator\\import\\gnu\\arm\\5.4.
 235              		.file 3 "c:\\program files (x86)\\cypress\\psoc creator\\4.3\\psoc creator\\import\\gnu\\arm\\5.4.
 236              		.file 4 "Generated_Source\\PSoC5/PWM1.h"
 237              		.file 5 "Generated_Source\\PSoC5/PWM2.h"
 238              		.file 6 "Generated_Source\\PSoC5/in1.h"
 239              		.file 7 "Generated_Source\\PSoC5/in2.h"
 240              		.file 8 "Generated_Source\\PSoC5/in3.h"
 241              		.file 9 "Generated_Source\\PSoC5/in4.h"
 242              		.file 10 "Generated_Source\\PSoC5/core_cm3.h"
 243              		.section	.debug_info,"",%progbits
 244              	.Ldebug_info0:
 245 0000 10030000 		.4byte	0x310
 246 0004 0400     		.2byte	0x4
 247 0006 00000000 		.4byte	.Ldebug_abbrev0
 248 000a 04       		.byte	0x4
 249 000b 01       		.uleb128 0x1
 250 000c 72000000 		.4byte	.LASF32
 251 0010 0C       		.byte	0xc
 252 0011 12020000 		.4byte	.LASF33
 253 0015 00010000 		.4byte	.LASF34
 254 0019 00000000 		.4byte	.Ldebug_ranges0+0
 255 001d 00000000 		.4byte	0
 256 0021 00000000 		.4byte	.Ldebug_line0
 257 0025 02       		.uleb128 0x2
 258 0026 01       		.byte	0x1
 259 0027 06       		.byte	0x6
 260 0028 42020000 		.4byte	.LASF0
 261 002c 02       		.uleb128 0x2
 262 002d 01       		.byte	0x1
 263 002e 08       		.byte	0x8
 264 002f 64000000 		.4byte	.LASF1
 265 0033 02       		.uleb128 0x2
 266 0034 02       		.byte	0x2
 267 0035 05       		.byte	0x5
 268 0036 21020000 		.4byte	.LASF2
ARM GAS  C:\Users\Simon\AppData\Local\Temp\ccKB8P5g.s 			page 7


 269 003a 02       		.uleb128 0x2
 270 003b 02       		.byte	0x2
 271 003c 07       		.byte	0x7
 272 003d 28000000 		.4byte	.LASF3
 273 0041 03       		.uleb128 0x3
 274 0042 14000000 		.4byte	.LASF9
 275 0046 02       		.byte	0x2
 276 0047 3F       		.byte	0x3f
 277 0048 4C000000 		.4byte	0x4c
 278 004c 02       		.uleb128 0x2
 279 004d 04       		.byte	0x4
 280 004e 05       		.byte	0x5
 281 004f D3010000 		.4byte	.LASF4
 282 0053 02       		.uleb128 0x2
 283 0054 04       		.byte	0x4
 284 0055 07       		.byte	0x7
 285 0056 70010000 		.4byte	.LASF5
 286 005a 02       		.uleb128 0x2
 287 005b 08       		.byte	0x8
 288 005c 05       		.byte	0x5
 289 005d ED010000 		.4byte	.LASF6
 290 0061 02       		.uleb128 0x2
 291 0062 08       		.byte	0x8
 292 0063 07       		.byte	0x7
 293 0064 B2010000 		.4byte	.LASF7
 294 0068 04       		.uleb128 0x4
 295 0069 04       		.byte	0x4
 296 006a 05       		.byte	0x5
 297 006b 696E7400 		.ascii	"int\000"
 298 006f 02       		.uleb128 0x2
 299 0070 04       		.byte	0x4
 300 0071 07       		.byte	0x7
 301 0072 A5010000 		.4byte	.LASF8
 302 0076 03       		.uleb128 0x3
 303 0077 DC010000 		.4byte	.LASF10
 304 007b 03       		.byte	0x3
 305 007c 2C       		.byte	0x2c
 306 007d 41000000 		.4byte	0x41
 307 0081 02       		.uleb128 0x2
 308 0082 04       		.byte	0x4
 309 0083 04       		.byte	0x4
 310 0084 5E000000 		.4byte	.LASF11
 311 0088 02       		.uleb128 0x2
 312 0089 08       		.byte	0x8
 313 008a 04       		.byte	0x4
 314 008b 45000000 		.4byte	.LASF12
 315 008f 02       		.uleb128 0x2
 316 0090 01       		.byte	0x1
 317 0091 08       		.byte	0x8
 318 0092 0D020000 		.4byte	.LASF13
 319 0096 02       		.uleb128 0x2
 320 0097 08       		.byte	0x8
 321 0098 04       		.byte	0x4
 322 0099 36020000 		.4byte	.LASF14
 323 009d 02       		.uleb128 0x2
 324 009e 04       		.byte	0x4
 325 009f 07       		.byte	0x7
ARM GAS  C:\Users\Simon\AppData\Local\Temp\ccKB8P5g.s 			page 8


 326 00a0 E4010000 		.4byte	.LASF15
 327 00a4 05       		.uleb128 0x5
 328 00a5 C9010000 		.4byte	.LASF16
 329 00a9 01       		.byte	0x1
 330 00aa 10       		.byte	0x10
 331 00ab 00000000 		.4byte	.LFB63
 332 00af 0C000000 		.4byte	.LFE63-.LFB63
 333 00b3 01       		.uleb128 0x1
 334 00b4 9C       		.byte	0x9c
 335 00b5 CC000000 		.4byte	0xcc
 336 00b9 06       		.uleb128 0x6
 337 00ba 06000000 		.4byte	.LVL0
 338 00be A5020000 		.4byte	0x2a5
 339 00c2 06       		.uleb128 0x6
 340 00c3 0A000000 		.4byte	.LVL1
 341 00c7 B0020000 		.4byte	0x2b0
 342 00cb 00       		.byte	0
 343 00cc 05       		.uleb128 0x5
 344 00cd 56010000 		.4byte	.LASF17
 345 00d1 01       		.byte	0x1
 346 00d2 15       		.byte	0x15
 347 00d3 00000000 		.4byte	.LFB64
 348 00d7 30000000 		.4byte	.LFE64-.LFB64
 349 00db 01       		.uleb128 0x1
 350 00dc 9C       		.byte	0x9c
 351 00dd 64010000 		.4byte	0x164
 352 00e1 07       		.uleb128 0x7
 353 00e2 08000000 		.4byte	.LVL2
 354 00e6 BB020000 		.4byte	0x2bb
 355 00ea F4000000 		.4byte	0xf4
 356 00ee 08       		.uleb128 0x8
 357 00ef 01       		.uleb128 0x1
 358 00f0 50       		.byte	0x50
 359 00f1 01       		.uleb128 0x1
 360 00f2 31       		.byte	0x31
 361 00f3 00       		.byte	0
 362 00f4 07       		.uleb128 0x7
 363 00f5 0E000000 		.4byte	.LVL3
 364 00f9 C6020000 		.4byte	0x2c6
 365 00fd 07010000 		.4byte	0x107
 366 0101 08       		.uleb128 0x8
 367 0102 01       		.uleb128 0x1
 368 0103 50       		.byte	0x50
 369 0104 01       		.uleb128 0x1
 370 0105 30       		.byte	0x30
 371 0106 00       		.byte	0
 372 0107 07       		.uleb128 0x7
 373 0108 14000000 		.4byte	.LVL4
 374 010c D1020000 		.4byte	0x2d1
 375 0110 1A010000 		.4byte	0x11a
 376 0114 08       		.uleb128 0x8
 377 0115 01       		.uleb128 0x1
 378 0116 50       		.byte	0x50
 379 0117 01       		.uleb128 0x1
 380 0118 30       		.byte	0x30
 381 0119 00       		.byte	0
 382 011a 07       		.uleb128 0x7
ARM GAS  C:\Users\Simon\AppData\Local\Temp\ccKB8P5g.s 			page 9


 383 011b 1A000000 		.4byte	.LVL5
 384 011f DC020000 		.4byte	0x2dc
 385 0123 2D010000 		.4byte	0x12d
 386 0127 08       		.uleb128 0x8
 387 0128 01       		.uleb128 0x1
 388 0129 50       		.byte	0x50
 389 012a 01       		.uleb128 0x1
 390 012b 31       		.byte	0x31
 391 012c 00       		.byte	0
 392 012d 06       		.uleb128 0x6
 393 012e 1E000000 		.4byte	.LVL6
 394 0132 A5020000 		.4byte	0x2a5
 395 0136 06       		.uleb128 0x6
 396 0137 22000000 		.4byte	.LVL7
 397 013b B0020000 		.4byte	0x2b0
 398 013f 07       		.uleb128 0x7
 399 0140 28000000 		.4byte	.LVL8
 400 0144 E7020000 		.4byte	0x2e7
 401 0148 53010000 		.4byte	0x153
 402 014c 08       		.uleb128 0x8
 403 014d 01       		.uleb128 0x1
 404 014e 50       		.byte	0x50
 405 014f 02       		.uleb128 0x2
 406 0150 08       		.byte	0x8
 407 0151 64       		.byte	0x64
 408 0152 00       		.byte	0
 409 0153 09       		.uleb128 0x9
 410 0154 2E000000 		.4byte	.LVL9
 411 0158 F2020000 		.4byte	0x2f2
 412 015c 08       		.uleb128 0x8
 413 015d 01       		.uleb128 0x1
 414 015e 50       		.byte	0x50
 415 015f 02       		.uleb128 0x2
 416 0160 08       		.byte	0x8
 417 0161 64       		.byte	0x64
 418 0162 00       		.byte	0
 419 0163 00       		.byte	0
 420 0164 05       		.uleb128 0x5
 421 0165 82010000 		.4byte	.LASF18
 422 0169 01       		.byte	0x1
 423 016a 24       		.byte	0x24
 424 016b 00000000 		.4byte	.LFB65
 425 016f 30000000 		.4byte	.LFE65-.LFB65
 426 0173 01       		.uleb128 0x1
 427 0174 9C       		.byte	0x9c
 428 0175 FC010000 		.4byte	0x1fc
 429 0179 07       		.uleb128 0x7
 430 017a 08000000 		.4byte	.LVL10
 431 017e BB020000 		.4byte	0x2bb
 432 0182 8C010000 		.4byte	0x18c
 433 0186 08       		.uleb128 0x8
 434 0187 01       		.uleb128 0x1
 435 0188 50       		.byte	0x50
 436 0189 01       		.uleb128 0x1
 437 018a 30       		.byte	0x30
 438 018b 00       		.byte	0
 439 018c 07       		.uleb128 0x7
ARM GAS  C:\Users\Simon\AppData\Local\Temp\ccKB8P5g.s 			page 10


 440 018d 0E000000 		.4byte	.LVL11
 441 0191 C6020000 		.4byte	0x2c6
 442 0195 9F010000 		.4byte	0x19f
 443 0199 08       		.uleb128 0x8
 444 019a 01       		.uleb128 0x1
 445 019b 50       		.byte	0x50
 446 019c 01       		.uleb128 0x1
 447 019d 31       		.byte	0x31
 448 019e 00       		.byte	0
 449 019f 07       		.uleb128 0x7
 450 01a0 14000000 		.4byte	.LVL12
 451 01a4 D1020000 		.4byte	0x2d1
 452 01a8 B2010000 		.4byte	0x1b2
 453 01ac 08       		.uleb128 0x8
 454 01ad 01       		.uleb128 0x1
 455 01ae 50       		.byte	0x50
 456 01af 01       		.uleb128 0x1
 457 01b0 33       		.byte	0x33
 458 01b1 00       		.byte	0
 459 01b2 07       		.uleb128 0x7
 460 01b3 1A000000 		.4byte	.LVL13
 461 01b7 DC020000 		.4byte	0x2dc
 462 01bb C5010000 		.4byte	0x1c5
 463 01bf 08       		.uleb128 0x8
 464 01c0 01       		.uleb128 0x1
 465 01c1 50       		.byte	0x50
 466 01c2 01       		.uleb128 0x1
 467 01c3 34       		.byte	0x34
 468 01c4 00       		.byte	0
 469 01c5 06       		.uleb128 0x6
 470 01c6 1E000000 		.4byte	.LVL14
 471 01ca A5020000 		.4byte	0x2a5
 472 01ce 06       		.uleb128 0x6
 473 01cf 22000000 		.4byte	.LVL15
 474 01d3 B0020000 		.4byte	0x2b0
 475 01d7 07       		.uleb128 0x7
 476 01d8 28000000 		.4byte	.LVL16
 477 01dc E7020000 		.4byte	0x2e7
 478 01e0 EB010000 		.4byte	0x1eb
 479 01e4 08       		.uleb128 0x8
 480 01e5 01       		.uleb128 0x1
 481 01e6 50       		.byte	0x50
 482 01e7 02       		.uleb128 0x2
 483 01e8 08       		.byte	0x8
 484 01e9 64       		.byte	0x64
 485 01ea 00       		.byte	0
 486 01eb 09       		.uleb128 0x9
 487 01ec 2E000000 		.4byte	.LVL17
 488 01f0 F2020000 		.4byte	0x2f2
 489 01f4 08       		.uleb128 0x8
 490 01f5 01       		.uleb128 0x1
 491 01f6 50       		.byte	0x50
 492 01f7 02       		.uleb128 0x2
 493 01f8 08       		.byte	0x8
 494 01f9 64       		.byte	0x64
 495 01fa 00       		.byte	0
 496 01fb 00       		.byte	0
ARM GAS  C:\Users\Simon\AppData\Local\Temp\ccKB8P5g.s 			page 11


 497 01fc 05       		.uleb128 0x5
 498 01fd 4E020000 		.4byte	.LASF19
 499 0201 01       		.byte	0x1
 500 0202 33       		.byte	0x33
 501 0203 00000000 		.4byte	.LFB66
 502 0207 12000000 		.4byte	.LFE66-.LFB66
 503 020b 01       		.uleb128 0x1
 504 020c 9C       		.byte	0x9c
 505 020d 34020000 		.4byte	0x234
 506 0211 06       		.uleb128 0x6
 507 0212 06000000 		.4byte	.LVL18
 508 0216 A5020000 		.4byte	0x2a5
 509 021a 06       		.uleb128 0x6
 510 021b 0A000000 		.4byte	.LVL19
 511 021f FD020000 		.4byte	0x2fd
 512 0223 09       		.uleb128 0x9
 513 0224 10000000 		.4byte	.LVL20
 514 0228 F2020000 		.4byte	0x2f2
 515 022c 08       		.uleb128 0x8
 516 022d 01       		.uleb128 0x1
 517 022e 50       		.byte	0x50
 518 022f 02       		.uleb128 0x2
 519 0230 08       		.byte	0x8
 520 0231 64       		.byte	0x64
 521 0232 00       		.byte	0
 522 0233 00       		.byte	0
 523 0234 05       		.uleb128 0x5
 524 0235 62020000 		.4byte	.LASF20
 525 0239 01       		.byte	0x1
 526 023a 3D       		.byte	0x3d
 527 023b 00000000 		.4byte	.LFB67
 528 023f 12000000 		.4byte	.LFE67-.LFB67
 529 0243 01       		.uleb128 0x1
 530 0244 9C       		.byte	0x9c
 531 0245 6C020000 		.4byte	0x26c
 532 0249 06       		.uleb128 0x6
 533 024a 06000000 		.4byte	.LVL21
 534 024e 08030000 		.4byte	0x308
 535 0252 06       		.uleb128 0x6
 536 0253 0A000000 		.4byte	.LVL22
 537 0257 B0020000 		.4byte	0x2b0
 538 025b 09       		.uleb128 0x9
 539 025c 10000000 		.4byte	.LVL23
 540 0260 E7020000 		.4byte	0x2e7
 541 0264 08       		.uleb128 0x8
 542 0265 01       		.uleb128 0x1
 543 0266 50       		.byte	0x50
 544 0267 02       		.uleb128 0x2
 545 0268 08       		.byte	0x8
 546 0269 64       		.byte	0x64
 547 026a 00       		.byte	0
 548 026b 00       		.byte	0
 549 026c 05       		.uleb128 0x5
 550 026d 4C010000 		.4byte	.LASF21
 551 0271 01       		.byte	0x1
 552 0272 46       		.byte	0x46
 553 0273 00000000 		.4byte	.LFB68
ARM GAS  C:\Users\Simon\AppData\Local\Temp\ccKB8P5g.s 			page 12


 554 0277 0C000000 		.4byte	.LFE68-.LFB68
 555 027b 01       		.uleb128 0x1
 556 027c 9C       		.byte	0x9c
 557 027d 94020000 		.4byte	0x294
 558 0281 06       		.uleb128 0x6
 559 0282 06000000 		.4byte	.LVL24
 560 0286 08030000 		.4byte	0x308
 561 028a 06       		.uleb128 0x6
 562 028b 0A000000 		.4byte	.LVL25
 563 028f FD020000 		.4byte	0x2fd
 564 0293 00       		.byte	0
 565 0294 0A       		.uleb128 0xa
 566 0295 63010000 		.4byte	.LASF35
 567 0299 0A       		.byte	0xa
 568 029a 1207     		.2byte	0x712
 569 029c A0020000 		.4byte	0x2a0
 570 02a0 0B       		.uleb128 0xb
 571 02a1 76000000 		.4byte	0x76
 572 02a5 0C       		.uleb128 0xc
 573 02a6 9A010000 		.4byte	.LASF22
 574 02aa 9A010000 		.4byte	.LASF22
 575 02ae 04       		.byte	0x4
 576 02af 92       		.byte	0x92
 577 02b0 0C       		.uleb128 0xc
 578 02b1 2B020000 		.4byte	.LASF23
 579 02b5 2B020000 		.4byte	.LASF23
 580 02b9 05       		.byte	0x5
 581 02ba 92       		.byte	0x92
 582 02bb 0C       		.uleb128 0xc
 583 02bc 58020000 		.4byte	.LASF24
 584 02c0 58020000 		.4byte	.LASF24
 585 02c4 06       		.byte	0x6
 586 02c5 26       		.byte	0x26
 587 02c6 0C       		.uleb128 0xc
 588 02c7 0A000000 		.4byte	.LASF25
 589 02cb 0A000000 		.4byte	.LASF25
 590 02cf 07       		.byte	0x7
 591 02d0 26       		.byte	0x26
 592 02d1 0C       		.uleb128 0xc
 593 02d2 00000000 		.4byte	.LASF26
 594 02d6 00000000 		.4byte	.LASF26
 595 02da 08       		.byte	0x8
 596 02db 26       		.byte	0x26
 597 02dc 0C       		.uleb128 0xc
 598 02dd 1E000000 		.4byte	.LASF27
 599 02e1 1E000000 		.4byte	.LASF27
 600 02e5 09       		.byte	0x9
 601 02e6 26       		.byte	0x26
 602 02e7 0C       		.uleb128 0xc
 603 02e8 FB010000 		.4byte	.LASF28
 604 02ec FB010000 		.4byte	.LASF28
 605 02f0 05       		.byte	0x5
 606 02f1 C3       		.byte	0xc3
 607 02f2 0C       		.uleb128 0xc
 608 02f3 4C000000 		.4byte	.LASF29
 609 02f7 4C000000 		.4byte	.LASF29
 610 02fb 04       		.byte	0x4
ARM GAS  C:\Users\Simon\AppData\Local\Temp\ccKB8P5g.s 			page 13


 611 02fc C3       		.byte	0xc3
 612 02fd 0C       		.uleb128 0xc
 613 02fe 90010000 		.4byte	.LASF30
 614 0302 90010000 		.4byte	.LASF30
 615 0306 05       		.byte	0x5
 616 0307 93       		.byte	0x93
 617 0308 0C       		.uleb128 0xc
 618 0309 3B000000 		.4byte	.LASF31
 619 030d 3B000000 		.4byte	.LASF31
 620 0311 04       		.byte	0x4
 621 0312 93       		.byte	0x93
 622 0313 00       		.byte	0
 623              		.section	.debug_abbrev,"",%progbits
 624              	.Ldebug_abbrev0:
 625 0000 01       		.uleb128 0x1
 626 0001 11       		.uleb128 0x11
 627 0002 01       		.byte	0x1
 628 0003 25       		.uleb128 0x25
 629 0004 0E       		.uleb128 0xe
 630 0005 13       		.uleb128 0x13
 631 0006 0B       		.uleb128 0xb
 632 0007 03       		.uleb128 0x3
 633 0008 0E       		.uleb128 0xe
 634 0009 1B       		.uleb128 0x1b
 635 000a 0E       		.uleb128 0xe
 636 000b 55       		.uleb128 0x55
 637 000c 17       		.uleb128 0x17
 638 000d 11       		.uleb128 0x11
 639 000e 01       		.uleb128 0x1
 640 000f 10       		.uleb128 0x10
 641 0010 17       		.uleb128 0x17
 642 0011 00       		.byte	0
 643 0012 00       		.byte	0
 644 0013 02       		.uleb128 0x2
 645 0014 24       		.uleb128 0x24
 646 0015 00       		.byte	0
 647 0016 0B       		.uleb128 0xb
 648 0017 0B       		.uleb128 0xb
 649 0018 3E       		.uleb128 0x3e
 650 0019 0B       		.uleb128 0xb
 651 001a 03       		.uleb128 0x3
 652 001b 0E       		.uleb128 0xe
 653 001c 00       		.byte	0
 654 001d 00       		.byte	0
 655 001e 03       		.uleb128 0x3
 656 001f 16       		.uleb128 0x16
 657 0020 00       		.byte	0
 658 0021 03       		.uleb128 0x3
 659 0022 0E       		.uleb128 0xe
 660 0023 3A       		.uleb128 0x3a
 661 0024 0B       		.uleb128 0xb
 662 0025 3B       		.uleb128 0x3b
 663 0026 0B       		.uleb128 0xb
 664 0027 49       		.uleb128 0x49
 665 0028 13       		.uleb128 0x13
 666 0029 00       		.byte	0
 667 002a 00       		.byte	0
ARM GAS  C:\Users\Simon\AppData\Local\Temp\ccKB8P5g.s 			page 14


 668 002b 04       		.uleb128 0x4
 669 002c 24       		.uleb128 0x24
 670 002d 00       		.byte	0
 671 002e 0B       		.uleb128 0xb
 672 002f 0B       		.uleb128 0xb
 673 0030 3E       		.uleb128 0x3e
 674 0031 0B       		.uleb128 0xb
 675 0032 03       		.uleb128 0x3
 676 0033 08       		.uleb128 0x8
 677 0034 00       		.byte	0
 678 0035 00       		.byte	0
 679 0036 05       		.uleb128 0x5
 680 0037 2E       		.uleb128 0x2e
 681 0038 01       		.byte	0x1
 682 0039 3F       		.uleb128 0x3f
 683 003a 19       		.uleb128 0x19
 684 003b 03       		.uleb128 0x3
 685 003c 0E       		.uleb128 0xe
 686 003d 3A       		.uleb128 0x3a
 687 003e 0B       		.uleb128 0xb
 688 003f 3B       		.uleb128 0x3b
 689 0040 0B       		.uleb128 0xb
 690 0041 11       		.uleb128 0x11
 691 0042 01       		.uleb128 0x1
 692 0043 12       		.uleb128 0x12
 693 0044 06       		.uleb128 0x6
 694 0045 40       		.uleb128 0x40
 695 0046 18       		.uleb128 0x18
 696 0047 9742     		.uleb128 0x2117
 697 0049 19       		.uleb128 0x19
 698 004a 01       		.uleb128 0x1
 699 004b 13       		.uleb128 0x13
 700 004c 00       		.byte	0
 701 004d 00       		.byte	0
 702 004e 06       		.uleb128 0x6
 703 004f 898201   		.uleb128 0x4109
 704 0052 00       		.byte	0
 705 0053 11       		.uleb128 0x11
 706 0054 01       		.uleb128 0x1
 707 0055 31       		.uleb128 0x31
 708 0056 13       		.uleb128 0x13
 709 0057 00       		.byte	0
 710 0058 00       		.byte	0
 711 0059 07       		.uleb128 0x7
 712 005a 898201   		.uleb128 0x4109
 713 005d 01       		.byte	0x1
 714 005e 11       		.uleb128 0x11
 715 005f 01       		.uleb128 0x1
 716 0060 31       		.uleb128 0x31
 717 0061 13       		.uleb128 0x13
 718 0062 01       		.uleb128 0x1
 719 0063 13       		.uleb128 0x13
 720 0064 00       		.byte	0
 721 0065 00       		.byte	0
 722 0066 08       		.uleb128 0x8
 723 0067 8A8201   		.uleb128 0x410a
 724 006a 00       		.byte	0
ARM GAS  C:\Users\Simon\AppData\Local\Temp\ccKB8P5g.s 			page 15


 725 006b 02       		.uleb128 0x2
 726 006c 18       		.uleb128 0x18
 727 006d 9142     		.uleb128 0x2111
 728 006f 18       		.uleb128 0x18
 729 0070 00       		.byte	0
 730 0071 00       		.byte	0
 731 0072 09       		.uleb128 0x9
 732 0073 898201   		.uleb128 0x4109
 733 0076 01       		.byte	0x1
 734 0077 11       		.uleb128 0x11
 735 0078 01       		.uleb128 0x1
 736 0079 31       		.uleb128 0x31
 737 007a 13       		.uleb128 0x13
 738 007b 00       		.byte	0
 739 007c 00       		.byte	0
 740 007d 0A       		.uleb128 0xa
 741 007e 34       		.uleb128 0x34
 742 007f 00       		.byte	0
 743 0080 03       		.uleb128 0x3
 744 0081 0E       		.uleb128 0xe
 745 0082 3A       		.uleb128 0x3a
 746 0083 0B       		.uleb128 0xb
 747 0084 3B       		.uleb128 0x3b
 748 0085 05       		.uleb128 0x5
 749 0086 49       		.uleb128 0x49
 750 0087 13       		.uleb128 0x13
 751 0088 3F       		.uleb128 0x3f
 752 0089 19       		.uleb128 0x19
 753 008a 3C       		.uleb128 0x3c
 754 008b 19       		.uleb128 0x19
 755 008c 00       		.byte	0
 756 008d 00       		.byte	0
 757 008e 0B       		.uleb128 0xb
 758 008f 35       		.uleb128 0x35
 759 0090 00       		.byte	0
 760 0091 49       		.uleb128 0x49
 761 0092 13       		.uleb128 0x13
 762 0093 00       		.byte	0
 763 0094 00       		.byte	0
 764 0095 0C       		.uleb128 0xc
 765 0096 2E       		.uleb128 0x2e
 766 0097 00       		.byte	0
 767 0098 3F       		.uleb128 0x3f
 768 0099 19       		.uleb128 0x19
 769 009a 3C       		.uleb128 0x3c
 770 009b 19       		.uleb128 0x19
 771 009c 6E       		.uleb128 0x6e
 772 009d 0E       		.uleb128 0xe
 773 009e 03       		.uleb128 0x3
 774 009f 0E       		.uleb128 0xe
 775 00a0 3A       		.uleb128 0x3a
 776 00a1 0B       		.uleb128 0xb
 777 00a2 3B       		.uleb128 0x3b
 778 00a3 0B       		.uleb128 0xb
 779 00a4 00       		.byte	0
 780 00a5 00       		.byte	0
 781 00a6 00       		.byte	0
ARM GAS  C:\Users\Simon\AppData\Local\Temp\ccKB8P5g.s 			page 16


 782              		.section	.debug_aranges,"",%progbits
 783 0000 44000000 		.4byte	0x44
 784 0004 0200     		.2byte	0x2
 785 0006 00000000 		.4byte	.Ldebug_info0
 786 000a 04       		.byte	0x4
 787 000b 00       		.byte	0
 788 000c 0000     		.2byte	0
 789 000e 0000     		.2byte	0
 790 0010 00000000 		.4byte	.LFB63
 791 0014 0C000000 		.4byte	.LFE63-.LFB63
 792 0018 00000000 		.4byte	.LFB64
 793 001c 30000000 		.4byte	.LFE64-.LFB64
 794 0020 00000000 		.4byte	.LFB65
 795 0024 30000000 		.4byte	.LFE65-.LFB65
 796 0028 00000000 		.4byte	.LFB66
 797 002c 12000000 		.4byte	.LFE66-.LFB66
 798 0030 00000000 		.4byte	.LFB67
 799 0034 12000000 		.4byte	.LFE67-.LFB67
 800 0038 00000000 		.4byte	.LFB68
 801 003c 0C000000 		.4byte	.LFE68-.LFB68
 802 0040 00000000 		.4byte	0
 803 0044 00000000 		.4byte	0
 804              		.section	.debug_ranges,"",%progbits
 805              	.Ldebug_ranges0:
 806 0000 00000000 		.4byte	.LFB63
 807 0004 0C000000 		.4byte	.LFE63
 808 0008 00000000 		.4byte	.LFB64
 809 000c 30000000 		.4byte	.LFE64
 810 0010 00000000 		.4byte	.LFB65
 811 0014 30000000 		.4byte	.LFE65
 812 0018 00000000 		.4byte	.LFB66
 813 001c 12000000 		.4byte	.LFE66
 814 0020 00000000 		.4byte	.LFB67
 815 0024 12000000 		.4byte	.LFE67
 816 0028 00000000 		.4byte	.LFB68
 817 002c 0C000000 		.4byte	.LFE68
 818 0030 00000000 		.4byte	0
 819 0034 00000000 		.4byte	0
 820              		.section	.debug_line,"",%progbits
 821              	.Ldebug_line0:
 822 0000 FA010000 		.section	.debug_str,"MS",%progbits,1
 822      02007F01 
 822      00000201 
 822      FB0E0D00 
 822      01010101 
 823              	.LASF26:
 824 0000 696E335F 		.ascii	"in3_Write\000"
 824      57726974 
 824      6500
 825              	.LASF25:
 826 000a 696E325F 		.ascii	"in2_Write\000"
 826      57726974 
 826      6500
 827              	.LASF9:
 828 0014 5F5F696E 		.ascii	"__int32_t\000"
 828      7433325F 
 828      7400
ARM GAS  C:\Users\Simon\AppData\Local\Temp\ccKB8P5g.s 			page 17


 829              	.LASF27:
 830 001e 696E345F 		.ascii	"in4_Write\000"
 830      57726974 
 830      6500
 831              	.LASF3:
 832 0028 73686F72 		.ascii	"short unsigned int\000"
 832      7420756E 
 832      7369676E 
 832      65642069 
 832      6E7400
 833              	.LASF31:
 834 003b 50574D31 		.ascii	"PWM1_Stop\000"
 834      5F53746F 
 834      7000
 835              	.LASF12:
 836 0045 646F7562 		.ascii	"double\000"
 836      6C6500
 837              	.LASF29:
 838 004c 50574D31 		.ascii	"PWM1_WriteCompare\000"
 838      5F577269 
 838      7465436F 
 838      6D706172 
 838      6500
 839              	.LASF11:
 840 005e 666C6F61 		.ascii	"float\000"
 840      7400
 841              	.LASF1:
 842 0064 756E7369 		.ascii	"unsigned char\000"
 842      676E6564 
 842      20636861 
 842      7200
 843              	.LASF32:
 844 0072 474E5520 		.ascii	"GNU C11 5.4.1 20160609 (release) [ARM/embedded-5-br"
 844      43313120 
 844      352E342E 
 844      31203230 
 844      31363036 
 845 00a5 616E6368 		.ascii	"anch revision 237715] -mcpu=cortex-m3 -mthumb -g -O"
 845      20726576 
 845      6973696F 
 845      6E203233 
 845      37373135 
 846 00d8 67202D66 		.ascii	"g -ffunction-sections -ffat-lto-objects\000"
 846      66756E63 
 846      74696F6E 
 846      2D736563 
 846      74696F6E 
 847              	.LASF34:
 848 0100 433A5C55 		.ascii	"C:\\Users\\Simon\\Desktop\\Projekt3-2020\\Kode\\mai"
 848      73657273 
 848      5C53696D 
 848      6F6E5C44 
 848      65736B74 
 849 012d 6E5F7073 		.ascii	"n_psoc\\Main_Project\\Main.cydsn\000"
 849      6F635C4D 
 849      61696E5F 
 849      50726F6A 
ARM GAS  C:\Users\Simon\AppData\Local\Temp\ccKB8P5g.s 			page 18


 849      6563745C 
 850              	.LASF21:
 851 014c 64726976 		.ascii	"driveStop\000"
 851      6553746F 
 851      7000
 852              	.LASF17:
 853 0156 64726976 		.ascii	"driveForward\000"
 853      65466F72 
 853      77617264 
 853      00
 854              	.LASF35:
 855 0163 49544D5F 		.ascii	"ITM_RxBuffer\000"
 855      52784275 
 855      66666572 
 855      00
 856              	.LASF5:
 857 0170 6C6F6E67 		.ascii	"long unsigned int\000"
 857      20756E73 
 857      69676E65 
 857      6420696E 
 857      7400
 858              	.LASF18:
 859 0182 64726976 		.ascii	"driveBackward\000"
 859      65426163 
 859      6B776172 
 859      6400
 860              	.LASF30:
 861 0190 50574D32 		.ascii	"PWM2_Stop\000"
 861      5F53746F 
 861      7000
 862              	.LASF22:
 863 019a 50574D31 		.ascii	"PWM1_Start\000"
 863      5F537461 
 863      727400
 864              	.LASF8:
 865 01a5 756E7369 		.ascii	"unsigned int\000"
 865      676E6564 
 865      20696E74 
 865      00
 866              	.LASF7:
 867 01b2 6C6F6E67 		.ascii	"long long unsigned int\000"
 867      206C6F6E 
 867      6720756E 
 867      7369676E 
 867      65642069 
 868              	.LASF16:
 869 01c9 696E6974 		.ascii	"initMotor\000"
 869      4D6F746F 
 869      7200
 870              	.LASF4:
 871 01d3 6C6F6E67 		.ascii	"long int\000"
 871      20696E74 
 871      00
 872              	.LASF10:
 873 01dc 696E7433 		.ascii	"int32_t\000"
 873      325F7400 
 874              	.LASF15:
ARM GAS  C:\Users\Simon\AppData\Local\Temp\ccKB8P5g.s 			page 19


 875 01e4 73697A65 		.ascii	"sizetype\000"
 875      74797065 
 875      00
 876              	.LASF6:
 877 01ed 6C6F6E67 		.ascii	"long long int\000"
 877      206C6F6E 
 877      6720696E 
 877      7400
 878              	.LASF28:
 879 01fb 50574D32 		.ascii	"PWM2_WriteCompare\000"
 879      5F577269 
 879      7465436F 
 879      6D706172 
 879      6500
 880              	.LASF13:
 881 020d 63686172 		.ascii	"char\000"
 881      00
 882              	.LASF33:
 883 0212 6D6F746F 		.ascii	"motorStyring.c\000"
 883      72537479 
 883      72696E67 
 883      2E6300
 884              	.LASF2:
 885 0221 73686F72 		.ascii	"short int\000"
 885      7420696E 
 885      7400
 886              	.LASF23:
 887 022b 50574D32 		.ascii	"PWM2_Start\000"
 887      5F537461 
 887      727400
 888              	.LASF14:
 889 0236 6C6F6E67 		.ascii	"long double\000"
 889      20646F75 
 889      626C6500 
 890              	.LASF0:
 891 0242 7369676E 		.ascii	"signed char\000"
 891      65642063 
 891      68617200 
 892              	.LASF19:
 893 024e 64726976 		.ascii	"driveLeft\000"
 893      654C6566 
 893      7400
 894              	.LASF24:
 895 0258 696E315F 		.ascii	"in1_Write\000"
 895      57726974 
 895      6500
 896              	.LASF20:
 897 0262 64726976 		.ascii	"driveRight\000"
 897      65526967 
 897      687400
 898              		.ident	"GCC: (GNU Tools for ARM Embedded Processors) 5.4.1 20160609 (release) [ARM/embedded-5-bran
