ARM GAS  C:\Users\Simon\AppData\Local\Temp\cc9YJhLZ.s 			page 1


   1              		.syntax unified
   2              		.cpu cortex-m3
   3              		.fpu softvfp
   4              		.eabi_attribute 20, 1
   5              		.eabi_attribute 21, 1
   6              		.eabi_attribute 23, 3
   7              		.eabi_attribute 24, 1
   8              		.eabi_attribute 25, 1
   9              		.eabi_attribute 26, 1
  10              		.eabi_attribute 30, 1
  11              		.eabi_attribute 34, 1
  12              		.eabi_attribute 18, 4
  13              		.thumb
  14              		.syntax unified
  15              		.file	"Scale.c"
  16              		.text
  17              	.Ltext0:
  18              		.cfi_sections	.debug_frame
  19              		.section	.text.ADC_init,"ax",%progbits
  20              		.align	2
  21              		.global	ADC_init
  22              		.thumb
  23              		.thumb_func
  24              		.type	ADC_init, %function
  25              	ADC_init:
  26              	.LFB64:
  27              		.file 1 "Scale.c"
   1:Scale.c       **** #include "Scale.h"
   2:Scale.c       **** #include "project.h"
   3:Scale.c       **** #include <stdio.h>
   4:Scale.c       **** 
   5:Scale.c       **** void ADC_init()
   6:Scale.c       **** {
  28              		.loc 1 6 0
  29              		.cfi_startproc
  30              		@ args = 0, pretend = 0, frame = 0
  31              		@ frame_needed = 0, uses_anonymous_args = 0
  32 0000 08B5     		push	{r3, lr}
  33              		.cfi_def_cfa_offset 8
  34              		.cfi_offset 3, -8
  35              		.cfi_offset 14, -4
   7:Scale.c       ****     ADC_SAR_1_Start();
  36              		.loc 1 7 0
  37 0002 FFF7FEFF 		bl	ADC_SAR_1_Start
  38              	.LVL0:
   8:Scale.c       ****     ADC_SAR_1_StartConvert();
  39              		.loc 1 8 0
  40 0006 FFF7FEFF 		bl	ADC_SAR_1_StartConvert
  41              	.LVL1:
  42 000a 08BD     		pop	{r3, pc}
  43              		.cfi_endproc
  44              	.LFE64:
  45              		.size	ADC_init, .-ADC_init
  46              		.global	__aeabi_i2d
  47              		.global	__aeabi_dmul
  48              		.global	__aeabi_dsub
  49              		.global	__aeabi_d2f
ARM GAS  C:\Users\Simon\AppData\Local\Temp\cc9YJhLZ.s 			page 2


  50              		.section	.text.ADC_Measure,"ax",%progbits
  51              		.align	2
  52              		.global	ADC_Measure
  53              		.thumb
  54              		.thumb_func
  55              		.type	ADC_Measure, %function
  56              	ADC_Measure:
  57              	.LFB65:
   9:Scale.c       **** }
  10:Scale.c       **** 
  11:Scale.c       **** float ADC_Measure()
  12:Scale.c       **** {    
  58              		.loc 1 12 0
  59              		.cfi_startproc
  60              		@ args = 0, pretend = 0, frame = 0
  61              		@ frame_needed = 0, uses_anonymous_args = 0
  62 0000 08B5     		push	{r3, lr}
  63              		.cfi_def_cfa_offset 8
  64              		.cfi_offset 3, -8
  65              		.cfi_offset 14, -4
  13:Scale.c       ****     if (ADC_SAR_1_IsEndConversion(ADC_SAR_1_WAIT_FOR_RESULT))
  66              		.loc 1 13 0
  67 0002 0020     		movs	r0, #0
  68 0004 FFF7FEFF 		bl	ADC_SAR_1_IsEndConversion
  69              	.LVL2:
  70 0008 88B1     		cbz	r0, .L5
  71              	.LBB2:
  14:Scale.c       ****         {
  15:Scale.c       ****             uint16_t result = ADC_SAR_1_GetResult16();
  72              		.loc 1 15 0
  73 000a FFF7FEFF 		bl	ADC_SAR_1_GetResult16
  74              	.LVL3:
  16:Scale.c       ****             float kg = 0.0005 * result - 0.0553;
  75              		.loc 1 16 0
  76 000e 80B2     		uxth	r0, r0
  77 0010 FFF7FEFF 		bl	__aeabi_i2d
  78              	.LVL4:
  79 0014 08A3     		adr	r3, .L7
  80 0016 D3E90023 		ldrd	r2, [r3]
  81 001a FFF7FEFF 		bl	__aeabi_dmul
  82              	.LVL5:
  83 001e 08A3     		adr	r3, .L7+8
  84 0020 D3E90023 		ldrd	r2, [r3]
  85 0024 FFF7FEFF 		bl	__aeabi_dsub
  86              	.LVL6:
  87 0028 FFF7FEFF 		bl	__aeabi_d2f
  88              	.LVL7:
  17:Scale.c       ****             return kg;
  89              		.loc 1 17 0
  90 002c 08BD     		pop	{r3, pc}
  91              	.LVL8:
  92              	.L5:
  93              	.LBE2:
  18:Scale.c       ****         }
  19:Scale.c       ****     return 0;
  94              		.loc 1 19 0
  95 002e 0020     		movs	r0, #0
ARM GAS  C:\Users\Simon\AppData\Local\Temp\cc9YJhLZ.s 			page 3


  20:Scale.c       **** }...
  96              		.loc 1 20 0
  97 0030 08BD     		pop	{r3, pc}
  98              	.L8:
  99 0032 00BFAFF3 		.align	3
  99      0080
 100              	.L7:
 101 0038 FCA9F1D2 		.word	-755914244
 102 003c 4D62403F 		.word	1061184077
 103 0040 8E06F016 		.word	384829070
 104 0044 4850AC3F 		.word	1068257352
 105              		.cfi_endproc
 106              	.LFE65:
 107              		.size	ADC_Measure, .-ADC_Measure
 108              		.text
 109              	.Letext0:
 110              		.file 2 "c:\\program files (x86)\\cypress\\psoc creator\\4.3\\psoc creator\\import\\gnu\\arm\\5.4.
 111              		.file 3 "c:\\program files (x86)\\cypress\\psoc creator\\4.3\\psoc creator\\import\\gnu\\arm\\5.4.
 112              		.file 4 "Generated_Source\\PSoC5/ADC_SAR_1.h"
 113              		.file 5 "Generated_Source\\PSoC5/core_cm3.h"
 114              		.section	.debug_info,"",%progbits
 115              	.Ldebug_info0:
 116 0000 79010000 		.4byte	0x179
 117 0004 0400     		.2byte	0x4
 118 0006 00000000 		.4byte	.Ldebug_abbrev0
 119 000a 04       		.byte	0x4
 120 000b 01       		.uleb128 0x1
 121 000c 5E000000 		.4byte	.LASF23
 122 0010 0C       		.byte	0xc
 123 0011 70010000 		.4byte	.LASF24
 124 0015 EC000000 		.4byte	.LASF25
 125 0019 00000000 		.4byte	.Ldebug_ranges0+0
 126 001d 00000000 		.4byte	0
 127 0021 00000000 		.4byte	.Ldebug_line0
 128 0025 02       		.uleb128 0x2
 129 0026 01       		.byte	0x1
 130 0027 06       		.byte	0x6
 131 0028 17020000 		.4byte	.LASF0
 132 002c 02       		.uleb128 0x2
 133 002d 01       		.byte	0x1
 134 002e 08       		.byte	0x8
 135 002f 50000000 		.4byte	.LASF1
 136 0033 02       		.uleb128 0x2
 137 0034 02       		.byte	0x2
 138 0035 05       		.byte	0x5
 139 0036 EF010000 		.4byte	.LASF2
 140 003a 03       		.uleb128 0x3
 141 003b 5C010000 		.4byte	.LASF4
 142 003f 02       		.byte	0x2
 143 0040 2B       		.byte	0x2b
 144 0041 45000000 		.4byte	0x45
 145 0045 02       		.uleb128 0x2
 146 0046 02       		.byte	0x2
 147 0047 07       		.byte	0x7
 148 0048 0A000000 		.4byte	.LASF3
 149 004c 03       		.uleb128 0x3
 150 004d 00000000 		.4byte	.LASF5
ARM GAS  C:\Users\Simon\AppData\Local\Temp\cc9YJhLZ.s 			page 4


 151 0051 02       		.byte	0x2
 152 0052 3F       		.byte	0x3f
 153 0053 57000000 		.4byte	0x57
 154 0057 02       		.uleb128 0x2
 155 0058 04       		.byte	0x4
 156 0059 05       		.byte	0x5
 157 005a 02020000 		.4byte	.LASF6
 158 005e 02       		.uleb128 0x2
 159 005f 04       		.byte	0x4
 160 0060 07       		.byte	0x7
 161 0061 78010000 		.4byte	.LASF7
 162 0065 02       		.uleb128 0x2
 163 0066 08       		.byte	0x8
 164 0067 05       		.byte	0x5
 165 0068 DC010000 		.4byte	.LASF8
 166 006c 02       		.uleb128 0x2
 167 006d 08       		.byte	0x8
 168 006e 07       		.byte	0x7
 169 006f 97010000 		.4byte	.LASF9
 170 0073 04       		.uleb128 0x4
 171 0074 04       		.byte	0x4
 172 0075 05       		.byte	0x5
 173 0076 696E7400 		.ascii	"int\000"
 174 007a 02       		.uleb128 0x2
 175 007b 04       		.byte	0x4
 176 007c 07       		.byte	0x7
 177 007d 8A010000 		.4byte	.LASF10
 178 0081 03       		.uleb128 0x3
 179 0082 F9010000 		.4byte	.LASF11
 180 0086 03       		.byte	0x3
 181 0087 24       		.byte	0x24
 182 0088 3A000000 		.4byte	0x3a
 183 008c 03       		.uleb128 0x3
 184 008d B5010000 		.4byte	.LASF12
 185 0091 03       		.byte	0x3
 186 0092 2C       		.byte	0x2c
 187 0093 4C000000 		.4byte	0x4c
 188 0097 02       		.uleb128 0x2
 189 0098 04       		.byte	0x4
 190 0099 04       		.byte	0x4
 191 009a 30000000 		.4byte	.LASF13
 192 009e 02       		.uleb128 0x2
 193 009f 08       		.byte	0x8
 194 00a0 04       		.byte	0x4
 195 00a1 29000000 		.4byte	.LASF14
 196 00a5 02       		.uleb128 0x2
 197 00a6 01       		.byte	0x1
 198 00a7 08       		.byte	0x8
 199 00a8 EA010000 		.4byte	.LASF15
 200 00ac 02       		.uleb128 0x2
 201 00ad 08       		.byte	0x8
 202 00ae 04       		.byte	0x4
 203 00af 0B020000 		.4byte	.LASF16
 204 00b3 02       		.uleb128 0x2
 205 00b4 04       		.byte	0x4
 206 00b5 07       		.byte	0x7
 207 00b6 BD010000 		.4byte	.LASF17
ARM GAS  C:\Users\Simon\AppData\Local\Temp\cc9YJhLZ.s 			page 5


 208 00ba 05       		.uleb128 0x5
 209 00bb 67010000 		.4byte	.LASF26
 210 00bf 01       		.byte	0x1
 211 00c0 05       		.byte	0x5
 212 00c1 00000000 		.4byte	.LFB64
 213 00c5 0C000000 		.4byte	.LFE64-.LFB64
 214 00c9 01       		.uleb128 0x1
 215 00ca 9C       		.byte	0x9c
 216 00cb E2000000 		.4byte	0xe2
 217 00cf 06       		.uleb128 0x6
 218 00d0 06000000 		.4byte	.LVL0
 219 00d4 50010000 		.4byte	0x150
 220 00d8 06       		.uleb128 0x6
 221 00d9 0A000000 		.4byte	.LVL1
 222 00dd 5B010000 		.4byte	0x15b
 223 00e1 00       		.byte	0
 224 00e2 07       		.uleb128 0x7
 225 00e3 1D000000 		.4byte	.LASF27
 226 00e7 01       		.byte	0x1
 227 00e8 0B       		.byte	0xb
 228 00e9 97000000 		.4byte	0x97
 229 00ed 00000000 		.4byte	.LFB65
 230 00f1 48000000 		.4byte	.LFE65-.LFB65
 231 00f5 01       		.uleb128 0x1
 232 00f6 9C       		.byte	0x9c
 233 00f7 3F010000 		.4byte	0x13f
 234 00fb 08       		.uleb128 0x8
 235 00fc 0A000000 		.4byte	.LBB2
 236 0100 24000000 		.4byte	.LBE2-.LBB2
 237 0104 2F010000 		.4byte	0x12f
 238 0108 09       		.uleb128 0x9
 239 0109 AE010000 		.4byte	.LASF18
 240 010d 01       		.byte	0x1
 241 010e 0F       		.byte	0xf
 242 010f 81000000 		.4byte	0x81
 243 0113 00000000 		.4byte	.LLST0
 244 0117 0A       		.uleb128 0xa
 245 0118 6B6700   		.ascii	"kg\000"
 246 011b 01       		.byte	0x1
 247 011c 10       		.byte	0x10
 248 011d 97000000 		.4byte	0x97
 249 0121 13000000 		.4byte	.LLST1
 250 0125 06       		.uleb128 0x6
 251 0126 0E000000 		.4byte	.LVL3
 252 012a 66010000 		.4byte	0x166
 253 012e 00       		.byte	0
 254 012f 0B       		.uleb128 0xb
 255 0130 08000000 		.4byte	.LVL2
 256 0134 71010000 		.4byte	0x171
 257 0138 0C       		.uleb128 0xc
 258 0139 01       		.uleb128 0x1
 259 013a 50       		.byte	0x50
 260 013b 01       		.uleb128 0x1
 261 013c 30       		.byte	0x30
 262 013d 00       		.byte	0
 263 013e 00       		.byte	0
 264 013f 0D       		.uleb128 0xd
ARM GAS  C:\Users\Simon\AppData\Local\Temp\cc9YJhLZ.s 			page 6


 265 0140 4F010000 		.4byte	.LASF28
 266 0144 05       		.byte	0x5
 267 0145 1207     		.2byte	0x712
 268 0147 4B010000 		.4byte	0x14b
 269 014b 0E       		.uleb128 0xe
 270 014c 8C000000 		.4byte	0x8c
 271 0150 0F       		.uleb128 0xf
 272 0151 23020000 		.4byte	.LASF19
 273 0155 23020000 		.4byte	.LASF19
 274 0159 04       		.byte	0x4
 275 015a 34       		.byte	0x34
 276 015b 0F       		.uleb128 0xf
 277 015c 38010000 		.4byte	.LASF20
 278 0160 38010000 		.4byte	.LASF20
 279 0164 04       		.byte	0x4
 280 0165 D1       		.byte	0xd1
 281 0166 0F       		.uleb128 0xf
 282 0167 C6010000 		.4byte	.LASF21
 283 016b C6010000 		.4byte	.LASF21
 284 016f 04       		.byte	0x4
 285 0170 3B       		.byte	0x3b
 286 0171 0F       		.uleb128 0xf
 287 0172 36000000 		.4byte	.LASF22
 288 0176 36000000 		.4byte	.LASF22
 289 017a 04       		.byte	0x4
 290 017b 39       		.byte	0x39
 291 017c 00       		.byte	0
 292              		.section	.debug_abbrev,"",%progbits
 293              	.Ldebug_abbrev0:
 294 0000 01       		.uleb128 0x1
 295 0001 11       		.uleb128 0x11
 296 0002 01       		.byte	0x1
 297 0003 25       		.uleb128 0x25
 298 0004 0E       		.uleb128 0xe
 299 0005 13       		.uleb128 0x13
 300 0006 0B       		.uleb128 0xb
 301 0007 03       		.uleb128 0x3
 302 0008 0E       		.uleb128 0xe
 303 0009 1B       		.uleb128 0x1b
 304 000a 0E       		.uleb128 0xe
 305 000b 55       		.uleb128 0x55
 306 000c 17       		.uleb128 0x17
 307 000d 11       		.uleb128 0x11
 308 000e 01       		.uleb128 0x1
 309 000f 10       		.uleb128 0x10
 310 0010 17       		.uleb128 0x17
 311 0011 00       		.byte	0
 312 0012 00       		.byte	0
 313 0013 02       		.uleb128 0x2
 314 0014 24       		.uleb128 0x24
 315 0015 00       		.byte	0
 316 0016 0B       		.uleb128 0xb
 317 0017 0B       		.uleb128 0xb
 318 0018 3E       		.uleb128 0x3e
 319 0019 0B       		.uleb128 0xb
 320 001a 03       		.uleb128 0x3
 321 001b 0E       		.uleb128 0xe
ARM GAS  C:\Users\Simon\AppData\Local\Temp\cc9YJhLZ.s 			page 7


 322 001c 00       		.byte	0
 323 001d 00       		.byte	0
 324 001e 03       		.uleb128 0x3
 325 001f 16       		.uleb128 0x16
 326 0020 00       		.byte	0
 327 0021 03       		.uleb128 0x3
 328 0022 0E       		.uleb128 0xe
 329 0023 3A       		.uleb128 0x3a
 330 0024 0B       		.uleb128 0xb
 331 0025 3B       		.uleb128 0x3b
 332 0026 0B       		.uleb128 0xb
 333 0027 49       		.uleb128 0x49
 334 0028 13       		.uleb128 0x13
 335 0029 00       		.byte	0
 336 002a 00       		.byte	0
 337 002b 04       		.uleb128 0x4
 338 002c 24       		.uleb128 0x24
 339 002d 00       		.byte	0
 340 002e 0B       		.uleb128 0xb
 341 002f 0B       		.uleb128 0xb
 342 0030 3E       		.uleb128 0x3e
 343 0031 0B       		.uleb128 0xb
 344 0032 03       		.uleb128 0x3
 345 0033 08       		.uleb128 0x8
 346 0034 00       		.byte	0
 347 0035 00       		.byte	0
 348 0036 05       		.uleb128 0x5
 349 0037 2E       		.uleb128 0x2e
 350 0038 01       		.byte	0x1
 351 0039 3F       		.uleb128 0x3f
 352 003a 19       		.uleb128 0x19
 353 003b 03       		.uleb128 0x3
 354 003c 0E       		.uleb128 0xe
 355 003d 3A       		.uleb128 0x3a
 356 003e 0B       		.uleb128 0xb
 357 003f 3B       		.uleb128 0x3b
 358 0040 0B       		.uleb128 0xb
 359 0041 11       		.uleb128 0x11
 360 0042 01       		.uleb128 0x1
 361 0043 12       		.uleb128 0x12
 362 0044 06       		.uleb128 0x6
 363 0045 40       		.uleb128 0x40
 364 0046 18       		.uleb128 0x18
 365 0047 9742     		.uleb128 0x2117
 366 0049 19       		.uleb128 0x19
 367 004a 01       		.uleb128 0x1
 368 004b 13       		.uleb128 0x13
 369 004c 00       		.byte	0
 370 004d 00       		.byte	0
 371 004e 06       		.uleb128 0x6
 372 004f 898201   		.uleb128 0x4109
 373 0052 00       		.byte	0
 374 0053 11       		.uleb128 0x11
 375 0054 01       		.uleb128 0x1
 376 0055 31       		.uleb128 0x31
 377 0056 13       		.uleb128 0x13
 378 0057 00       		.byte	0
ARM GAS  C:\Users\Simon\AppData\Local\Temp\cc9YJhLZ.s 			page 8


 379 0058 00       		.byte	0
 380 0059 07       		.uleb128 0x7
 381 005a 2E       		.uleb128 0x2e
 382 005b 01       		.byte	0x1
 383 005c 3F       		.uleb128 0x3f
 384 005d 19       		.uleb128 0x19
 385 005e 03       		.uleb128 0x3
 386 005f 0E       		.uleb128 0xe
 387 0060 3A       		.uleb128 0x3a
 388 0061 0B       		.uleb128 0xb
 389 0062 3B       		.uleb128 0x3b
 390 0063 0B       		.uleb128 0xb
 391 0064 49       		.uleb128 0x49
 392 0065 13       		.uleb128 0x13
 393 0066 11       		.uleb128 0x11
 394 0067 01       		.uleb128 0x1
 395 0068 12       		.uleb128 0x12
 396 0069 06       		.uleb128 0x6
 397 006a 40       		.uleb128 0x40
 398 006b 18       		.uleb128 0x18
 399 006c 9642     		.uleb128 0x2116
 400 006e 19       		.uleb128 0x19
 401 006f 01       		.uleb128 0x1
 402 0070 13       		.uleb128 0x13
 403 0071 00       		.byte	0
 404 0072 00       		.byte	0
 405 0073 08       		.uleb128 0x8
 406 0074 0B       		.uleb128 0xb
 407 0075 01       		.byte	0x1
 408 0076 11       		.uleb128 0x11
 409 0077 01       		.uleb128 0x1
 410 0078 12       		.uleb128 0x12
 411 0079 06       		.uleb128 0x6
 412 007a 01       		.uleb128 0x1
 413 007b 13       		.uleb128 0x13
 414 007c 00       		.byte	0
 415 007d 00       		.byte	0
 416 007e 09       		.uleb128 0x9
 417 007f 34       		.uleb128 0x34
 418 0080 00       		.byte	0
 419 0081 03       		.uleb128 0x3
 420 0082 0E       		.uleb128 0xe
 421 0083 3A       		.uleb128 0x3a
 422 0084 0B       		.uleb128 0xb
 423 0085 3B       		.uleb128 0x3b
 424 0086 0B       		.uleb128 0xb
 425 0087 49       		.uleb128 0x49
 426 0088 13       		.uleb128 0x13
 427 0089 02       		.uleb128 0x2
 428 008a 17       		.uleb128 0x17
 429 008b 00       		.byte	0
 430 008c 00       		.byte	0
 431 008d 0A       		.uleb128 0xa
 432 008e 34       		.uleb128 0x34
 433 008f 00       		.byte	0
 434 0090 03       		.uleb128 0x3
 435 0091 08       		.uleb128 0x8
ARM GAS  C:\Users\Simon\AppData\Local\Temp\cc9YJhLZ.s 			page 9


 436 0092 3A       		.uleb128 0x3a
 437 0093 0B       		.uleb128 0xb
 438 0094 3B       		.uleb128 0x3b
 439 0095 0B       		.uleb128 0xb
 440 0096 49       		.uleb128 0x49
 441 0097 13       		.uleb128 0x13
 442 0098 02       		.uleb128 0x2
 443 0099 17       		.uleb128 0x17
 444 009a 00       		.byte	0
 445 009b 00       		.byte	0
 446 009c 0B       		.uleb128 0xb
 447 009d 898201   		.uleb128 0x4109
 448 00a0 01       		.byte	0x1
 449 00a1 11       		.uleb128 0x11
 450 00a2 01       		.uleb128 0x1
 451 00a3 31       		.uleb128 0x31
 452 00a4 13       		.uleb128 0x13
 453 00a5 00       		.byte	0
 454 00a6 00       		.byte	0
 455 00a7 0C       		.uleb128 0xc
 456 00a8 8A8201   		.uleb128 0x410a
 457 00ab 00       		.byte	0
 458 00ac 02       		.uleb128 0x2
 459 00ad 18       		.uleb128 0x18
 460 00ae 9142     		.uleb128 0x2111
 461 00b0 18       		.uleb128 0x18
 462 00b1 00       		.byte	0
 463 00b2 00       		.byte	0
 464 00b3 0D       		.uleb128 0xd
 465 00b4 34       		.uleb128 0x34
 466 00b5 00       		.byte	0
 467 00b6 03       		.uleb128 0x3
 468 00b7 0E       		.uleb128 0xe
 469 00b8 3A       		.uleb128 0x3a
 470 00b9 0B       		.uleb128 0xb
 471 00ba 3B       		.uleb128 0x3b
 472 00bb 05       		.uleb128 0x5
 473 00bc 49       		.uleb128 0x49
 474 00bd 13       		.uleb128 0x13
 475 00be 3F       		.uleb128 0x3f
 476 00bf 19       		.uleb128 0x19
 477 00c0 3C       		.uleb128 0x3c
 478 00c1 19       		.uleb128 0x19
 479 00c2 00       		.byte	0
 480 00c3 00       		.byte	0
 481 00c4 0E       		.uleb128 0xe
 482 00c5 35       		.uleb128 0x35
 483 00c6 00       		.byte	0
 484 00c7 49       		.uleb128 0x49
 485 00c8 13       		.uleb128 0x13
 486 00c9 00       		.byte	0
 487 00ca 00       		.byte	0
 488 00cb 0F       		.uleb128 0xf
 489 00cc 2E       		.uleb128 0x2e
 490 00cd 00       		.byte	0
 491 00ce 3F       		.uleb128 0x3f
 492 00cf 19       		.uleb128 0x19
ARM GAS  C:\Users\Simon\AppData\Local\Temp\cc9YJhLZ.s 			page 10


 493 00d0 3C       		.uleb128 0x3c
 494 00d1 19       		.uleb128 0x19
 495 00d2 6E       		.uleb128 0x6e
 496 00d3 0E       		.uleb128 0xe
 497 00d4 03       		.uleb128 0x3
 498 00d5 0E       		.uleb128 0xe
 499 00d6 3A       		.uleb128 0x3a
 500 00d7 0B       		.uleb128 0xb
 501 00d8 3B       		.uleb128 0x3b
 502 00d9 0B       		.uleb128 0xb
 503 00da 00       		.byte	0
 504 00db 00       		.byte	0
 505 00dc 00       		.byte	0
 506              		.section	.debug_loc,"",%progbits
 507              	.Ldebug_loc0:
 508              	.LLST0:
 509 0000 0E000000 		.4byte	.LVL3
 510 0004 13000000 		.4byte	.LVL4-1
 511 0008 0100     		.2byte	0x1
 512 000a 50       		.byte	0x50
 513 000b 00000000 		.4byte	0
 514 000f 00000000 		.4byte	0
 515              	.LLST1:
 516 0013 2C000000 		.4byte	.LVL7
 517 0017 2E000000 		.4byte	.LVL8
 518 001b 0100     		.2byte	0x1
 519 001d 50       		.byte	0x50
 520 001e 00000000 		.4byte	0
 521 0022 00000000 		.4byte	0
 522              		.section	.debug_aranges,"",%progbits
 523 0000 24000000 		.4byte	0x24
 524 0004 0200     		.2byte	0x2
 525 0006 00000000 		.4byte	.Ldebug_info0
 526 000a 04       		.byte	0x4
 527 000b 00       		.byte	0
 528 000c 0000     		.2byte	0
 529 000e 0000     		.2byte	0
 530 0010 00000000 		.4byte	.LFB64
 531 0014 0C000000 		.4byte	.LFE64-.LFB64
 532 0018 00000000 		.4byte	.LFB65
 533 001c 48000000 		.4byte	.LFE65-.LFB65
 534 0020 00000000 		.4byte	0
 535 0024 00000000 		.4byte	0
 536              		.section	.debug_ranges,"",%progbits
 537              	.Ldebug_ranges0:
 538 0000 00000000 		.4byte	.LFB64
 539 0004 0C000000 		.4byte	.LFE64
 540 0008 00000000 		.4byte	.LFB65
 541 000c 48000000 		.4byte	.LFE65
 542 0010 00000000 		.4byte	0
 543 0014 00000000 		.4byte	0
 544              		.section	.debug_line,"",%progbits
 545              	.Ldebug_line0:
 546 0000 79010000 		.section	.debug_str,"MS",%progbits,1
 546      02004F01 
 546      00000201 
 546      FB0E0D00 
ARM GAS  C:\Users\Simon\AppData\Local\Temp\cc9YJhLZ.s 			page 11


 546      01010101 
 547              	.LASF5:
 548 0000 5F5F696E 		.ascii	"__int32_t\000"
 548      7433325F 
 548      7400
 549              	.LASF3:
 550 000a 73686F72 		.ascii	"short unsigned int\000"
 550      7420756E 
 550      7369676E 
 550      65642069 
 550      6E7400
 551              	.LASF27:
 552 001d 4144435F 		.ascii	"ADC_Measure\000"
 552      4D656173 
 552      75726500 
 553              	.LASF14:
 554 0029 646F7562 		.ascii	"double\000"
 554      6C6500
 555              	.LASF13:
 556 0030 666C6F61 		.ascii	"float\000"
 556      7400
 557              	.LASF22:
 558 0036 4144435F 		.ascii	"ADC_SAR_1_IsEndConversion\000"
 558      5341525F 
 558      315F4973 
 558      456E6443 
 558      6F6E7665 
 559              	.LASF1:
 560 0050 756E7369 		.ascii	"unsigned char\000"
 560      676E6564 
 560      20636861 
 560      7200
 561              	.LASF23:
 562 005e 474E5520 		.ascii	"GNU C11 5.4.1 20160609 (release) [ARM/embedded-5-br"
 562      43313120 
 562      352E342E 
 562      31203230 
 562      31363036 
 563 0091 616E6368 		.ascii	"anch revision 237715] -mcpu=cortex-m3 -mthumb -g -O"
 563      20726576 
 563      6973696F 
 563      6E203233 
 563      37373135 
 564 00c4 67202D66 		.ascii	"g -ffunction-sections -ffat-lto-objects\000"
 564      66756E63 
 564      74696F6E 
 564      2D736563 
 564      74696F6E 
 565              	.LASF25:
 566 00ec 433A5C55 		.ascii	"C:\\Users\\Simon\\Desktop\\Projekt3-2020\\Kode\\mai"
 566      73657273 
 566      5C53696D 
 566      6F6E5C44 
 566      65736B74 
 567 0119 6E5F7073 		.ascii	"n_psoc\\Main_Project\\Main.cydsn\000"
 567      6F635C4D 
 567      61696E5F 
ARM GAS  C:\Users\Simon\AppData\Local\Temp\cc9YJhLZ.s 			page 12


 567      50726F6A 
 567      6563745C 
 568              	.LASF20:
 569 0138 4144435F 		.ascii	"ADC_SAR_1_StartConvert\000"
 569      5341525F 
 569      315F5374 
 569      61727443 
 569      6F6E7665 
 570              	.LASF28:
 571 014f 49544D5F 		.ascii	"ITM_RxBuffer\000"
 571      52784275 
 571      66666572 
 571      00
 572              	.LASF4:
 573 015c 5F5F7569 		.ascii	"__uint16_t\000"
 573      6E743136 
 573      5F7400
 574              	.LASF26:
 575 0167 4144435F 		.ascii	"ADC_init\000"
 575      696E6974 
 575      00
 576              	.LASF24:
 577 0170 5363616C 		.ascii	"Scale.c\000"
 577      652E6300 
 578              	.LASF7:
 579 0178 6C6F6E67 		.ascii	"long unsigned int\000"
 579      20756E73 
 579      69676E65 
 579      6420696E 
 579      7400
 580              	.LASF10:
 581 018a 756E7369 		.ascii	"unsigned int\000"
 581      676E6564 
 581      20696E74 
 581      00
 582              	.LASF9:
 583 0197 6C6F6E67 		.ascii	"long long unsigned int\000"
 583      206C6F6E 
 583      6720756E 
 583      7369676E 
 583      65642069 
 584              	.LASF18:
 585 01ae 72657375 		.ascii	"result\000"
 585      6C7400
 586              	.LASF12:
 587 01b5 696E7433 		.ascii	"int32_t\000"
 587      325F7400 
 588              	.LASF17:
 589 01bd 73697A65 		.ascii	"sizetype\000"
 589      74797065 
 589      00
 590              	.LASF21:
 591 01c6 4144435F 		.ascii	"ADC_SAR_1_GetResult16\000"
 591      5341525F 
 591      315F4765 
 591      74526573 
 591      756C7431 
ARM GAS  C:\Users\Simon\AppData\Local\Temp\cc9YJhLZ.s 			page 13


 592              	.LASF8:
 593 01dc 6C6F6E67 		.ascii	"long long int\000"
 593      206C6F6E 
 593      6720696E 
 593      7400
 594              	.LASF15:
 595 01ea 63686172 		.ascii	"char\000"
 595      00
 596              	.LASF2:
 597 01ef 73686F72 		.ascii	"short int\000"
 597      7420696E 
 597      7400
 598              	.LASF11:
 599 01f9 75696E74 		.ascii	"uint16_t\000"
 599      31365F74 
 599      00
 600              	.LASF6:
 601 0202 6C6F6E67 		.ascii	"long int\000"
 601      20696E74 
 601      00
 602              	.LASF16:
 603 020b 6C6F6E67 		.ascii	"long double\000"
 603      20646F75 
 603      626C6500 
 604              	.LASF0:
 605 0217 7369676E 		.ascii	"signed char\000"
 605      65642063 
 605      68617200 
 606              	.LASF19:
 607 0223 4144435F 		.ascii	"ADC_SAR_1_Start\000"
 607      5341525F 
 607      315F5374 
 607      61727400 
 608              		.ident	"GCC: (GNU Tools for ARM Embedded Processors) 5.4.1 20160609 (release) [ARM/embedded-5-bran
