ARM GAS  C:\Users\Lucas\AppData\Local\Temp\ccn81YKi.s 			page 1


   1              		.syntax unified
   2              		.cpu cortex-m3
   3              		.fpu softvfp
   4              		.eabi_attribute 20, 1
   5              		.eabi_attribute 21, 1
   6              		.eabi_attribute 23, 3
   7              		.eabi_attribute 24, 1
   8              		.eabi_attribute 25, 1
   9              		.eabi_attribute 26, 1
  10              		.eabi_attribute 30, 1
  11              		.eabi_attribute 34, 1
  12              		.eabi_attribute 18, 4
  13              		.thumb
  14              		.syntax unified
  15              		.file	"colorSensor.c"
  16              		.text
  17              	.Ltext0:
  18              		.cfi_sections	.debug_frame
  19              		.section	.text.timer_isr,"ax",%progbits
  20              		.align	2
  21              		.global	timer_isr
  22              		.thumb
  23              		.thumb_func
  24              		.type	timer_isr, %function
  25              	timer_isr:
  26              	.LFB64:
  27              		.file 1 "colorSensor.c"
   1:colorSensor.c **** 
   2:colorSensor.c **** /* ========================================
   3:colorSensor.c ****  *
   4:colorSensor.c ****  * Copyright Lucas, 2020
   5:colorSensor.c ****  * All Rights Reserved
   6:colorSensor.c ****  * UNPUBLISHED, LICENSED SOFTWARE.
   7:colorSensor.c ****  *
   8:colorSensor.c ****  * CONFIDENTIAL AND PROPRIETARY INFORMATION
   9:colorSensor.c ****  * WHICH IS THE PROPERTY OF your company.
  10:colorSensor.c ****  *
  11:colorSensor.c ****  * ========================================
  12:colorSensor.c **** */
  13:colorSensor.c **** #include "project.h"
  14:colorSensor.c **** #include <stdio.h>
  15:colorSensor.c **** #include <stdint.h>
  16:colorSensor.c **** 
  17:colorSensor.c **** #define COUNTER_SIZE 10000
  18:colorSensor.c **** uint32_t freq = 0;
  19:colorSensor.c **** int dataReady = 0;
  20:colorSensor.c **** int Counter_cycle = 0;
  21:colorSensor.c **** 
  22:colorSensor.c **** #define STRING_LENGTH 128  
  23:colorSensor.c **** extern char str[] ;
  24:colorSensor.c **** void print(char *str) ;
  25:colorSensor.c **** 
  26:colorSensor.c **** CY_ISR(timer_isr)//Timer i interrupt routine
  27:colorSensor.c **** {
  28              		.loc 1 27 0
  29              		.cfi_startproc
  30              		@ args = 0, pretend = 0, frame = 0
ARM GAS  C:\Users\Lucas\AppData\Local\Temp\ccn81YKi.s 			page 2


  31              		@ frame_needed = 0, uses_anonymous_args = 0
  32 0000 10B5     		push	{r4, lr}
  33              		.cfi_def_cfa_offset 8
  34              		.cfi_offset 4, -8
  35              		.cfi_offset 14, -4
  28:colorSensor.c ****     Counter_Stop();
  36              		.loc 1 28 0
  37 0002 FFF7FEFF 		bl	Counter_Stop
  38              	.LVL0:
  29:colorSensor.c ****     Timer_Stop();
  39              		.loc 1 29 0
  40 0006 FFF7FEFF 		bl	Timer_Stop
  41              	.LVL1:
  30:colorSensor.c ****     freq = Counter_ReadCounter();
  42              		.loc 1 30 0
  43 000a FFF7FEFF 		bl	Counter_ReadCounter
  44              	.LVL2:
  45 000e 074C     		ldr	r4, .L3
  31:colorSensor.c ****     freq += Counter_cycle * COUNTER_SIZE;
  46              		.loc 1 31 0
  47 0010 6368     		ldr	r3, [r4, #4]
  48 0012 42F21072 		movw	r2, #10000
  49 0016 02FB0300 		mla	r0, r2, r3, r0
  50 001a 2060     		str	r0, [r4]
  32:colorSensor.c ****     OE_Write(1);
  51              		.loc 1 32 0
  52 001c 0120     		movs	r0, #1
  53 001e FFF7FEFF 		bl	OE_Write
  54              	.LVL3:
  33:colorSensor.c ****     Timer_INT_ClearPending();
  55              		.loc 1 33 0
  56 0022 FFF7FEFF 		bl	Timer_INT_ClearPending
  57              	.LVL4:
  34:colorSensor.c ****     dataReady = 1;
  58              		.loc 1 34 0
  59 0026 0123     		movs	r3, #1
  60 0028 A360     		str	r3, [r4, #8]
  61 002a 10BD     		pop	{r4, pc}
  62              	.L4:
  63              		.align	2
  64              	.L3:
  65 002c 00000000 		.word	.LANCHOR0
  66              		.cfi_endproc
  67              	.LFE64:
  68              		.size	timer_isr, .-timer_isr
  69              		.section	.text.counter_isr,"ax",%progbits
  70              		.align	2
  71              		.global	counter_isr
  72              		.thumb
  73              		.thumb_func
  74              		.type	counter_isr, %function
  75              	counter_isr:
  76              	.LFB65:
  35:colorSensor.c **** }
  36:colorSensor.c **** 
  37:colorSensor.c **** 
  38:colorSensor.c **** CY_ISR(counter_isr)//Counter i interrupt routine
ARM GAS  C:\Users\Lucas\AppData\Local\Temp\ccn81YKi.s 			page 3


  39:colorSensor.c **** {
  77              		.loc 1 39 0
  78              		.cfi_startproc
  79              		@ args = 0, pretend = 0, frame = 0
  80              		@ frame_needed = 0, uses_anonymous_args = 0
  81 0000 08B5     		push	{r3, lr}
  82              		.cfi_def_cfa_offset 8
  83              		.cfi_offset 3, -8
  84              		.cfi_offset 14, -4
  40:colorSensor.c ****     Counter_INT_ClearPending();
  85              		.loc 1 40 0
  86 0002 FFF7FEFF 		bl	Counter_INT_ClearPending
  87              	.LVL5:
  41:colorSensor.c ****     Counter_cycle++;
  88              		.loc 1 41 0
  89 0006 024A     		ldr	r2, .L7
  90 0008 5368     		ldr	r3, [r2, #4]
  91 000a 0133     		adds	r3, r3, #1
  92 000c 5360     		str	r3, [r2, #4]
  93 000e 08BD     		pop	{r3, pc}
  94              	.L8:
  95              		.align	2
  96              	.L7:
  97 0010 00000000 		.word	.LANCHOR0
  98              		.cfi_endproc
  99              	.LFE65:
 100              		.size	counter_isr, .-counter_isr
 101              		.section	.text.init_start,"ax",%progbits
 102              		.align	2
 103              		.global	init_start
 104              		.thumb
 105              		.thumb_func
 106              		.type	init_start, %function
 107              	init_start:
 108              	.LFB66:
  42:colorSensor.c **** }
  43:colorSensor.c **** 
  44:colorSensor.c **** void init_start(void)//Starter de indbyggede funktioner fra topdesign: UART, Timer, Counter
  45:colorSensor.c **** {
 109              		.loc 1 45 0
 110              		.cfi_startproc
 111              		@ args = 0, pretend = 0, frame = 0
 112              		@ frame_needed = 0, uses_anonymous_args = 0
 113 0000 08B5     		push	{r3, lr}
 114              		.cfi_def_cfa_offset 8
 115              		.cfi_offset 3, -8
 116              		.cfi_offset 14, -4
  46:colorSensor.c ****     CyGlobalIntEnable;
 117              		.loc 1 46 0
 118              		.syntax unified
 119              	@ 46 "colorSensor.c" 1
 120 0002 62B6     		CPSIE   i
 121              	@ 0 "" 2
  47:colorSensor.c ****     UART_1_Start();
 122              		.loc 1 47 0
 123              		.thumb
 124              		.syntax unified
ARM GAS  C:\Users\Lucas\AppData\Local\Temp\ccn81YKi.s 			page 4


 125 0004 FFF7FEFF 		bl	UART_1_Start
 126              	.LVL6:
  48:colorSensor.c ****     Timer_INT_StartEx(timer_isr);
 127              		.loc 1 48 0
 128 0008 0348     		ldr	r0, .L11
 129 000a FFF7FEFF 		bl	Timer_INT_StartEx
 130              	.LVL7:
  49:colorSensor.c ****     Counter_INT_StartEx(counter_isr);
 131              		.loc 1 49 0
 132 000e 0348     		ldr	r0, .L11+4
 133 0010 FFF7FEFF 		bl	Counter_INT_StartEx
 134              	.LVL8:
 135 0014 08BD     		pop	{r3, pc}
 136              	.L12:
 137 0016 00BF     		.align	2
 138              	.L11:
 139 0018 00000000 		.word	timer_isr
 140 001c 00000000 		.word	counter_isr
 141              		.cfi_endproc
 142              	.LFE66:
 143              		.size	init_start, .-init_start
 144              		.section	.text.read_color,"ax",%progbits
 145              		.align	2
 146              		.global	read_color
 147              		.thumb
 148              		.thumb_func
 149              		.type	read_color, %function
 150              	read_color:
 151              	.LFB67:
  50:colorSensor.c **** }
  51:colorSensor.c **** 
  52:colorSensor.c **** void read_color(void)//Omdanner inputs til frekvens vha. counter og timeren
  53:colorSensor.c **** {
 152              		.loc 1 53 0
 153              		.cfi_startproc
 154              		@ args = 0, pretend = 0, frame = 0
 155              		@ frame_needed = 0, uses_anonymous_args = 0
 156 0000 08B5     		push	{r3, lr}
 157              		.cfi_def_cfa_offset 8
 158              		.cfi_offset 3, -8
 159              		.cfi_offset 14, -4
  54:colorSensor.c ****     OE_Write(0);
 160              		.loc 1 54 0
 161 0002 0020     		movs	r0, #0
 162 0004 FFF7FEFF 		bl	OE_Write
 163              	.LVL9:
  55:colorSensor.c ****     Control_Reg_Write(1);
 164              		.loc 1 55 0
 165 0008 0120     		movs	r0, #1
 166 000a FFF7FEFF 		bl	Control_Reg_Write
 167              	.LVL10:
  56:colorSensor.c ****     CyDelay(1);
 168              		.loc 1 56 0
 169 000e 0120     		movs	r0, #1
 170 0010 FFF7FEFF 		bl	CyDelay
 171              	.LVL11:
  57:colorSensor.c ****     Control_Reg_Write(0);
ARM GAS  C:\Users\Lucas\AppData\Local\Temp\ccn81YKi.s 			page 5


 172              		.loc 1 57 0
 173 0014 0020     		movs	r0, #0
 174 0016 FFF7FEFF 		bl	Control_Reg_Write
 175              	.LVL12:
  58:colorSensor.c ****     dataReady = 0;
 176              		.loc 1 58 0
 177 001a 074B     		ldr	r3, .L15
 178 001c 0022     		movs	r2, #0
 179 001e 9A60     		str	r2, [r3, #8]
  59:colorSensor.c ****     Counter_cycle = 0;
 180              		.loc 1 59 0
 181 0020 5A60     		str	r2, [r3, #4]
  60:colorSensor.c ****     Counter_Start();
 182              		.loc 1 60 0
 183 0022 FFF7FEFF 		bl	Counter_Start
 184              	.LVL13:
  61:colorSensor.c ****     Timer_INT_StartEx(timer_isr);
 185              		.loc 1 61 0
 186 0026 0548     		ldr	r0, .L15+4
 187 0028 FFF7FEFF 		bl	Timer_INT_StartEx
 188              	.LVL14:
  62:colorSensor.c ****     Counter_INT_StartEx(counter_isr);
 189              		.loc 1 62 0
 190 002c 0448     		ldr	r0, .L15+8
 191 002e FFF7FEFF 		bl	Counter_INT_StartEx
 192              	.LVL15:
  63:colorSensor.c ****     
  64:colorSensor.c ****     Timer_Start();
 193              		.loc 1 64 0
 194 0032 FFF7FEFF 		bl	Timer_Start
 195              	.LVL16:
 196 0036 08BD     		pop	{r3, pc}
 197              	.L16:
 198              		.align	2
 199              	.L15:
 200 0038 00000000 		.word	.LANCHOR0
 201 003c 00000000 		.word	timer_isr
 202 0040 00000000 		.word	counter_isr
 203              		.cfi_endproc
 204              	.LFE67:
 205              		.size	read_color, .-read_color
 206              		.section	.text.get_freq,"ax",%progbits
 207              		.align	2
 208              		.global	get_freq
 209              		.thumb
 210              		.thumb_func
 211              		.type	get_freq, %function
 212              	get_freq:
 213              	.LFB68:
  65:colorSensor.c **** }
  66:colorSensor.c **** 
  67:colorSensor.c **** int get_freq(char color)//Modtager input på baggrund af indstillinger for farvefilter samt scaling
  68:colorSensor.c **** {
 214              		.loc 1 68 0
 215              		.cfi_startproc
 216              		@ args = 0, pretend = 0, frame = 0
 217              		@ frame_needed = 0, uses_anonymous_args = 0
ARM GAS  C:\Users\Lucas\AppData\Local\Temp\ccn81YKi.s 			page 6


 218              	.LVL17:
 219 0000 10B5     		push	{r4, lr}
 220              		.cfi_def_cfa_offset 8
 221              		.cfi_offset 4, -8
 222              		.cfi_offset 14, -4
 223 0002 0446     		mov	r4, r0
  69:colorSensor.c ****     //scaling 2%
  70:colorSensor.c ****     S0_Write(0);
 224              		.loc 1 70 0
 225 0004 0020     		movs	r0, #0
 226              	.LVL18:
 227 0006 FFF7FEFF 		bl	S0_Write
 228              	.LVL19:
  71:colorSensor.c ****     S1_Write(1);
 229              		.loc 1 71 0
 230 000a 0120     		movs	r0, #1
 231 000c FFF7FEFF 		bl	S1_Write
 232              	.LVL20:
  72:colorSensor.c ****     
  73:colorSensor.c ****    if(color=='r')//Rød farve-filter tilføjes og frekvensen registeres
 233              		.loc 1 73 0
 234 0010 722C     		cmp	r4, #114
 235 0012 08D1     		bne	.L18
  74:colorSensor.c ****     {   
  75:colorSensor.c ****         S2_Write(0);
 236              		.loc 1 75 0
 237 0014 0020     		movs	r0, #0
 238 0016 FFF7FEFF 		bl	S2_Write
 239              	.LVL21:
  76:colorSensor.c ****         S3_Write(0);
 240              		.loc 1 76 0
 241 001a 0020     		movs	r0, #0
 242 001c FFF7FEFF 		bl	S3_Write
 243              	.LVL22:
  77:colorSensor.c ****         read_color();
 244              		.loc 1 77 0
 245 0020 FFF7FEFF 		bl	read_color
 246              	.LVL23:
 247 0024 1FE0     		b	.L22
 248              	.L18:
  78:colorSensor.c ****     }
  79:colorSensor.c ****     
  80:colorSensor.c ****     else if(color=='g')//Grøn farve-filter tilføjes og frekvensen registeres
 249              		.loc 1 80 0
 250 0026 672C     		cmp	r4, #103
 251 0028 08D1     		bne	.L20
  81:colorSensor.c ****     { 
  82:colorSensor.c ****         S2_Write(1);
 252              		.loc 1 82 0
 253 002a 0120     		movs	r0, #1
 254 002c FFF7FEFF 		bl	S2_Write
 255              	.LVL24:
  83:colorSensor.c ****         S3_Write(1);
 256              		.loc 1 83 0
 257 0030 0120     		movs	r0, #1
 258 0032 FFF7FEFF 		bl	S3_Write
 259              	.LVL25:
ARM GAS  C:\Users\Lucas\AppData\Local\Temp\ccn81YKi.s 			page 7


  84:colorSensor.c ****         read_color();
 260              		.loc 1 84 0
 261 0036 FFF7FEFF 		bl	read_color
 262              	.LVL26:
 263 003a 14E0     		b	.L22
 264              	.L20:
  85:colorSensor.c ****     }
  86:colorSensor.c ****     
  87:colorSensor.c ****     else if(color=='b')//Blå farve-filter tilføjes og frekvensen registeres
 265              		.loc 1 87 0
 266 003c 622C     		cmp	r4, #98
 267 003e 08D1     		bne	.L21
  88:colorSensor.c ****     {
  89:colorSensor.c ****         S2_Write(0);
 268              		.loc 1 89 0
 269 0040 0020     		movs	r0, #0
 270 0042 FFF7FEFF 		bl	S2_Write
 271              	.LVL27:
  90:colorSensor.c ****         S3_Write(1);
 272              		.loc 1 90 0
 273 0046 0120     		movs	r0, #1
 274 0048 FFF7FEFF 		bl	S3_Write
 275              	.LVL28:
  91:colorSensor.c ****         read_color();
 276              		.loc 1 91 0
 277 004c FFF7FEFF 		bl	read_color
 278              	.LVL29:
 279 0050 09E0     		b	.L22
 280              	.L21:
  92:colorSensor.c ****     }
  93:colorSensor.c ****     else if(color=='c')//'Clear' farve-filter tilføjes og frekvensen registeres
 281              		.loc 1 93 0
 282 0052 632C     		cmp	r4, #99
 283 0054 07D1     		bne	.L22
  94:colorSensor.c ****     {
  95:colorSensor.c ****         S2_Write(1);
 284              		.loc 1 95 0
 285 0056 0120     		movs	r0, #1
 286 0058 FFF7FEFF 		bl	S2_Write
 287              	.LVL30:
  96:colorSensor.c ****         S3_Write(0);
 288              		.loc 1 96 0
 289 005c 0020     		movs	r0, #0
 290 005e FFF7FEFF 		bl	S3_Write
 291              	.LVL31:
  97:colorSensor.c ****         read_color();
 292              		.loc 1 97 0
 293 0062 FFF7FEFF 		bl	read_color
 294              	.LVL32:
 295              	.L22:
  98:colorSensor.c ****     }
  99:colorSensor.c ****     
 100:colorSensor.c ****    
 101:colorSensor.c ****     
 102:colorSensor.c ****     while(!dataReady)
 296              		.loc 1 102 0 discriminator 1
 297 0066 034B     		ldr	r3, .L24
ARM GAS  C:\Users\Lucas\AppData\Local\Temp\ccn81YKi.s 			page 8


 298 0068 9B68     		ldr	r3, [r3, #8]
 299 006a 002B     		cmp	r3, #0
 300 006c FBD0     		beq	.L22
 103:colorSensor.c ****     {
 104:colorSensor.c ****     ;
 105:colorSensor.c ****     }
 106:colorSensor.c ****     return freq;
 107:colorSensor.c ****     
 108:colorSensor.c ****  
 109:colorSensor.c **** 
 110:colorSensor.c **** }
 301              		.loc 1 110 0
 302 006e 014B     		ldr	r3, .L24
 303 0070 1868     		ldr	r0, [r3]
 304 0072 10BD     		pop	{r4, pc}
 305              	.L25:
 306              		.align	2
 307              	.L24:
 308 0074 00000000 		.word	.LANCHOR0
 309              		.cfi_endproc
 310              	.LFE68:
 311              		.size	get_freq, .-get_freq
 312              		.section	.text.print,"ax",%progbits
 313              		.align	2
 314              		.global	print
 315              		.thumb
 316              		.thumb_func
 317              		.type	print, %function
 318              	print:
 319              	.LFB69:
 111:colorSensor.c **** 
 112:colorSensor.c **** char str[STRING_LENGTH+1] ; /* print buff */
 113:colorSensor.c **** 
 114:colorSensor.c **** void print(char *str)
 115:colorSensor.c **** {
 320              		.loc 1 115 0
 321              		.cfi_startproc
 322              		@ args = 0, pretend = 0, frame = 0
 323              		@ frame_needed = 0, uses_anonymous_args = 0
 324              	.LVL33:
 325 0000 08B5     		push	{r3, lr}
 326              		.cfi_def_cfa_offset 8
 327              		.cfi_offset 3, -8
 328              		.cfi_offset 14, -4
 116:colorSensor.c ****     UART_1_PutString(str) ;
 329              		.loc 1 116 0
 330 0002 FFF7FEFF 		bl	UART_1_PutString
 331              	.LVL34:
 332 0006 08BD     		pop	{r3, pc}
 333              		.cfi_endproc
 334              	.LFE69:
 335              		.size	print, .-print
 336              		.section	.text.getColor,"ax",%progbits
 337              		.align	2
 338              		.global	getColor
 339              		.thumb
 340              		.thumb_func
ARM GAS  C:\Users\Lucas\AppData\Local\Temp\ccn81YKi.s 			page 9


 341              		.type	getColor, %function
 342              	getColor:
 343              	.LFB70:
 117:colorSensor.c **** }
 118:colorSensor.c **** 
 119:colorSensor.c **** int getColor()
 120:colorSensor.c **** {
 344              		.loc 1 120 0
 345              		.cfi_startproc
 346              		@ args = 0, pretend = 0, frame = 0
 347              		@ frame_needed = 0, uses_anonymous_args = 0
 348 0000 2DE9F041 		push	{r4, r5, r6, r7, r8, lr}
 349              		.cfi_def_cfa_offset 24
 350              		.cfi_offset 4, -24
 351              		.cfi_offset 5, -20
 352              		.cfi_offset 6, -16
 353              		.cfi_offset 7, -12
 354              		.cfi_offset 8, -8
 355              		.cfi_offset 14, -4
 356              	.LVL35:
 121:colorSensor.c **** uint freqR, freqG, freqB = 0;
 122:colorSensor.c **** uint countR, countG, countB = 0;
 123:colorSensor.c ****     
 124:colorSensor.c ****     init_start();
 357              		.loc 1 124 0
 358 0004 FFF7FEFF 		bl	init_start
 359              	.LVL36:
 125:colorSensor.c ****     read_color();
 360              		.loc 1 125 0
 361 0008 FFF7FEFF 		bl	read_color
 362              	.LVL37:
 122:colorSensor.c ****     
 363              		.loc 1 122 0
 364 000c 0026     		movs	r6, #0
 365              	.LVL38:
 366              	.L29:
 126:colorSensor.c ****     
 127:colorSensor.c ****         for(;;)
 128:colorSensor.c ****         {
 129:colorSensor.c ****             freqR = get_freq('r')-10;
 367              		.loc 1 129 0
 368 000e 7220     		movs	r0, #114
 369 0010 FFF7FEFF 		bl	get_freq
 370              	.LVL39:
 371 0014 A0F10A04 		sub	r4, r0, #10
 372              	.LVL40:
 130:colorSensor.c ****             freqG = get_freq('g')+10;
 373              		.loc 1 130 0
 374 0018 6720     		movs	r0, #103
 375 001a FFF7FEFF 		bl	get_freq
 376              	.LVL41:
 377 001e 00F10A05 		add	r5, r0, #10
 378              	.LVL42:
 131:colorSensor.c ****             freqB = get_freq('b');
 379              		.loc 1 131 0
 380 0022 6220     		movs	r0, #98
 381 0024 FFF7FEFF 		bl	get_freq
ARM GAS  C:\Users\Lucas\AppData\Local\Temp\ccn81YKi.s 			page 10


 382              	.LVL43:
 132:colorSensor.c ****             
 133:colorSensor.c ****             //Nedenstående to sætninger bruges til at se frekvensen på farverne
 134:colorSensor.c ****             //sprintf(str,"Red freq: %u Hz, Green freq: %u, Blue freq: %u\n\n\r",freqR,freqG,freqB)
 135:colorSensor.c ****             //print(str);
 136:colorSensor.c ****             
 137:colorSensor.c ****             //Nedenstående er koden der skal bruges
 138:colorSensor.c ****             
 139:colorSensor.c ****              if(freqR>freqG&&freqR>freqB)
 383              		.loc 1 139 0
 384 0028 AC42     		cmp	r4, r5
 385 002a 24D9     		bls	.L30
 386              		.loc 1 139 0 is_stmt 0 discriminator 1
 387 002c 8442     		cmp	r4, r0
 388 002e 22D9     		bls	.L30
 140:colorSensor.c ****                 {
 141:colorSensor.c ****                     if(freqR>=100)
 389              		.loc 1 141 0 is_stmt 1
 390 0030 632C     		cmp	r4, #99
 391 0032 15D9     		bls	.L31
 142:colorSensor.c ****                     {
 143:colorSensor.c ****                         countR ++;
 392              		.loc 1 143 0
 393 0034 08F10108 		add	r8, r8, #1
 394              	.LVL44:
 144:colorSensor.c ****                         if(countR==5)
 395              		.loc 1 144 0
 396 0038 B8F1050F 		cmp	r8, #5
 397 003c E7D1     		bne	.L29
 145:colorSensor.c ****                         {
 146:colorSensor.c ****                             //Indsæt 'driveForward funktion'
 147:colorSensor.c ****                         sprintf(str,"Red color detected\n\r");
 398              		.loc 1 147 0
 399 003e 2B4D     		ldr	r5, .L36
 400              	.LVL45:
 401 0040 2B4C     		ldr	r4, .L36+4
 402              	.LVL46:
 403 0042 0FCC     		ldmia	r4!, {r0, r1, r2, r3}
 404              	.LVL47:
 405 0044 2860     		str	r0, [r5]	@ unaligned
 406 0046 6960     		str	r1, [r5, #4]	@ unaligned
 407 0048 AA60     		str	r2, [r5, #8]	@ unaligned
 408 004a EB60     		str	r3, [r5, #12]	@ unaligned
 409 004c 2068     		ldr	r0, [r4]	@ unaligned
 410 004e 2861     		str	r0, [r5, #16]	@ unaligned
 411 0050 2379     		ldrb	r3, [r4, #4]	@ zero_extendqisi2
 412 0052 2B75     		strb	r3, [r5, #20]
 148:colorSensor.c ****                         print(str);
 413              		.loc 1 148 0
 414 0054 2846     		mov	r0, r5
 415 0056 FFF7FEFF 		bl	print
 416              	.LVL48:
 149:colorSensor.c ****                         countR = 0;
 417              		.loc 1 149 0
 418 005a 4FF00008 		mov	r8, #0
 419 005e D6E7     		b	.L29
 420              	.LVL49:
ARM GAS  C:\Users\Lucas\AppData\Local\Temp\ccn81YKi.s 			page 11


 421              	.L31:
 150:colorSensor.c ****                         }
 151:colorSensor.c ****                         
 152:colorSensor.c ****                     }
 153:colorSensor.c ****                     else
 154:colorSensor.c ****                     {
 155:colorSensor.c ****                         //Indsæt 'driveLeft funktion'
 156:colorSensor.c ****                         sprintf(str,"Unknown color\n\r");
 422              		.loc 1 156 0
 423 0060 224D     		ldr	r5, .L36
 424              	.LVL50:
 425 0062 244C     		ldr	r4, .L36+8
 426              	.LVL51:
 427 0064 0FCC     		ldmia	r4!, {r0, r1, r2, r3}
 428              	.LVL52:
 429 0066 2860     		str	r0, [r5]	@ unaligned
 430 0068 6960     		str	r1, [r5, #4]	@ unaligned
 431 006a AA60     		str	r2, [r5, #8]	@ unaligned
 432 006c EB60     		str	r3, [r5, #12]	@ unaligned
 157:colorSensor.c ****                         print(str);
 433              		.loc 1 157 0
 434 006e 2846     		mov	r0, r5
 435 0070 FFF7FEFF 		bl	print
 436              	.LVL53:
 437 0074 CBE7     		b	.L29
 438              	.LVL54:
 439              	.L30:
 158:colorSensor.c ****                     }      
 159:colorSensor.c ****                 }
 160:colorSensor.c **** 
 161:colorSensor.c ****             else if (freqG>freqR&&freqG>freqB)
 440              		.loc 1 161 0
 441 0076 AC42     		cmp	r4, r5
 442 0078 16D2     		bcs	.L33
 443              		.loc 1 161 0 is_stmt 0 discriminator 1
 444 007a 8542     		cmp	r5, r0
 445 007c 14D9     		bls	.L33
 162:colorSensor.c ****                 {
 163:colorSensor.c ****                         countG ++;
 446              		.loc 1 163 0 is_stmt 1
 447 007e 0137     		adds	r7, r7, #1
 448              	.LVL55:
 164:colorSensor.c ****                         if(countG==5)
 449              		.loc 1 164 0
 450 0080 052F     		cmp	r7, #5
 451 0082 C4D1     		bne	.L29
 165:colorSensor.c ****                         {
 166:colorSensor.c ****                             //Indsæt
 167:colorSensor.c ****                         sprintf(str,"Green color detected\n\r");
 452              		.loc 1 167 0
 453 0084 194D     		ldr	r5, .L36
 454              	.LVL56:
 455 0086 1C4C     		ldr	r4, .L36+12
 456              	.LVL57:
 457 0088 0FCC     		ldmia	r4!, {r0, r1, r2, r3}
 458              	.LVL58:
 459 008a 2860     		str	r0, [r5]	@ unaligned
ARM GAS  C:\Users\Lucas\AppData\Local\Temp\ccn81YKi.s 			page 12


 460 008c 6960     		str	r1, [r5, #4]	@ unaligned
 461 008e AA60     		str	r2, [r5, #8]	@ unaligned
 462 0090 EB60     		str	r3, [r5, #12]	@ unaligned
 463 0092 2068     		ldr	r0, [r4]	@ unaligned
 464 0094 2861     		str	r0, [r5, #16]	@ unaligned
 465 0096 A288     		ldrh	r2, [r4, #4]	@ unaligned
 466 0098 A379     		ldrb	r3, [r4, #6]	@ zero_extendqisi2
 467 009a AA82     		strh	r2, [r5, #20]	@ unaligned
 468 009c AB75     		strb	r3, [r5, #22]
 168:colorSensor.c ****                         print(str);
 469              		.loc 1 168 0
 470 009e 2846     		mov	r0, r5
 471 00a0 FFF7FEFF 		bl	print
 472              	.LVL59:
 169:colorSensor.c ****                         countG = 0;
 473              		.loc 1 169 0
 474 00a4 0027     		movs	r7, #0
 475 00a6 B2E7     		b	.L29
 476              	.LVL60:
 477              	.L33:
 170:colorSensor.c ****                         }
 171:colorSensor.c ****                 }
 172:colorSensor.c ****                 
 173:colorSensor.c ****             else if(freqB>freqG&&freqB>freqR)
 478              		.loc 1 173 0
 479 00a8 8542     		cmp	r5, r0
 480 00aa 14D2     		bcs	.L34
 481              		.loc 1 173 0 is_stmt 0 discriminator 1
 482 00ac 8442     		cmp	r4, r0
 483 00ae 12D2     		bcs	.L34
 174:colorSensor.c ****                 {
 175:colorSensor.c ****                         countB ++;
 484              		.loc 1 175 0 is_stmt 1
 485 00b0 0136     		adds	r6, r6, #1
 486              	.LVL61:
 176:colorSensor.c ****                         if(countB==5)
 487              		.loc 1 176 0
 488 00b2 052E     		cmp	r6, #5
 489 00b4 ABD1     		bne	.L29
 177:colorSensor.c ****                         {
 178:colorSensor.c ****                         sprintf(str,"Blue color detected\n\r");
 490              		.loc 1 178 0
 491 00b6 0D4D     		ldr	r5, .L36
 492              	.LVL62:
 493 00b8 104C     		ldr	r4, .L36+16
 494              	.LVL63:
 495 00ba 0FCC     		ldmia	r4!, {r0, r1, r2, r3}
 496              	.LVL64:
 497 00bc 2860     		str	r0, [r5]	@ unaligned
 498 00be 6960     		str	r1, [r5, #4]	@ unaligned
 499 00c0 AA60     		str	r2, [r5, #8]	@ unaligned
 500 00c2 EB60     		str	r3, [r5, #12]	@ unaligned
 501 00c4 2068     		ldr	r0, [r4]	@ unaligned
 502 00c6 2861     		str	r0, [r5, #16]	@ unaligned
 503 00c8 A388     		ldrh	r3, [r4, #4]	@ unaligned
 504 00ca AB82     		strh	r3, [r5, #20]	@ unaligned
 179:colorSensor.c ****                         print(str);
ARM GAS  C:\Users\Lucas\AppData\Local\Temp\ccn81YKi.s 			page 13


 505              		.loc 1 179 0
 506 00cc 2846     		mov	r0, r5
 507 00ce FFF7FEFF 		bl	print
 508              	.LVL65:
 180:colorSensor.c ****                         countB = 0;
 509              		.loc 1 180 0
 510 00d2 0026     		movs	r6, #0
 511 00d4 9BE7     		b	.L29
 512              	.LVL66:
 513              	.L34:
 181:colorSensor.c ****                         }
 182:colorSensor.c ****                 }
 183:colorSensor.c ****                 
 184:colorSensor.c ****                 else
 185:colorSensor.c ****                 {
 186:colorSensor.c ****                         //Indsæt 'driveLeft funktion'
 187:colorSensor.c ****                     sprintf(str,"Unknown color\n\r");
 514              		.loc 1 187 0
 515 00d6 054D     		ldr	r5, .L36
 516              	.LVL67:
 517 00d8 064C     		ldr	r4, .L36+8
 518              	.LVL68:
 519 00da 0FCC     		ldmia	r4!, {r0, r1, r2, r3}
 520              	.LVL69:
 521 00dc 2860     		str	r0, [r5]	@ unaligned
 522 00de 6960     		str	r1, [r5, #4]	@ unaligned
 523 00e0 AA60     		str	r2, [r5, #8]	@ unaligned
 524 00e2 EB60     		str	r3, [r5, #12]	@ unaligned
 188:colorSensor.c ****                     print(str);
 525              		.loc 1 188 0
 526 00e4 2846     		mov	r0, r5
 527 00e6 FFF7FEFF 		bl	print
 528              	.LVL70:
 529 00ea 90E7     		b	.L29
 530              	.L37:
 531              		.align	2
 532              	.L36:
 533 00ec 00000000 		.word	str
 534 00f0 00000000 		.word	.LC0
 535 00f4 18000000 		.word	.LC1
 536 00f8 28000000 		.word	.LC2
 537 00fc 40000000 		.word	.LC3
 538              		.cfi_endproc
 539              	.LFE70:
 540              		.size	getColor, .-getColor
 541              		.comm	str,129,4
 542              		.global	Counter_cycle
 543              		.global	dataReady
 544              		.global	freq
 545              		.section	.rodata.str1.4,"aMS",%progbits,1
 546              		.align	2
 547              	.LC0:
 548 0000 52656420 		.ascii	"Red color detected\012\015\000"
 548      636F6C6F 
 548      72206465 
 548      74656374 
 548      65640A0D 
ARM GAS  C:\Users\Lucas\AppData\Local\Temp\ccn81YKi.s 			page 14


 549 0015 000000   		.space	3
 550              	.LC1:
 551 0018 556E6B6E 		.ascii	"Unknown color\012\015\000"
 551      6F776E20 
 551      636F6C6F 
 551      720A0D00 
 552              	.LC2:
 553 0028 47726565 		.ascii	"Green color detected\012\015\000"
 553      6E20636F 
 553      6C6F7220 
 553      64657465 
 553      63746564 
 554 003f 00       		.space	1
 555              	.LC3:
 556 0040 426C7565 		.ascii	"Blue color detected\012\015\000"
 556      20636F6C 
 556      6F722064 
 556      65746563 
 556      7465640A 
 557              		.bss
 558              		.align	2
 559              		.set	.LANCHOR0,. + 0
 560              		.type	freq, %object
 561              		.size	freq, 4
 562              	freq:
 563 0000 00000000 		.space	4
 564              		.type	Counter_cycle, %object
 565              		.size	Counter_cycle, 4
 566              	Counter_cycle:
 567 0004 00000000 		.space	4
 568              		.type	dataReady, %object
 569              		.size	dataReady, 4
 570              	dataReady:
 571 0008 00000000 		.space	4
 572              		.text
 573              	.Letext0:
 574              		.file 2 "c:\\program files (x86)\\cypress\\psoc creator\\4.3\\psoc creator\\import\\gnu\\arm\\5.4.
 575              		.file 3 "c:\\program files (x86)\\cypress\\psoc creator\\4.3\\psoc creator\\import\\gnu\\arm\\5.4.
 576              		.file 4 "c:\\program files (x86)\\cypress\\psoc creator\\4.3\\psoc creator\\import\\gnu\\arm\\5.4.
 577              		.file 5 "Generated_Source\\PSoC5/core_cm3.h"
 578              		.file 6 "Generated_Source\\PSoC5/Counter.h"
 579              		.file 7 "Generated_Source\\PSoC5/Timer.h"
 580              		.file 8 "Generated_Source\\PSoC5/OE.h"
 581              		.file 9 "Generated_Source\\PSoC5/Timer_INT.h"
 582              		.file 10 "Generated_Source\\PSoC5/Counter_INT.h"
 583              		.file 11 "Generated_Source\\PSoC5/UART_1.h"
 584              		.file 12 "Generated_Source\\PSoC5/Control_Reg.h"
 585              		.file 13 "Generated_Source\\PSoC5/CyLib.h"
 586              		.file 14 "Generated_Source\\PSoC5/S0.h"
 587              		.file 15 "Generated_Source\\PSoC5/S1.h"
 588              		.file 16 "Generated_Source\\PSoC5/S2.h"
 589              		.file 17 "Generated_Source\\PSoC5/S3.h"
 590              		.section	.debug_info,"",%progbits
 591              	.Ldebug_info0:
 592 0000 AD050000 		.4byte	0x5ad
 593 0004 0400     		.2byte	0x4
 594 0006 00000000 		.4byte	.Ldebug_abbrev0
ARM GAS  C:\Users\Lucas\AppData\Local\Temp\ccn81YKi.s 			page 15


 595 000a 04       		.byte	0x4
 596 000b 01       		.uleb128 0x1
 597 000c EA000000 		.4byte	.LASF55
 598 0010 0C       		.byte	0xc
 599 0011 26020000 		.4byte	.LASF56
 600 0015 00000000 		.4byte	.LASF57
 601 0019 00000000 		.4byte	.Ldebug_ranges0+0
 602 001d 00000000 		.4byte	0
 603 0021 00000000 		.4byte	.Ldebug_line0
 604 0025 02       		.uleb128 0x2
 605 0026 01       		.byte	0x1
 606 0027 06       		.byte	0x6
 607 0028 FB020000 		.4byte	.LASF0
 608 002c 02       		.uleb128 0x2
 609 002d 01       		.byte	0x1
 610 002e 08       		.byte	0x8
 611 002f D9010000 		.4byte	.LASF1
 612 0033 02       		.uleb128 0x2
 613 0034 02       		.byte	0x2
 614 0035 05       		.byte	0x5
 615 0036 90000000 		.4byte	.LASF2
 616 003a 02       		.uleb128 0x2
 617 003b 02       		.byte	0x2
 618 003c 07       		.byte	0x7
 619 003d 91010000 		.4byte	.LASF3
 620 0041 03       		.uleb128 0x3
 621 0042 71000000 		.4byte	.LASF5
 622 0046 02       		.byte	0x2
 623 0047 3F       		.byte	0x3f
 624 0048 4C000000 		.4byte	0x4c
 625 004c 02       		.uleb128 0x2
 626 004d 04       		.byte	0x4
 627 004e 05       		.byte	0x5
 628 004f E1020000 		.4byte	.LASF4
 629 0053 03       		.uleb128 0x3
 630 0054 66000000 		.4byte	.LASF6
 631 0058 02       		.byte	0x2
 632 0059 41       		.byte	0x41
 633 005a 5E000000 		.4byte	0x5e
 634 005e 02       		.uleb128 0x2
 635 005f 04       		.byte	0x4
 636 0060 07       		.byte	0x7
 637 0061 7F010000 		.4byte	.LASF7
 638 0065 02       		.uleb128 0x2
 639 0066 08       		.byte	0x8
 640 0067 05       		.byte	0x5
 641 0068 9E020000 		.4byte	.LASF8
 642 006c 02       		.uleb128 0x2
 643 006d 08       		.byte	0x8
 644 006e 07       		.byte	0x7
 645 006f 64020000 		.4byte	.LASF9
 646 0073 04       		.uleb128 0x4
 647 0074 04       		.byte	0x4
 648 0075 05       		.byte	0x5
 649 0076 696E7400 		.ascii	"int\000"
 650 007a 02       		.uleb128 0x2
 651 007b 04       		.byte	0x4
ARM GAS  C:\Users\Lucas\AppData\Local\Temp\ccn81YKi.s 			page 16


 652 007c 07       		.byte	0x7
 653 007d 45020000 		.4byte	.LASF10
 654 0081 03       		.uleb128 0x3
 655 0082 BE000000 		.4byte	.LASF11
 656 0086 03       		.byte	0x3
 657 0087 2C       		.byte	0x2c
 658 0088 41000000 		.4byte	0x41
 659 008c 03       		.uleb128 0x3
 660 008d D8020000 		.4byte	.LASF12
 661 0091 03       		.byte	0x3
 662 0092 30       		.byte	0x30
 663 0093 53000000 		.4byte	0x53
 664 0097 02       		.uleb128 0x2
 665 0098 04       		.byte	0x4
 666 0099 04       		.byte	0x4
 667 009a DB000000 		.4byte	.LASF13
 668 009e 02       		.uleb128 0x2
 669 009f 08       		.byte	0x8
 670 00a0 04       		.byte	0x4
 671 00a1 F5010000 		.4byte	.LASF14
 672 00a5 02       		.uleb128 0x2
 673 00a6 01       		.byte	0x1
 674 00a7 08       		.byte	0x8
 675 00a8 AC020000 		.4byte	.LASF15
 676 00ac 02       		.uleb128 0x2
 677 00ad 08       		.byte	0x8
 678 00ae 04       		.byte	0x4
 679 00af 89020000 		.4byte	.LASF16
 680 00b3 02       		.uleb128 0x2
 681 00b4 04       		.byte	0x4
 682 00b5 07       		.byte	0x7
 683 00b6 95020000 		.4byte	.LASF17
 684 00ba 05       		.uleb128 0x5
 685 00bb 04       		.byte	0x4
 686 00bc A5000000 		.4byte	0xa5
 687 00c0 03       		.uleb128 0x3
 688 00c1 34020000 		.4byte	.LASF18
 689 00c5 04       		.byte	0x4
 690 00c6 6C       		.byte	0x6c
 691 00c7 7A000000 		.4byte	0x7a
 692 00cb 06       		.uleb128 0x6
 693 00cc D1000000 		.4byte	.LASF19
 694 00d0 01       		.byte	0x1
 695 00d1 1A       		.byte	0x1a
 696 00d2 00000000 		.4byte	.LFB64
 697 00d6 30000000 		.4byte	.LFE64-.LFB64
 698 00da 01       		.uleb128 0x1
 699 00db 9C       		.byte	0x9c
 700 00dc 18010000 		.4byte	0x118
 701 00e0 07       		.uleb128 0x7
 702 00e1 06000000 		.4byte	.LVL0
 703 00e5 EA040000 		.4byte	0x4ea
 704 00e9 07       		.uleb128 0x7
 705 00ea 0A000000 		.4byte	.LVL1
 706 00ee F5040000 		.4byte	0x4f5
 707 00f2 07       		.uleb128 0x7
 708 00f3 0E000000 		.4byte	.LVL2
ARM GAS  C:\Users\Lucas\AppData\Local\Temp\ccn81YKi.s 			page 17


 709 00f7 00050000 		.4byte	0x500
 710 00fb 08       		.uleb128 0x8
 711 00fc 22000000 		.4byte	.LVL3
 712 0100 0B050000 		.4byte	0x50b
 713 0104 0E010000 		.4byte	0x10e
 714 0108 09       		.uleb128 0x9
 715 0109 01       		.uleb128 0x1
 716 010a 50       		.byte	0x50
 717 010b 01       		.uleb128 0x1
 718 010c 31       		.byte	0x31
 719 010d 00       		.byte	0
 720 010e 07       		.uleb128 0x7
 721 010f 26000000 		.4byte	.LVL4
 722 0113 16050000 		.4byte	0x516
 723 0117 00       		.byte	0
 724 0118 06       		.uleb128 0x6
 725 0119 39030000 		.4byte	.LASF20
 726 011d 01       		.byte	0x1
 727 011e 26       		.byte	0x26
 728 011f 00000000 		.4byte	.LFB65
 729 0123 14000000 		.4byte	.LFE65-.LFB65
 730 0127 01       		.uleb128 0x1
 731 0128 9C       		.byte	0x9c
 732 0129 37010000 		.4byte	0x137
 733 012d 07       		.uleb128 0x7
 734 012e 06000000 		.4byte	.LVL5
 735 0132 21050000 		.4byte	0x521
 736 0136 00       		.byte	0
 737 0137 06       		.uleb128 0x6
 738 0138 B3000000 		.4byte	.LASF21
 739 013c 01       		.byte	0x1
 740 013d 2C       		.byte	0x2c
 741 013e 00000000 		.4byte	.LFB66
 742 0142 20000000 		.4byte	.LFE66-.LFB66
 743 0146 01       		.uleb128 0x1
 744 0147 9C       		.byte	0x9c
 745 0148 80010000 		.4byte	0x180
 746 014c 07       		.uleb128 0x7
 747 014d 08000000 		.4byte	.LVL6
 748 0151 2C050000 		.4byte	0x52c
 749 0155 08       		.uleb128 0x8
 750 0156 0E000000 		.4byte	.LVL7
 751 015a 37050000 		.4byte	0x537
 752 015e 6C010000 		.4byte	0x16c
 753 0162 09       		.uleb128 0x9
 754 0163 01       		.uleb128 0x1
 755 0164 50       		.byte	0x50
 756 0165 05       		.uleb128 0x5
 757 0166 03       		.byte	0x3
 758 0167 00000000 		.4byte	timer_isr
 759 016b 00       		.byte	0
 760 016c 0A       		.uleb128 0xa
 761 016d 14000000 		.4byte	.LVL8
 762 0171 42050000 		.4byte	0x542
 763 0175 09       		.uleb128 0x9
 764 0176 01       		.uleb128 0x1
 765 0177 50       		.byte	0x50
ARM GAS  C:\Users\Lucas\AppData\Local\Temp\ccn81YKi.s 			page 18


 766 0178 05       		.uleb128 0x5
 767 0179 03       		.byte	0x3
 768 017a 00000000 		.4byte	counter_isr
 769 017e 00       		.byte	0
 770 017f 00       		.byte	0
 771 0180 06       		.uleb128 0x6
 772 0181 F0020000 		.4byte	.LASF22
 773 0185 01       		.byte	0x1
 774 0186 34       		.byte	0x34
 775 0187 00000000 		.4byte	.LFB67
 776 018b 44000000 		.4byte	.LFE67-.LFB67
 777 018f 01       		.uleb128 0x1
 778 0190 9C       		.byte	0x9c
 779 0191 22020000 		.4byte	0x222
 780 0195 08       		.uleb128 0x8
 781 0196 08000000 		.4byte	.LVL9
 782 019a 0B050000 		.4byte	0x50b
 783 019e A8010000 		.4byte	0x1a8
 784 01a2 09       		.uleb128 0x9
 785 01a3 01       		.uleb128 0x1
 786 01a4 50       		.byte	0x50
 787 01a5 01       		.uleb128 0x1
 788 01a6 30       		.byte	0x30
 789 01a7 00       		.byte	0
 790 01a8 08       		.uleb128 0x8
 791 01a9 0E000000 		.4byte	.LVL10
 792 01ad 4D050000 		.4byte	0x54d
 793 01b1 BB010000 		.4byte	0x1bb
 794 01b5 09       		.uleb128 0x9
 795 01b6 01       		.uleb128 0x1
 796 01b7 50       		.byte	0x50
 797 01b8 01       		.uleb128 0x1
 798 01b9 31       		.byte	0x31
 799 01ba 00       		.byte	0
 800 01bb 08       		.uleb128 0x8
 801 01bc 14000000 		.4byte	.LVL11
 802 01c0 58050000 		.4byte	0x558
 803 01c4 CE010000 		.4byte	0x1ce
 804 01c8 09       		.uleb128 0x9
 805 01c9 01       		.uleb128 0x1
 806 01ca 50       		.byte	0x50
 807 01cb 01       		.uleb128 0x1
 808 01cc 31       		.byte	0x31
 809 01cd 00       		.byte	0
 810 01ce 08       		.uleb128 0x8
 811 01cf 1A000000 		.4byte	.LVL12
 812 01d3 4D050000 		.4byte	0x54d
 813 01d7 E1010000 		.4byte	0x1e1
 814 01db 09       		.uleb128 0x9
 815 01dc 01       		.uleb128 0x1
 816 01dd 50       		.byte	0x50
 817 01de 01       		.uleb128 0x1
 818 01df 30       		.byte	0x30
 819 01e0 00       		.byte	0
 820 01e1 07       		.uleb128 0x7
 821 01e2 26000000 		.4byte	.LVL13
 822 01e6 63050000 		.4byte	0x563
ARM GAS  C:\Users\Lucas\AppData\Local\Temp\ccn81YKi.s 			page 19


 823 01ea 08       		.uleb128 0x8
 824 01eb 2C000000 		.4byte	.LVL14
 825 01ef 37050000 		.4byte	0x537
 826 01f3 01020000 		.4byte	0x201
 827 01f7 09       		.uleb128 0x9
 828 01f8 01       		.uleb128 0x1
 829 01f9 50       		.byte	0x50
 830 01fa 05       		.uleb128 0x5
 831 01fb 03       		.byte	0x3
 832 01fc 00000000 		.4byte	timer_isr
 833 0200 00       		.byte	0
 834 0201 08       		.uleb128 0x8
 835 0202 32000000 		.4byte	.LVL15
 836 0206 42050000 		.4byte	0x542
 837 020a 18020000 		.4byte	0x218
 838 020e 09       		.uleb128 0x9
 839 020f 01       		.uleb128 0x1
 840 0210 50       		.byte	0x50
 841 0211 05       		.uleb128 0x5
 842 0212 03       		.byte	0x3
 843 0213 00000000 		.4byte	counter_isr
 844 0217 00       		.byte	0
 845 0218 07       		.uleb128 0x7
 846 0219 36000000 		.4byte	.LVL16
 847 021d 6E050000 		.4byte	0x56e
 848 0221 00       		.byte	0
 849 0222 0B       		.uleb128 0xb
 850 0223 9A000000 		.4byte	.LASF25
 851 0227 01       		.byte	0x1
 852 0228 43       		.byte	0x43
 853 0229 73000000 		.4byte	0x73
 854 022d 00000000 		.4byte	.LFB68
 855 0231 78000000 		.4byte	.LFE68-.LFB68
 856 0235 01       		.uleb128 0x1
 857 0236 9C       		.byte	0x9c
 858 0237 2D030000 		.4byte	0x32d
 859 023b 0C       		.uleb128 0xc
 860 023c 20020000 		.4byte	.LASF24
 861 0240 01       		.byte	0x1
 862 0241 43       		.byte	0x43
 863 0242 A5000000 		.4byte	0xa5
 864 0246 00000000 		.4byte	.LLST0
 865 024a 08       		.uleb128 0x8
 866 024b 0A000000 		.4byte	.LVL19
 867 024f 79050000 		.4byte	0x579
 868 0253 5D020000 		.4byte	0x25d
 869 0257 09       		.uleb128 0x9
 870 0258 01       		.uleb128 0x1
 871 0259 50       		.byte	0x50
 872 025a 01       		.uleb128 0x1
 873 025b 30       		.byte	0x30
 874 025c 00       		.byte	0
 875 025d 08       		.uleb128 0x8
 876 025e 10000000 		.4byte	.LVL20
 877 0262 84050000 		.4byte	0x584
 878 0266 70020000 		.4byte	0x270
 879 026a 09       		.uleb128 0x9
ARM GAS  C:\Users\Lucas\AppData\Local\Temp\ccn81YKi.s 			page 20


 880 026b 01       		.uleb128 0x1
 881 026c 50       		.byte	0x50
 882 026d 01       		.uleb128 0x1
 883 026e 31       		.byte	0x31
 884 026f 00       		.byte	0
 885 0270 08       		.uleb128 0x8
 886 0271 1A000000 		.4byte	.LVL21
 887 0275 8F050000 		.4byte	0x58f
 888 0279 83020000 		.4byte	0x283
 889 027d 09       		.uleb128 0x9
 890 027e 01       		.uleb128 0x1
 891 027f 50       		.byte	0x50
 892 0280 01       		.uleb128 0x1
 893 0281 30       		.byte	0x30
 894 0282 00       		.byte	0
 895 0283 08       		.uleb128 0x8
 896 0284 20000000 		.4byte	.LVL22
 897 0288 9A050000 		.4byte	0x59a
 898 028c 96020000 		.4byte	0x296
 899 0290 09       		.uleb128 0x9
 900 0291 01       		.uleb128 0x1
 901 0292 50       		.byte	0x50
 902 0293 01       		.uleb128 0x1
 903 0294 30       		.byte	0x30
 904 0295 00       		.byte	0
 905 0296 07       		.uleb128 0x7
 906 0297 24000000 		.4byte	.LVL23
 907 029b 80010000 		.4byte	0x180
 908 029f 08       		.uleb128 0x8
 909 02a0 30000000 		.4byte	.LVL24
 910 02a4 8F050000 		.4byte	0x58f
 911 02a8 B2020000 		.4byte	0x2b2
 912 02ac 09       		.uleb128 0x9
 913 02ad 01       		.uleb128 0x1
 914 02ae 50       		.byte	0x50
 915 02af 01       		.uleb128 0x1
 916 02b0 31       		.byte	0x31
 917 02b1 00       		.byte	0
 918 02b2 08       		.uleb128 0x8
 919 02b3 36000000 		.4byte	.LVL25
 920 02b7 9A050000 		.4byte	0x59a
 921 02bb C5020000 		.4byte	0x2c5
 922 02bf 09       		.uleb128 0x9
 923 02c0 01       		.uleb128 0x1
 924 02c1 50       		.byte	0x50
 925 02c2 01       		.uleb128 0x1
 926 02c3 31       		.byte	0x31
 927 02c4 00       		.byte	0
 928 02c5 07       		.uleb128 0x7
 929 02c6 3A000000 		.4byte	.LVL26
 930 02ca 80010000 		.4byte	0x180
 931 02ce 08       		.uleb128 0x8
 932 02cf 46000000 		.4byte	.LVL27
 933 02d3 8F050000 		.4byte	0x58f
 934 02d7 E1020000 		.4byte	0x2e1
 935 02db 09       		.uleb128 0x9
 936 02dc 01       		.uleb128 0x1
ARM GAS  C:\Users\Lucas\AppData\Local\Temp\ccn81YKi.s 			page 21


 937 02dd 50       		.byte	0x50
 938 02de 01       		.uleb128 0x1
 939 02df 30       		.byte	0x30
 940 02e0 00       		.byte	0
 941 02e1 08       		.uleb128 0x8
 942 02e2 4C000000 		.4byte	.LVL28
 943 02e6 9A050000 		.4byte	0x59a
 944 02ea F4020000 		.4byte	0x2f4
 945 02ee 09       		.uleb128 0x9
 946 02ef 01       		.uleb128 0x1
 947 02f0 50       		.byte	0x50
 948 02f1 01       		.uleb128 0x1
 949 02f2 31       		.byte	0x31
 950 02f3 00       		.byte	0
 951 02f4 07       		.uleb128 0x7
 952 02f5 50000000 		.4byte	.LVL29
 953 02f9 80010000 		.4byte	0x180
 954 02fd 08       		.uleb128 0x8
 955 02fe 5C000000 		.4byte	.LVL30
 956 0302 8F050000 		.4byte	0x58f
 957 0306 10030000 		.4byte	0x310
 958 030a 09       		.uleb128 0x9
 959 030b 01       		.uleb128 0x1
 960 030c 50       		.byte	0x50
 961 030d 01       		.uleb128 0x1
 962 030e 31       		.byte	0x31
 963 030f 00       		.byte	0
 964 0310 08       		.uleb128 0x8
 965 0311 62000000 		.4byte	.LVL31
 966 0315 9A050000 		.4byte	0x59a
 967 0319 23030000 		.4byte	0x323
 968 031d 09       		.uleb128 0x9
 969 031e 01       		.uleb128 0x1
 970 031f 50       		.byte	0x50
 971 0320 01       		.uleb128 0x1
 972 0321 30       		.byte	0x30
 973 0322 00       		.byte	0
 974 0323 07       		.uleb128 0x7
 975 0324 66000000 		.4byte	.LVL32
 976 0328 80010000 		.4byte	0x180
 977 032c 00       		.byte	0
 978 032d 06       		.uleb128 0x6
 979 032e B1020000 		.4byte	.LASF23
 980 0332 01       		.byte	0x1
 981 0333 72       		.byte	0x72
 982 0334 00000000 		.4byte	.LFB69
 983 0338 08000000 		.4byte	.LFE69-.LFB69
 984 033c 01       		.uleb128 0x1
 985 033d 9C       		.byte	0x9c
 986 033e 63030000 		.4byte	0x363
 987 0342 0D       		.uleb128 0xd
 988 0343 73747200 		.ascii	"str\000"
 989 0347 01       		.byte	0x1
 990 0348 72       		.byte	0x72
 991 0349 BA000000 		.4byte	0xba
 992 034d 21000000 		.4byte	.LLST1
 993 0351 0A       		.uleb128 0xa
ARM GAS  C:\Users\Lucas\AppData\Local\Temp\ccn81YKi.s 			page 22


 994 0352 06000000 		.4byte	.LVL34
 995 0356 A5050000 		.4byte	0x5a5
 996 035a 09       		.uleb128 0x9
 997 035b 01       		.uleb128 0x1
 998 035c 50       		.byte	0x50
 999 035d 03       		.uleb128 0x3
 1000 035e F3       		.byte	0xf3
 1001 035f 01       		.uleb128 0x1
 1002 0360 50       		.byte	0x50
 1003 0361 00       		.byte	0
 1004 0362 00       		.byte	0
 1005 0363 0E       		.uleb128 0xe
 1006 0364 5B020000 		.4byte	.LASF26
 1007 0368 01       		.byte	0x1
 1008 0369 77       		.byte	0x77
 1009 036a 73000000 		.4byte	0x73
 1010 036e 00000000 		.4byte	.LFB70
 1011 0372 00010000 		.4byte	.LFE70-.LFB70
 1012 0376 01       		.uleb128 0x1
 1013 0377 9C       		.byte	0x9c
 1014 0378 85040000 		.4byte	0x485
 1015 037c 0F       		.uleb128 0xf
 1016 037d EA020000 		.4byte	.LASF27
 1017 0381 01       		.byte	0x1
 1018 0382 79       		.byte	0x79
 1019 0383 C0000000 		.4byte	0xc0
 1020 0387 42000000 		.4byte	.LLST2
 1021 038b 0F       		.uleb128 0xf
 1022 038c 8A000000 		.4byte	.LASF28
 1023 0390 01       		.byte	0x1
 1024 0391 79       		.byte	0x79
 1025 0392 C0000000 		.4byte	0xc0
 1026 0396 81000000 		.4byte	.LLST3
 1027 039a 0F       		.uleb128 0xf
 1028 039b 84000000 		.4byte	.LASF29
 1029 039f 01       		.byte	0x1
 1030 03a0 79       		.byte	0x79
 1031 03a1 C0000000 		.4byte	0xc0
 1032 03a5 C0000000 		.4byte	.LLST4
 1033 03a9 0F       		.uleb128 0xf
 1034 03aa 78010000 		.4byte	.LASF30
 1035 03ae 01       		.byte	0x1
 1036 03af 7A       		.byte	0x7a
 1037 03b0 C0000000 		.4byte	0xc0
 1038 03b4 0B010000 		.4byte	.LLST5
 1039 03b8 0F       		.uleb128 0xf
 1040 03b9 32030000 		.4byte	.LASF31
 1041 03bd 01       		.byte	0x1
 1042 03be 7A       		.byte	0x7a
 1043 03bf C0000000 		.4byte	0xc0
 1044 03c3 35010000 		.4byte	.LLST6
 1045 03c7 0F       		.uleb128 0xf
 1046 03c8 A3000000 		.4byte	.LASF32
 1047 03cc 01       		.byte	0x1
 1048 03cd 7A       		.byte	0x7a
 1049 03ce C0000000 		.4byte	0xc0
 1050 03d2 5F010000 		.4byte	.LLST7
ARM GAS  C:\Users\Lucas\AppData\Local\Temp\ccn81YKi.s 			page 23


 1051 03d6 07       		.uleb128 0x7
 1052 03d7 08000000 		.4byte	.LVL36
 1053 03db 37010000 		.4byte	0x137
 1054 03df 07       		.uleb128 0x7
 1055 03e0 0C000000 		.4byte	.LVL37
 1056 03e4 80010000 		.4byte	0x180
 1057 03e8 08       		.uleb128 0x8
 1058 03e9 14000000 		.4byte	.LVL39
 1059 03ed 22020000 		.4byte	0x222
 1060 03f1 FC030000 		.4byte	0x3fc
 1061 03f5 09       		.uleb128 0x9
 1062 03f6 01       		.uleb128 0x1
 1063 03f7 50       		.byte	0x50
 1064 03f8 02       		.uleb128 0x2
 1065 03f9 08       		.byte	0x8
 1066 03fa 72       		.byte	0x72
 1067 03fb 00       		.byte	0
 1068 03fc 08       		.uleb128 0x8
 1069 03fd 1E000000 		.4byte	.LVL41
 1070 0401 22020000 		.4byte	0x222
 1071 0405 10040000 		.4byte	0x410
 1072 0409 09       		.uleb128 0x9
 1073 040a 01       		.uleb128 0x1
 1074 040b 50       		.byte	0x50
 1075 040c 02       		.uleb128 0x2
 1076 040d 08       		.byte	0x8
 1077 040e 67       		.byte	0x67
 1078 040f 00       		.byte	0
 1079 0410 08       		.uleb128 0x8
 1080 0411 28000000 		.4byte	.LVL43
 1081 0415 22020000 		.4byte	0x222
 1082 0419 24040000 		.4byte	0x424
 1083 041d 09       		.uleb128 0x9
 1084 041e 01       		.uleb128 0x1
 1085 041f 50       		.byte	0x50
 1086 0420 02       		.uleb128 0x2
 1087 0421 08       		.byte	0x8
 1088 0422 62       		.byte	0x62
 1089 0423 00       		.byte	0
 1090 0424 08       		.uleb128 0x8
 1091 0425 5A000000 		.4byte	.LVL48
 1092 0429 2D030000 		.4byte	0x32d
 1093 042d 38040000 		.4byte	0x438
 1094 0431 09       		.uleb128 0x9
 1095 0432 01       		.uleb128 0x1
 1096 0433 50       		.byte	0x50
 1097 0434 02       		.uleb128 0x2
 1098 0435 75       		.byte	0x75
 1099 0436 00       		.sleb128 0
 1100 0437 00       		.byte	0
 1101 0438 08       		.uleb128 0x8
 1102 0439 74000000 		.4byte	.LVL53
 1103 043d 2D030000 		.4byte	0x32d
 1104 0441 4C040000 		.4byte	0x44c
 1105 0445 09       		.uleb128 0x9
 1106 0446 01       		.uleb128 0x1
 1107 0447 50       		.byte	0x50
ARM GAS  C:\Users\Lucas\AppData\Local\Temp\ccn81YKi.s 			page 24


 1108 0448 02       		.uleb128 0x2
 1109 0449 75       		.byte	0x75
 1110 044a 00       		.sleb128 0
 1111 044b 00       		.byte	0
 1112 044c 08       		.uleb128 0x8
 1113 044d A4000000 		.4byte	.LVL59
 1114 0451 2D030000 		.4byte	0x32d
 1115 0455 60040000 		.4byte	0x460
 1116 0459 09       		.uleb128 0x9
 1117 045a 01       		.uleb128 0x1
 1118 045b 50       		.byte	0x50
 1119 045c 02       		.uleb128 0x2
 1120 045d 75       		.byte	0x75
 1121 045e 00       		.sleb128 0
 1122 045f 00       		.byte	0
 1123 0460 08       		.uleb128 0x8
 1124 0461 D2000000 		.4byte	.LVL65
 1125 0465 2D030000 		.4byte	0x32d
 1126 0469 74040000 		.4byte	0x474
 1127 046d 09       		.uleb128 0x9
 1128 046e 01       		.uleb128 0x1
 1129 046f 50       		.byte	0x50
 1130 0470 02       		.uleb128 0x2
 1131 0471 75       		.byte	0x75
 1132 0472 00       		.sleb128 0
 1133 0473 00       		.byte	0
 1134 0474 0A       		.uleb128 0xa
 1135 0475 EA000000 		.4byte	.LVL70
 1136 0479 2D030000 		.4byte	0x32d
 1137 047d 09       		.uleb128 0x9
 1138 047e 01       		.uleb128 0x1
 1139 047f 50       		.byte	0x50
 1140 0480 02       		.uleb128 0x2
 1141 0481 75       		.byte	0x75
 1142 0482 00       		.sleb128 0
 1143 0483 00       		.byte	0
 1144 0484 00       		.byte	0
 1145 0485 10       		.uleb128 0x10
 1146 0486 CC010000 		.4byte	.LASF33
 1147 048a 05       		.byte	0x5
 1148 048b 1207     		.2byte	0x712
 1149 048d 91040000 		.4byte	0x491
 1150 0491 11       		.uleb128 0x11
 1151 0492 81000000 		.4byte	0x81
 1152 0496 12       		.uleb128 0x12
 1153 0497 C1020000 		.4byte	.LASF34
 1154 049b 01       		.byte	0x1
 1155 049c 12       		.byte	0x12
 1156 049d 8C000000 		.4byte	0x8c
 1157 04a1 05       		.uleb128 0x5
 1158 04a2 03       		.byte	0x3
 1159 04a3 00000000 		.4byte	freq
 1160 04a7 12       		.uleb128 0x12
 1161 04a8 B7020000 		.4byte	.LASF35
 1162 04ac 01       		.byte	0x1
 1163 04ad 13       		.byte	0x13
 1164 04ae 73000000 		.4byte	0x73
ARM GAS  C:\Users\Lucas\AppData\Local\Temp\ccn81YKi.s 			page 25


 1165 04b2 05       		.uleb128 0x5
 1166 04b3 03       		.byte	0x3
 1167 04b4 00000000 		.4byte	dataReady
 1168 04b8 12       		.uleb128 0x12
 1169 04b9 7B020000 		.4byte	.LASF36
 1170 04bd 01       		.byte	0x1
 1171 04be 14       		.byte	0x14
 1172 04bf 73000000 		.4byte	0x73
 1173 04c3 05       		.uleb128 0x5
 1174 04c4 03       		.byte	0x3
 1175 04c5 00000000 		.4byte	Counter_cycle
 1176 04c9 13       		.uleb128 0x13
 1177 04ca A5000000 		.4byte	0xa5
 1178 04ce D9040000 		.4byte	0x4d9
 1179 04d2 14       		.uleb128 0x14
 1180 04d3 B3000000 		.4byte	0xb3
 1181 04d7 80       		.byte	0x80
 1182 04d8 00       		.byte	0
 1183 04d9 15       		.uleb128 0x15
 1184 04da 73747200 		.ascii	"str\000"
 1185 04de 01       		.byte	0x1
 1186 04df 70       		.byte	0x70
 1187 04e0 C9040000 		.4byte	0x4c9
 1188 04e4 05       		.uleb128 0x5
 1189 04e5 03       		.byte	0x3
 1190 04e6 00000000 		.4byte	str
 1191 04ea 16       		.uleb128 0x16
 1192 04eb FC010000 		.4byte	.LASF37
 1193 04ef FC010000 		.4byte	.LASF37
 1194 04f3 06       		.byte	0x6
 1195 04f4 50       		.byte	0x50
 1196 04f5 16       		.uleb128 0x16
 1197 04f6 C6000000 		.4byte	.LASF38
 1198 04fa C6000000 		.4byte	.LASF38
 1199 04fe 07       		.byte	0x7
 1200 04ff 5B       		.byte	0x5b
 1201 0500 16       		.uleb128 0x16
 1202 0501 B8010000 		.4byte	.LASF39
 1203 0505 B8010000 		.4byte	.LASF39
 1204 0509 06       		.byte	0x6
 1205 050a 5D       		.byte	0x5d
 1206 050b 16       		.uleb128 0x16
 1207 050c 52020000 		.4byte	.LASF40
 1208 0510 52020000 		.4byte	.LASF40
 1209 0514 08       		.byte	0x8
 1210 0515 26       		.byte	0x26
 1211 0516 16       		.uleb128 0x16
 1212 0517 09020000 		.4byte	.LASF41
 1213 051b 09020000 		.4byte	.LASF41
 1214 051f 09       		.byte	0x9
 1215 0520 28       		.byte	0x28
 1216 0521 16       		.uleb128 0x16
 1217 0522 4D000000 		.4byte	.LASF42
 1218 0526 4D000000 		.4byte	.LASF42
 1219 052a 0A       		.byte	0xa
 1220 052b 28       		.byte	0x28
 1221 052c 16       		.uleb128 0x16
ARM GAS  C:\Users\Lucas\AppData\Local\Temp\ccn81YKi.s 			page 26


 1222 052d 45030000 		.4byte	.LASF43
 1223 0531 45030000 		.4byte	.LASF43
 1224 0535 0B       		.byte	0xb
 1225 0536 54       		.byte	0x54
 1226 0537 16       		.uleb128 0x16
 1227 0538 C6020000 		.4byte	.LASF44
 1228 053c C6020000 		.4byte	.LASF44
 1229 0540 09       		.byte	0x9
 1230 0541 18       		.byte	0x18
 1231 0542 16       		.uleb128 0x16
 1232 0543 A4010000 		.4byte	.LASF45
 1233 0547 A4010000 		.4byte	.LASF45
 1234 054b 0A       		.byte	0xa
 1235 054c 18       		.byte	0x18
 1236 054d 16       		.uleb128 0x16
 1237 054e 18030000 		.4byte	.LASF46
 1238 0552 18030000 		.4byte	.LASF46
 1239 0556 0C       		.byte	0xc
 1240 0557 2F       		.byte	0x2f
 1241 0558 16       		.uleb128 0x16
 1242 0559 2A030000 		.4byte	.LASF47
 1243 055d 2A030000 		.4byte	.LASF47
 1244 0561 0D       		.byte	0xd
 1245 0562 76       		.byte	0x76
 1246 0563 16       		.uleb128 0x16
 1247 0564 E7010000 		.4byte	.LASF48
 1248 0568 E7010000 		.4byte	.LASF48
 1249 056c 06       		.byte	0x6
 1250 056d 4F       		.byte	0x4f
 1251 056e 16       		.uleb128 0x16
 1252 056f 39020000 		.4byte	.LASF49
 1253 0573 39020000 		.4byte	.LASF49
 1254 0577 07       		.byte	0x7
 1255 0578 5A       		.byte	0x5a
 1256 0579 16       		.uleb128 0x16
 1257 057a 44000000 		.4byte	.LASF50
 1258 057e 44000000 		.4byte	.LASF50
 1259 0582 0E       		.byte	0xe
 1260 0583 26       		.byte	0x26
 1261 0584 16       		.uleb128 0x16
 1262 0585 7B000000 		.4byte	.LASF51
 1263 0589 7B000000 		.4byte	.LASF51
 1264 058d 0F       		.byte	0xf
 1265 058e 26       		.byte	0x26
 1266 058f 16       		.uleb128 0x16
 1267 0590 AA000000 		.4byte	.LASF52
 1268 0594 AA000000 		.4byte	.LASF52
 1269 0598 10       		.byte	0x10
 1270 0599 26       		.byte	0x26
 1271 059a 16       		.uleb128 0x16
 1272 059b E1000000 		.4byte	.LASF53
 1273 059f E1000000 		.4byte	.LASF53
 1274 05a3 11       		.byte	0x11
 1275 05a4 26       		.byte	0x26
 1276 05a5 16       		.uleb128 0x16
 1277 05a6 07030000 		.4byte	.LASF54
 1278 05aa 07030000 		.4byte	.LASF54
ARM GAS  C:\Users\Lucas\AppData\Local\Temp\ccn81YKi.s 			page 27


 1279 05ae 0B       		.byte	0xb
 1280 05af 8B       		.byte	0x8b
 1281 05b0 00       		.byte	0
 1282              		.section	.debug_abbrev,"",%progbits
 1283              	.Ldebug_abbrev0:
 1284 0000 01       		.uleb128 0x1
 1285 0001 11       		.uleb128 0x11
 1286 0002 01       		.byte	0x1
 1287 0003 25       		.uleb128 0x25
 1288 0004 0E       		.uleb128 0xe
 1289 0005 13       		.uleb128 0x13
 1290 0006 0B       		.uleb128 0xb
 1291 0007 03       		.uleb128 0x3
 1292 0008 0E       		.uleb128 0xe
 1293 0009 1B       		.uleb128 0x1b
 1294 000a 0E       		.uleb128 0xe
 1295 000b 55       		.uleb128 0x55
 1296 000c 17       		.uleb128 0x17
 1297 000d 11       		.uleb128 0x11
 1298 000e 01       		.uleb128 0x1
 1299 000f 10       		.uleb128 0x10
 1300 0010 17       		.uleb128 0x17
 1301 0011 00       		.byte	0
 1302 0012 00       		.byte	0
 1303 0013 02       		.uleb128 0x2
 1304 0014 24       		.uleb128 0x24
 1305 0015 00       		.byte	0
 1306 0016 0B       		.uleb128 0xb
 1307 0017 0B       		.uleb128 0xb
 1308 0018 3E       		.uleb128 0x3e
 1309 0019 0B       		.uleb128 0xb
 1310 001a 03       		.uleb128 0x3
 1311 001b 0E       		.uleb128 0xe
 1312 001c 00       		.byte	0
 1313 001d 00       		.byte	0
 1314 001e 03       		.uleb128 0x3
 1315 001f 16       		.uleb128 0x16
 1316 0020 00       		.byte	0
 1317 0021 03       		.uleb128 0x3
 1318 0022 0E       		.uleb128 0xe
 1319 0023 3A       		.uleb128 0x3a
 1320 0024 0B       		.uleb128 0xb
 1321 0025 3B       		.uleb128 0x3b
 1322 0026 0B       		.uleb128 0xb
 1323 0027 49       		.uleb128 0x49
 1324 0028 13       		.uleb128 0x13
 1325 0029 00       		.byte	0
 1326 002a 00       		.byte	0
 1327 002b 04       		.uleb128 0x4
 1328 002c 24       		.uleb128 0x24
 1329 002d 00       		.byte	0
 1330 002e 0B       		.uleb128 0xb
 1331 002f 0B       		.uleb128 0xb
 1332 0030 3E       		.uleb128 0x3e
 1333 0031 0B       		.uleb128 0xb
 1334 0032 03       		.uleb128 0x3
 1335 0033 08       		.uleb128 0x8
ARM GAS  C:\Users\Lucas\AppData\Local\Temp\ccn81YKi.s 			page 28


 1336 0034 00       		.byte	0
 1337 0035 00       		.byte	0
 1338 0036 05       		.uleb128 0x5
 1339 0037 0F       		.uleb128 0xf
 1340 0038 00       		.byte	0
 1341 0039 0B       		.uleb128 0xb
 1342 003a 0B       		.uleb128 0xb
 1343 003b 49       		.uleb128 0x49
 1344 003c 13       		.uleb128 0x13
 1345 003d 00       		.byte	0
 1346 003e 00       		.byte	0
 1347 003f 06       		.uleb128 0x6
 1348 0040 2E       		.uleb128 0x2e
 1349 0041 01       		.byte	0x1
 1350 0042 3F       		.uleb128 0x3f
 1351 0043 19       		.uleb128 0x19
 1352 0044 03       		.uleb128 0x3
 1353 0045 0E       		.uleb128 0xe
 1354 0046 3A       		.uleb128 0x3a
 1355 0047 0B       		.uleb128 0xb
 1356 0048 3B       		.uleb128 0x3b
 1357 0049 0B       		.uleb128 0xb
 1358 004a 27       		.uleb128 0x27
 1359 004b 19       		.uleb128 0x19
 1360 004c 11       		.uleb128 0x11
 1361 004d 01       		.uleb128 0x1
 1362 004e 12       		.uleb128 0x12
 1363 004f 06       		.uleb128 0x6
 1364 0050 40       		.uleb128 0x40
 1365 0051 18       		.uleb128 0x18
 1366 0052 9742     		.uleb128 0x2117
 1367 0054 19       		.uleb128 0x19
 1368 0055 01       		.uleb128 0x1
 1369 0056 13       		.uleb128 0x13
 1370 0057 00       		.byte	0
 1371 0058 00       		.byte	0
 1372 0059 07       		.uleb128 0x7
 1373 005a 898201   		.uleb128 0x4109
 1374 005d 00       		.byte	0
 1375 005e 11       		.uleb128 0x11
 1376 005f 01       		.uleb128 0x1
 1377 0060 31       		.uleb128 0x31
 1378 0061 13       		.uleb128 0x13
 1379 0062 00       		.byte	0
 1380 0063 00       		.byte	0
 1381 0064 08       		.uleb128 0x8
 1382 0065 898201   		.uleb128 0x4109
 1383 0068 01       		.byte	0x1
 1384 0069 11       		.uleb128 0x11
 1385 006a 01       		.uleb128 0x1
 1386 006b 31       		.uleb128 0x31
 1387 006c 13       		.uleb128 0x13
 1388 006d 01       		.uleb128 0x1
 1389 006e 13       		.uleb128 0x13
 1390 006f 00       		.byte	0
 1391 0070 00       		.byte	0
 1392 0071 09       		.uleb128 0x9
ARM GAS  C:\Users\Lucas\AppData\Local\Temp\ccn81YKi.s 			page 29


 1393 0072 8A8201   		.uleb128 0x410a
 1394 0075 00       		.byte	0
 1395 0076 02       		.uleb128 0x2
 1396 0077 18       		.uleb128 0x18
 1397 0078 9142     		.uleb128 0x2111
 1398 007a 18       		.uleb128 0x18
 1399 007b 00       		.byte	0
 1400 007c 00       		.byte	0
 1401 007d 0A       		.uleb128 0xa
 1402 007e 898201   		.uleb128 0x4109
 1403 0081 01       		.byte	0x1
 1404 0082 11       		.uleb128 0x11
 1405 0083 01       		.uleb128 0x1
 1406 0084 31       		.uleb128 0x31
 1407 0085 13       		.uleb128 0x13
 1408 0086 00       		.byte	0
 1409 0087 00       		.byte	0
 1410 0088 0B       		.uleb128 0xb
 1411 0089 2E       		.uleb128 0x2e
 1412 008a 01       		.byte	0x1
 1413 008b 3F       		.uleb128 0x3f
 1414 008c 19       		.uleb128 0x19
 1415 008d 03       		.uleb128 0x3
 1416 008e 0E       		.uleb128 0xe
 1417 008f 3A       		.uleb128 0x3a
 1418 0090 0B       		.uleb128 0xb
 1419 0091 3B       		.uleb128 0x3b
 1420 0092 0B       		.uleb128 0xb
 1421 0093 27       		.uleb128 0x27
 1422 0094 19       		.uleb128 0x19
 1423 0095 49       		.uleb128 0x49
 1424 0096 13       		.uleb128 0x13
 1425 0097 11       		.uleb128 0x11
 1426 0098 01       		.uleb128 0x1
 1427 0099 12       		.uleb128 0x12
 1428 009a 06       		.uleb128 0x6
 1429 009b 40       		.uleb128 0x40
 1430 009c 18       		.uleb128 0x18
 1431 009d 9742     		.uleb128 0x2117
 1432 009f 19       		.uleb128 0x19
 1433 00a0 01       		.uleb128 0x1
 1434 00a1 13       		.uleb128 0x13
 1435 00a2 00       		.byte	0
 1436 00a3 00       		.byte	0
 1437 00a4 0C       		.uleb128 0xc
 1438 00a5 05       		.uleb128 0x5
 1439 00a6 00       		.byte	0
 1440 00a7 03       		.uleb128 0x3
 1441 00a8 0E       		.uleb128 0xe
 1442 00a9 3A       		.uleb128 0x3a
 1443 00aa 0B       		.uleb128 0xb
 1444 00ab 3B       		.uleb128 0x3b
 1445 00ac 0B       		.uleb128 0xb
 1446 00ad 49       		.uleb128 0x49
 1447 00ae 13       		.uleb128 0x13
 1448 00af 02       		.uleb128 0x2
 1449 00b0 17       		.uleb128 0x17
ARM GAS  C:\Users\Lucas\AppData\Local\Temp\ccn81YKi.s 			page 30


 1450 00b1 00       		.byte	0
 1451 00b2 00       		.byte	0
 1452 00b3 0D       		.uleb128 0xd
 1453 00b4 05       		.uleb128 0x5
 1454 00b5 00       		.byte	0
 1455 00b6 03       		.uleb128 0x3
 1456 00b7 08       		.uleb128 0x8
 1457 00b8 3A       		.uleb128 0x3a
 1458 00b9 0B       		.uleb128 0xb
 1459 00ba 3B       		.uleb128 0x3b
 1460 00bb 0B       		.uleb128 0xb
 1461 00bc 49       		.uleb128 0x49
 1462 00bd 13       		.uleb128 0x13
 1463 00be 02       		.uleb128 0x2
 1464 00bf 17       		.uleb128 0x17
 1465 00c0 00       		.byte	0
 1466 00c1 00       		.byte	0
 1467 00c2 0E       		.uleb128 0xe
 1468 00c3 2E       		.uleb128 0x2e
 1469 00c4 01       		.byte	0x1
 1470 00c5 3F       		.uleb128 0x3f
 1471 00c6 19       		.uleb128 0x19
 1472 00c7 03       		.uleb128 0x3
 1473 00c8 0E       		.uleb128 0xe
 1474 00c9 3A       		.uleb128 0x3a
 1475 00ca 0B       		.uleb128 0xb
 1476 00cb 3B       		.uleb128 0x3b
 1477 00cc 0B       		.uleb128 0xb
 1478 00cd 49       		.uleb128 0x49
 1479 00ce 13       		.uleb128 0x13
 1480 00cf 8701     		.uleb128 0x87
 1481 00d1 19       		.uleb128 0x19
 1482 00d2 11       		.uleb128 0x11
 1483 00d3 01       		.uleb128 0x1
 1484 00d4 12       		.uleb128 0x12
 1485 00d5 06       		.uleb128 0x6
 1486 00d6 40       		.uleb128 0x40
 1487 00d7 18       		.uleb128 0x18
 1488 00d8 9742     		.uleb128 0x2117
 1489 00da 19       		.uleb128 0x19
 1490 00db 01       		.uleb128 0x1
 1491 00dc 13       		.uleb128 0x13
 1492 00dd 00       		.byte	0
 1493 00de 00       		.byte	0
 1494 00df 0F       		.uleb128 0xf
 1495 00e0 34       		.uleb128 0x34
 1496 00e1 00       		.byte	0
 1497 00e2 03       		.uleb128 0x3
 1498 00e3 0E       		.uleb128 0xe
 1499 00e4 3A       		.uleb128 0x3a
 1500 00e5 0B       		.uleb128 0xb
 1501 00e6 3B       		.uleb128 0x3b
 1502 00e7 0B       		.uleb128 0xb
 1503 00e8 49       		.uleb128 0x49
 1504 00e9 13       		.uleb128 0x13
 1505 00ea 02       		.uleb128 0x2
 1506 00eb 17       		.uleb128 0x17
ARM GAS  C:\Users\Lucas\AppData\Local\Temp\ccn81YKi.s 			page 31


 1507 00ec 00       		.byte	0
 1508 00ed 00       		.byte	0
 1509 00ee 10       		.uleb128 0x10
 1510 00ef 34       		.uleb128 0x34
 1511 00f0 00       		.byte	0
 1512 00f1 03       		.uleb128 0x3
 1513 00f2 0E       		.uleb128 0xe
 1514 00f3 3A       		.uleb128 0x3a
 1515 00f4 0B       		.uleb128 0xb
 1516 00f5 3B       		.uleb128 0x3b
 1517 00f6 05       		.uleb128 0x5
 1518 00f7 49       		.uleb128 0x49
 1519 00f8 13       		.uleb128 0x13
 1520 00f9 3F       		.uleb128 0x3f
 1521 00fa 19       		.uleb128 0x19
 1522 00fb 3C       		.uleb128 0x3c
 1523 00fc 19       		.uleb128 0x19
 1524 00fd 00       		.byte	0
 1525 00fe 00       		.byte	0
 1526 00ff 11       		.uleb128 0x11
 1527 0100 35       		.uleb128 0x35
 1528 0101 00       		.byte	0
 1529 0102 49       		.uleb128 0x49
 1530 0103 13       		.uleb128 0x13
 1531 0104 00       		.byte	0
 1532 0105 00       		.byte	0
 1533 0106 12       		.uleb128 0x12
 1534 0107 34       		.uleb128 0x34
 1535 0108 00       		.byte	0
 1536 0109 03       		.uleb128 0x3
 1537 010a 0E       		.uleb128 0xe
 1538 010b 3A       		.uleb128 0x3a
 1539 010c 0B       		.uleb128 0xb
 1540 010d 3B       		.uleb128 0x3b
 1541 010e 0B       		.uleb128 0xb
 1542 010f 49       		.uleb128 0x49
 1543 0110 13       		.uleb128 0x13
 1544 0111 3F       		.uleb128 0x3f
 1545 0112 19       		.uleb128 0x19
 1546 0113 02       		.uleb128 0x2
 1547 0114 18       		.uleb128 0x18
 1548 0115 00       		.byte	0
 1549 0116 00       		.byte	0
 1550 0117 13       		.uleb128 0x13
 1551 0118 01       		.uleb128 0x1
 1552 0119 01       		.byte	0x1
 1553 011a 49       		.uleb128 0x49
 1554 011b 13       		.uleb128 0x13
 1555 011c 01       		.uleb128 0x1
 1556 011d 13       		.uleb128 0x13
 1557 011e 00       		.byte	0
 1558 011f 00       		.byte	0
 1559 0120 14       		.uleb128 0x14
 1560 0121 21       		.uleb128 0x21
 1561 0122 00       		.byte	0
 1562 0123 49       		.uleb128 0x49
 1563 0124 13       		.uleb128 0x13
ARM GAS  C:\Users\Lucas\AppData\Local\Temp\ccn81YKi.s 			page 32


 1564 0125 2F       		.uleb128 0x2f
 1565 0126 0B       		.uleb128 0xb
 1566 0127 00       		.byte	0
 1567 0128 00       		.byte	0
 1568 0129 15       		.uleb128 0x15
 1569 012a 34       		.uleb128 0x34
 1570 012b 00       		.byte	0
 1571 012c 03       		.uleb128 0x3
 1572 012d 08       		.uleb128 0x8
 1573 012e 3A       		.uleb128 0x3a
 1574 012f 0B       		.uleb128 0xb
 1575 0130 3B       		.uleb128 0x3b
 1576 0131 0B       		.uleb128 0xb
 1577 0132 49       		.uleb128 0x49
 1578 0133 13       		.uleb128 0x13
 1579 0134 3F       		.uleb128 0x3f
 1580 0135 19       		.uleb128 0x19
 1581 0136 02       		.uleb128 0x2
 1582 0137 18       		.uleb128 0x18
 1583 0138 00       		.byte	0
 1584 0139 00       		.byte	0
 1585 013a 16       		.uleb128 0x16
 1586 013b 2E       		.uleb128 0x2e
 1587 013c 00       		.byte	0
 1588 013d 3F       		.uleb128 0x3f
 1589 013e 19       		.uleb128 0x19
 1590 013f 3C       		.uleb128 0x3c
 1591 0140 19       		.uleb128 0x19
 1592 0141 6E       		.uleb128 0x6e
 1593 0142 0E       		.uleb128 0xe
 1594 0143 03       		.uleb128 0x3
 1595 0144 0E       		.uleb128 0xe
 1596 0145 3A       		.uleb128 0x3a
 1597 0146 0B       		.uleb128 0xb
 1598 0147 3B       		.uleb128 0x3b
 1599 0148 0B       		.uleb128 0xb
 1600 0149 00       		.byte	0
 1601 014a 00       		.byte	0
 1602 014b 00       		.byte	0
 1603              		.section	.debug_loc,"",%progbits
 1604              	.Ldebug_loc0:
 1605              	.LLST0:
 1606 0000 00000000 		.4byte	.LVL17
 1607 0004 06000000 		.4byte	.LVL18
 1608 0008 0100     		.2byte	0x1
 1609 000a 50       		.byte	0x50
 1610 000b 06000000 		.4byte	.LVL18
 1611 000f 78000000 		.4byte	.LFE68
 1612 0013 0400     		.2byte	0x4
 1613 0015 F3       		.byte	0xf3
 1614 0016 01       		.uleb128 0x1
 1615 0017 50       		.byte	0x50
 1616 0018 9F       		.byte	0x9f
 1617 0019 00000000 		.4byte	0
 1618 001d 00000000 		.4byte	0
 1619              	.LLST1:
 1620 0021 00000000 		.4byte	.LVL33
ARM GAS  C:\Users\Lucas\AppData\Local\Temp\ccn81YKi.s 			page 33


 1621 0025 05000000 		.4byte	.LVL34-1
 1622 0029 0100     		.2byte	0x1
 1623 002b 50       		.byte	0x50
 1624 002c 05000000 		.4byte	.LVL34-1
 1625 0030 08000000 		.4byte	.LFE69
 1626 0034 0400     		.2byte	0x4
 1627 0036 F3       		.byte	0xf3
 1628 0037 01       		.uleb128 0x1
 1629 0038 50       		.byte	0x50
 1630 0039 9F       		.byte	0x9f
 1631 003a 00000000 		.4byte	0
 1632 003e 00000000 		.4byte	0
 1633              	.LLST2:
 1634 0042 18000000 		.4byte	.LVL40
 1635 0046 42000000 		.4byte	.LVL46
 1636 004a 0100     		.2byte	0x1
 1637 004c 54       		.byte	0x54
 1638 004d 60000000 		.4byte	.LVL49
 1639 0051 64000000 		.4byte	.LVL51
 1640 0055 0100     		.2byte	0x1
 1641 0057 54       		.byte	0x54
 1642 0058 76000000 		.4byte	.LVL54
 1643 005c 88000000 		.4byte	.LVL57
 1644 0060 0100     		.2byte	0x1
 1645 0062 54       		.byte	0x54
 1646 0063 A8000000 		.4byte	.LVL60
 1647 0067 BA000000 		.4byte	.LVL63
 1648 006b 0100     		.2byte	0x1
 1649 006d 54       		.byte	0x54
 1650 006e D6000000 		.4byte	.LVL66
 1651 0072 DA000000 		.4byte	.LVL68
 1652 0076 0100     		.2byte	0x1
 1653 0078 54       		.byte	0x54
 1654 0079 00000000 		.4byte	0
 1655 007d 00000000 		.4byte	0
 1656              	.LLST3:
 1657 0081 22000000 		.4byte	.LVL42
 1658 0085 40000000 		.4byte	.LVL45
 1659 0089 0100     		.2byte	0x1
 1660 008b 55       		.byte	0x55
 1661 008c 60000000 		.4byte	.LVL49
 1662 0090 62000000 		.4byte	.LVL50
 1663 0094 0100     		.2byte	0x1
 1664 0096 55       		.byte	0x55
 1665 0097 76000000 		.4byte	.LVL54
 1666 009b 86000000 		.4byte	.LVL56
 1667 009f 0100     		.2byte	0x1
 1668 00a1 55       		.byte	0x55
 1669 00a2 A8000000 		.4byte	.LVL60
 1670 00a6 B8000000 		.4byte	.LVL62
 1671 00aa 0100     		.2byte	0x1
 1672 00ac 55       		.byte	0x55
 1673 00ad D6000000 		.4byte	.LVL66
 1674 00b1 D8000000 		.4byte	.LVL67
 1675 00b5 0100     		.2byte	0x1
 1676 00b7 55       		.byte	0x55
 1677 00b8 00000000 		.4byte	0
ARM GAS  C:\Users\Lucas\AppData\Local\Temp\ccn81YKi.s 			page 34


 1678 00bc 00000000 		.4byte	0
 1679              	.LLST4:
 1680 00c0 04000000 		.4byte	.LVL35
 1681 00c4 0E000000 		.4byte	.LVL38
 1682 00c8 0200     		.2byte	0x2
 1683 00ca 30       		.byte	0x30
 1684 00cb 9F       		.byte	0x9f
 1685 00cc 28000000 		.4byte	.LVL43
 1686 00d0 44000000 		.4byte	.LVL47
 1687 00d4 0100     		.2byte	0x1
 1688 00d6 50       		.byte	0x50
 1689 00d7 60000000 		.4byte	.LVL49
 1690 00db 66000000 		.4byte	.LVL52
 1691 00df 0100     		.2byte	0x1
 1692 00e1 50       		.byte	0x50
 1693 00e2 76000000 		.4byte	.LVL54
 1694 00e6 8A000000 		.4byte	.LVL58
 1695 00ea 0100     		.2byte	0x1
 1696 00ec 50       		.byte	0x50
 1697 00ed A8000000 		.4byte	.LVL60
 1698 00f1 BC000000 		.4byte	.LVL64
 1699 00f5 0100     		.2byte	0x1
 1700 00f7 50       		.byte	0x50
 1701 00f8 D6000000 		.4byte	.LVL66
 1702 00fc DC000000 		.4byte	.LVL69
 1703 0100 0100     		.2byte	0x1
 1704 0102 50       		.byte	0x50
 1705 0103 00000000 		.4byte	0
 1706 0107 00000000 		.4byte	0
 1707              	.LLST5:
 1708 010b 0E000000 		.4byte	.LVL38
 1709 010f 5A000000 		.4byte	.LVL48
 1710 0113 0100     		.2byte	0x1
 1711 0115 58       		.byte	0x58
 1712 0116 5A000000 		.4byte	.LVL48
 1713 011a 60000000 		.4byte	.LVL49
 1714 011e 0200     		.2byte	0x2
 1715 0120 30       		.byte	0x30
 1716 0121 9F       		.byte	0x9f
 1717 0122 60000000 		.4byte	.LVL49
 1718 0126 00010000 		.4byte	.LFE70
 1719 012a 0100     		.2byte	0x1
 1720 012c 58       		.byte	0x58
 1721 012d 00000000 		.4byte	0
 1722 0131 00000000 		.4byte	0
 1723              	.LLST6:
 1724 0135 0E000000 		.4byte	.LVL38
 1725 0139 A4000000 		.4byte	.LVL59
 1726 013d 0100     		.2byte	0x1
 1727 013f 57       		.byte	0x57
 1728 0140 A4000000 		.4byte	.LVL59
 1729 0144 A8000000 		.4byte	.LVL60
 1730 0148 0200     		.2byte	0x2
 1731 014a 30       		.byte	0x30
 1732 014b 9F       		.byte	0x9f
 1733 014c A8000000 		.4byte	.LVL60
 1734 0150 00010000 		.4byte	.LFE70
ARM GAS  C:\Users\Lucas\AppData\Local\Temp\ccn81YKi.s 			page 35


 1735 0154 0100     		.2byte	0x1
 1736 0156 57       		.byte	0x57
 1737 0157 00000000 		.4byte	0
 1738 015b 00000000 		.4byte	0
 1739              	.LLST7:
 1740 015f 04000000 		.4byte	.LVL35
 1741 0163 0E000000 		.4byte	.LVL38
 1742 0167 0200     		.2byte	0x2
 1743 0169 30       		.byte	0x30
 1744 016a 9F       		.byte	0x9f
 1745 016b 0E000000 		.4byte	.LVL38
 1746 016f D2000000 		.4byte	.LVL65
 1747 0173 0100     		.2byte	0x1
 1748 0175 56       		.byte	0x56
 1749 0176 D2000000 		.4byte	.LVL65
 1750 017a D6000000 		.4byte	.LVL66
 1751 017e 0200     		.2byte	0x2
 1752 0180 30       		.byte	0x30
 1753 0181 9F       		.byte	0x9f
 1754 0182 D6000000 		.4byte	.LVL66
 1755 0186 00010000 		.4byte	.LFE70
 1756 018a 0100     		.2byte	0x1
 1757 018c 56       		.byte	0x56
 1758 018d 00000000 		.4byte	0
 1759 0191 00000000 		.4byte	0
 1760              		.section	.debug_aranges,"",%progbits
 1761 0000 4C000000 		.4byte	0x4c
 1762 0004 0200     		.2byte	0x2
 1763 0006 00000000 		.4byte	.Ldebug_info0
 1764 000a 04       		.byte	0x4
 1765 000b 00       		.byte	0
 1766 000c 0000     		.2byte	0
 1767 000e 0000     		.2byte	0
 1768 0010 00000000 		.4byte	.LFB64
 1769 0014 30000000 		.4byte	.LFE64-.LFB64
 1770 0018 00000000 		.4byte	.LFB65
 1771 001c 14000000 		.4byte	.LFE65-.LFB65
 1772 0020 00000000 		.4byte	.LFB66
 1773 0024 20000000 		.4byte	.LFE66-.LFB66
 1774 0028 00000000 		.4byte	.LFB67
 1775 002c 44000000 		.4byte	.LFE67-.LFB67
 1776 0030 00000000 		.4byte	.LFB68
 1777 0034 78000000 		.4byte	.LFE68-.LFB68
 1778 0038 00000000 		.4byte	.LFB69
 1779 003c 08000000 		.4byte	.LFE69-.LFB69
 1780 0040 00000000 		.4byte	.LFB70
 1781 0044 00010000 		.4byte	.LFE70-.LFB70
 1782 0048 00000000 		.4byte	0
 1783 004c 00000000 		.4byte	0
 1784              		.section	.debug_ranges,"",%progbits
 1785              	.Ldebug_ranges0:
 1786 0000 00000000 		.4byte	.LFB64
 1787 0004 30000000 		.4byte	.LFE64
 1788 0008 00000000 		.4byte	.LFB65
 1789 000c 14000000 		.4byte	.LFE65
 1790 0010 00000000 		.4byte	.LFB66
 1791 0014 20000000 		.4byte	.LFE66
ARM GAS  C:\Users\Lucas\AppData\Local\Temp\ccn81YKi.s 			page 36


 1792 0018 00000000 		.4byte	.LFB67
 1793 001c 44000000 		.4byte	.LFE67
 1794 0020 00000000 		.4byte	.LFB68
 1795 0024 78000000 		.4byte	.LFE68
 1796 0028 00000000 		.4byte	.LFB69
 1797 002c 08000000 		.4byte	.LFE69
 1798 0030 00000000 		.4byte	.LFB70
 1799 0034 00010000 		.4byte	.LFE70
 1800 0038 00000000 		.4byte	0
 1801 003c 00000000 		.4byte	0
 1802              		.section	.debug_line,"",%progbits
 1803              	.Ldebug_line0:
 1804 0000 AD020000 		.section	.debug_str,"MS",%progbits,1
 1804      0200D901 
 1804      00000201 
 1804      FB0E0D00 
 1804      01010101 
 1805              	.LASF57:
 1806 0000 433A5C55 		.ascii	"C:\\Users\\Lucas\\Documents\\PSoC Creator\\colorSen"
 1806      73657273 
 1806      5C4C7563 
 1806      61735C44 
 1806      6F63756D 
 1807 002e 736F725C 		.ascii	"sor\\colorSensor.cydsn\000"
 1807      636F6C6F 
 1807      7253656E 
 1807      736F722E 
 1807      63796473 
 1808              	.LASF50:
 1809 0044 53305F57 		.ascii	"S0_Write\000"
 1809      72697465 
 1809      00
 1810              	.LASF42:
 1811 004d 436F756E 		.ascii	"Counter_INT_ClearPending\000"
 1811      7465725F 
 1811      494E545F 
 1811      436C6561 
 1811      7250656E 
 1812              	.LASF6:
 1813 0066 5F5F7569 		.ascii	"__uint32_t\000"
 1813      6E743332 
 1813      5F7400
 1814              	.LASF5:
 1815 0071 5F5F696E 		.ascii	"__int32_t\000"
 1815      7433325F 
 1815      7400
 1816              	.LASF51:
 1817 007b 53315F57 		.ascii	"S1_Write\000"
 1817      72697465 
 1817      00
 1818              	.LASF29:
 1819 0084 66726571 		.ascii	"freqB\000"
 1819      4200
 1820              	.LASF28:
 1821 008a 66726571 		.ascii	"freqG\000"
 1821      4700
 1822              	.LASF2:
ARM GAS  C:\Users\Lucas\AppData\Local\Temp\ccn81YKi.s 			page 37


 1823 0090 73686F72 		.ascii	"short int\000"
 1823      7420696E 
 1823      7400
 1824              	.LASF25:
 1825 009a 6765745F 		.ascii	"get_freq\000"
 1825      66726571 
 1825      00
 1826              	.LASF32:
 1827 00a3 636F756E 		.ascii	"countB\000"
 1827      744200
 1828              	.LASF52:
 1829 00aa 53325F57 		.ascii	"S2_Write\000"
 1829      72697465 
 1829      00
 1830              	.LASF21:
 1831 00b3 696E6974 		.ascii	"init_start\000"
 1831      5F737461 
 1831      727400
 1832              	.LASF11:
 1833 00be 696E7433 		.ascii	"int32_t\000"
 1833      325F7400 
 1834              	.LASF38:
 1835 00c6 54696D65 		.ascii	"Timer_Stop\000"
 1835      725F5374 
 1835      6F7000
 1836              	.LASF19:
 1837 00d1 74696D65 		.ascii	"timer_isr\000"
 1837      725F6973 
 1837      7200
 1838              	.LASF13:
 1839 00db 666C6F61 		.ascii	"float\000"
 1839      7400
 1840              	.LASF53:
 1841 00e1 53335F57 		.ascii	"S3_Write\000"
 1841      72697465 
 1841      00
 1842              	.LASF55:
 1843 00ea 474E5520 		.ascii	"GNU C11 5.4.1 20160609 (release) [ARM/embedded-5-br"
 1843      43313120 
 1843      352E342E 
 1843      31203230 
 1843      31363036 
 1844 011d 616E6368 		.ascii	"anch revision 237715] -mcpu=cortex-m3 -mthumb -g -O"
 1844      20726576 
 1844      6973696F 
 1844      6E203233 
 1844      37373135 
 1845 0150 67202D66 		.ascii	"g -ffunction-sections -ffat-lto-objects\000"
 1845      66756E63 
 1845      74696F6E 
 1845      2D736563 
 1845      74696F6E 
 1846              	.LASF30:
 1847 0178 636F756E 		.ascii	"countR\000"
 1847      745200
 1848              	.LASF7:
 1849 017f 6C6F6E67 		.ascii	"long unsigned int\000"
ARM GAS  C:\Users\Lucas\AppData\Local\Temp\ccn81YKi.s 			page 38


 1849      20756E73 
 1849      69676E65 
 1849      6420696E 
 1849      7400
 1850              	.LASF3:
 1851 0191 73686F72 		.ascii	"short unsigned int\000"
 1851      7420756E 
 1851      7369676E 
 1851      65642069 
 1851      6E7400
 1852              	.LASF45:
 1853 01a4 436F756E 		.ascii	"Counter_INT_StartEx\000"
 1853      7465725F 
 1853      494E545F 
 1853      53746172 
 1853      74457800 
 1854              	.LASF39:
 1855 01b8 436F756E 		.ascii	"Counter_ReadCounter\000"
 1855      7465725F 
 1855      52656164 
 1855      436F756E 
 1855      74657200 
 1856              	.LASF33:
 1857 01cc 49544D5F 		.ascii	"ITM_RxBuffer\000"
 1857      52784275 
 1857      66666572 
 1857      00
 1858              	.LASF1:
 1859 01d9 756E7369 		.ascii	"unsigned char\000"
 1859      676E6564 
 1859      20636861 
 1859      7200
 1860              	.LASF48:
 1861 01e7 436F756E 		.ascii	"Counter_Start\000"
 1861      7465725F 
 1861      53746172 
 1861      7400
 1862              	.LASF14:
 1863 01f5 646F7562 		.ascii	"double\000"
 1863      6C6500
 1864              	.LASF37:
 1865 01fc 436F756E 		.ascii	"Counter_Stop\000"
 1865      7465725F 
 1865      53746F70 
 1865      00
 1866              	.LASF41:
 1867 0209 54696D65 		.ascii	"Timer_INT_ClearPending\000"
 1867      725F494E 
 1867      545F436C 
 1867      65617250 
 1867      656E6469 
 1868              	.LASF24:
 1869 0220 636F6C6F 		.ascii	"color\000"
 1869      7200
 1870              	.LASF56:
 1871 0226 636F6C6F 		.ascii	"colorSensor.c\000"
 1871      7253656E 
ARM GAS  C:\Users\Lucas\AppData\Local\Temp\ccn81YKi.s 			page 39


 1871      736F722E 
 1871      6300
 1872              	.LASF18:
 1873 0234 75696E74 		.ascii	"uint\000"
 1873      00
 1874              	.LASF49:
 1875 0239 54696D65 		.ascii	"Timer_Start\000"
 1875      725F5374 
 1875      61727400 
 1876              	.LASF10:
 1877 0245 756E7369 		.ascii	"unsigned int\000"
 1877      676E6564 
 1877      20696E74 
 1877      00
 1878              	.LASF40:
 1879 0252 4F455F57 		.ascii	"OE_Write\000"
 1879      72697465 
 1879      00
 1880              	.LASF26:
 1881 025b 67657443 		.ascii	"getColor\000"
 1881      6F6C6F72 
 1881      00
 1882              	.LASF9:
 1883 0264 6C6F6E67 		.ascii	"long long unsigned int\000"
 1883      206C6F6E 
 1883      6720756E 
 1883      7369676E 
 1883      65642069 
 1884              	.LASF36:
 1885 027b 436F756E 		.ascii	"Counter_cycle\000"
 1885      7465725F 
 1885      6379636C 
 1885      6500
 1886              	.LASF16:
 1887 0289 6C6F6E67 		.ascii	"long double\000"
 1887      20646F75 
 1887      626C6500 
 1888              	.LASF17:
 1889 0295 73697A65 		.ascii	"sizetype\000"
 1889      74797065 
 1889      00
 1890              	.LASF8:
 1891 029e 6C6F6E67 		.ascii	"long long int\000"
 1891      206C6F6E 
 1891      6720696E 
 1891      7400
 1892              	.LASF15:
 1893 02ac 63686172 		.ascii	"char\000"
 1893      00
 1894              	.LASF23:
 1895 02b1 7072696E 		.ascii	"print\000"
 1895      7400
 1896              	.LASF35:
 1897 02b7 64617461 		.ascii	"dataReady\000"
 1897      52656164 
 1897      7900
 1898              	.LASF34:
ARM GAS  C:\Users\Lucas\AppData\Local\Temp\ccn81YKi.s 			page 40


 1899 02c1 66726571 		.ascii	"freq\000"
 1899      00
 1900              	.LASF44:
 1901 02c6 54696D65 		.ascii	"Timer_INT_StartEx\000"
 1901      725F494E 
 1901      545F5374 
 1901      61727445 
 1901      7800
 1902              	.LASF12:
 1903 02d8 75696E74 		.ascii	"uint32_t\000"
 1903      33325F74 
 1903      00
 1904              	.LASF4:
 1905 02e1 6C6F6E67 		.ascii	"long int\000"
 1905      20696E74 
 1905      00
 1906              	.LASF27:
 1907 02ea 66726571 		.ascii	"freqR\000"
 1907      5200
 1908              	.LASF22:
 1909 02f0 72656164 		.ascii	"read_color\000"
 1909      5F636F6C 
 1909      6F7200
 1910              	.LASF0:
 1911 02fb 7369676E 		.ascii	"signed char\000"
 1911      65642063 
 1911      68617200 
 1912              	.LASF54:
 1913 0307 55415254 		.ascii	"UART_1_PutString\000"
 1913      5F315F50 
 1913      75745374 
 1913      72696E67 
 1913      00
 1914              	.LASF46:
 1915 0318 436F6E74 		.ascii	"Control_Reg_Write\000"
 1915      726F6C5F 
 1915      5265675F 
 1915      57726974 
 1915      6500
 1916              	.LASF47:
 1917 032a 43794465 		.ascii	"CyDelay\000"
 1917      6C617900 
 1918              	.LASF31:
 1919 0332 636F756E 		.ascii	"countG\000"
 1919      744700
 1920              	.LASF20:
 1921 0339 636F756E 		.ascii	"counter_isr\000"
 1921      7465725F 
 1921      69737200 
 1922              	.LASF43:
 1923 0345 55415254 		.ascii	"UART_1_Start\000"
 1923      5F315F53 
 1923      74617274 
 1923      00
 1924              		.ident	"GCC: (GNU Tools for ARM Embedded Processors) 5.4.1 20160609 (release) [ARM/embedded-5-bran
