ARM GAS  C:\Users\Lucas\AppData\Local\Temp\ccga5hYg.s 			page 1


   1              		.syntax unified
   2              		.cpu cortex-m3
   3              		.fpu softvfp
   4              		.eabi_attribute 20, 1
   5              		.eabi_attribute 21, 1
   6              		.eabi_attribute 23, 3
   7              		.eabi_attribute 24, 1
   8              		.eabi_attribute 25, 1
   9              		.eabi_attribute 26, 1
  10              		.eabi_attribute 30, 1
  11              		.eabi_attribute 34, 1
  12              		.eabi_attribute 18, 4
  13              		.thumb
  14              		.syntax unified
  15              		.file	"main.c"
  16              		.text
  17              	.Ltext0:
  18              		.cfi_sections	.debug_frame
  19              		.section	.text.main,"ax",%progbits
  20              		.align	2
  21              		.global	main
  22              		.thumb
  23              		.thumb_func
  24              		.type	main, %function
  25              	main:
  26              	.LFB64:
  27              		.file 1 "main.c"
   1:main.c        **** /* ========================================
   2:main.c        ****  *
   3:main.c        ****  * Copyright YOUR COMPANY, THE YEAR
   4:main.c        ****  * All Rights Reserved
   5:main.c        ****  * UNPUBLISHED, LICENSED SOFTWARE.
   6:main.c        ****  *
   7:main.c        ****  * CONFIDENTIAL AND PROPRIETARY INFORMATION
   8:main.c        ****  * WHICH IS THE PROPERTY OF your company.
   9:main.c        ****  *
  10:main.c        ****  * ========================================
  11:main.c        **** */
  12:main.c        **** #include "project.h"
  13:main.c        **** #include <stdio.h>
  14:main.c        **** #include <stdint.h>
  15:main.c        **** #include "colorSensor.h"
  16:main.c        **** 
  17:main.c        **** 
  18:main.c        **** int main (void)
  19:main.c        **** {
  28              		.loc 1 19 0
  29              		.cfi_startproc
  30              		@ args = 0, pretend = 0, frame = 0
  31              		@ frame_needed = 0, uses_anonymous_args = 0
  32 0000 08B5     		push	{r3, lr}
  33              		.cfi_def_cfa_offset 8
  34              		.cfi_offset 3, -8
  35              		.cfi_offset 14, -4
  20:main.c        ****     
  21:main.c        ****     
  22:main.c        ****     getColor();
ARM GAS  C:\Users\Lucas\AppData\Local\Temp\ccga5hYg.s 			page 2


  36              		.loc 1 22 0
  37 0002 FFF7FEFF 		bl	getColor
  38              	.LVL0:
  23:main.c        ****     
  24:main.c        ****     /*
  25:main.c        **** uint freqR, freqG, freqB = 0;
  26:main.c        ****     
  27:main.c        ****     init_start();
  28:main.c        **** 
  29:main.c        ****     read_color();
  30:main.c        **** 
  31:main.c        ****     for(;;)
  32:main.c        ****     {
  33:main.c        ****     freqR = get_freq('r');
  34:main.c        ****     freqG = get_freq('g');
  35:main.c        ****     freqB = get_freq('b')-100;
  36:main.c        ****     //freqC = get_freq('c');
  37:main.c        ****     sprintf(str,"Red freq: %u Hz, Green freq: %u, Blue freq: %u\n\n\r",freqR,freqG,freqB);
  38:main.c        ****     print(str);
  39:main.c        ****   
  40:main.c        ****     if(freqR>freqG&&freqR>freqB)
  41:main.c        ****     {
  42:main.c        ****         
  43:main.c        ****        
  44:main.c        ****         
  45:main.c        ****         if(freqR>170)
  46:main.c        ****         {
  47:main.c        ****             sprintf(str,"Red color detected\n\r");
  48:main.c        ****             print(str);
  49:main.c        ****            // sprintf(str,"Red freq: %u Hz, Green freq: %u, Blue freq: %u\n\n\r",freqR,freqG,freqB)
  50:main.c        ****             //print(str);
  51:main.c        ****         }
  52:main.c        ****         else
  53:main.c        ****         {
  54:main.c        ****             sprintf(str,"Unknown color\n\r");
  55:main.c        ****             print(str);
  56:main.c        ****         }
  57:main.c        ****         
  58:main.c        ****         
  59:main.c        ****         
  60:main.c        ****       
  61:main.c        ****     }
  62:main.c        **** 
  63:main.c        ****     else if (freqG>freqR&&freqG>freqB)
  64:main.c        ****     {
  65:main.c        ****         sprintf(str,"Green color detected\n\r");
  66:main.c        ****             print(str);
  67:main.c        ****         //sprintf(str,"Red freq: %u Hz, Green freq: %u, Blue freq: %u\n\n\r",freqR,freqG,freqB);
  68:main.c        ****         //print(str);
  69:main.c        ****     }
  70:main.c        ****     
  71:main.c        ****     else if(freqB>freqG&&freqB>freqR)
  72:main.c        ****     {
  73:main.c        ****       
  74:main.c        ****         if(freqB>170)
  75:main.c        ****         {
  76:main.c        ****             sprintf(str,"Blue color detected\n\r");
ARM GAS  C:\Users\Lucas\AppData\Local\Temp\ccga5hYg.s 			page 3


  77:main.c        ****             print(str);
  78:main.c        ****         //    sprintf(str,"Red freq: %u Hz, Green freq: %u, Blue freq: %u\n\n\r",freqR,freqG,freqB)
  79:main.c        ****           //  print(str);
  80:main.c        ****         }
  81:main.c        ****         else
  82:main.c        ****         {
  83:main.c        ****             sprintf(str,"Unknown color\n\r");
  84:main.c        ****             print(str);
  85:main.c        ****         }
  86:main.c        **** 
  87:main.c        ****     }
  88:main.c        ****     
  89:main.c        ****     else
  90:main.c        ****     {
  91:main.c        ****         sprintf(str,"Unknown color\n\r");
  92:main.c        ****         print(str);
  93:main.c        ****        // sprintf(str,"Red freq: %u Hz, Green freq: %u, Blue freq: %u\n\n\r",freqR,freqG,freqB);
  94:main.c        ****         //print(str);
  95:main.c        ****     }
  96:main.c        ****    
  97:main.c        ****     }
  98:main.c        ****     
  99:main.c        ****        //print("\n");
 100:main.c        ****    // CyDelay(500);
 101:main.c        **** */
 102:main.c        **** }
  39              		.loc 1 102 0
  40 0006 0020     		movs	r0, #0
  41 0008 08BD     		pop	{r3, pc}
  42              		.cfi_endproc
  43              	.LFE64:
  44              		.size	main, .-main
  45 000a 00BF     		.text
  46              	.Letext0:
  47              		.file 2 "c:\\program files (x86)\\cypress\\psoc creator\\4.3\\psoc creator\\import\\gnu\\arm\\5.4.
  48              		.file 3 "c:\\program files (x86)\\cypress\\psoc creator\\4.3\\psoc creator\\import\\gnu\\arm\\5.4.
  49              		.file 4 "Generated_Source\\PSoC5/core_cm3.h"
  50              		.file 5 "colorSensor.h"
  51              		.section	.debug_info,"",%progbits
  52              	.Ldebug_info0:
  53 0000 E0000000 		.4byte	0xe0
  54 0004 0400     		.2byte	0x4
  55 0006 00000000 		.4byte	.Ldebug_abbrev0
  56 000a 04       		.byte	0x4
  57 000b 01       		.uleb128 0x1
  58 000c 3A000000 		.4byte	.LASF16
  59 0010 0C       		.byte	0xc
  60 0011 2E000000 		.4byte	.LASF17
  61 0015 0D010000 		.4byte	.LASF18
  62 0019 00000000 		.4byte	.Ldebug_ranges0+0
  63 001d 00000000 		.4byte	0
  64 0021 00000000 		.4byte	.Ldebug_line0
  65 0025 02       		.uleb128 0x2
  66 0026 01       		.byte	0x1
  67 0027 06       		.byte	0x6
  68 0028 6E010000 		.4byte	.LASF0
  69 002c 02       		.uleb128 0x2
ARM GAS  C:\Users\Lucas\AppData\Local\Temp\ccga5hYg.s 			page 4


  70 002d 01       		.byte	0x1
  71 002e 08       		.byte	0x8
  72 002f F1000000 		.4byte	.LASF1
  73 0033 02       		.uleb128 0x2
  74 0034 02       		.byte	0x2
  75 0035 05       		.byte	0x5
  76 0036 96010000 		.4byte	.LASF2
  77 003a 02       		.uleb128 0x2
  78 003b 02       		.byte	0x2
  79 003c 07       		.byte	0x7
  80 003d 0E000000 		.4byte	.LASF3
  81 0041 03       		.uleb128 0x3
  82 0042 86010000 		.4byte	.LASF9
  83 0046 02       		.byte	0x2
  84 0047 3F       		.byte	0x3f
  85 0048 4C000000 		.4byte	0x4c
  86 004c 02       		.uleb128 0x2
  87 004d 04       		.byte	0x4
  88 004e 05       		.byte	0x5
  89 004f 04010000 		.4byte	.LASF4
  90 0053 02       		.uleb128 0x2
  91 0054 04       		.byte	0x4
  92 0055 07       		.byte	0x7
  93 0056 C8000000 		.4byte	.LASF5
  94 005a 02       		.uleb128 0x2
  95 005b 08       		.byte	0x8
  96 005c 05       		.byte	0x5
  97 005d 00000000 		.4byte	.LASF6
  98 0061 02       		.uleb128 0x2
  99 0062 08       		.byte	0x8
 100 0063 07       		.byte	0x7
 101 0064 DA000000 		.4byte	.LASF7
 102 0068 04       		.uleb128 0x4
 103 0069 04       		.byte	0x4
 104 006a 05       		.byte	0x5
 105 006b 696E7400 		.ascii	"int\000"
 106 006f 02       		.uleb128 0x2
 107 0070 04       		.byte	0x4
 108 0071 07       		.byte	0x7
 109 0072 21000000 		.4byte	.LASF8
 110 0076 03       		.uleb128 0x3
 111 0077 A0010000 		.4byte	.LASF10
 112 007b 03       		.byte	0x3
 113 007c 2C       		.byte	0x2c
 114 007d 41000000 		.4byte	0x41
 115 0081 02       		.uleb128 0x2
 116 0082 04       		.byte	0x4
 117 0083 04       		.byte	0x4
 118 0084 90010000 		.4byte	.LASF11
 119 0088 02       		.uleb128 0x2
 120 0089 08       		.byte	0x8
 121 008a 04       		.byte	0x4
 122 008b 51010000 		.4byte	.LASF12
 123 008f 02       		.uleb128 0x2
 124 0090 01       		.byte	0x1
 125 0091 08       		.byte	0x8
 126 0092 FF000000 		.4byte	.LASF13
ARM GAS  C:\Users\Lucas\AppData\Local\Temp\ccga5hYg.s 			page 5


 127 0096 02       		.uleb128 0x2
 128 0097 08       		.byte	0x8
 129 0098 04       		.byte	0x4
 130 0099 7A010000 		.4byte	.LASF14
 131 009d 02       		.uleb128 0x2
 132 009e 04       		.byte	0x4
 133 009f 07       		.byte	0x7
 134 00a0 A8010000 		.4byte	.LASF15
 135 00a4 05       		.uleb128 0x5
 136 00a5 35000000 		.4byte	.LASF19
 137 00a9 01       		.byte	0x1
 138 00aa 12       		.byte	0x12
 139 00ab 68000000 		.4byte	0x68
 140 00af 00000000 		.4byte	.LFB64
 141 00b3 0A000000 		.4byte	.LFE64-.LFB64
 142 00b7 01       		.uleb128 0x1
 143 00b8 9C       		.byte	0x9c
 144 00b9 C7000000 		.4byte	0xc7
 145 00bd 06       		.uleb128 0x6
 146 00be 06000000 		.4byte	.LVL0
 147 00c2 D8000000 		.4byte	0xd8
 148 00c6 00       		.byte	0
 149 00c7 07       		.uleb128 0x7
 150 00c8 61010000 		.4byte	.LASF20
 151 00cc 04       		.byte	0x4
 152 00cd 1207     		.2byte	0x712
 153 00cf D3000000 		.4byte	0xd3
 154 00d3 08       		.uleb128 0x8
 155 00d4 76000000 		.4byte	0x76
 156 00d8 09       		.uleb128 0x9
 157 00d9 58010000 		.4byte	.LASF21
 158 00dd 58010000 		.4byte	.LASF21
 159 00e1 05       		.byte	0x5
 160 00e2 11       		.byte	0x11
 161 00e3 00       		.byte	0
 162              		.section	.debug_abbrev,"",%progbits
 163              	.Ldebug_abbrev0:
 164 0000 01       		.uleb128 0x1
 165 0001 11       		.uleb128 0x11
 166 0002 01       		.byte	0x1
 167 0003 25       		.uleb128 0x25
 168 0004 0E       		.uleb128 0xe
 169 0005 13       		.uleb128 0x13
 170 0006 0B       		.uleb128 0xb
 171 0007 03       		.uleb128 0x3
 172 0008 0E       		.uleb128 0xe
 173 0009 1B       		.uleb128 0x1b
 174 000a 0E       		.uleb128 0xe
 175 000b 55       		.uleb128 0x55
 176 000c 17       		.uleb128 0x17
 177 000d 11       		.uleb128 0x11
 178 000e 01       		.uleb128 0x1
 179 000f 10       		.uleb128 0x10
 180 0010 17       		.uleb128 0x17
 181 0011 00       		.byte	0
 182 0012 00       		.byte	0
 183 0013 02       		.uleb128 0x2
ARM GAS  C:\Users\Lucas\AppData\Local\Temp\ccga5hYg.s 			page 6


 184 0014 24       		.uleb128 0x24
 185 0015 00       		.byte	0
 186 0016 0B       		.uleb128 0xb
 187 0017 0B       		.uleb128 0xb
 188 0018 3E       		.uleb128 0x3e
 189 0019 0B       		.uleb128 0xb
 190 001a 03       		.uleb128 0x3
 191 001b 0E       		.uleb128 0xe
 192 001c 00       		.byte	0
 193 001d 00       		.byte	0
 194 001e 03       		.uleb128 0x3
 195 001f 16       		.uleb128 0x16
 196 0020 00       		.byte	0
 197 0021 03       		.uleb128 0x3
 198 0022 0E       		.uleb128 0xe
 199 0023 3A       		.uleb128 0x3a
 200 0024 0B       		.uleb128 0xb
 201 0025 3B       		.uleb128 0x3b
 202 0026 0B       		.uleb128 0xb
 203 0027 49       		.uleb128 0x49
 204 0028 13       		.uleb128 0x13
 205 0029 00       		.byte	0
 206 002a 00       		.byte	0
 207 002b 04       		.uleb128 0x4
 208 002c 24       		.uleb128 0x24
 209 002d 00       		.byte	0
 210 002e 0B       		.uleb128 0xb
 211 002f 0B       		.uleb128 0xb
 212 0030 3E       		.uleb128 0x3e
 213 0031 0B       		.uleb128 0xb
 214 0032 03       		.uleb128 0x3
 215 0033 08       		.uleb128 0x8
 216 0034 00       		.byte	0
 217 0035 00       		.byte	0
 218 0036 05       		.uleb128 0x5
 219 0037 2E       		.uleb128 0x2e
 220 0038 01       		.byte	0x1
 221 0039 3F       		.uleb128 0x3f
 222 003a 19       		.uleb128 0x19
 223 003b 03       		.uleb128 0x3
 224 003c 0E       		.uleb128 0xe
 225 003d 3A       		.uleb128 0x3a
 226 003e 0B       		.uleb128 0xb
 227 003f 3B       		.uleb128 0x3b
 228 0040 0B       		.uleb128 0xb
 229 0041 27       		.uleb128 0x27
 230 0042 19       		.uleb128 0x19
 231 0043 49       		.uleb128 0x49
 232 0044 13       		.uleb128 0x13
 233 0045 11       		.uleb128 0x11
 234 0046 01       		.uleb128 0x1
 235 0047 12       		.uleb128 0x12
 236 0048 06       		.uleb128 0x6
 237 0049 40       		.uleb128 0x40
 238 004a 18       		.uleb128 0x18
 239 004b 9742     		.uleb128 0x2117
 240 004d 19       		.uleb128 0x19
ARM GAS  C:\Users\Lucas\AppData\Local\Temp\ccga5hYg.s 			page 7


 241 004e 01       		.uleb128 0x1
 242 004f 13       		.uleb128 0x13
 243 0050 00       		.byte	0
 244 0051 00       		.byte	0
 245 0052 06       		.uleb128 0x6
 246 0053 898201   		.uleb128 0x4109
 247 0056 00       		.byte	0
 248 0057 11       		.uleb128 0x11
 249 0058 01       		.uleb128 0x1
 250 0059 31       		.uleb128 0x31
 251 005a 13       		.uleb128 0x13
 252 005b 00       		.byte	0
 253 005c 00       		.byte	0
 254 005d 07       		.uleb128 0x7
 255 005e 34       		.uleb128 0x34
 256 005f 00       		.byte	0
 257 0060 03       		.uleb128 0x3
 258 0061 0E       		.uleb128 0xe
 259 0062 3A       		.uleb128 0x3a
 260 0063 0B       		.uleb128 0xb
 261 0064 3B       		.uleb128 0x3b
 262 0065 05       		.uleb128 0x5
 263 0066 49       		.uleb128 0x49
 264 0067 13       		.uleb128 0x13
 265 0068 3F       		.uleb128 0x3f
 266 0069 19       		.uleb128 0x19
 267 006a 3C       		.uleb128 0x3c
 268 006b 19       		.uleb128 0x19
 269 006c 00       		.byte	0
 270 006d 00       		.byte	0
 271 006e 08       		.uleb128 0x8
 272 006f 35       		.uleb128 0x35
 273 0070 00       		.byte	0
 274 0071 49       		.uleb128 0x49
 275 0072 13       		.uleb128 0x13
 276 0073 00       		.byte	0
 277 0074 00       		.byte	0
 278 0075 09       		.uleb128 0x9
 279 0076 2E       		.uleb128 0x2e
 280 0077 00       		.byte	0
 281 0078 3F       		.uleb128 0x3f
 282 0079 19       		.uleb128 0x19
 283 007a 3C       		.uleb128 0x3c
 284 007b 19       		.uleb128 0x19
 285 007c 6E       		.uleb128 0x6e
 286 007d 0E       		.uleb128 0xe
 287 007e 03       		.uleb128 0x3
 288 007f 0E       		.uleb128 0xe
 289 0080 3A       		.uleb128 0x3a
 290 0081 0B       		.uleb128 0xb
 291 0082 3B       		.uleb128 0x3b
 292 0083 0B       		.uleb128 0xb
 293 0084 00       		.byte	0
 294 0085 00       		.byte	0
 295 0086 00       		.byte	0
 296              		.section	.debug_aranges,"",%progbits
 297 0000 1C000000 		.4byte	0x1c
ARM GAS  C:\Users\Lucas\AppData\Local\Temp\ccga5hYg.s 			page 8


 298 0004 0200     		.2byte	0x2
 299 0006 00000000 		.4byte	.Ldebug_info0
 300 000a 04       		.byte	0x4
 301 000b 00       		.byte	0
 302 000c 0000     		.2byte	0
 303 000e 0000     		.2byte	0
 304 0010 00000000 		.4byte	.LFB64
 305 0014 0A000000 		.4byte	.LFE64-.LFB64
 306 0018 00000000 		.4byte	0
 307 001c 00000000 		.4byte	0
 308              		.section	.debug_ranges,"",%progbits
 309              	.Ldebug_ranges0:
 310 0000 00000000 		.4byte	.LFB64
 311 0004 0A000000 		.4byte	.LFE64
 312 0008 00000000 		.4byte	0
 313 000c 00000000 		.4byte	0
 314              		.section	.debug_line,"",%progbits
 315              	.Ldebug_line0:
 316 0000 6A010000 		.section	.debug_str,"MS",%progbits,1
 316      02005001 
 316      00000201 
 316      FB0E0D00 
 316      01010101 
 317              	.LASF6:
 318 0000 6C6F6E67 		.ascii	"long long int\000"
 318      206C6F6E 
 318      6720696E 
 318      7400
 319              	.LASF3:
 320 000e 73686F72 		.ascii	"short unsigned int\000"
 320      7420756E 
 320      7369676E 
 320      65642069 
 320      6E7400
 321              	.LASF8:
 322 0021 756E7369 		.ascii	"unsigned int\000"
 322      676E6564 
 322      20696E74 
 322      00
 323              	.LASF17:
 324 002e 6D61696E 		.ascii	"main.c\000"
 324      2E6300
 325              	.LASF19:
 326 0035 6D61696E 		.ascii	"main\000"
 326      00
 327              	.LASF16:
 328 003a 474E5520 		.ascii	"GNU C11 5.4.1 20160609 (release) [ARM/embedded-5-br"
 328      43313120 
 328      352E342E 
 328      31203230 
 328      31363036 
 329 006d 616E6368 		.ascii	"anch revision 237715] -mcpu=cortex-m3 -mthumb -g -O"
 329      20726576 
 329      6973696F 
 329      6E203233 
 329      37373135 
 330 00a0 67202D66 		.ascii	"g -ffunction-sections -ffat-lto-objects\000"
ARM GAS  C:\Users\Lucas\AppData\Local\Temp\ccga5hYg.s 			page 9


 330      66756E63 
 330      74696F6E 
 330      2D736563 
 330      74696F6E 
 331              	.LASF5:
 332 00c8 6C6F6E67 		.ascii	"long unsigned int\000"
 332      20756E73 
 332      69676E65 
 332      6420696E 
 332      7400
 333              	.LASF7:
 334 00da 6C6F6E67 		.ascii	"long long unsigned int\000"
 334      206C6F6E 
 334      6720756E 
 334      7369676E 
 334      65642069 
 335              	.LASF1:
 336 00f1 756E7369 		.ascii	"unsigned char\000"
 336      676E6564 
 336      20636861 
 336      7200
 337              	.LASF13:
 338 00ff 63686172 		.ascii	"char\000"
 338      00
 339              	.LASF4:
 340 0104 6C6F6E67 		.ascii	"long int\000"
 340      20696E74 
 340      00
 341              	.LASF18:
 342 010d 433A5C55 		.ascii	"C:\\Users\\Lucas\\Documents\\PSoC Creator\\colorSen"
 342      73657273 
 342      5C4C7563 
 342      61735C44 
 342      6F63756D 
 343 013b 736F725C 		.ascii	"sor\\colorSensor.cydsn\000"
 343      636F6C6F 
 343      7253656E 
 343      736F722E 
 343      63796473 
 344              	.LASF12:
 345 0151 646F7562 		.ascii	"double\000"
 345      6C6500
 346              	.LASF21:
 347 0158 67657443 		.ascii	"getColor\000"
 347      6F6C6F72 
 347      00
 348              	.LASF20:
 349 0161 49544D5F 		.ascii	"ITM_RxBuffer\000"
 349      52784275 
 349      66666572 
 349      00
 350              	.LASF0:
 351 016e 7369676E 		.ascii	"signed char\000"
 351      65642063 
 351      68617200 
 352              	.LASF14:
 353 017a 6C6F6E67 		.ascii	"long double\000"
ARM GAS  C:\Users\Lucas\AppData\Local\Temp\ccga5hYg.s 			page 10


 353      20646F75 
 353      626C6500 
 354              	.LASF9:
 355 0186 5F5F696E 		.ascii	"__int32_t\000"
 355      7433325F 
 355      7400
 356              	.LASF11:
 357 0190 666C6F61 		.ascii	"float\000"
 357      7400
 358              	.LASF2:
 359 0196 73686F72 		.ascii	"short int\000"
 359      7420696E 
 359      7400
 360              	.LASF10:
 361 01a0 696E7433 		.ascii	"int32_t\000"
 361      325F7400 
 362              	.LASF15:
 363 01a8 73697A65 		.ascii	"sizetype\000"
 363      74797065 
 363      00
 364              		.ident	"GCC: (GNU Tools for ARM Embedded Processors) 5.4.1 20160609 (release) [ARM/embedded-5-bran
