ARM GAS  C:\Users\PETERW~1\AppData\Local\Temp\cc7qUHQi.s 			page 1


   1              		.syntax unified
   2              		.cpu cortex-m3
   3              		.fpu softvfp
   4              		.eabi_attribute 20, 1
   5              		.eabi_attribute 21, 1
   6              		.eabi_attribute 23, 3
   7              		.eabi_attribute 24, 1
   8              		.eabi_attribute 25, 1
   9              		.eabi_attribute 26, 1
  10              		.eabi_attribute 30, 1
  11              		.eabi_attribute 34, 1
  12              		.eabi_attribute 18, 4
  13              		.thumb
  14              		.syntax unified
  15              		.file	"cymetadata.c"
  16              		.text
  17              	.Ltext0:
  18              		.cfi_sections	.debug_frame
  19              		.global	cy_metadata
  20              		.global	cy_meta_flashprotect
  21              		.global	cy_meta_wonvl
  22              		.global	cy_meta_custnvl
  23              		.global	cy_meta_configecc
  24              		.section	.cyconfigecc,"a",%progbits
  25              		.align	2
  26              		.type	cy_meta_configecc, %object
  27              		.size	cy_meta_configecc, 1100
  28              	cy_meta_configecc:
  29 0000 04       		.byte	4
  30 0001 52       		.byte	82
  31 0002 00       		.byte	0
  32 0003 40       		.byte	64
  33 0004 02       		.byte	2
  34 0005 64       		.byte	100
  35 0006 00       		.byte	0
  36 0007 40       		.byte	64
  37 0008 03       		.byte	3
  38 0009 65       		.byte	101
  39 000a 00       		.byte	0
  40 000b 40       		.byte	64
  41 000c 01       		.byte	1
  42 000d 07       		.byte	7
  43 000e 01       		.byte	1
  44 000f 40       		.byte	64
  45 0010 59       		.byte	89
  46 0011 08       		.byte	8
  47 0012 01       		.byte	1
  48 0013 40       		.byte	64
  49 0014 35       		.byte	53
  50 0015 09       		.byte	9
  51 0016 01       		.byte	1
  52 0017 40       		.byte	64
  53 0018 02       		.byte	2
  54 0019 15       		.byte	21
  55 001a 01       		.byte	1
  56 001b 40       		.byte	64
  57 001c 60       		.byte	96
ARM GAS  C:\Users\PETERW~1\AppData\Local\Temp\cc7qUHQi.s 			page 2


  58 001d 18       		.byte	24
  59 001e 01       		.byte	1
  60 001f 40       		.byte	64
  61 0020 3D       		.byte	61
  62 0021 19       		.byte	25
  63 0022 01       		.byte	1
  64 0023 40       		.byte	64
  65 0024 56       		.byte	86
  66 0025 1A       		.byte	26
  67 0026 01       		.byte	1
  68 0027 40       		.byte	64
  69 0028 43       		.byte	67
  70 0029 1B       		.byte	27
  71 002a 01       		.byte	1
  72 002b 40       		.byte	64
  73 002c 02       		.byte	2
  74 002d 40       		.byte	64
  75 002e 01       		.byte	1
  76 002f 40       		.byte	64
  77 0030 01       		.byte	1
  78 0031 41       		.byte	65
  79 0032 01       		.byte	1
  80 0033 40       		.byte	64
  81 0034 01       		.byte	1
  82 0035 42       		.byte	66
  83 0036 01       		.byte	1
  84 0037 40       		.byte	64
  85 0038 03       		.byte	3
  86 0039 43       		.byte	67
  87 003a 01       		.byte	1
  88 003b 40       		.byte	64
  89 003c 02       		.byte	2
  90 003d 47       		.byte	71
  91 003e 01       		.byte	1
  92 003f 40       		.byte	64
  93 0040 08       		.byte	8
  94 0041 49       		.byte	73
  95 0042 01       		.byte	1
  96 0043 40       		.byte	64
  97 0044 01       		.byte	1
  98 0045 4C       		.byte	76
  99 0046 01       		.byte	1
 100 0047 40       		.byte	64
 101 0048 07       		.byte	7
 102 0049 4D       		.byte	77
 103 004a 01       		.byte	1
 104 004b 40       		.byte	64
 105 004c 04       		.byte	4
 106 004d 50       		.byte	80
 107 004e 01       		.byte	1
 108 004f 40       		.byte	64
 109 0050 01       		.byte	1
 110 0051 51       		.byte	81
 111 0052 01       		.byte	1
 112 0053 40       		.byte	64
 113 0054 18       		.byte	24
 114 0055 01       		.byte	1
ARM GAS  C:\Users\PETERW~1\AppData\Local\Temp\cc7qUHQi.s 			page 3


 115 0056 19       		.byte	25
 116 0057 02       		.byte	2
 117 0058 61       		.byte	97
 118 0059 80       		.byte	-128
 119 005a 64       		.byte	100
 120 005b 40       		.byte	64
 121 005c 88       		.byte	-120
 122 005d 0F       		.byte	15
 123 005e 89       		.byte	-119
 124 005f 38       		.byte	56
 125 0060 88       		.byte	-120
 126 0061 0D       		.byte	13
 127 0062 8A       		.byte	-118
 128 0063 72       		.byte	114
 129 0064 8B       		.byte	-117
 130 0065 0D       		.byte	13
 131 0066 E6       		.byte	-26
 132 0067 02       		.byte	2
 133 0068 06       		.byte	6
 134 0069 20       		.byte	32
 135 006a 08       		.byte	8
 136 006b 09       		.byte	9
 137 006c 0A       		.byte	10
 138 006d 10       		.byte	16
 139 006e 0B       		.byte	11
 140 006f 55       		.byte	85
 141 0070 0C       		.byte	12
 142 0071 1C       		.byte	28
 143 0072 0E       		.byte	14
 144 0073 62       		.byte	98
 145 0074 11       		.byte	17
 146 0075 AA       		.byte	-86
 147 0076 12       		.byte	18
 148 0077 03       		.byte	3
 149 0078 13       		.byte	19
 150 0079 54       		.byte	84
 151 007a 14       		.byte	20
 152 007b 80       		.byte	-128
 153 007c 15       		.byte	21
 154 007d 43       		.byte	67
 155 007e 16       		.byte	22
 156 007f 20       		.byte	32
 157 0080 17       		.byte	23
 158 0081 9C       		.byte	-100
 159 0082 19       		.byte	25
 160 0083 43       		.byte	67
 161 0084 1B       		.byte	27
 162 0085 B4       		.byte	-76
 163 0086 1C       		.byte	28
 164 0087 14       		.byte	20
 165 0088 20       		.byte	32
 166 0089 10       		.byte	16
 167 008a 24       		.byte	36
 168 008b 70       		.byte	112
 169 008c 25       		.byte	37
 170 008d 03       		.byte	3
 171 008e 26       		.byte	38
ARM GAS  C:\Users\PETERW~1\AppData\Local\Temp\cc7qUHQi.s 			page 4


 172 008f 0C       		.byte	12
 173 0090 27       		.byte	39
 174 0091 04       		.byte	4
 175 0092 28       		.byte	40
 176 0093 6C       		.byte	108
 177 0094 2A       		.byte	42
 178 0095 11       		.byte	17
 179 0096 2B       		.byte	43
 180 0097 A8       		.byte	-88
 181 0098 2F       		.byte	47
 182 0099 20       		.byte	32
 183 009a 30       		.byte	48
 184 009b 1F       		.byte	31
 185 009c 32       		.byte	50
 186 009d C0       		.byte	-64
 187 009e 33       		.byte	51
 188 009f 38       		.byte	56
 189 00a0 34       		.byte	52
 190 00a1 20       		.byte	32
 191 00a2 35       		.byte	53
 192 00a3 0F       		.byte	15
 193 00a4 37       		.byte	55
 194 00a5 F0       		.byte	-16
 195 00a6 38       		.byte	56
 196 00a7 08       		.byte	8
 197 00a8 3B       		.byte	59
 198 00a9 A8       		.byte	-88
 199 00aa 3E       		.byte	62
 200 00ab 10       		.byte	16
 201 00ac 40       		.byte	64
 202 00ad 36       		.byte	54
 203 00ae 41       		.byte	65
 204 00af 02       		.byte	2
 205 00b0 46       		.byte	70
 206 00b1 CB       		.byte	-53
 207 00b2 47       		.byte	71
 208 00b3 0E       		.byte	14
 209 00b4 48       		.byte	72
 210 00b5 1C       		.byte	28
 211 00b6 49       		.byte	73
 212 00b7 FF       		.byte	-1
 213 00b8 4A       		.byte	74
 214 00b9 FF       		.byte	-1
 215 00ba 4B       		.byte	75
 216 00bb FF       		.byte	-1
 217 00bc 4E       		.byte	78
 218 00bd F0       		.byte	-16
 219 00be 4F       		.byte	79
 220 00bf 44       		.byte	68
 221 00c0 50       		.byte	80
 222 00c1 0C       		.byte	12
 223 00c2 54       		.byte	84
 224 00c3 01       		.byte	1
 225 00c4 58       		.byte	88
 226 00c5 04       		.byte	4
 227 00c6 59       		.byte	89
 228 00c7 04       		.byte	4
ARM GAS  C:\Users\PETERW~1\AppData\Local\Temp\cc7qUHQi.s 			page 5


 229 00c8 5A       		.byte	90
 230 00c9 04       		.byte	4
 231 00ca 5B       		.byte	91
 232 00cb 04       		.byte	4
 233 00cc 5F       		.byte	95
 234 00cd 01       		.byte	1
 235 00ce 66       		.byte	102
 236 00cf C0       		.byte	-64
 237 00d0 6A       		.byte	106
 238 00d1 40       		.byte	64
 239 00d2 6B       		.byte	107
 240 00d3 02       		.byte	2
 241 00d4 8A       		.byte	-118
 242 00d5 01       		.byte	1
 243 00d6 8C       		.byte	-116
 244 00d7 02       		.byte	2
 245 00d8 91       		.byte	-111
 246 00d9 02       		.byte	2
 247 00da 9B       		.byte	-101
 248 00db 01       		.byte	1
 249 00dc A3       		.byte	-93
 250 00dd 01       		.byte	1
 251 00de A4       		.byte	-92
 252 00df 03       		.byte	3
 253 00e0 A8       		.byte	-88
 254 00e1 03       		.byte	3
 255 00e2 B1       		.byte	-79
 256 00e3 01       		.byte	1
 257 00e4 B4       		.byte	-76
 258 00e5 03       		.byte	3
 259 00e6 B5       		.byte	-75
 260 00e7 02       		.byte	2
 261 00e8 B8       		.byte	-72
 262 00e9 20       		.byte	32
 263 00ea BA       		.byte	-70
 264 00eb 02       		.byte	2
 265 00ec BE       		.byte	-66
 266 00ed 10       		.byte	16
 267 00ee BF       		.byte	-65
 268 00ef 11       		.byte	17
 269 00f0 C0       		.byte	-64
 270 00f1 02       		.byte	2
 271 00f2 C7       		.byte	-57
 272 00f3 40       		.byte	64
 273 00f4 C9       		.byte	-55
 274 00f5 FF       		.byte	-1
 275 00f6 CA       		.byte	-54
 276 00f7 07       		.byte	7
 277 00f8 CB       		.byte	-53
 278 00f9 FF       		.byte	-1
 279 00fa CC       		.byte	-52
 280 00fb 40       		.byte	64
 281 00fc CD       		.byte	-51
 282 00fd 20       		.byte	32
 283 00fe CE       		.byte	-50
 284 00ff F0       		.byte	-16
 285 0100 CF       		.byte	-49
ARM GAS  C:\Users\PETERW~1\AppData\Local\Temp\cc7qUHQi.s 			page 6


 286 0101 05       		.byte	5
 287 0102 D0       		.byte	-48
 288 0103 08       		.byte	8
 289 0104 D4       		.byte	-44
 290 0105 18       		.byte	24
 291 0106 D6       		.byte	-42
 292 0107 04       		.byte	4
 293 0108 D8       		.byte	-40
 294 0109 04       		.byte	4
 295 010a D9       		.byte	-39
 296 010b 04       		.byte	4
 297 010c DA       		.byte	-38
 298 010d 04       		.byte	4
 299 010e DB       		.byte	-37
 300 010f 04       		.byte	4
 301 0110 DF       		.byte	-33
 302 0111 01       		.byte	1
 303 0112 E0       		.byte	-32
 304 0113 40       		.byte	64
 305 0114 E1       		.byte	-31
 306 0115 A8       		.byte	-88
 307 0116 E2       		.byte	-30
 308 0117 40       		.byte	64
 309 0118 E3       		.byte	-29
 310 0119 20       		.byte	32
 311 011a 00       		.byte	0
 312 011b 20       		.byte	32
 313 011c 02       		.byte	2
 314 011d 08       		.byte	8
 315 011e 03       		.byte	3
 316 011f 01       		.byte	1
 317 0120 04       		.byte	4
 318 0121 10       		.byte	16
 319 0122 06       		.byte	6
 320 0123 10       		.byte	16
 321 0124 07       		.byte	7
 322 0125 21       		.byte	33
 323 0126 0D       		.byte	13
 324 0127 82       		.byte	-126
 325 0128 0E       		.byte	14
 326 0129 20       		.byte	32
 327 012a 11       		.byte	17
 328 012b 28       		.byte	40
 329 012c 15       		.byte	21
 330 012d 02       		.byte	2
 331 012e 17       		.byte	23
 332 012f 14       		.byte	20
 333 0130 18       		.byte	24
 334 0131 44       		.byte	68
 335 0132 1C       		.byte	28
 336 0133 10       		.byte	16
 337 0134 1D       		.byte	29
 338 0135 22       		.byte	34
 339 0136 1F       		.byte	31
 340 0137 04       		.byte	4
 341 0138 20       		.byte	32
 342 0139 08       		.byte	8
ARM GAS  C:\Users\PETERW~1\AppData\Local\Temp\cc7qUHQi.s 			page 7


 343 013a 22       		.byte	34
 344 013b 02       		.byte	2
 345 013c 25       		.byte	37
 346 013d 14       		.byte	20
 347 013e 27       		.byte	39
 348 013f 15       		.byte	21
 349 0140 29       		.byte	41
 350 0141 01       		.byte	1
 351 0142 2F       		.byte	47
 352 0143 25       		.byte	37
 353 0144 31       		.byte	49
 354 0145 02       		.byte	2
 355 0146 32       		.byte	50
 356 0147 10       		.byte	16
 357 0148 37       		.byte	55
 358 0149 15       		.byte	21
 359 014a 3C       		.byte	60
 360 014b 20       		.byte	32
 361 014c 40       		.byte	64
 362 014d 04       		.byte	4
 363 014e 47       		.byte	71
 364 014f 14       		.byte	20
 365 0150 48       		.byte	72
 366 0151 10       		.byte	16
 367 0152 4A       		.byte	74
 368 0153 10       		.byte	16
 369 0154 4E       		.byte	78
 370 0155 08       		.byte	8
 371 0156 51       		.byte	81
 372 0157 01       		.byte	1
 373 0158 53       		.byte	83
 374 0159 01       		.byte	1
 375 015a 55       		.byte	85
 376 015b 80       		.byte	-128
 377 015c 56       		.byte	86
 378 015d 14       		.byte	20
 379 015e 57       		.byte	87
 380 015f 20       		.byte	32
 381 0160 5B       		.byte	91
 382 0161 02       		.byte	2
 383 0162 5E       		.byte	94
 384 0163 48       		.byte	72
 385 0164 5F       		.byte	95
 386 0165 21       		.byte	33
 387 0166 63       		.byte	99
 388 0167 46       		.byte	70
 389 0168 7A       		.byte	122
 390 0169 02       		.byte	2
 391 016a 7B       		.byte	123
 392 016b 01       		.byte	1
 393 016c 87       		.byte	-121
 394 016d 40       		.byte	64
 395 016e 88       		.byte	-120
 396 016f 04       		.byte	4
 397 0170 C0       		.byte	-64
 398 0171 E3       		.byte	-29
 399 0172 C2       		.byte	-62
ARM GAS  C:\Users\PETERW~1\AppData\Local\Temp\cc7qUHQi.s 			page 8


 400 0173 B0       		.byte	-80
 401 0174 C4       		.byte	-60
 402 0175 76       		.byte	118
 403 0176 CA       		.byte	-54
 404 0177 71       		.byte	113
 405 0178 CC       		.byte	-52
 406 0179 E5       		.byte	-27
 407 017a CE       		.byte	-50
 408 017b 20       		.byte	32
 409 017c D0       		.byte	-48
 410 017d 64       		.byte	100
 411 017e D2       		.byte	-46
 412 017f 20       		.byte	32
 413 0180 D6       		.byte	-42
 414 0181 F1       		.byte	-15
 415 0182 D8       		.byte	-40
 416 0183 0D       		.byte	13
 417 0184 E6       		.byte	-26
 418 0185 01       		.byte	1
 419 0186 EE       		.byte	-18
 420 0187 01       		.byte	1
 421 0188 08       		.byte	8
 422 0189 01       		.byte	1
 423 018a 11       		.byte	17
 424 018b 08       		.byte	8
 425 018c 16       		.byte	22
 426 018d 02       		.byte	2
 427 018e 17       		.byte	23
 428 018f 02       		.byte	2
 429 0190 1B       		.byte	27
 430 0191 0E       		.byte	14
 431 0192 26       		.byte	38
 432 0193 02       		.byte	2
 433 0194 2F       		.byte	47
 434 0195 01       		.byte	1
 435 0196 31       		.byte	49
 436 0197 02       		.byte	2
 437 0198 32       		.byte	50
 438 0199 02       		.byte	2
 439 019a 33       		.byte	51
 440 019b 08       		.byte	8
 441 019c 34       		.byte	52
 442 019d 01       		.byte	1
 443 019e 35       		.byte	53
 444 019f 01       		.byte	1
 445 01a0 37       		.byte	55
 446 01a1 04       		.byte	4
 447 01a2 3E       		.byte	62
 448 01a3 14       		.byte	20
 449 01a4 40       		.byte	64
 450 01a5 30       		.byte	48
 451 01a6 41       		.byte	65
 452 01a7 06       		.byte	6
 453 01a8 45       		.byte	69
 454 01a9 D1       		.byte	-47
 455 01aa 46       		.byte	70
 456 01ab 20       		.byte	32
ARM GAS  C:\Users\PETERW~1\AppData\Local\Temp\cc7qUHQi.s 			page 9


 457 01ac 48       		.byte	72
 458 01ad 0B       		.byte	11
 459 01ae 49       		.byte	73
 460 01af FF       		.byte	-1
 461 01b0 4A       		.byte	74
 462 01b1 FF       		.byte	-1
 463 01b2 4B       		.byte	75
 464 01b3 FF       		.byte	-1
 465 01b4 4D       		.byte	77
 466 01b5 A0       		.byte	-96
 467 01b6 4F       		.byte	79
 468 01b7 04       		.byte	4
 469 01b8 50       		.byte	80
 470 01b9 18       		.byte	24
 471 01ba 52       		.byte	82
 472 01bb 80       		.byte	-128
 473 01bc 54       		.byte	84
 474 01bd 05       		.byte	5
 475 01be 58       		.byte	88
 476 01bf 04       		.byte	4
 477 01c0 59       		.byte	89
 478 01c1 04       		.byte	4
 479 01c2 5A       		.byte	90
 480 01c3 04       		.byte	4
 481 01c4 5B       		.byte	91
 482 01c5 04       		.byte	4
 483 01c6 5C       		.byte	92
 484 01c7 10       		.byte	16
 485 01c8 5D       		.byte	93
 486 01c9 11       		.byte	17
 487 01ca 5F       		.byte	95
 488 01cb 01       		.byte	1
 489 01cc 60       		.byte	96
 490 01cd 40       		.byte	64
 491 01ce 62       		.byte	98
 492 01cf C0       		.byte	-64
 493 01d0 64       		.byte	100
 494 01d1 40       		.byte	64
 495 01d2 65       		.byte	101
 496 01d3 40       		.byte	64
 497 01d4 66       		.byte	102
 498 01d5 C0       		.byte	-64
 499 01d6 68       		.byte	104
 500 01d7 C0       		.byte	-64
 501 01d8 6A       		.byte	106
 502 01d9 C0       		.byte	-64
 503 01da 6C       		.byte	108
 504 01db C0       		.byte	-64
 505 01dc 6E       		.byte	110
 506 01dd C0       		.byte	-64
 507 01de 80       		.byte	-128
 508 01df 0A       		.byte	10
 509 01e0 82       		.byte	-126
 510 01e1 D1       		.byte	-47
 511 01e2 83       		.byte	-125
 512 01e3 04       		.byte	4
 513 01e4 85       		.byte	-123
ARM GAS  C:\Users\PETERW~1\AppData\Local\Temp\cc7qUHQi.s 			page 10


 514 01e5 01       		.byte	1
 515 01e6 88       		.byte	-120
 516 01e7 1F       		.byte	31
 517 01e8 8B       		.byte	-117
 518 01e9 01       		.byte	1
 519 01ea 8D       		.byte	-115
 520 01eb 01       		.byte	1
 521 01ec 90       		.byte	-112
 522 01ed 01       		.byte	1
 523 01ee 92       		.byte	-110
 524 01ef 26       		.byte	38
 525 01f0 95       		.byte	-107
 526 01f1 02       		.byte	2
 527 01f2 98       		.byte	-104
 528 01f3 14       		.byte	20
 529 01f4 99       		.byte	-103
 530 01f5 02       		.byte	2
 531 01f6 9A       		.byte	-102
 532 01f7 49       		.byte	73
 533 01f8 9D       		.byte	-99
 534 01f9 02       		.byte	2
 535 01fa A3       		.byte	-93
 536 01fb 01       		.byte	1
 537 01fc A4       		.byte	-92
 538 01fd 1F       		.byte	31
 539 01fe A7       		.byte	-89
 540 01ff 04       		.byte	4
 541 0200 B0       		.byte	-80
 542 0201 07       		.byte	7
 543 0202 B1       		.byte	-79
 544 0203 01       		.byte	1
 545 0204 B2       		.byte	-78
 546 0205 80       		.byte	-128
 547 0206 B3       		.byte	-77
 548 0207 02       		.byte	2
 549 0208 B4       		.byte	-76
 550 0209 18       		.byte	24
 551 020a B5       		.byte	-75
 552 020b 04       		.byte	4
 553 020c B6       		.byte	-74
 554 020d 60       		.byte	96
 555 020e B9       		.byte	-71
 556 020f 02       		.byte	2
 557 0210 BE       		.byte	-66
 558 0211 40       		.byte	64
 559 0212 BF       		.byte	-65
 560 0213 10       		.byte	16
 561 0214 C0       		.byte	-64
 562 0215 23       		.byte	35
 563 0216 C1       		.byte	-63
 564 0217 04       		.byte	4
 565 0218 C2       		.byte	-62
 566 0219 06       		.byte	6
 567 021a C4       		.byte	-60
 568 021b 01       		.byte	1
 569 021c C5       		.byte	-59
 570 021d CE       		.byte	-50
ARM GAS  C:\Users\PETERW~1\AppData\Local\Temp\cc7qUHQi.s 			page 11


 571 021e C8       		.byte	-56
 572 021f 03       		.byte	3
 573 0220 C9       		.byte	-55
 574 0221 FF       		.byte	-1
 575 0222 CA       		.byte	-54
 576 0223 FF       		.byte	-1
 577 0224 CB       		.byte	-53
 578 0225 FF       		.byte	-1
 579 0226 CC       		.byte	-52
 580 0227 62       		.byte	98
 581 0228 CD       		.byte	-51
 582 0229 A0       		.byte	-96
 583 022a CE       		.byte	-50
 584 022b F0       		.byte	-16
 585 022c CF       		.byte	-49
 586 022d 41       		.byte	65
 587 022e D0       		.byte	-48
 588 022f 0C       		.byte	12
 589 0230 D8       		.byte	-40
 590 0231 04       		.byte	4
 591 0232 D9       		.byte	-39
 592 0233 04       		.byte	4
 593 0234 DA       		.byte	-38
 594 0235 04       		.byte	4
 595 0236 DF       		.byte	-33
 596 0237 01       		.byte	1
 597 0238 E6       		.byte	-26
 598 0239 40       		.byte	64
 599 023a E7       		.byte	-25
 600 023b 02       		.byte	2
 601 023c E9       		.byte	-23
 602 023d 10       		.byte	16
 603 023e EA       		.byte	-22
 604 023f 30       		.byte	48
 605 0240 EB       		.byte	-21
 606 0241 10       		.byte	16
 607 0242 ED       		.byte	-19
 608 0243 10       		.byte	16
 609 0244 EE       		.byte	-18
 610 0245 10       		.byte	16
 611 0246 EF       		.byte	-17
 612 0247 12       		.byte	18
 613 0248 00       		.byte	0
 614 0249 02       		.byte	2
 615 024a 03       		.byte	3
 616 024b 04       		.byte	4
 617 024c 06       		.byte	6
 618 024d 04       		.byte	4
 619 024e 0A       		.byte	10
 620 024f 44       		.byte	68
 621 0250 0F       		.byte	15
 622 0251 20       		.byte	32
 623 0252 10       		.byte	16
 624 0253 10       		.byte	16
 625 0254 17       		.byte	23
 626 0255 08       		.byte	8
 627 0256 18       		.byte	24
ARM GAS  C:\Users\PETERW~1\AppData\Local\Temp\cc7qUHQi.s 			page 12


 628 0257 01       		.byte	1
 629 0258 19       		.byte	25
 630 0259 04       		.byte	4
 631 025a 1A       		.byte	26
 632 025b 44       		.byte	68
 633 025c 1E       		.byte	30
 634 025d 08       		.byte	8
 635 025e 1F       		.byte	31
 636 025f 08       		.byte	8
 637 0260 21       		.byte	33
 638 0261 09       		.byte	9
 639 0262 23       		.byte	35
 640 0263 04       		.byte	4
 641 0264 24       		.byte	36
 642 0265 20       		.byte	32
 643 0266 27       		.byte	39
 644 0267 49       		.byte	73
 645 0268 28       		.byte	40
 646 0269 48       		.byte	72
 647 026a 29       		.byte	41
 648 026b 08       		.byte	8
 649 026c 2B       		.byte	43
 650 026d 08       		.byte	8
 651 026e 2E       		.byte	46
 652 026f 80       		.byte	-128
 653 0270 30       		.byte	48
 654 0271 10       		.byte	16
 655 0272 32       		.byte	50
 656 0273 40       		.byte	64
 657 0274 33       		.byte	51
 658 0275 14       		.byte	20
 659 0276 36       		.byte	54
 660 0277 20       		.byte	32
 661 0278 37       		.byte	55
 662 0279 09       		.byte	9
 663 027a 38       		.byte	56
 664 027b 44       		.byte	68
 665 027c 39       		.byte	57
 666 027d 02       		.byte	2
 667 027e 3B       		.byte	59
 668 027f 10       		.byte	16
 669 0280 40       		.byte	64
 670 0281 65       		.byte	101
 671 0282 41       		.byte	65
 672 0283 08       		.byte	8
 673 0284 47       		.byte	71
 674 0285 08       		.byte	8
 675 0286 49       		.byte	73
 676 0287 19       		.byte	25
 677 0288 4E       		.byte	78
 678 0289 20       		.byte	32
 679 028a 4F       		.byte	79
 680 028b 21       		.byte	33
 681 028c 57       		.byte	87
 682 028d 10       		.byte	16
 683 028e 59       		.byte	89
 684 028f 10       		.byte	16
ARM GAS  C:\Users\PETERW~1\AppData\Local\Temp\cc7qUHQi.s 			page 13


 685 0290 5A       		.byte	90
 686 0291 20       		.byte	32
 687 0292 5C       		.byte	92
 688 0293 08       		.byte	8
 689 0294 5D       		.byte	93
 690 0295 80       		.byte	-128
 691 0296 5F       		.byte	95
 692 0297 01       		.byte	1
 693 0298 76       		.byte	118
 694 0299 80       		.byte	-128
 695 029a 90       		.byte	-112
 696 029b 40       		.byte	64
 697 029c 96       		.byte	-106
 698 029d 20       		.byte	32
 699 029e 97       		.byte	-105
 700 029f 04       		.byte	4
 701 02a0 9A       		.byte	-102
 702 02a1 04       		.byte	4
 703 02a2 9D       		.byte	-99
 704 02a3 01       		.byte	1
 705 02a4 9F       		.byte	-97
 706 02a5 02       		.byte	2
 707 02a6 A6       		.byte	-90
 708 02a7 04       		.byte	4
 709 02a8 AA       		.byte	-86
 710 02a9 04       		.byte	4
 711 02aa AB       		.byte	-85
 712 02ab 01       		.byte	1
 713 02ac B5       		.byte	-75
 714 02ad 20       		.byte	32
 715 02ae B6       		.byte	-74
 716 02af 40       		.byte	64
 717 02b0 C0       		.byte	-64
 718 02b1 4A       		.byte	74
 719 02b2 C2       		.byte	-62
 720 02b3 2A       		.byte	42
 721 02b4 C4       		.byte	-60
 722 02b5 24       		.byte	36
 723 02b6 CA       		.byte	-54
 724 02b7 13       		.byte	19
 725 02b8 CC       		.byte	-52
 726 02b9 EE       		.byte	-18
 727 02ba CE       		.byte	-50
 728 02bb 0F       		.byte	15
 729 02bc D0       		.byte	-48
 730 02bd 4F       		.byte	79
 731 02be D2       		.byte	-46
 732 02bf 24       		.byte	36
 733 02c0 D6       		.byte	-42
 734 02c1 D0       		.byte	-48
 735 02c2 00       		.byte	0
 736 02c3 01       		.byte	1
 737 02c4 01       		.byte	1
 738 02c5 3C       		.byte	60
 739 02c6 03       		.byte	3
 740 02c7 C2       		.byte	-62
 741 02c8 04       		.byte	4
ARM GAS  C:\Users\PETERW~1\AppData\Local\Temp\cc7qUHQi.s 			page 14


 742 02c9 33       		.byte	51
 743 02ca 05       		.byte	5
 744 02cb 18       		.byte	24
 745 02cc 06       		.byte	6
 746 02cd 0C       		.byte	12
 747 02ce 09       		.byte	9
 748 02cf 08       		.byte	8
 749 02d0 0C       		.byte	12
 750 02d1 3F       		.byte	63
 751 02d2 0D       		.byte	13
 752 02d3 FF       		.byte	-1
 753 02d4 10       		.byte	16
 754 02d5 03       		.byte	3
 755 02d6 11       		.byte	17
 756 02d7 1C       		.byte	28
 757 02d8 13       		.byte	19
 758 02d9 E1       		.byte	-31
 759 02da 14       		.byte	20
 760 02db 1C       		.byte	28
 761 02dc 16       		.byte	22
 762 02dd 23       		.byte	35
 763 02de 17       		.byte	23
 764 02df 04       		.byte	4
 765 02e0 18       		.byte	24
 766 02e1 02       		.byte	2
 767 02e2 19       		.byte	25
 768 02e3 80       		.byte	-128
 769 02e4 1C       		.byte	28
 770 02e5 1F       		.byte	31
 771 02e6 1D       		.byte	29
 772 02e7 10       		.byte	16
 773 02e8 1E       		.byte	30
 774 02e9 20       		.byte	32
 775 02ea 20       		.byte	32
 776 02eb 08       		.byte	8
 777 02ec 21       		.byte	33
 778 02ed 44       		.byte	68
 779 02ee 24       		.byte	36
 780 02ef 04       		.byte	4
 781 02f0 27       		.byte	39
 782 02f1 E3       		.byte	-29
 783 02f2 28       		.byte	40
 784 02f3 0C       		.byte	12
 785 02f4 29       		.byte	41
 786 02f5 E7       		.byte	-25
 787 02f6 2B       		.byte	43
 788 02f7 18       		.byte	24
 789 02f8 2D       		.byte	45
 790 02f9 C0       		.byte	-64
 791 02fa 2E       		.byte	46
 792 02fb 23       		.byte	35
 793 02fc 30       		.byte	48
 794 02fd 10       		.byte	16
 795 02fe 33       		.byte	51
 796 02ff 1F       		.byte	31
 797 0300 34       		.byte	52
 798 0301 0F       		.byte	15
ARM GAS  C:\Users\PETERW~1\AppData\Local\Temp\cc7qUHQi.s 			page 15


 799 0302 35       		.byte	53
 800 0303 38       		.byte	56
 801 0304 36       		.byte	54
 802 0305 2C       		.byte	44
 803 0306 37       		.byte	55
 804 0307 C0       		.byte	-64
 805 0308 3A       		.byte	58
 806 0309 A0       		.byte	-96
 807 030a 3B       		.byte	59
 808 030b 08       		.byte	8
 809 030c 3E       		.byte	62
 810 030d 01       		.byte	1
 811 030e 56       		.byte	86
 812 030f 02       		.byte	2
 813 0310 57       		.byte	87
 814 0311 13       		.byte	19
 815 0312 58       		.byte	88
 816 0313 04       		.byte	4
 817 0314 59       		.byte	89
 818 0315 04       		.byte	4
 819 0316 5B       		.byte	91
 820 0317 04       		.byte	4
 821 0318 5F       		.byte	95
 822 0319 01       		.byte	1
 823 031a 83       		.byte	-125
 824 031b 01       		.byte	1
 825 031c 92       		.byte	-110
 826 031d 05       		.byte	5
 827 031e 96       		.byte	-106
 828 031f 04       		.byte	4
 829 0320 9E       		.byte	-98
 830 0321 09       		.byte	9
 831 0322 A1       		.byte	-95
 832 0323 01       		.byte	1
 833 0324 A2       		.byte	-94
 834 0325 02       		.byte	2
 835 0326 B0       		.byte	-80
 836 0327 02       		.byte	2
 837 0328 B1       		.byte	-79
 838 0329 01       		.byte	1
 839 032a B2       		.byte	-78
 840 032b 01       		.byte	1
 841 032c B4       		.byte	-76
 842 032d 04       		.byte	4
 843 032e B6       		.byte	-74
 844 032f 08       		.byte	8
 845 0330 BE       		.byte	-66
 846 0331 10       		.byte	16
 847 0332 C0       		.byte	-64
 848 0333 50       		.byte	80
 849 0334 C1       		.byte	-63
 850 0335 06       		.byte	6
 851 0336 C5       		.byte	-59
 852 0337 D0       		.byte	-48
 853 0338 C6       		.byte	-58
 854 0339 20       		.byte	32
 855 033a C7       		.byte	-57
ARM GAS  C:\Users\PETERW~1\AppData\Local\Temp\cc7qUHQi.s 			page 16


 856 033b 10       		.byte	16
 857 033c C8       		.byte	-56
 858 033d 2A       		.byte	42
 859 033e C9       		.byte	-55
 860 033f FF       		.byte	-1
 861 0340 CA       		.byte	-54
 862 0341 FF       		.byte	-1
 863 0342 CB       		.byte	-53
 864 0343 FF       		.byte	-1
 865 0344 CD       		.byte	-51
 866 0345 A0       		.byte	-96
 867 0346 CF       		.byte	-49
 868 0347 04       		.byte	4
 869 0348 D0       		.byte	-48
 870 0349 18       		.byte	24
 871 034a D2       		.byte	-46
 872 034b 80       		.byte	-128
 873 034c D4       		.byte	-44
 874 034d 05       		.byte	5
 875 034e D8       		.byte	-40
 876 034f 04       		.byte	4
 877 0350 D9       		.byte	-39
 878 0351 04       		.byte	4
 879 0352 DA       		.byte	-38
 880 0353 04       		.byte	4
 881 0354 DB       		.byte	-37
 882 0355 04       		.byte	4
 883 0356 DC       		.byte	-36
 884 0357 22       		.byte	34
 885 0358 DD       		.byte	-35
 886 0359 22       		.byte	34
 887 035a DF       		.byte	-33
 888 035b 01       		.byte	1
 889 035c E0       		.byte	-32
 890 035d 40       		.byte	64
 891 035e E2       		.byte	-30
 892 035f C0       		.byte	-64
 893 0360 E4       		.byte	-28
 894 0361 40       		.byte	64
 895 0362 E5       		.byte	-27
 896 0363 40       		.byte	64
 897 0364 E6       		.byte	-26
 898 0365 C0       		.byte	-64
 899 0366 E8       		.byte	-24
 900 0367 C0       		.byte	-64
 901 0368 EA       		.byte	-22
 902 0369 C0       		.byte	-64
 903 036a EC       		.byte	-20
 904 036b C0       		.byte	-64
 905 036c EE       		.byte	-18
 906 036d C0       		.byte	-64
 907 036e 00       		.byte	0
 908 036f 46       		.byte	70
 909 0370 08       		.byte	8
 910 0371 52       		.byte	82
 911 0372 09       		.byte	9
 912 0373 08       		.byte	8
ARM GAS  C:\Users\PETERW~1\AppData\Local\Temp\cc7qUHQi.s 			page 17


 913 0374 0A       		.byte	10
 914 0375 45       		.byte	69
 915 0376 0E       		.byte	14
 916 0377 80       		.byte	-128
 917 0378 0F       		.byte	15
 918 0379 62       		.byte	98
 919 037a 10       		.byte	16
 920 037b 80       		.byte	-128
 921 037c 11       		.byte	17
 922 037d 40       		.byte	64
 923 037e 13       		.byte	19
 924 037f 24       		.byte	36
 925 0380 16       		.byte	22
 926 0381 40       		.byte	64
 927 0382 18       		.byte	24
 928 0383 04       		.byte	4
 929 0384 19       		.byte	25
 930 0385 11       		.byte	17
 931 0386 1A       		.byte	26
 932 0387 03       		.byte	3
 933 0388 1E       		.byte	30
 934 0389 88       		.byte	-120
 935 038a 1F       		.byte	31
 936 038b 88       		.byte	-120
 937 038c 21       		.byte	33
 938 038d 08       		.byte	8
 939 038e 22       		.byte	34
 940 038f 10       		.byte	16
 941 0390 23       		.byte	35
 942 0391 12       		.byte	18
 943 0392 27       		.byte	39
 944 0393 80       		.byte	-128
 945 0394 28       		.byte	40
 946 0395 22       		.byte	34
 947 0396 29       		.byte	41
 948 0397 10       		.byte	16
 949 0398 2A       		.byte	42
 950 0399 02       		.byte	2
 951 039a 2F       		.byte	47
 952 039b 80       		.byte	-128
 953 039c 30       		.byte	48
 954 039d 90       		.byte	-112
 955 039e 31       		.byte	49
 956 039f 04       		.byte	4
 957 03a0 32       		.byte	50
 958 03a1 01       		.byte	1
 959 03a2 38       		.byte	56
 960 03a3 68       		.byte	104
 961 03a4 39       		.byte	57
 962 03a5 01       		.byte	1
 963 03a6 3F       		.byte	63
 964 03a7 02       		.byte	2
 965 03a8 4F       		.byte	79
 966 03a9 61       		.byte	97
 967 03aa 57       		.byte	87
 968 03ab 11       		.byte	17
 969 03ac 59       		.byte	89
ARM GAS  C:\Users\PETERW~1\AppData\Local\Temp\cc7qUHQi.s 			page 18


 970 03ad 01       		.byte	1
 971 03ae 5E       		.byte	94
 972 03af 08       		.byte	8
 973 03b0 5F       		.byte	95
 974 03b1 81       		.byte	-127
 975 03b2 6A       		.byte	106
 976 03b3 80       		.byte	-128
 977 03b4 6B       		.byte	107
 978 03b5 14       		.byte	20
 979 03b6 70       		.byte	112
 980 03b7 94       		.byte	-108
 981 03b8 73       		.byte	115
 982 03b9 24       		.byte	36
 983 03ba 76       		.byte	118
 984 03bb 40       		.byte	64
 985 03bc 83       		.byte	-125
 986 03bd 08       		.byte	8
 987 03be 85       		.byte	-123
 988 03bf 01       		.byte	1
 989 03c0 87       		.byte	-121
 990 03c1 10       		.byte	16
 991 03c2 88       		.byte	-120
 992 03c3 01       		.byte	1
 993 03c4 8A       		.byte	-118
 994 03c5 02       		.byte	2
 995 03c6 8C       		.byte	-116
 996 03c7 20       		.byte	32
 997 03c8 8D       		.byte	-115
 998 03c9 40       		.byte	64
 999 03ca 90       		.byte	-112
 1000 03cb 40       		.byte	64
 1001 03cc 92       		.byte	-110
 1002 03cd 44       		.byte	68
 1003 03ce 94       		.byte	-108
 1004 03cf 04       		.byte	4
 1005 03d0 96       		.byte	-106
 1006 03d1 A0       		.byte	-96
 1007 03d2 97       		.byte	-105
 1008 03d3 10       		.byte	16
 1009 03d4 98       		.byte	-104
 1010 03d5 20       		.byte	32
 1011 03d6 99       		.byte	-103
 1012 03d7 04       		.byte	4
 1013 03d8 9C       		.byte	-100
 1014 03d9 40       		.byte	64
 1015 03da 9F       		.byte	-97
 1016 03db 16       		.byte	22
 1017 03dc A4       		.byte	-92
 1018 03dd 01       		.byte	1
 1019 03de AB       		.byte	-85
 1020 03df 40       		.byte	64
 1021 03e0 B4       		.byte	-76
 1022 03e1 10       		.byte	16
 1023 03e2 B5       		.byte	-75
 1024 03e3 80       		.byte	-128
 1025 03e4 C0       		.byte	-64
 1026 03e5 0D       		.byte	13
ARM GAS  C:\Users\PETERW~1\AppData\Local\Temp\cc7qUHQi.s 			page 19


 1027 03e6 C2       		.byte	-62
 1028 03e7 BF       		.byte	-65
 1029 03e8 C4       		.byte	-60
 1030 03e9 1F       		.byte	31
 1031 03ea CA       		.byte	-54
 1032 03eb 8F       		.byte	-113
 1033 03ec CC       		.byte	-52
 1034 03ed 0F       		.byte	15
 1035 03ee CE       		.byte	-50
 1036 03ef 8F       		.byte	-113
 1037 03f0 D2       		.byte	-46
 1038 03f1 30       		.byte	48
 1039 03f2 D6       		.byte	-42
 1040 03f3 D1       		.byte	-47
 1041 03f4 32       		.byte	50
 1042 03f5 20       		.byte	32
 1043 03f6 CC       		.byte	-52
 1044 03f7 10       		.byte	16
 1045 03f8 A6       		.byte	-90
 1046 03f9 20       		.byte	32
 1047 03fa A6       		.byte	-90
 1048 03fb 20       		.byte	32
 1049 03fc 86       		.byte	-122
 1050 03fd 20       		.byte	32
 1051 03fe A6       		.byte	-90
 1052 03ff 20       		.byte	32
 1053 0400 E6       		.byte	-26
 1054 0401 40       		.byte	64
 1055 0402 8B       		.byte	-117
 1056 0403 40       		.byte	64
 1057 0404 E0       		.byte	-32
 1058 0405 04       		.byte	4
 1059 0406 57       		.byte	87
 1060 0407 08       		.byte	8
 1061 0408 5B       		.byte	91
 1062 0409 40       		.byte	64
 1063 040a 83       		.byte	-125
 1064 040b 40       		.byte	64
 1065 040c A3       		.byte	-93
 1066 040d 08       		.byte	8
 1067 040e AB       		.byte	-85
 1068 040f 08       		.byte	8
 1069 0410 D4       		.byte	-44
 1070 0411 C0       		.byte	-64
 1071 0412 E6       		.byte	-26
 1072 0413 80       		.byte	-128
 1073 0414 EE       		.byte	-18
 1074 0415 80       		.byte	-128
 1075 0416 93       		.byte	-109
 1076 0417 40       		.byte	64
 1077 0418 10       		.byte	16
 1078 0419 40       		.byte	64
 1079 041a 73       		.byte	115
 1080 041b 40       		.byte	64
 1081 041c 88       		.byte	-120
 1082 041d 40       		.byte	64
 1083 041e 93       		.byte	-109
ARM GAS  C:\Users\PETERW~1\AppData\Local\Temp\cc7qUHQi.s 			page 20


 1084 041f 40       		.byte	64
 1085 0420 C4       		.byte	-60
 1086 0421 08       		.byte	8
 1087 0422 DC       		.byte	-36
 1088 0423 01       		.byte	1
 1089 0424 E2       		.byte	-30
 1090 0425 01       		.byte	1
 1091 0426 00       		.byte	0
 1092 0427 01       		.byte	1
 1093 0428 0C       		.byte	12
 1094 0429 01       		.byte	1
 1095 042a 10       		.byte	16
 1096 042b 07       		.byte	7
 1097 042c 1C       		.byte	28
 1098 042d 07       		.byte	7
 1099 042e 00       		.byte	0
 1100 042f 03       		.byte	3
 1101 0430 80       		.byte	-128
 1102 0431 00       		.byte	0
 1103 0432 40       		.byte	64
 1104 0433 80       		.byte	-128
 1105 0434 80       		.byte	-128
 1106 0435 00       		.byte	0
 1107 0436 80       		.byte	-128
 1108 0437 00       		.byte	0
 1109 0438 00       		.byte	0
 1110 0439 00       		.byte	0
 1111 043a 00       		.byte	0
 1112 043b 00       		.byte	0
 1113 043c 00       		.byte	0
 1114 043d 0B       		.byte	11
 1115 043e 0B       		.byte	11
 1116 043f 00       		.byte	0
 1117 0440 00       		.byte	0
 1118 0441 00       		.byte	0
 1119 0442 00       		.byte	0
 1120 0443 00       		.byte	0
 1121 0444 00       		.byte	0
 1122 0445 3F       		.byte	63
 1123 0446 3F       		.byte	63
 1124 0447 00       		.byte	0
 1125 0448 03       		.byte	3
 1126 0449 00       		.byte	0
 1127 044a 00       		.byte	0
 1128 044b 00       		.byte	0
 1129              		.section	.cywolatch,"a",%progbits
 1130              		.align	2
 1131              		.type	cy_meta_wonvl, %object
 1132              		.size	cy_meta_wonvl, 4
 1133              	cy_meta_wonvl:
 1134 0000 BC       		.byte	-68
 1135 0001 90       		.byte	-112
 1136 0002 AC       		.byte	-84
 1137 0003 AF       		.byte	-81
 1138              		.section	.cycustnvl,"a",%progbits
 1139              		.align	2
 1140              		.type	cy_meta_custnvl, %object
ARM GAS  C:\Users\PETERW~1\AppData\Local\Temp\cc7qUHQi.s 			page 21


 1141              		.size	cy_meta_custnvl, 4
 1142              	cy_meta_custnvl:
 1143 0000 00       		.byte	0
 1144 0001 00       		.byte	0
 1145 0002 40       		.byte	64
 1146 0003 05       		.byte	5
 1147              		.section	.cymeta,"a",%progbits
 1148              		.align	2
 1149              		.type	cy_metadata, %object
 1150              		.size	cy_metadata, 12
 1151              	cy_metadata:
 1152 0000 00       		.byte	0
 1153 0001 01       		.byte	1
 1154 0002 2E       		.byte	46
 1155 0003 16       		.byte	22
 1156 0004 10       		.byte	16
 1157 0005 69       		.byte	105
 1158 0006 00       		.byte	0
 1159 0007 01       		.byte	1
 1160 0008 00       		.byte	0
 1161 0009 00       		.byte	0
 1162 000a 00       		.byte	0
 1163 000b 00       		.byte	0
 1164              		.section	.cyflashprotect,"a",%progbits
 1165              		.align	2
 1166              		.type	cy_meta_flashprotect, %object
 1167              		.size	cy_meta_flashprotect, 256
 1168              	cy_meta_flashprotect:
 1169 0000 00000000 		.space	256
 1169      00000000 
 1169      00000000 
 1169      00000000 
 1169      00000000 
 1170              		.text
 1171              	.Letext0:
 1172              		.file 1 "c:\\program files (x86)\\cypress\\psoc creator\\4.3\\psoc creator\\import\\gnu\\arm\\5.4.
 1173              		.file 2 "c:\\program files (x86)\\cypress\\psoc creator\\4.3\\psoc creator\\import\\gnu\\arm\\5.4.
 1174              		.file 3 "Generated_Source\\PSoC5\\cymetadata.c"
 1175              		.section	.debug_info,"",%progbits
 1176              	.Ldebug_info0:
 1177 0000 31010000 		.4byte	0x131
 1178 0004 0400     		.2byte	0x4
 1179 0006 00000000 		.4byte	.Ldebug_abbrev0
 1180 000a 04       		.byte	0x4
 1181 000b 01       		.uleb128 0x1
 1182 000c 24000000 		.4byte	.LASF17
 1183 0010 0C       		.byte	0xc
 1184 0011 0B020000 		.4byte	.LASF18
 1185 0015 69010000 		.4byte	.LASF19
 1186 0019 00000000 		.4byte	.Ldebug_line0
 1187 001d 02       		.uleb128 0x2
 1188 001e 01       		.byte	0x1
 1189 001f 06       		.byte	0x6
 1190 0020 FF010000 		.4byte	.LASF0
 1191 0024 03       		.uleb128 0x3
 1192 0025 00000000 		.4byte	.LASF9
 1193 0029 01       		.byte	0x1
ARM GAS  C:\Users\PETERW~1\AppData\Local\Temp\cc7qUHQi.s 			page 22


 1194 002a 1D       		.byte	0x1d
 1195 002b 2F000000 		.4byte	0x2f
 1196 002f 02       		.uleb128 0x2
 1197 0030 01       		.byte	0x1
 1198 0031 08       		.byte	0x8
 1199 0032 16000000 		.4byte	.LASF1
 1200 0036 02       		.uleb128 0x2
 1201 0037 02       		.byte	0x2
 1202 0038 05       		.byte	0x5
 1203 0039 5F010000 		.4byte	.LASF2
 1204 003d 02       		.uleb128 0x2
 1205 003e 02       		.byte	0x2
 1206 003f 07       		.byte	0x7
 1207 0040 C4000000 		.4byte	.LASF3
 1208 0044 02       		.uleb128 0x2
 1209 0045 04       		.byte	0x4
 1210 0046 05       		.byte	0x5
 1211 0047 F6010000 		.4byte	.LASF4
 1212 004b 02       		.uleb128 0x2
 1213 004c 04       		.byte	0x4
 1214 004d 07       		.byte	0x7
 1215 004e B2000000 		.4byte	.LASF5
 1216 0052 02       		.uleb128 0x2
 1217 0053 08       		.byte	0x8
 1218 0054 05       		.byte	0x5
 1219 0055 51010000 		.4byte	.LASF6
 1220 0059 02       		.uleb128 0x2
 1221 005a 08       		.byte	0x8
 1222 005b 07       		.byte	0x7
 1223 005c 06010000 		.4byte	.LASF7
 1224 0060 04       		.uleb128 0x4
 1225 0061 04       		.byte	0x4
 1226 0062 05       		.byte	0x5
 1227 0063 696E7400 		.ascii	"int\000"
 1228 0067 02       		.uleb128 0x2
 1229 0068 04       		.byte	0x4
 1230 0069 07       		.byte	0x7
 1231 006a F9000000 		.4byte	.LASF8
 1232 006e 03       		.uleb128 0x3
 1233 006f 1D010000 		.4byte	.LASF10
 1234 0073 02       		.byte	0x2
 1235 0074 18       		.byte	0x18
 1236 0075 24000000 		.4byte	0x24
 1237 0079 05       		.uleb128 0x5
 1238 007a 91000000 		.4byte	0x91
 1239 007e 8A000000 		.4byte	0x8a
 1240 0082 06       		.uleb128 0x6
 1241 0083 8A000000 		.4byte	0x8a
 1242 0087 4B04     		.2byte	0x44b
 1243 0089 00       		.byte	0
 1244 008a 02       		.uleb128 0x2
 1245 008b 04       		.byte	0x4
 1246 008c 07       		.byte	0x7
 1247 008d 48010000 		.4byte	.LASF11
 1248 0091 07       		.uleb128 0x7
 1249 0092 6E000000 		.4byte	0x6e
 1250 0096 08       		.uleb128 0x8
ARM GAS  C:\Users\PETERW~1\AppData\Local\Temp\cc7qUHQi.s 			page 23


 1251 0097 E7000000 		.4byte	.LASF12
 1252 009b 03       		.byte	0x3
 1253 009c 1F       		.byte	0x1f
 1254 009d A7000000 		.4byte	0xa7
 1255 00a1 05       		.uleb128 0x5
 1256 00a2 03       		.byte	0x3
 1257 00a3 00000000 		.4byte	cy_meta_configecc
 1258 00a7 07       		.uleb128 0x7
 1259 00a8 79000000 		.4byte	0x79
 1260 00ac 05       		.uleb128 0x5
 1261 00ad 91000000 		.4byte	0x91
 1262 00b1 BC000000 		.4byte	0xbc
 1263 00b5 09       		.uleb128 0x9
 1264 00b6 8A000000 		.4byte	0x8a
 1265 00ba 03       		.byte	0x3
 1266 00bb 00       		.byte	0
 1267 00bc 08       		.uleb128 0x8
 1268 00bd D7000000 		.4byte	.LASF13
 1269 00c1 03       		.byte	0x3
 1270 00c2 B6       		.byte	0xb6
 1271 00c3 CD000000 		.4byte	0xcd
 1272 00c7 05       		.uleb128 0x5
 1273 00c8 03       		.byte	0x3
 1274 00c9 00000000 		.4byte	cy_meta_custnvl
 1275 00cd 07       		.uleb128 0x7
 1276 00ce AC000000 		.4byte	0xac
 1277 00d2 08       		.uleb128 0x8
 1278 00d3 3A010000 		.4byte	.LASF14
 1279 00d7 03       		.byte	0x3
 1280 00d8 C4       		.byte	0xc4
 1281 00d9 E3000000 		.4byte	0xe3
 1282 00dd 05       		.uleb128 0x5
 1283 00de 03       		.byte	0x3
 1284 00df 00000000 		.4byte	cy_meta_wonvl
 1285 00e3 07       		.uleb128 0x7
 1286 00e4 AC000000 		.4byte	0xac
 1287 00e8 05       		.uleb128 0x5
 1288 00e9 91000000 		.4byte	0x91
 1289 00ed F8000000 		.4byte	0xf8
 1290 00f1 09       		.uleb128 0x9
 1291 00f2 8A000000 		.4byte	0x8a
 1292 00f6 FF       		.byte	0xff
 1293 00f7 00       		.byte	0
 1294 00f8 08       		.uleb128 0x8
 1295 00f9 25010000 		.4byte	.LASF15
 1296 00fd 03       		.byte	0x3
 1297 00fe D2       		.byte	0xd2
 1298 00ff 09010000 		.4byte	0x109
 1299 0103 05       		.uleb128 0x5
 1300 0104 03       		.byte	0x3
 1301 0105 00000000 		.4byte	cy_meta_flashprotect
 1302 0109 07       		.uleb128 0x7
 1303 010a E8000000 		.4byte	0xe8
 1304 010e 05       		.uleb128 0x5
 1305 010f 91000000 		.4byte	0x91
 1306 0113 1E010000 		.4byte	0x11e
 1307 0117 09       		.uleb128 0x9
ARM GAS  C:\Users\PETERW~1\AppData\Local\Temp\cc7qUHQi.s 			page 24


 1308 0118 8A000000 		.4byte	0x8a
 1309 011c 0B       		.byte	0xb
 1310 011d 00       		.byte	0
 1311 011e 08       		.uleb128 0x8
 1312 011f 0A000000 		.4byte	.LASF16
 1313 0123 03       		.byte	0x3
 1314 0124 FF       		.byte	0xff
 1315 0125 2F010000 		.4byte	0x12f
 1316 0129 05       		.uleb128 0x5
 1317 012a 03       		.byte	0x3
 1318 012b 00000000 		.4byte	cy_metadata
 1319 012f 07       		.uleb128 0x7
 1320 0130 0E010000 		.4byte	0x10e
 1321 0134 00       		.byte	0
 1322              		.section	.debug_abbrev,"",%progbits
 1323              	.Ldebug_abbrev0:
 1324 0000 01       		.uleb128 0x1
 1325 0001 11       		.uleb128 0x11
 1326 0002 01       		.byte	0x1
 1327 0003 25       		.uleb128 0x25
 1328 0004 0E       		.uleb128 0xe
 1329 0005 13       		.uleb128 0x13
 1330 0006 0B       		.uleb128 0xb
 1331 0007 03       		.uleb128 0x3
 1332 0008 0E       		.uleb128 0xe
 1333 0009 1B       		.uleb128 0x1b
 1334 000a 0E       		.uleb128 0xe
 1335 000b 10       		.uleb128 0x10
 1336 000c 17       		.uleb128 0x17
 1337 000d 00       		.byte	0
 1338 000e 00       		.byte	0
 1339 000f 02       		.uleb128 0x2
 1340 0010 24       		.uleb128 0x24
 1341 0011 00       		.byte	0
 1342 0012 0B       		.uleb128 0xb
 1343 0013 0B       		.uleb128 0xb
 1344 0014 3E       		.uleb128 0x3e
 1345 0015 0B       		.uleb128 0xb
 1346 0016 03       		.uleb128 0x3
 1347 0017 0E       		.uleb128 0xe
 1348 0018 00       		.byte	0
 1349 0019 00       		.byte	0
 1350 001a 03       		.uleb128 0x3
 1351 001b 16       		.uleb128 0x16
 1352 001c 00       		.byte	0
 1353 001d 03       		.uleb128 0x3
 1354 001e 0E       		.uleb128 0xe
 1355 001f 3A       		.uleb128 0x3a
 1356 0020 0B       		.uleb128 0xb
 1357 0021 3B       		.uleb128 0x3b
 1358 0022 0B       		.uleb128 0xb
 1359 0023 49       		.uleb128 0x49
 1360 0024 13       		.uleb128 0x13
 1361 0025 00       		.byte	0
 1362 0026 00       		.byte	0
 1363 0027 04       		.uleb128 0x4
 1364 0028 24       		.uleb128 0x24
ARM GAS  C:\Users\PETERW~1\AppData\Local\Temp\cc7qUHQi.s 			page 25


 1365 0029 00       		.byte	0
 1366 002a 0B       		.uleb128 0xb
 1367 002b 0B       		.uleb128 0xb
 1368 002c 3E       		.uleb128 0x3e
 1369 002d 0B       		.uleb128 0xb
 1370 002e 03       		.uleb128 0x3
 1371 002f 08       		.uleb128 0x8
 1372 0030 00       		.byte	0
 1373 0031 00       		.byte	0
 1374 0032 05       		.uleb128 0x5
 1375 0033 01       		.uleb128 0x1
 1376 0034 01       		.byte	0x1
 1377 0035 49       		.uleb128 0x49
 1378 0036 13       		.uleb128 0x13
 1379 0037 01       		.uleb128 0x1
 1380 0038 13       		.uleb128 0x13
 1381 0039 00       		.byte	0
 1382 003a 00       		.byte	0
 1383 003b 06       		.uleb128 0x6
 1384 003c 21       		.uleb128 0x21
 1385 003d 00       		.byte	0
 1386 003e 49       		.uleb128 0x49
 1387 003f 13       		.uleb128 0x13
 1388 0040 2F       		.uleb128 0x2f
 1389 0041 05       		.uleb128 0x5
 1390 0042 00       		.byte	0
 1391 0043 00       		.byte	0
 1392 0044 07       		.uleb128 0x7
 1393 0045 26       		.uleb128 0x26
 1394 0046 00       		.byte	0
 1395 0047 49       		.uleb128 0x49
 1396 0048 13       		.uleb128 0x13
 1397 0049 00       		.byte	0
 1398 004a 00       		.byte	0
 1399 004b 08       		.uleb128 0x8
 1400 004c 34       		.uleb128 0x34
 1401 004d 00       		.byte	0
 1402 004e 03       		.uleb128 0x3
 1403 004f 0E       		.uleb128 0xe
 1404 0050 3A       		.uleb128 0x3a
 1405 0051 0B       		.uleb128 0xb
 1406 0052 3B       		.uleb128 0x3b
 1407 0053 0B       		.uleb128 0xb
 1408 0054 49       		.uleb128 0x49
 1409 0055 13       		.uleb128 0x13
 1410 0056 3F       		.uleb128 0x3f
 1411 0057 19       		.uleb128 0x19
 1412 0058 02       		.uleb128 0x2
 1413 0059 18       		.uleb128 0x18
 1414 005a 00       		.byte	0
 1415 005b 00       		.byte	0
 1416 005c 09       		.uleb128 0x9
 1417 005d 21       		.uleb128 0x21
 1418 005e 00       		.byte	0
 1419 005f 49       		.uleb128 0x49
 1420 0060 13       		.uleb128 0x13
 1421 0061 2F       		.uleb128 0x2f
ARM GAS  C:\Users\PETERW~1\AppData\Local\Temp\cc7qUHQi.s 			page 26


 1422 0062 0B       		.uleb128 0xb
 1423 0063 00       		.byte	0
 1424 0064 00       		.byte	0
 1425 0065 00       		.byte	0
 1426              		.section	.debug_aranges,"",%progbits
 1427 0000 14000000 		.4byte	0x14
 1428 0004 0200     		.2byte	0x2
 1429 0006 00000000 		.4byte	.Ldebug_info0
 1430 000a 04       		.byte	0x4
 1431 000b 00       		.byte	0
 1432 000c 0000     		.2byte	0
 1433 000e 0000     		.2byte	0
 1434 0010 00000000 		.4byte	0
 1435 0014 00000000 		.4byte	0
 1436              		.section	.debug_line,"",%progbits
 1437              	.Ldebug_line0:
 1438 0000 3D010000 		.section	.debug_str,"MS",%progbits,1
 1438      02003701 
 1438      00000201 
 1438      FB0E0D00 
 1438      01010101 
 1439              	.LASF9:
 1440 0000 5F5F7569 		.ascii	"__uint8_t\000"
 1440      6E74385F 
 1440      7400
 1441              	.LASF16:
 1442 000a 63795F6D 		.ascii	"cy_metadata\000"
 1442      65746164 
 1442      61746100 
 1443              	.LASF1:
 1444 0016 756E7369 		.ascii	"unsigned char\000"
 1444      676E6564 
 1444      20636861 
 1444      7200
 1445              	.LASF17:
 1446 0024 474E5520 		.ascii	"GNU C11 5.4.1 20160609 (release) [ARM/embedded-5-br"
 1446      43313120 
 1446      352E342E 
 1446      31203230 
 1446      31363036 
 1447 0057 616E6368 		.ascii	"anch revision 237715] -mcpu=cortex-m3 -mthumb -g -O"
 1447      20726576 
 1447      6973696F 
 1447      6E203233 
 1447      37373135 
 1448 008a 67202D66 		.ascii	"g -ffunction-sections -ffat-lto-objects\000"
 1448      66756E63 
 1448      74696F6E 
 1448      2D736563 
 1448      74696F6E 
 1449              	.LASF5:
 1450 00b2 6C6F6E67 		.ascii	"long unsigned int\000"
 1450      20756E73 
 1450      69676E65 
 1450      6420696E 
 1450      7400
 1451              	.LASF3:
ARM GAS  C:\Users\PETERW~1\AppData\Local\Temp\cc7qUHQi.s 			page 27


 1452 00c4 73686F72 		.ascii	"short unsigned int\000"
 1452      7420756E 
 1452      7369676E 
 1452      65642069 
 1452      6E7400
 1453              	.LASF13:
 1454 00d7 63795F6D 		.ascii	"cy_meta_custnvl\000"
 1454      6574615F 
 1454      63757374 
 1454      6E766C00 
 1455              	.LASF12:
 1456 00e7 63795F6D 		.ascii	"cy_meta_configecc\000"
 1456      6574615F 
 1456      636F6E66 
 1456      69676563 
 1456      6300
 1457              	.LASF8:
 1458 00f9 756E7369 		.ascii	"unsigned int\000"
 1458      676E6564 
 1458      20696E74 
 1458      00
 1459              	.LASF7:
 1460 0106 6C6F6E67 		.ascii	"long long unsigned int\000"
 1460      206C6F6E 
 1460      6720756E 
 1460      7369676E 
 1460      65642069 
 1461              	.LASF10:
 1462 011d 75696E74 		.ascii	"uint8_t\000"
 1462      385F7400 
 1463              	.LASF15:
 1464 0125 63795F6D 		.ascii	"cy_meta_flashprotect\000"
 1464      6574615F 
 1464      666C6173 
 1464      6870726F 
 1464      74656374 
 1465              	.LASF14:
 1466 013a 63795F6D 		.ascii	"cy_meta_wonvl\000"
 1466      6574615F 
 1466      776F6E76 
 1466      6C00
 1467              	.LASF11:
 1468 0148 73697A65 		.ascii	"sizetype\000"
 1468      74797065 
 1468      00
 1469              	.LASF6:
 1470 0151 6C6F6E67 		.ascii	"long long int\000"
 1470      206C6F6E 
 1470      6720696E 
 1470      7400
 1471              	.LASF2:
 1472 015f 73686F72 		.ascii	"short int\000"
 1472      7420696E 
 1472      7400
 1473              	.LASF19:
 1474 0169 433A5C55 		.ascii	"C:\\Users\\PeterWann\\Documents\\PSoC Creator\\4.3\\"
 1474      73657273 
ARM GAS  C:\Users\PETERW~1\AppData\Local\Temp\cc7qUHQi.s 			page 28


 1474      5C506574 
 1474      65725761 
 1474      6E6E5C44 
 1475 0197 43453139 		.ascii	"CE195352_PSoC_5LP_Blinking_LED\\CE195352_PSoC_5LP_B"
 1475      35333532 
 1475      5F50536F 
 1475      435F354C 
 1475      505F426C 
 1476 01c9 6C696E6B 		.ascii	"linking_LED.cydsn\\Workspace01\\Design01.cydsn\000"
 1476      696E675F 
 1476      4C45442E 
 1476      63796473 
 1476      6E5C576F 
 1477              	.LASF4:
 1478 01f6 6C6F6E67 		.ascii	"long int\000"
 1478      20696E74 
 1478      00
 1479              	.LASF0:
 1480 01ff 7369676E 		.ascii	"signed char\000"
 1480      65642063 
 1480      68617200 
 1481              	.LASF18:
 1482 020b 47656E65 		.ascii	"Generated_Source\\PSoC5\\cymetadata.c\000"
 1482      72617465 
 1482      645F536F 
 1482      75726365 
 1482      5C50536F 
 1483              		.ident	"GCC: (GNU Tools for ARM Embedded Processors) 5.4.1 20160609 (release) [ARM/embedded-5-bran
