ARM GAS  C:\Users\PETERW~1\AppData\Local\Temp\ccxQRz5e.s 			page 1


   1              		.syntax unified
   2              		.cpu cortex-m3
   3              		.fpu softvfp
   4              		.eabi_attribute 20, 1
   5              		.eabi_attribute 21, 1
   6              		.eabi_attribute 23, 3
   7              		.eabi_attribute 24, 1
   8              		.eabi_attribute 25, 1
   9              		.eabi_attribute 26, 1
  10              		.eabi_attribute 30, 1
  11              		.eabi_attribute 34, 1
  12              		.eabi_attribute 18, 4
  13              		.thumb
  14              		.syntax unified
  15              		.file	"main.c"
  16              		.text
  17              	.Ltext0:
  18              		.cfi_sections	.debug_frame
  19              		.section	.text.main,"ax",%progbits
  20              		.align	2
  21              		.global	main
  22              		.thumb
  23              		.thumb_func
  24              		.type	main, %function
  25              	main:
  26              	.LFB65:
  27              		.file 1 "main.c"
   1:main.c        **** /* ========================================
   2:main.c        ****  *
   3:main.c        ****  * Copyright YOUR COMPANY, THE YEAR
   4:main.c        ****  * All Rights Reserved
   5:main.c        ****  * UNPUBLISHED, LICENSED SOFTWARE.
   6:main.c        ****  *
   7:main.c        ****  * CONFIDENTIAL AND PROPRIETARY INFORMATION
   8:main.c        ****  * WHICH IS THE PROPERTY OF your company.
   9:main.c        ****  *
  10:main.c        ****  * ========================================
  11:main.c        **** */
  12:main.c        **** #include "project.h"
  13:main.c        **** #include "motorStyring.h"
  14:main.c        **** #include <stdbool.h>
  15:main.c        **** #include <stdio.h>
  16:main.c        **** 
  17:main.c        **** CY_ISR_PROTO(IsrUART_handler);
  18:main.c        **** void handleByteReceived(uint8_t byteReceived);
  19:main.c        **** uint8 currentSpeed = 0;
  20:main.c        **** 
  21:main.c        **** CY_ISR(IsrUART_handler)
  22:main.c        **** {
  23:main.c        ****     uint8_t bytesToRead = UART_GetRxBufferSize();
  24:main.c        ****     while (bytesToRead > 0)
  25:main.c        ****     {
  26:main.c        ****         uint8_t byteReceived = UART_ReadRxData();
  27:main.c        ****         UART_WriteTxData(byteReceived); // echo back
  28:main.c        ****         
  29:main.c        ****         handleByteReceived(byteReceived);
  30:main.c        ****         
ARM GAS  C:\Users\PETERW~1\AppData\Local\Temp\ccxQRz5e.s 			page 2


  31:main.c        ****         bytesToRead--;
  32:main.c        ****     }
  33:main.c        **** }
  34:main.c        **** 
  35:main.c        **** int main(void)
  36:main.c        **** {
  28              		.loc 1 36 0
  29              		.cfi_startproc
  30              		@ Volatile: function does not return.
  31              		@ args = 0, pretend = 0, frame = 0
  32              		@ frame_needed = 0, uses_anonymous_args = 0
  33 0000 08B5     		push	{r3, lr}
  34              		.cfi_def_cfa_offset 8
  35              		.cfi_offset 3, -8
  36              		.cfi_offset 14, -4
  37:main.c        ****     CyGlobalIntEnable; /* Enable global interrupts. */
  37              		.loc 1 37 0
  38              		.syntax unified
  39              	@ 37 "main.c" 1
  40 0002 62B6     		CPSIE   i
  41              	@ 0 "" 2
  38:main.c        ****     isrUART_StartEx(IsrUART_handler);
  42              		.loc 1 38 0
  43              		.thumb
  44              		.syntax unified
  45 0004 0E48     		ldr	r0, .L4
  46 0006 FFF7FEFF 		bl	isrUART_StartEx
  47              	.LVL0:
  39:main.c        ****     UART_Start();
  48              		.loc 1 39 0
  49 000a FFF7FEFF 		bl	UART_Start
  50              	.LVL1:
  40:main.c        ****     initMotor();
  51              		.loc 1 40 0
  52 000e FFF7FEFF 		bl	initMotor
  53              	.LVL2:
  41:main.c        ****     UART_PutString("Beertress Motor Options!\r\n");
  54              		.loc 1 41 0
  55 0012 0C48     		ldr	r0, .L4+4
  56 0014 FFF7FEFF 		bl	UART_PutString
  57              	.LVL3:
  42:main.c        ****     UART_PutString("-----------------------\r\n");
  58              		.loc 1 42 0
  59 0018 0B48     		ldr	r0, .L4+8
  60 001a FFF7FEFF 		bl	UART_PutString
  61              	.LVL4:
  43:main.c        ****     UART_PutString("Press 1 for FORWARD\r\n");
  62              		.loc 1 43 0
  63 001e 0B48     		ldr	r0, .L4+12
  64 0020 FFF7FEFF 		bl	UART_PutString
  65              	.LVL5:
  44:main.c        ****     UART_PutString("Press 2 for BACKWARD\r\n");
  66              		.loc 1 44 0
  67 0024 0A48     		ldr	r0, .L4+16
  68 0026 FFF7FEFF 		bl	UART_PutString
  69              	.LVL6:
  45:main.c        ****     UART_PutString("Press 3 for STOP\r\n");
ARM GAS  C:\Users\PETERW~1\AppData\Local\Temp\ccxQRz5e.s 			page 3


  70              		.loc 1 45 0
  71 002a 0A48     		ldr	r0, .L4+20
  72 002c FFF7FEFF 		bl	UART_PutString
  73              	.LVL7:
  46:main.c        ****     UART_PutString("Press 'L' (lowercase) for LEFT\r\n");
  74              		.loc 1 46 0
  75 0030 0948     		ldr	r0, .L4+24
  76 0032 FFF7FEFF 		bl	UART_PutString
  77              	.LVL8:
  47:main.c        ****     UART_PutString("Press 'R' (lowercase) for RIGHT\r\n");
  78              		.loc 1 47 0
  79 0036 0948     		ldr	r0, .L4+28
  80 0038 FFF7FEFF 		bl	UART_PutString
  81              	.LVL9:
  82              	.L2:
  83 003c FEE7     		b	.L2
  84              	.L5:
  85 003e 00BF     		.align	2
  86              	.L4:
  87 0040 00000000 		.word	IsrUART_handler
  88 0044 00000000 		.word	.LC0
  89 0048 1C000000 		.word	.LC1
  90 004c 38000000 		.word	.LC2
  91 0050 50000000 		.word	.LC3
  92 0054 68000000 		.word	.LC4
  93 0058 7C000000 		.word	.LC5
  94 005c A0000000 		.word	.LC6
  95              		.cfi_endproc
  96              	.LFE65:
  97              		.size	main, .-main
  98              		.section	.text.handleByteReceived,"ax",%progbits
  99              		.align	2
 100              		.global	handleByteReceived
 101              		.thumb
 102              		.thumb_func
 103              		.type	handleByteReceived, %function
 104              	handleByteReceived:
 105              	.LFB66:
  48:main.c        ****     /* Place your initialization/startup code here (e.g. MyInst_Start()) */
  49:main.c        **** 
  50:main.c        ****     for(;;)
  51:main.c        ****     {
  52:main.c        ****         /* Place your application code here. */
  53:main.c        ****     }
  54:main.c        **** }
  55:main.c        **** 
  56:main.c        **** void handleByteReceived(uint8_t byteReceived)
  57:main.c        **** {
 106              		.loc 1 57 0
 107              		.cfi_startproc
 108              		@ args = 0, pretend = 0, frame = 0
 109              		@ frame_needed = 0, uses_anonymous_args = 0
 110              	.LVL10:
 111 0000 08B5     		push	{r3, lr}
 112              		.cfi_def_cfa_offset 8
 113              		.cfi_offset 3, -8
 114              		.cfi_offset 14, -4
ARM GAS  C:\Users\PETERW~1\AppData\Local\Temp\ccxQRz5e.s 			page 4


  58:main.c        ****     switch(byteReceived)
 115              		.loc 1 58 0
 116 0002 3328     		cmp	r0, #51
 117 0004 10D0     		beq	.L8
 118 0006 04D8     		bhi	.L9
 119 0008 3128     		cmp	r0, #49
 120 000a 07D0     		beq	.L10
 121 000c 3228     		cmp	r0, #50
 122 000e 08D0     		beq	.L11
 123 0010 08BD     		pop	{r3, pc}
 124              	.L9:
 125 0012 6C28     		cmp	r0, #108
 126 0014 0BD0     		beq	.L12
 127 0016 7228     		cmp	r0, #114
 128 0018 0CD0     		beq	.L13
 129 001a 08BD     		pop	{r3, pc}
 130              	.L10:
  59:main.c        ****     {
  60:main.c        ****         case '1' :
  61:main.c        ****         {
  62:main.c        ****             driveForward();
 131              		.loc 1 62 0
 132 001c FFF7FEFF 		bl	driveForward
 133              	.LVL11:
  63:main.c        ****         }
  64:main.c        ****         break;
 134              		.loc 1 64 0
 135 0020 08BD     		pop	{r3, pc}
 136              	.LVL12:
 137              	.L11:
  65:main.c        ****         case '2' :
  66:main.c        ****         {
  67:main.c        ****             driveBackward();
 138              		.loc 1 67 0
 139 0022 FFF7FEFF 		bl	driveBackward
 140              	.LVL13:
  68:main.c        ****         }
  69:main.c        ****         break;
 141              		.loc 1 69 0
 142 0026 08BD     		pop	{r3, pc}
 143              	.LVL14:
 144              	.L8:
  70:main.c        ****         case '3' :
  71:main.c        ****         {
  72:main.c        ****             driveStop();
 145              		.loc 1 72 0
 146 0028 FFF7FEFF 		bl	driveStop
 147              	.LVL15:
  73:main.c        ****         }
  74:main.c        ****         break;
 148              		.loc 1 74 0
 149 002c 08BD     		pop	{r3, pc}
 150              	.LVL16:
 151              	.L12:
  75:main.c        ****         case 'l' :
  76:main.c        ****         {
  77:main.c        ****             driveLeft();
ARM GAS  C:\Users\PETERW~1\AppData\Local\Temp\ccxQRz5e.s 			page 5


 152              		.loc 1 77 0
 153 002e FFF7FEFF 		bl	driveLeft
 154              	.LVL17:
  78:main.c        ****         }
  79:main.c        ****         break;
 155              		.loc 1 79 0
 156 0032 08BD     		pop	{r3, pc}
 157              	.LVL18:
 158              	.L13:
  80:main.c        ****         case 'r' :
  81:main.c        ****         {
  82:main.c        ****             driveRight();
 159              		.loc 1 82 0
 160 0034 FFF7FEFF 		bl	driveRight
 161              	.LVL19:
 162 0038 08BD     		pop	{r3, pc}
 163              		.cfi_endproc
 164              	.LFE66:
 165              		.size	handleByteReceived, .-handleByteReceived
 166 003a 00BF     		.section	.text.IsrUART_handler,"ax",%progbits
 167              		.align	2
 168              		.global	IsrUART_handler
 169              		.thumb
 170              		.thumb_func
 171              		.type	IsrUART_handler, %function
 172              	IsrUART_handler:
 173              	.LFB64:
  22:main.c        ****     uint8_t bytesToRead = UART_GetRxBufferSize();
 174              		.loc 1 22 0
 175              		.cfi_startproc
 176              		@ args = 0, pretend = 0, frame = 0
 177              		@ frame_needed = 0, uses_anonymous_args = 0
 178 0000 38B5     		push	{r3, r4, r5, lr}
 179              		.cfi_def_cfa_offset 16
 180              		.cfi_offset 3, -16
 181              		.cfi_offset 4, -12
 182              		.cfi_offset 5, -8
 183              		.cfi_offset 14, -4
  23:main.c        ****     while (bytesToRead > 0)
 184              		.loc 1 23 0
 185 0002 FFF7FEFF 		bl	UART_GetRxBufferSize
 186              	.LVL20:
 187 0006 0446     		mov	r4, r0
 188              	.LVL21:
  24:main.c        ****     {
 189              		.loc 1 24 0
 190 0008 09E0     		b	.L16
 191              	.L17:
 192              	.LBB2:
  26:main.c        ****         UART_WriteTxData(byteReceived); // echo back
 193              		.loc 1 26 0
 194 000a FFF7FEFF 		bl	UART_ReadRxData
 195              	.LVL22:
 196 000e 0546     		mov	r5, r0
 197              	.LVL23:
  27:main.c        ****         
 198              		.loc 1 27 0
ARM GAS  C:\Users\PETERW~1\AppData\Local\Temp\ccxQRz5e.s 			page 6


 199 0010 FFF7FEFF 		bl	UART_WriteTxData
 200              	.LVL24:
  29:main.c        ****         
 201              		.loc 1 29 0
 202 0014 2846     		mov	r0, r5
 203 0016 FFF7FEFF 		bl	handleByteReceived
 204              	.LVL25:
  31:main.c        ****     }
 205              		.loc 1 31 0
 206 001a 013C     		subs	r4, r4, #1
 207              	.LVL26:
 208 001c E4B2     		uxtb	r4, r4
 209              	.LVL27:
 210              	.L16:
 211              	.LBE2:
  24:main.c        ****     {
 212              		.loc 1 24 0
 213 001e 002C     		cmp	r4, #0
 214 0020 F3D1     		bne	.L17
  33:main.c        **** 
 215              		.loc 1 33 0
 216 0022 38BD     		pop	{r3, r4, r5, pc}
 217              		.cfi_endproc
 218              	.LFE64:
 219              		.size	IsrUART_handler, .-IsrUART_handler
 220              		.global	currentSpeed
 221              		.section	.rodata.str1.4,"aMS",%progbits,1
 222              		.align	2
 223              	.LC0:
 224 0000 42656572 		.ascii	"Beertress Motor Options!\015\012\000"
 224      74726573 
 224      73204D6F 
 224      746F7220 
 224      4F707469 
 225 001b 00       		.space	1
 226              	.LC1:
 227 001c 2D2D2D2D 		.ascii	"-----------------------\015\012\000"
 227      2D2D2D2D 
 227      2D2D2D2D 
 227      2D2D2D2D 
 227      2D2D2D2D 
 228 0036 0000     		.space	2
 229              	.LC2:
 230 0038 50726573 		.ascii	"Press 1 for FORWARD\015\012\000"
 230      73203120 
 230      666F7220 
 230      464F5257 
 230      4152440D 
 231 004e 0000     		.space	2
 232              	.LC3:
 233 0050 50726573 		.ascii	"Press 2 for BACKWARD\015\012\000"
 233      73203220 
 233      666F7220 
 233      4241434B 
 233      57415244 
 234 0067 00       		.space	1
 235              	.LC4:
ARM GAS  C:\Users\PETERW~1\AppData\Local\Temp\ccxQRz5e.s 			page 7


 236 0068 50726573 		.ascii	"Press 3 for STOP\015\012\000"
 236      73203320 
 236      666F7220 
 236      53544F50 
 236      0D0A00
 237 007b 00       		.space	1
 238              	.LC5:
 239 007c 50726573 		.ascii	"Press 'L' (lowercase) for LEFT\015\012\000"
 239      7320274C 
 239      2720286C 
 239      6F776572 
 239      63617365 
 240 009d 000000   		.space	3
 241              	.LC6:
 242 00a0 50726573 		.ascii	"Press 'R' (lowercase) for RIGHT\015\012\000"
 242      73202752 
 242      2720286C 
 242      6F776572 
 242      63617365 
 243              		.bss
 244              		.type	currentSpeed, %object
 245              		.size	currentSpeed, 1
 246              	currentSpeed:
 247 0000 00       		.space	1
 248              		.text
 249              	.Letext0:
 250              		.file 2 "c:\\program files (x86)\\cypress\\psoc creator\\4.3\\psoc creator\\import\\gnu\\arm\\5.4.
 251              		.file 3 "c:\\program files (x86)\\cypress\\psoc creator\\4.3\\psoc creator\\import\\gnu\\arm\\5.4.
 252              		.file 4 "Generated_Source\\PSoC5/cytypes.h"
 253              		.file 5 "Generated_Source\\PSoC5/core_cm3.h"
 254              		.file 6 "Generated_Source\\PSoC5/isrUART.h"
 255              		.file 7 "Generated_Source\\PSoC5/UART.h"
 256              		.file 8 "motorStyring.h"
 257              		.section	.debug_info,"",%progbits
 258              	.Ldebug_info0:
 259 0000 13030000 		.4byte	0x313
 260 0004 0400     		.2byte	0x4
 261 0006 00000000 		.4byte	.Ldebug_abbrev0
 262 000a 04       		.byte	0x4
 263 000b 01       		.uleb128 0x1
 264 000c 78000000 		.4byte	.LASF37
 265 0010 0C       		.byte	0xc
 266 0011 23020000 		.4byte	.LASF38
 267 0015 47010000 		.4byte	.LASF39
 268 0019 00000000 		.4byte	.Ldebug_ranges0+0
 269 001d 00000000 		.4byte	0
 270 0021 00000000 		.4byte	.Ldebug_line0
 271 0025 02       		.uleb128 0x2
 272 0026 01       		.byte	0x1
 273 0027 06       		.byte	0x6
 274 0028 69020000 		.4byte	.LASF0
 275 002c 03       		.uleb128 0x3
 276 002d 00000000 		.4byte	.LASF4
 277 0031 02       		.byte	0x2
 278 0032 1D       		.byte	0x1d
 279 0033 37000000 		.4byte	0x37
 280 0037 02       		.uleb128 0x2
ARM GAS  C:\Users\PETERW~1\AppData\Local\Temp\ccxQRz5e.s 			page 8


 281 0038 01       		.byte	0x1
 282 0039 08       		.byte	0x8
 283 003a 6A000000 		.4byte	.LASF1
 284 003e 02       		.uleb128 0x2
 285 003f 02       		.byte	0x2
 286 0040 05       		.byte	0x5
 287 0041 2F020000 		.4byte	.LASF2
 288 0045 02       		.uleb128 0x2
 289 0046 02       		.byte	0x2
 290 0047 07       		.byte	0x7
 291 0048 35000000 		.4byte	.LASF3
 292 004c 03       		.uleb128 0x3
 293 004d 2B000000 		.4byte	.LASF5
 294 0051 02       		.byte	0x2
 295 0052 3F       		.byte	0x3f
 296 0053 57000000 		.4byte	0x57
 297 0057 02       		.uleb128 0x2
 298 0058 04       		.byte	0x4
 299 0059 05       		.byte	0x5
 300 005a 54020000 		.4byte	.LASF6
 301 005e 02       		.uleb128 0x2
 302 005f 04       		.byte	0x4
 303 0060 07       		.byte	0x7
 304 0061 06010000 		.4byte	.LASF7
 305 0065 02       		.uleb128 0x2
 306 0066 08       		.byte	0x8
 307 0067 05       		.byte	0x5
 308 0068 15020000 		.4byte	.LASF8
 309 006c 02       		.uleb128 0x2
 310 006d 08       		.byte	0x8
 311 006e 07       		.byte	0x7
 312 006f BE010000 		.4byte	.LASF9
 313 0073 04       		.uleb128 0x4
 314 0074 04       		.byte	0x4
 315 0075 05       		.byte	0x5
 316 0076 696E7400 		.ascii	"int\000"
 317 007a 02       		.uleb128 0x2
 318 007b 04       		.byte	0x4
 319 007c 07       		.byte	0x7
 320 007d B1010000 		.4byte	.LASF10
 321 0081 03       		.uleb128 0x3
 322 0082 D5010000 		.4byte	.LASF11
 323 0086 03       		.byte	0x3
 324 0087 18       		.byte	0x18
 325 0088 2C000000 		.4byte	0x2c
 326 008c 03       		.uleb128 0x3
 327 008d 04020000 		.4byte	.LASF12
 328 0091 03       		.byte	0x3
 329 0092 2C       		.byte	0x2c
 330 0093 4C000000 		.4byte	0x4c
 331 0097 05       		.uleb128 0x5
 332 0098 39020000 		.4byte	.LASF13
 333 009c 04       		.byte	0x4
 334 009d E401     		.2byte	0x1e4
 335 009f 37000000 		.4byte	0x37
 336 00a3 02       		.uleb128 0x2
 337 00a4 04       		.byte	0x4
ARM GAS  C:\Users\PETERW~1\AppData\Local\Temp\ccxQRz5e.s 			page 9


 338 00a5 04       		.byte	0x4
 339 00a6 54000000 		.4byte	.LASF14
 340 00aa 02       		.uleb128 0x2
 341 00ab 08       		.byte	0x8
 342 00ac 04       		.byte	0x4
 343 00ad 7A010000 		.4byte	.LASF15
 344 00b1 02       		.uleb128 0x2
 345 00b2 01       		.byte	0x1
 346 00b3 08       		.byte	0x8
 347 00b4 2A020000 		.4byte	.LASF16
 348 00b8 02       		.uleb128 0x2
 349 00b9 08       		.byte	0x8
 350 00ba 04       		.byte	0x4
 351 00bb 5D020000 		.4byte	.LASF17
 352 00bf 02       		.uleb128 0x2
 353 00c0 04       		.byte	0x4
 354 00c1 07       		.byte	0x7
 355 00c2 0C020000 		.4byte	.LASF18
 356 00c6 06       		.uleb128 0x6
 357 00c7 81010000 		.4byte	.LASF40
 358 00cb 01       		.byte	0x1
 359 00cc 23       		.byte	0x23
 360 00cd 73000000 		.4byte	0x73
 361 00d1 00000000 		.4byte	.LFB65
 362 00d5 60000000 		.4byte	.LFE65-.LFB65
 363 00d9 01       		.uleb128 0x1
 364 00da 9C       		.byte	0x9c
 365 00db A6010000 		.4byte	0x1a6
 366 00df 07       		.uleb128 0x7
 367 00e0 0A000000 		.4byte	.LVL0
 368 00e4 92020000 		.4byte	0x292
 369 00e8 F6000000 		.4byte	0xf6
 370 00ec 08       		.uleb128 0x8
 371 00ed 01       		.uleb128 0x1
 372 00ee 50       		.byte	0x50
 373 00ef 05       		.uleb128 0x5
 374 00f0 03       		.byte	0x3
 375 00f1 00000000 		.4byte	IsrUART_handler
 376 00f5 00       		.byte	0
 377 00f6 09       		.uleb128 0x9
 378 00f7 0E000000 		.4byte	.LVL1
 379 00fb 9D020000 		.4byte	0x29d
 380 00ff 09       		.uleb128 0x9
 381 0100 12000000 		.4byte	.LVL2
 382 0104 A8020000 		.4byte	0x2a8
 383 0108 07       		.uleb128 0x7
 384 0109 18000000 		.4byte	.LVL3
 385 010d B3020000 		.4byte	0x2b3
 386 0111 1F010000 		.4byte	0x11f
 387 0115 08       		.uleb128 0x8
 388 0116 01       		.uleb128 0x1
 389 0117 50       		.byte	0x50
 390 0118 05       		.uleb128 0x5
 391 0119 03       		.byte	0x3
 392 011a 00000000 		.4byte	.LC0
 393 011e 00       		.byte	0
 394 011f 07       		.uleb128 0x7
ARM GAS  C:\Users\PETERW~1\AppData\Local\Temp\ccxQRz5e.s 			page 10


 395 0120 1E000000 		.4byte	.LVL4
 396 0124 B3020000 		.4byte	0x2b3
 397 0128 36010000 		.4byte	0x136
 398 012c 08       		.uleb128 0x8
 399 012d 01       		.uleb128 0x1
 400 012e 50       		.byte	0x50
 401 012f 05       		.uleb128 0x5
 402 0130 03       		.byte	0x3
 403 0131 1C000000 		.4byte	.LC1
 404 0135 00       		.byte	0
 405 0136 07       		.uleb128 0x7
 406 0137 24000000 		.4byte	.LVL5
 407 013b B3020000 		.4byte	0x2b3
 408 013f 4D010000 		.4byte	0x14d
 409 0143 08       		.uleb128 0x8
 410 0144 01       		.uleb128 0x1
 411 0145 50       		.byte	0x50
 412 0146 05       		.uleb128 0x5
 413 0147 03       		.byte	0x3
 414 0148 38000000 		.4byte	.LC2
 415 014c 00       		.byte	0
 416 014d 07       		.uleb128 0x7
 417 014e 2A000000 		.4byte	.LVL6
 418 0152 B3020000 		.4byte	0x2b3
 419 0156 64010000 		.4byte	0x164
 420 015a 08       		.uleb128 0x8
 421 015b 01       		.uleb128 0x1
 422 015c 50       		.byte	0x50
 423 015d 05       		.uleb128 0x5
 424 015e 03       		.byte	0x3
 425 015f 50000000 		.4byte	.LC3
 426 0163 00       		.byte	0
 427 0164 07       		.uleb128 0x7
 428 0165 30000000 		.4byte	.LVL7
 429 0169 B3020000 		.4byte	0x2b3
 430 016d 7B010000 		.4byte	0x17b
 431 0171 08       		.uleb128 0x8
 432 0172 01       		.uleb128 0x1
 433 0173 50       		.byte	0x50
 434 0174 05       		.uleb128 0x5
 435 0175 03       		.byte	0x3
 436 0176 68000000 		.4byte	.LC4
 437 017a 00       		.byte	0
 438 017b 07       		.uleb128 0x7
 439 017c 36000000 		.4byte	.LVL8
 440 0180 B3020000 		.4byte	0x2b3
 441 0184 92010000 		.4byte	0x192
 442 0188 08       		.uleb128 0x8
 443 0189 01       		.uleb128 0x1
 444 018a 50       		.byte	0x50
 445 018b 05       		.uleb128 0x5
 446 018c 03       		.byte	0x3
 447 018d 7C000000 		.4byte	.LC5
 448 0191 00       		.byte	0
 449 0192 0A       		.uleb128 0xa
 450 0193 3C000000 		.4byte	.LVL9
 451 0197 B3020000 		.4byte	0x2b3
ARM GAS  C:\Users\PETERW~1\AppData\Local\Temp\ccxQRz5e.s 			page 11


 452 019b 08       		.uleb128 0x8
 453 019c 01       		.uleb128 0x1
 454 019d 50       		.byte	0x50
 455 019e 05       		.uleb128 0x5
 456 019f 03       		.byte	0x3
 457 01a0 A0000000 		.4byte	.LC6
 458 01a4 00       		.byte	0
 459 01a5 00       		.byte	0
 460 01a6 0B       		.uleb128 0xb
 461 01a7 86010000 		.4byte	.LASF19
 462 01ab 01       		.byte	0x1
 463 01ac 38       		.byte	0x38
 464 01ad 00000000 		.4byte	.LFB66
 465 01b1 3A000000 		.4byte	.LFE66-.LFB66
 466 01b5 01       		.uleb128 0x1
 467 01b6 9C       		.byte	0x9c
 468 01b7 F8010000 		.4byte	0x1f8
 469 01bb 0C       		.uleb128 0xc
 470 01bc 84020000 		.4byte	.LASF22
 471 01c0 01       		.byte	0x1
 472 01c1 38       		.byte	0x38
 473 01c2 81000000 		.4byte	0x81
 474 01c6 00000000 		.4byte	.LLST0
 475 01ca 09       		.uleb128 0x9
 476 01cb 20000000 		.4byte	.LVL11
 477 01cf BE020000 		.4byte	0x2be
 478 01d3 09       		.uleb128 0x9
 479 01d4 26000000 		.4byte	.LVL13
 480 01d8 C9020000 		.4byte	0x2c9
 481 01dc 09       		.uleb128 0x9
 482 01dd 2C000000 		.4byte	.LVL15
 483 01e1 D4020000 		.4byte	0x2d4
 484 01e5 09       		.uleb128 0x9
 485 01e6 32000000 		.4byte	.LVL17
 486 01ea DF020000 		.4byte	0x2df
 487 01ee 09       		.uleb128 0x9
 488 01ef 38000000 		.4byte	.LVL19
 489 01f3 EA020000 		.4byte	0x2ea
 490 01f7 00       		.byte	0
 491 01f8 0B       		.uleb128 0xb
 492 01f9 5A000000 		.4byte	.LASF20
 493 01fd 01       		.byte	0x1
 494 01fe 15       		.byte	0x15
 495 01ff 00000000 		.4byte	.LFB64
 496 0203 24000000 		.4byte	.LFE64-.LFB64
 497 0207 01       		.uleb128 0x1
 498 0208 9C       		.byte	0x9c
 499 0209 70020000 		.4byte	0x270
 500 020d 0D       		.uleb128 0xd
 501 020e 48000000 		.4byte	.LASF21
 502 0212 01       		.byte	0x1
 503 0213 17       		.byte	0x17
 504 0214 81000000 		.4byte	0x81
 505 0218 85000000 		.4byte	.LLST1
 506 021c 0E       		.uleb128 0xe
 507 021d 0A000000 		.4byte	.LBB2
 508 0221 14000000 		.4byte	.LBE2-.LBB2
ARM GAS  C:\Users\PETERW~1\AppData\Local\Temp\ccxQRz5e.s 			page 12


 509 0225 66020000 		.4byte	0x266
 510 0229 0D       		.uleb128 0xd
 511 022a 84020000 		.4byte	.LASF22
 512 022e 01       		.byte	0x1
 513 022f 1A       		.byte	0x1a
 514 0230 81000000 		.4byte	0x81
 515 0234 A3000000 		.4byte	.LLST2
 516 0238 09       		.uleb128 0x9
 517 0239 0E000000 		.4byte	.LVL22
 518 023d F5020000 		.4byte	0x2f5
 519 0241 07       		.uleb128 0x7
 520 0242 14000000 		.4byte	.LVL24
 521 0246 00030000 		.4byte	0x300
 522 024a 55020000 		.4byte	0x255
 523 024e 08       		.uleb128 0x8
 524 024f 01       		.uleb128 0x1
 525 0250 50       		.byte	0x50
 526 0251 02       		.uleb128 0x2
 527 0252 75       		.byte	0x75
 528 0253 00       		.sleb128 0
 529 0254 00       		.byte	0
 530 0255 0A       		.uleb128 0xa
 531 0256 1A000000 		.4byte	.LVL25
 532 025a A6010000 		.4byte	0x1a6
 533 025e 08       		.uleb128 0x8
 534 025f 01       		.uleb128 0x1
 535 0260 50       		.byte	0x50
 536 0261 02       		.uleb128 0x2
 537 0262 75       		.byte	0x75
 538 0263 00       		.sleb128 0
 539 0264 00       		.byte	0
 540 0265 00       		.byte	0
 541 0266 09       		.uleb128 0x9
 542 0267 06000000 		.4byte	.LVL20
 543 026b 0B030000 		.4byte	0x30b
 544 026f 00       		.byte	0
 545 0270 0F       		.uleb128 0xf
 546 0271 3A010000 		.4byte	.LASF23
 547 0275 05       		.byte	0x5
 548 0276 1207     		.2byte	0x712
 549 0278 7C020000 		.4byte	0x27c
 550 027c 10       		.uleb128 0x10
 551 027d 8C000000 		.4byte	0x8c
 552 0281 11       		.uleb128 0x11
 553 0282 F7010000 		.4byte	.LASF24
 554 0286 01       		.byte	0x1
 555 0287 13       		.byte	0x13
 556 0288 97000000 		.4byte	0x97
 557 028c 05       		.uleb128 0x5
 558 028d 03       		.byte	0x3
 559 028e 00000000 		.4byte	currentSpeed
 560 0292 12       		.uleb128 0x12
 561 0293 1B000000 		.4byte	.LASF25
 562 0297 1B000000 		.4byte	.LASF25
 563 029b 06       		.byte	0x6
 564 029c 18       		.byte	0x18
 565 029d 12       		.uleb128 0x12
ARM GAS  C:\Users\PETERW~1\AppData\Local\Temp\ccxQRz5e.s 			page 13


 566 029e 22010000 		.4byte	.LASF26
 567 02a2 22010000 		.4byte	.LASF26
 568 02a6 07       		.byte	0x7
 569 02a7 54       		.byte	0x54
 570 02a8 12       		.uleb128 0x12
 571 02a9 DD010000 		.4byte	.LASF27
 572 02ad DD010000 		.4byte	.LASF27
 573 02b1 08       		.byte	0x8
 574 02b2 0F       		.byte	0xf
 575 02b3 12       		.uleb128 0x12
 576 02b4 75020000 		.4byte	.LASF28
 577 02b8 75020000 		.4byte	.LASF28
 578 02bc 07       		.byte	0x7
 579 02bd 8B       		.byte	0x8b
 580 02be 12       		.uleb128 0x12
 581 02bf 2D010000 		.4byte	.LASF29
 582 02c3 2D010000 		.4byte	.LASF29
 583 02c7 08       		.byte	0x8
 584 02c8 10       		.byte	0x10
 585 02c9 12       		.uleb128 0x12
 586 02ca 99010000 		.4byte	.LASF30
 587 02ce 99010000 		.4byte	.LASF30
 588 02d2 08       		.byte	0x8
 589 02d3 11       		.byte	0x11
 590 02d4 12       		.uleb128 0x12
 591 02d5 18010000 		.4byte	.LASF31
 592 02d9 18010000 		.4byte	.LASF31
 593 02dd 08       		.byte	0x8
 594 02de 14       		.byte	0x14
 595 02df 12       		.uleb128 0x12
 596 02e0 A7010000 		.4byte	.LASF32
 597 02e4 A7010000 		.4byte	.LASF32
 598 02e8 08       		.byte	0x8
 599 02e9 12       		.byte	0x12
 600 02ea 12       		.uleb128 0x12
 601 02eb 91020000 		.4byte	.LASF33
 602 02ef 91020000 		.4byte	.LASF33
 603 02f3 08       		.byte	0x8
 604 02f4 13       		.byte	0x13
 605 02f5 12       		.uleb128 0x12
 606 02f6 E7010000 		.4byte	.LASF34
 607 02fa E7010000 		.4byte	.LASF34
 608 02fe 07       		.byte	0x7
 609 02ff 6F       		.byte	0x6f
 610 0300 12       		.uleb128 0x12
 611 0301 0A000000 		.4byte	.LASF35
 612 0305 0A000000 		.4byte	.LASF35
 613 0309 07       		.byte	0x7
 614 030a 88       		.byte	0x88
 615 030b 12       		.uleb128 0x12
 616 030c 3F020000 		.4byte	.LASF36
 617 0310 3F020000 		.4byte	.LASF36
 618 0314 07       		.byte	0x7
 619 0315 73       		.byte	0x73
 620 0316 00       		.byte	0
 621              		.section	.debug_abbrev,"",%progbits
 622              	.Ldebug_abbrev0:
ARM GAS  C:\Users\PETERW~1\AppData\Local\Temp\ccxQRz5e.s 			page 14


 623 0000 01       		.uleb128 0x1
 624 0001 11       		.uleb128 0x11
 625 0002 01       		.byte	0x1
 626 0003 25       		.uleb128 0x25
 627 0004 0E       		.uleb128 0xe
 628 0005 13       		.uleb128 0x13
 629 0006 0B       		.uleb128 0xb
 630 0007 03       		.uleb128 0x3
 631 0008 0E       		.uleb128 0xe
 632 0009 1B       		.uleb128 0x1b
 633 000a 0E       		.uleb128 0xe
 634 000b 55       		.uleb128 0x55
 635 000c 17       		.uleb128 0x17
 636 000d 11       		.uleb128 0x11
 637 000e 01       		.uleb128 0x1
 638 000f 10       		.uleb128 0x10
 639 0010 17       		.uleb128 0x17
 640 0011 00       		.byte	0
 641 0012 00       		.byte	0
 642 0013 02       		.uleb128 0x2
 643 0014 24       		.uleb128 0x24
 644 0015 00       		.byte	0
 645 0016 0B       		.uleb128 0xb
 646 0017 0B       		.uleb128 0xb
 647 0018 3E       		.uleb128 0x3e
 648 0019 0B       		.uleb128 0xb
 649 001a 03       		.uleb128 0x3
 650 001b 0E       		.uleb128 0xe
 651 001c 00       		.byte	0
 652 001d 00       		.byte	0
 653 001e 03       		.uleb128 0x3
 654 001f 16       		.uleb128 0x16
 655 0020 00       		.byte	0
 656 0021 03       		.uleb128 0x3
 657 0022 0E       		.uleb128 0xe
 658 0023 3A       		.uleb128 0x3a
 659 0024 0B       		.uleb128 0xb
 660 0025 3B       		.uleb128 0x3b
 661 0026 0B       		.uleb128 0xb
 662 0027 49       		.uleb128 0x49
 663 0028 13       		.uleb128 0x13
 664 0029 00       		.byte	0
 665 002a 00       		.byte	0
 666 002b 04       		.uleb128 0x4
 667 002c 24       		.uleb128 0x24
 668 002d 00       		.byte	0
 669 002e 0B       		.uleb128 0xb
 670 002f 0B       		.uleb128 0xb
 671 0030 3E       		.uleb128 0x3e
 672 0031 0B       		.uleb128 0xb
 673 0032 03       		.uleb128 0x3
 674 0033 08       		.uleb128 0x8
 675 0034 00       		.byte	0
 676 0035 00       		.byte	0
 677 0036 05       		.uleb128 0x5
 678 0037 16       		.uleb128 0x16
 679 0038 00       		.byte	0
ARM GAS  C:\Users\PETERW~1\AppData\Local\Temp\ccxQRz5e.s 			page 15


 680 0039 03       		.uleb128 0x3
 681 003a 0E       		.uleb128 0xe
 682 003b 3A       		.uleb128 0x3a
 683 003c 0B       		.uleb128 0xb
 684 003d 3B       		.uleb128 0x3b
 685 003e 05       		.uleb128 0x5
 686 003f 49       		.uleb128 0x49
 687 0040 13       		.uleb128 0x13
 688 0041 00       		.byte	0
 689 0042 00       		.byte	0
 690 0043 06       		.uleb128 0x6
 691 0044 2E       		.uleb128 0x2e
 692 0045 01       		.byte	0x1
 693 0046 3F       		.uleb128 0x3f
 694 0047 19       		.uleb128 0x19
 695 0048 03       		.uleb128 0x3
 696 0049 0E       		.uleb128 0xe
 697 004a 3A       		.uleb128 0x3a
 698 004b 0B       		.uleb128 0xb
 699 004c 3B       		.uleb128 0x3b
 700 004d 0B       		.uleb128 0xb
 701 004e 27       		.uleb128 0x27
 702 004f 19       		.uleb128 0x19
 703 0050 49       		.uleb128 0x49
 704 0051 13       		.uleb128 0x13
 705 0052 8701     		.uleb128 0x87
 706 0054 19       		.uleb128 0x19
 707 0055 11       		.uleb128 0x11
 708 0056 01       		.uleb128 0x1
 709 0057 12       		.uleb128 0x12
 710 0058 06       		.uleb128 0x6
 711 0059 40       		.uleb128 0x40
 712 005a 18       		.uleb128 0x18
 713 005b 9742     		.uleb128 0x2117
 714 005d 19       		.uleb128 0x19
 715 005e 01       		.uleb128 0x1
 716 005f 13       		.uleb128 0x13
 717 0060 00       		.byte	0
 718 0061 00       		.byte	0
 719 0062 07       		.uleb128 0x7
 720 0063 898201   		.uleb128 0x4109
 721 0066 01       		.byte	0x1
 722 0067 11       		.uleb128 0x11
 723 0068 01       		.uleb128 0x1
 724 0069 31       		.uleb128 0x31
 725 006a 13       		.uleb128 0x13
 726 006b 01       		.uleb128 0x1
 727 006c 13       		.uleb128 0x13
 728 006d 00       		.byte	0
 729 006e 00       		.byte	0
 730 006f 08       		.uleb128 0x8
 731 0070 8A8201   		.uleb128 0x410a
 732 0073 00       		.byte	0
 733 0074 02       		.uleb128 0x2
 734 0075 18       		.uleb128 0x18
 735 0076 9142     		.uleb128 0x2111
 736 0078 18       		.uleb128 0x18
ARM GAS  C:\Users\PETERW~1\AppData\Local\Temp\ccxQRz5e.s 			page 16


 737 0079 00       		.byte	0
 738 007a 00       		.byte	0
 739 007b 09       		.uleb128 0x9
 740 007c 898201   		.uleb128 0x4109
 741 007f 00       		.byte	0
 742 0080 11       		.uleb128 0x11
 743 0081 01       		.uleb128 0x1
 744 0082 31       		.uleb128 0x31
 745 0083 13       		.uleb128 0x13
 746 0084 00       		.byte	0
 747 0085 00       		.byte	0
 748 0086 0A       		.uleb128 0xa
 749 0087 898201   		.uleb128 0x4109
 750 008a 01       		.byte	0x1
 751 008b 11       		.uleb128 0x11
 752 008c 01       		.uleb128 0x1
 753 008d 31       		.uleb128 0x31
 754 008e 13       		.uleb128 0x13
 755 008f 00       		.byte	0
 756 0090 00       		.byte	0
 757 0091 0B       		.uleb128 0xb
 758 0092 2E       		.uleb128 0x2e
 759 0093 01       		.byte	0x1
 760 0094 3F       		.uleb128 0x3f
 761 0095 19       		.uleb128 0x19
 762 0096 03       		.uleb128 0x3
 763 0097 0E       		.uleb128 0xe
 764 0098 3A       		.uleb128 0x3a
 765 0099 0B       		.uleb128 0xb
 766 009a 3B       		.uleb128 0x3b
 767 009b 0B       		.uleb128 0xb
 768 009c 27       		.uleb128 0x27
 769 009d 19       		.uleb128 0x19
 770 009e 11       		.uleb128 0x11
 771 009f 01       		.uleb128 0x1
 772 00a0 12       		.uleb128 0x12
 773 00a1 06       		.uleb128 0x6
 774 00a2 40       		.uleb128 0x40
 775 00a3 18       		.uleb128 0x18
 776 00a4 9742     		.uleb128 0x2117
 777 00a6 19       		.uleb128 0x19
 778 00a7 01       		.uleb128 0x1
 779 00a8 13       		.uleb128 0x13
 780 00a9 00       		.byte	0
 781 00aa 00       		.byte	0
 782 00ab 0C       		.uleb128 0xc
 783 00ac 05       		.uleb128 0x5
 784 00ad 00       		.byte	0
 785 00ae 03       		.uleb128 0x3
 786 00af 0E       		.uleb128 0xe
 787 00b0 3A       		.uleb128 0x3a
 788 00b1 0B       		.uleb128 0xb
 789 00b2 3B       		.uleb128 0x3b
 790 00b3 0B       		.uleb128 0xb
 791 00b4 49       		.uleb128 0x49
 792 00b5 13       		.uleb128 0x13
 793 00b6 02       		.uleb128 0x2
ARM GAS  C:\Users\PETERW~1\AppData\Local\Temp\ccxQRz5e.s 			page 17


 794 00b7 17       		.uleb128 0x17
 795 00b8 00       		.byte	0
 796 00b9 00       		.byte	0
 797 00ba 0D       		.uleb128 0xd
 798 00bb 34       		.uleb128 0x34
 799 00bc 00       		.byte	0
 800 00bd 03       		.uleb128 0x3
 801 00be 0E       		.uleb128 0xe
 802 00bf 3A       		.uleb128 0x3a
 803 00c0 0B       		.uleb128 0xb
 804 00c1 3B       		.uleb128 0x3b
 805 00c2 0B       		.uleb128 0xb
 806 00c3 49       		.uleb128 0x49
 807 00c4 13       		.uleb128 0x13
 808 00c5 02       		.uleb128 0x2
 809 00c6 17       		.uleb128 0x17
 810 00c7 00       		.byte	0
 811 00c8 00       		.byte	0
 812 00c9 0E       		.uleb128 0xe
 813 00ca 0B       		.uleb128 0xb
 814 00cb 01       		.byte	0x1
 815 00cc 11       		.uleb128 0x11
 816 00cd 01       		.uleb128 0x1
 817 00ce 12       		.uleb128 0x12
 818 00cf 06       		.uleb128 0x6
 819 00d0 01       		.uleb128 0x1
 820 00d1 13       		.uleb128 0x13
 821 00d2 00       		.byte	0
 822 00d3 00       		.byte	0
 823 00d4 0F       		.uleb128 0xf
 824 00d5 34       		.uleb128 0x34
 825 00d6 00       		.byte	0
 826 00d7 03       		.uleb128 0x3
 827 00d8 0E       		.uleb128 0xe
 828 00d9 3A       		.uleb128 0x3a
 829 00da 0B       		.uleb128 0xb
 830 00db 3B       		.uleb128 0x3b
 831 00dc 05       		.uleb128 0x5
 832 00dd 49       		.uleb128 0x49
 833 00de 13       		.uleb128 0x13
 834 00df 3F       		.uleb128 0x3f
 835 00e0 19       		.uleb128 0x19
 836 00e1 3C       		.uleb128 0x3c
 837 00e2 19       		.uleb128 0x19
 838 00e3 00       		.byte	0
 839 00e4 00       		.byte	0
 840 00e5 10       		.uleb128 0x10
 841 00e6 35       		.uleb128 0x35
 842 00e7 00       		.byte	0
 843 00e8 49       		.uleb128 0x49
 844 00e9 13       		.uleb128 0x13
 845 00ea 00       		.byte	0
 846 00eb 00       		.byte	0
 847 00ec 11       		.uleb128 0x11
 848 00ed 34       		.uleb128 0x34
 849 00ee 00       		.byte	0
 850 00ef 03       		.uleb128 0x3
ARM GAS  C:\Users\PETERW~1\AppData\Local\Temp\ccxQRz5e.s 			page 18


 851 00f0 0E       		.uleb128 0xe
 852 00f1 3A       		.uleb128 0x3a
 853 00f2 0B       		.uleb128 0xb
 854 00f3 3B       		.uleb128 0x3b
 855 00f4 0B       		.uleb128 0xb
 856 00f5 49       		.uleb128 0x49
 857 00f6 13       		.uleb128 0x13
 858 00f7 3F       		.uleb128 0x3f
 859 00f8 19       		.uleb128 0x19
 860 00f9 02       		.uleb128 0x2
 861 00fa 18       		.uleb128 0x18
 862 00fb 00       		.byte	0
 863 00fc 00       		.byte	0
 864 00fd 12       		.uleb128 0x12
 865 00fe 2E       		.uleb128 0x2e
 866 00ff 00       		.byte	0
 867 0100 3F       		.uleb128 0x3f
 868 0101 19       		.uleb128 0x19
 869 0102 3C       		.uleb128 0x3c
 870 0103 19       		.uleb128 0x19
 871 0104 6E       		.uleb128 0x6e
 872 0105 0E       		.uleb128 0xe
 873 0106 03       		.uleb128 0x3
 874 0107 0E       		.uleb128 0xe
 875 0108 3A       		.uleb128 0x3a
 876 0109 0B       		.uleb128 0xb
 877 010a 3B       		.uleb128 0x3b
 878 010b 0B       		.uleb128 0xb
 879 010c 00       		.byte	0
 880 010d 00       		.byte	0
 881 010e 00       		.byte	0
 882              		.section	.debug_loc,"",%progbits
 883              	.Ldebug_loc0:
 884              	.LLST0:
 885 0000 00000000 		.4byte	.LVL10
 886 0004 1F000000 		.4byte	.LVL11-1
 887 0008 0100     		.2byte	0x1
 888 000a 50       		.byte	0x50
 889 000b 1F000000 		.4byte	.LVL11-1
 890 000f 22000000 		.4byte	.LVL12
 891 0013 0400     		.2byte	0x4
 892 0015 F3       		.byte	0xf3
 893 0016 01       		.uleb128 0x1
 894 0017 50       		.byte	0x50
 895 0018 9F       		.byte	0x9f
 896 0019 22000000 		.4byte	.LVL12
 897 001d 25000000 		.4byte	.LVL13-1
 898 0021 0100     		.2byte	0x1
 899 0023 50       		.byte	0x50
 900 0024 25000000 		.4byte	.LVL13-1
 901 0028 28000000 		.4byte	.LVL14
 902 002c 0400     		.2byte	0x4
 903 002e F3       		.byte	0xf3
 904 002f 01       		.uleb128 0x1
 905 0030 50       		.byte	0x50
 906 0031 9F       		.byte	0x9f
 907 0032 28000000 		.4byte	.LVL14
ARM GAS  C:\Users\PETERW~1\AppData\Local\Temp\ccxQRz5e.s 			page 19


 908 0036 2B000000 		.4byte	.LVL15-1
 909 003a 0100     		.2byte	0x1
 910 003c 50       		.byte	0x50
 911 003d 2B000000 		.4byte	.LVL15-1
 912 0041 2E000000 		.4byte	.LVL16
 913 0045 0400     		.2byte	0x4
 914 0047 F3       		.byte	0xf3
 915 0048 01       		.uleb128 0x1
 916 0049 50       		.byte	0x50
 917 004a 9F       		.byte	0x9f
 918 004b 2E000000 		.4byte	.LVL16
 919 004f 31000000 		.4byte	.LVL17-1
 920 0053 0100     		.2byte	0x1
 921 0055 50       		.byte	0x50
 922 0056 31000000 		.4byte	.LVL17-1
 923 005a 34000000 		.4byte	.LVL18
 924 005e 0400     		.2byte	0x4
 925 0060 F3       		.byte	0xf3
 926 0061 01       		.uleb128 0x1
 927 0062 50       		.byte	0x50
 928 0063 9F       		.byte	0x9f
 929 0064 34000000 		.4byte	.LVL18
 930 0068 37000000 		.4byte	.LVL19-1
 931 006c 0100     		.2byte	0x1
 932 006e 50       		.byte	0x50
 933 006f 37000000 		.4byte	.LVL19-1
 934 0073 3A000000 		.4byte	.LFE66
 935 0077 0400     		.2byte	0x4
 936 0079 F3       		.byte	0xf3
 937 007a 01       		.uleb128 0x1
 938 007b 50       		.byte	0x50
 939 007c 9F       		.byte	0x9f
 940 007d 00000000 		.4byte	0
 941 0081 00000000 		.4byte	0
 942              	.LLST1:
 943 0085 08000000 		.4byte	.LVL21
 944 0089 1C000000 		.4byte	.LVL26
 945 008d 0100     		.2byte	0x1
 946 008f 54       		.byte	0x54
 947 0090 1E000000 		.4byte	.LVL27
 948 0094 24000000 		.4byte	.LFE64
 949 0098 0100     		.2byte	0x1
 950 009a 54       		.byte	0x54
 951 009b 00000000 		.4byte	0
 952 009f 00000000 		.4byte	0
 953              	.LLST2:
 954 00a3 10000000 		.4byte	.LVL23
 955 00a7 1E000000 		.4byte	.LVL27
 956 00ab 0100     		.2byte	0x1
 957 00ad 55       		.byte	0x55
 958 00ae 00000000 		.4byte	0
 959 00b2 00000000 		.4byte	0
 960              		.section	.debug_aranges,"",%progbits
 961 0000 2C000000 		.4byte	0x2c
 962 0004 0200     		.2byte	0x2
 963 0006 00000000 		.4byte	.Ldebug_info0
 964 000a 04       		.byte	0x4
ARM GAS  C:\Users\PETERW~1\AppData\Local\Temp\ccxQRz5e.s 			page 20


 965 000b 00       		.byte	0
 966 000c 0000     		.2byte	0
 967 000e 0000     		.2byte	0
 968 0010 00000000 		.4byte	.LFB65
 969 0014 60000000 		.4byte	.LFE65-.LFB65
 970 0018 00000000 		.4byte	.LFB66
 971 001c 3A000000 		.4byte	.LFE66-.LFB66
 972 0020 00000000 		.4byte	.LFB64
 973 0024 24000000 		.4byte	.LFE64-.LFB64
 974 0028 00000000 		.4byte	0
 975 002c 00000000 		.4byte	0
 976              		.section	.debug_ranges,"",%progbits
 977              	.Ldebug_ranges0:
 978 0000 00000000 		.4byte	.LFB65
 979 0004 60000000 		.4byte	.LFE65
 980 0008 00000000 		.4byte	.LFB66
 981 000c 3A000000 		.4byte	.LFE66
 982 0010 00000000 		.4byte	.LFB64
 983 0014 24000000 		.4byte	.LFE64
 984 0018 00000000 		.4byte	0
 985 001c 00000000 		.4byte	0
 986              		.section	.debug_line,"",%progbits
 987              	.Ldebug_line0:
 988 0000 C9010000 		.section	.debug_str,"MS",%progbits,1
 988      02007501 
 988      00000201 
 988      FB0E0D00 
 988      01010101 
 989              	.LASF4:
 990 0000 5F5F7569 		.ascii	"__uint8_t\000"
 990      6E74385F 
 990      7400
 991              	.LASF35:
 992 000a 55415254 		.ascii	"UART_WriteTxData\000"
 992      5F577269 
 992      74655478 
 992      44617461 
 992      00
 993              	.LASF25:
 994 001b 69737255 		.ascii	"isrUART_StartEx\000"
 994      4152545F 
 994      53746172 
 994      74457800 
 995              	.LASF5:
 996 002b 5F5F696E 		.ascii	"__int32_t\000"
 996      7433325F 
 996      7400
 997              	.LASF3:
 998 0035 73686F72 		.ascii	"short unsigned int\000"
 998      7420756E 
 998      7369676E 
 998      65642069 
 998      6E7400
 999              	.LASF21:
 1000 0048 62797465 		.ascii	"bytesToRead\000"
 1000      73546F52 
 1000      65616400 
ARM GAS  C:\Users\PETERW~1\AppData\Local\Temp\ccxQRz5e.s 			page 21


 1001              	.LASF14:
 1002 0054 666C6F61 		.ascii	"float\000"
 1002      7400
 1003              	.LASF20:
 1004 005a 49737255 		.ascii	"IsrUART_handler\000"
 1004      4152545F 
 1004      68616E64 
 1004      6C657200 
 1005              	.LASF1:
 1006 006a 756E7369 		.ascii	"unsigned char\000"
 1006      676E6564 
 1006      20636861 
 1006      7200
 1007              	.LASF37:
 1008 0078 474E5520 		.ascii	"GNU C11 5.4.1 20160609 (release) [ARM/embedded-5-br"
 1008      43313120 
 1008      352E342E 
 1008      31203230 
 1008      31363036 
 1009 00ab 616E6368 		.ascii	"anch revision 237715] -mcpu=cortex-m3 -mthumb -g -O"
 1009      20726576 
 1009      6973696F 
 1009      6E203233 
 1009      37373135 
 1010 00de 67202D66 		.ascii	"g -ffunction-sections -ffat-lto-objects\000"
 1010      66756E63 
 1010      74696F6E 
 1010      2D736563 
 1010      74696F6E 
 1011              	.LASF7:
 1012 0106 6C6F6E67 		.ascii	"long unsigned int\000"
 1012      20756E73 
 1012      69676E65 
 1012      6420696E 
 1012      7400
 1013              	.LASF31:
 1014 0118 64726976 		.ascii	"driveStop\000"
 1014      6553746F 
 1014      7000
 1015              	.LASF26:
 1016 0122 55415254 		.ascii	"UART_Start\000"
 1016      5F537461 
 1016      727400
 1017              	.LASF29:
 1018 012d 64726976 		.ascii	"driveForward\000"
 1018      65466F72 
 1018      77617264 
 1018      00
 1019              	.LASF23:
 1020 013a 49544D5F 		.ascii	"ITM_RxBuffer\000"
 1020      52784275 
 1020      66666572 
 1020      00
 1021              	.LASF39:
 1022 0147 433A5C49 		.ascii	"C:\\IKT\\3semesterprojekt\\Workspace01\\Design01.cy"
 1022      4B545C33 
 1022      73656D65 
ARM GAS  C:\Users\PETERW~1\AppData\Local\Temp\ccxQRz5e.s 			page 22


 1022      73746572 
 1022      70726F6A 
 1023 0176 64736E00 		.ascii	"dsn\000"
 1024              	.LASF15:
 1025 017a 646F7562 		.ascii	"double\000"
 1025      6C6500
 1026              	.LASF40:
 1027 0181 6D61696E 		.ascii	"main\000"
 1027      00
 1028              	.LASF19:
 1029 0186 68616E64 		.ascii	"handleByteReceived\000"
 1029      6C654279 
 1029      74655265 
 1029      63656976 
 1029      656400
 1030              	.LASF30:
 1031 0199 64726976 		.ascii	"driveBackward\000"
 1031      65426163 
 1031      6B776172 
 1031      6400
 1032              	.LASF32:
 1033 01a7 64726976 		.ascii	"driveLeft\000"
 1033      654C6566 
 1033      7400
 1034              	.LASF10:
 1035 01b1 756E7369 		.ascii	"unsigned int\000"
 1035      676E6564 
 1035      20696E74 
 1035      00
 1036              	.LASF9:
 1037 01be 6C6F6E67 		.ascii	"long long unsigned int\000"
 1037      206C6F6E 
 1037      6720756E 
 1037      7369676E 
 1037      65642069 
 1038              	.LASF11:
 1039 01d5 75696E74 		.ascii	"uint8_t\000"
 1039      385F7400 
 1040              	.LASF27:
 1041 01dd 696E6974 		.ascii	"initMotor\000"
 1041      4D6F746F 
 1041      7200
 1042              	.LASF34:
 1043 01e7 55415254 		.ascii	"UART_ReadRxData\000"
 1043      5F526561 
 1043      64527844 
 1043      61746100 
 1044              	.LASF24:
 1045 01f7 63757272 		.ascii	"currentSpeed\000"
 1045      656E7453 
 1045      70656564 
 1045      00
 1046              	.LASF12:
 1047 0204 696E7433 		.ascii	"int32_t\000"
 1047      325F7400 
 1048              	.LASF18:
 1049 020c 73697A65 		.ascii	"sizetype\000"
ARM GAS  C:\Users\PETERW~1\AppData\Local\Temp\ccxQRz5e.s 			page 23


 1049      74797065 
 1049      00
 1050              	.LASF8:
 1051 0215 6C6F6E67 		.ascii	"long long int\000"
 1051      206C6F6E 
 1051      6720696E 
 1051      7400
 1052              	.LASF38:
 1053 0223 6D61696E 		.ascii	"main.c\000"
 1053      2E6300
 1054              	.LASF16:
 1055 022a 63686172 		.ascii	"char\000"
 1055      00
 1056              	.LASF2:
 1057 022f 73686F72 		.ascii	"short int\000"
 1057      7420696E 
 1057      7400
 1058              	.LASF13:
 1059 0239 75696E74 		.ascii	"uint8\000"
 1059      3800
 1060              	.LASF36:
 1061 023f 55415254 		.ascii	"UART_GetRxBufferSize\000"
 1061      5F476574 
 1061      52784275 
 1061      66666572 
 1061      53697A65 
 1062              	.LASF6:
 1063 0254 6C6F6E67 		.ascii	"long int\000"
 1063      20696E74 
 1063      00
 1064              	.LASF17:
 1065 025d 6C6F6E67 		.ascii	"long double\000"
 1065      20646F75 
 1065      626C6500 
 1066              	.LASF0:
 1067 0269 7369676E 		.ascii	"signed char\000"
 1067      65642063 
 1067      68617200 
 1068              	.LASF28:
 1069 0275 55415254 		.ascii	"UART_PutString\000"
 1069      5F507574 
 1069      53747269 
 1069      6E6700
 1070              	.LASF22:
 1071 0284 62797465 		.ascii	"byteReceived\000"
 1071      52656365 
 1071      69766564 
 1071      00
 1072              	.LASF33:
 1073 0291 64726976 		.ascii	"driveRight\000"
 1073      65526967 
 1073      687400
 1074              		.ident	"GCC: (GNU Tools for ARM Embedded Processors) 5.4.1 20160609 (release) [ARM/embedded-5-bran
