ARM GAS  C:\Users\PETERW~1\AppData\Local\Temp\ccybLulg.s 			page 1


   1              		.syntax unified
   2              		.cpu cortex-m3
   3              		.fpu softvfp
   4              		.eabi_attribute 20, 1
   5              		.eabi_attribute 21, 1
   6              		.eabi_attribute 23, 3
   7              		.eabi_attribute 24, 1
   8              		.eabi_attribute 25, 1
   9              		.eabi_attribute 26, 1
  10              		.eabi_attribute 30, 1
  11              		.eabi_attribute 34, 1
  12              		.eabi_attribute 18, 4
  13              		.thumb
  14              		.syntax unified
  15              		.file	"motorStyring.c"
  16              		.text
  17              	.Ltext0:
  18              		.cfi_sections	.debug_frame
  19              		.section	.text.initMotor,"ax",%progbits
  20              		.align	2
  21              		.global	initMotor
  22              		.thumb
  23              		.thumb_func
  24              		.type	initMotor, %function
  25              	initMotor:
  26              	.LFB63:
  27              		.file 1 "motorStyring.c"
   1:motorStyring.c **** /* ========================================
   2:motorStyring.c ****  *
   3:motorStyring.c ****  * Copyright BEERTRESS, 2020
   4:motorStyring.c ****  * All Rights Reserved
   5:motorStyring.c ****  * UNPUBLISHED, LICENSED SOFTWARE.
   6:motorStyring.c ****  *
   7:motorStyring.c ****  * CONFIDENTIAL AND PROPRIETARY INFORMATION
   8:motorStyring.c ****  * WHICH IS THE PROPERTY OF BEERTRESS.
   9:motorStyring.c ****  *
  10:motorStyring.c ****  * ========================================
  11:motorStyring.c **** */
  12:motorStyring.c **** 
  13:motorStyring.c **** #include "motorStyring.h"
  14:motorStyring.c **** #include "project.h"
  15:motorStyring.c **** 
  16:motorStyring.c **** void initMotor()
  17:motorStyring.c **** {
  28              		.loc 1 17 0
  29              		.cfi_startproc
  30              		@ args = 0, pretend = 0, frame = 0
  31              		@ frame_needed = 0, uses_anonymous_args = 0
  32 0000 08B5     		push	{r3, lr}
  33              		.cfi_def_cfa_offset 8
  34              		.cfi_offset 3, -8
  35              		.cfi_offset 14, -4
  18:motorStyring.c ****     PWM1_Start();
  36              		.loc 1 18 0
  37 0002 FFF7FEFF 		bl	PWM1_Start
  38              	.LVL0:
  19:motorStyring.c ****     PWM2_Start();
ARM GAS  C:\Users\PETERW~1\AppData\Local\Temp\ccybLulg.s 			page 2


  39              		.loc 1 19 0
  40 0006 FFF7FEFF 		bl	PWM2_Start
  41              	.LVL1:
  42 000a 08BD     		pop	{r3, pc}
  43              		.cfi_endproc
  44              	.LFE63:
  45              		.size	initMotor, .-initMotor
  46              		.section	.text.driveForward,"ax",%progbits
  47              		.align	2
  48              		.global	driveForward
  49              		.thumb
  50              		.thumb_func
  51              		.type	driveForward, %function
  52              	driveForward:
  53              	.LFB64:
  20:motorStyring.c **** }
  21:motorStyring.c **** void driveForward()
  22:motorStyring.c **** {
  54              		.loc 1 22 0
  55              		.cfi_startproc
  56              		@ args = 0, pretend = 0, frame = 0
  57              		@ frame_needed = 0, uses_anonymous_args = 0
  58 0000 08B5     		push	{r3, lr}
  59              		.cfi_def_cfa_offset 8
  60              		.cfi_offset 3, -8
  61              		.cfi_offset 14, -4
  23:motorStyring.c ****     UART_PutString("BEERTRESS: Driving Forward!\r\n");
  62              		.loc 1 23 0
  63 0002 0D48     		ldr	r0, .L5
  64 0004 FFF7FEFF 		bl	UART_PutString
  65              	.LVL2:
  24:motorStyring.c ****     // Sætter direction på DC motor ved hjælp af H-Bro
  25:motorStyring.c ****     in1_Write(1);
  66              		.loc 1 25 0
  67 0008 0120     		movs	r0, #1
  68 000a FFF7FEFF 		bl	in1_Write
  69              	.LVL3:
  26:motorStyring.c ****     in2_Write(0);
  70              		.loc 1 26 0
  71 000e 0020     		movs	r0, #0
  72 0010 FFF7FEFF 		bl	in2_Write
  73              	.LVL4:
  27:motorStyring.c ****     in3_Write(0);
  74              		.loc 1 27 0
  75 0014 0020     		movs	r0, #0
  76 0016 FFF7FEFF 		bl	in3_Write
  77              	.LVL5:
  28:motorStyring.c ****     in4_Write(1);
  78              		.loc 1 28 0
  79 001a 0120     		movs	r0, #1
  80 001c FFF7FEFF 		bl	in4_Write
  81              	.LVL6:
  29:motorStyring.c ****     // Starter PWM
  30:motorStyring.c ****     PWM1_Start();
  82              		.loc 1 30 0
  83 0020 FFF7FEFF 		bl	PWM1_Start
  84              	.LVL7:
ARM GAS  C:\Users\PETERW~1\AppData\Local\Temp\ccybLulg.s 			page 3


  31:motorStyring.c ****     PWM2_Start();
  85              		.loc 1 31 0
  86 0024 FFF7FEFF 		bl	PWM2_Start
  87              	.LVL8:
  32:motorStyring.c ****     // Sætter PWM til 100%
  33:motorStyring.c ****     PWM2_WriteCompare(100);
  88              		.loc 1 33 0
  89 0028 6420     		movs	r0, #100
  90 002a FFF7FEFF 		bl	PWM2_WriteCompare
  91              	.LVL9:
  34:motorStyring.c ****     PWM1_WriteCompare(100);
  92              		.loc 1 34 0
  93 002e 6420     		movs	r0, #100
  94 0030 FFF7FEFF 		bl	PWM1_WriteCompare
  95              	.LVL10:
  96 0034 08BD     		pop	{r3, pc}
  97              	.L6:
  98 0036 00BF     		.align	2
  99              	.L5:
 100 0038 00000000 		.word	.LC0
 101              		.cfi_endproc
 102              	.LFE64:
 103              		.size	driveForward, .-driveForward
 104              		.section	.text.driveBackward,"ax",%progbits
 105              		.align	2
 106              		.global	driveBackward
 107              		.thumb
 108              		.thumb_func
 109              		.type	driveBackward, %function
 110              	driveBackward:
 111              	.LFB65:
  35:motorStyring.c **** }
  36:motorStyring.c **** 
  37:motorStyring.c **** void driveBackward()
  38:motorStyring.c **** {
 112              		.loc 1 38 0
 113              		.cfi_startproc
 114              		@ args = 0, pretend = 0, frame = 0
 115              		@ frame_needed = 0, uses_anonymous_args = 0
 116 0000 08B5     		push	{r3, lr}
 117              		.cfi_def_cfa_offset 8
 118              		.cfi_offset 3, -8
 119              		.cfi_offset 14, -4
  39:motorStyring.c ****     UART_PutString("BEERTRESS: Driving Backwards!\r\n");
 120              		.loc 1 39 0
 121 0002 0D48     		ldr	r0, .L9
 122 0004 FFF7FEFF 		bl	UART_PutString
 123              	.LVL11:
  40:motorStyring.c ****     
  41:motorStyring.c ****     // Sætter direction på DC motor ved hjælp af H-Bro
  42:motorStyring.c ****     in1_Write(0);
 124              		.loc 1 42 0
 125 0008 0020     		movs	r0, #0
 126 000a FFF7FEFF 		bl	in1_Write
 127              	.LVL12:
  43:motorStyring.c ****     in2_Write(1);
 128              		.loc 1 43 0
ARM GAS  C:\Users\PETERW~1\AppData\Local\Temp\ccybLulg.s 			page 4


 129 000e 0120     		movs	r0, #1
 130 0010 FFF7FEFF 		bl	in2_Write
 131              	.LVL13:
  44:motorStyring.c ****     in3_Write(3);
 132              		.loc 1 44 0
 133 0014 0320     		movs	r0, #3
 134 0016 FFF7FEFF 		bl	in3_Write
 135              	.LVL14:
  45:motorStyring.c ****     in4_Write(4);
 136              		.loc 1 45 0
 137 001a 0420     		movs	r0, #4
 138 001c FFF7FEFF 		bl	in4_Write
 139              	.LVL15:
  46:motorStyring.c ****     // Starter PWM
  47:motorStyring.c ****     PWM1_Start();
 140              		.loc 1 47 0
 141 0020 FFF7FEFF 		bl	PWM1_Start
 142              	.LVL16:
  48:motorStyring.c ****     PWM2_Start();
 143              		.loc 1 48 0
 144 0024 FFF7FEFF 		bl	PWM2_Start
 145              	.LVL17:
  49:motorStyring.c ****     // Sætter PWM til 100%
  50:motorStyring.c ****     PWM2_WriteCompare(100);
 146              		.loc 1 50 0
 147 0028 6420     		movs	r0, #100
 148 002a FFF7FEFF 		bl	PWM2_WriteCompare
 149              	.LVL18:
  51:motorStyring.c ****     PWM1_WriteCompare(100);
 150              		.loc 1 51 0
 151 002e 6420     		movs	r0, #100
 152 0030 FFF7FEFF 		bl	PWM1_WriteCompare
 153              	.LVL19:
 154 0034 08BD     		pop	{r3, pc}
 155              	.L10:
 156 0036 00BF     		.align	2
 157              	.L9:
 158 0038 20000000 		.word	.LC1
 159              		.cfi_endproc
 160              	.LFE65:
 161              		.size	driveBackward, .-driveBackward
 162              		.section	.text.driveLeft,"ax",%progbits
 163              		.align	2
 164              		.global	driveLeft
 165              		.thumb
 166              		.thumb_func
 167              		.type	driveLeft, %function
 168              	driveLeft:
 169              	.LFB66:
  52:motorStyring.c **** }
  53:motorStyring.c **** 
  54:motorStyring.c **** void driveLeft()
  55:motorStyring.c **** {
 170              		.loc 1 55 0
 171              		.cfi_startproc
 172              		@ args = 0, pretend = 0, frame = 0
 173              		@ frame_needed = 0, uses_anonymous_args = 0
ARM GAS  C:\Users\PETERW~1\AppData\Local\Temp\ccybLulg.s 			page 5


 174 0000 08B5     		push	{r3, lr}
 175              		.cfi_def_cfa_offset 8
 176              		.cfi_offset 3, -8
 177              		.cfi_offset 14, -4
  56:motorStyring.c ****     UART_PutString("BEERTRESS: Turning Left!\r\n");
 178              		.loc 1 56 0
 179 0002 0548     		ldr	r0, .L13
 180 0004 FFF7FEFF 		bl	UART_PutString
 181              	.LVL20:
  57:motorStyring.c ****     
  58:motorStyring.c ****     // Starter PWM i venstre side, stopper PWM i højre.
  59:motorStyring.c ****     PWM1_Start();
 182              		.loc 1 59 0
 183 0008 FFF7FEFF 		bl	PWM1_Start
 184              	.LVL21:
  60:motorStyring.c ****     PWM2_Stop();
 185              		.loc 1 60 0
 186 000c FFF7FEFF 		bl	PWM2_Stop
 187              	.LVL22:
  61:motorStyring.c ****     // Sætter PWM til 100%
  62:motorStyring.c ****     PWM1_WriteCompare(100);
 188              		.loc 1 62 0
 189 0010 6420     		movs	r0, #100
 190 0012 FFF7FEFF 		bl	PWM1_WriteCompare
 191              	.LVL23:
 192 0016 08BD     		pop	{r3, pc}
 193              	.L14:
 194              		.align	2
 195              	.L13:
 196 0018 40000000 		.word	.LC2
 197              		.cfi_endproc
 198              	.LFE66:
 199              		.size	driveLeft, .-driveLeft
 200              		.section	.text.driveRight,"ax",%progbits
 201              		.align	2
 202              		.global	driveRight
 203              		.thumb
 204              		.thumb_func
 205              		.type	driveRight, %function
 206              	driveRight:
 207              	.LFB67:
  63:motorStyring.c **** }
  64:motorStyring.c **** 
  65:motorStyring.c **** 
  66:motorStyring.c **** void driveRight()
  67:motorStyring.c **** {
 208              		.loc 1 67 0
 209              		.cfi_startproc
 210              		@ args = 0, pretend = 0, frame = 0
 211              		@ frame_needed = 0, uses_anonymous_args = 0
 212 0000 08B5     		push	{r3, lr}
 213              		.cfi_def_cfa_offset 8
 214              		.cfi_offset 3, -8
 215              		.cfi_offset 14, -4
  68:motorStyring.c ****     UART_PutString("BEERTRESS: Turning Right!\r\n");
 216              		.loc 1 68 0
 217 0002 0548     		ldr	r0, .L17
ARM GAS  C:\Users\PETERW~1\AppData\Local\Temp\ccybLulg.s 			page 6


 218 0004 FFF7FEFF 		bl	UART_PutString
 219              	.LVL24:
  69:motorStyring.c ****     
  70:motorStyring.c ****     // Starter PWM i højre side, stopper PWM i venstre.
  71:motorStyring.c ****     PWM1_Stop();
 220              		.loc 1 71 0
 221 0008 FFF7FEFF 		bl	PWM1_Stop
 222              	.LVL25:
  72:motorStyring.c ****     PWM2_Start();
 223              		.loc 1 72 0
 224 000c FFF7FEFF 		bl	PWM2_Start
 225              	.LVL26:
  73:motorStyring.c ****     // Sætter PWM til 100%
  74:motorStyring.c ****     PWM2_WriteCompare(100);
 226              		.loc 1 74 0
 227 0010 6420     		movs	r0, #100
 228 0012 FFF7FEFF 		bl	PWM2_WriteCompare
 229              	.LVL27:
 230 0016 08BD     		pop	{r3, pc}
 231              	.L18:
 232              		.align	2
 233              	.L17:
 234 0018 5C000000 		.word	.LC3
 235              		.cfi_endproc
 236              	.LFE67:
 237              		.size	driveRight, .-driveRight
 238              		.section	.text.driveStop,"ax",%progbits
 239              		.align	2
 240              		.global	driveStop
 241              		.thumb
 242              		.thumb_func
 243              		.type	driveStop, %function
 244              	driveStop:
 245              	.LFB68:
  75:motorStyring.c **** }
  76:motorStyring.c **** 
  77:motorStyring.c **** void driveStop()
  78:motorStyring.c **** {
 246              		.loc 1 78 0
 247              		.cfi_startproc
 248              		@ args = 0, pretend = 0, frame = 0
 249              		@ frame_needed = 0, uses_anonymous_args = 0
 250 0000 08B5     		push	{r3, lr}
 251              		.cfi_def_cfa_offset 8
 252              		.cfi_offset 3, -8
 253              		.cfi_offset 14, -4
  79:motorStyring.c ****     UART_PutString("BEERTRESS: Stopped Driving!\r\n");
 254              		.loc 1 79 0
 255 0002 0448     		ldr	r0, .L21
 256 0004 FFF7FEFF 		bl	UART_PutString
 257              	.LVL28:
  80:motorStyring.c ****     
  81:motorStyring.c ****     // Stopper PWM
  82:motorStyring.c ****     PWM1_Stop();
 258              		.loc 1 82 0
 259 0008 FFF7FEFF 		bl	PWM1_Stop
 260              	.LVL29:
ARM GAS  C:\Users\PETERW~1\AppData\Local\Temp\ccybLulg.s 			page 7


  83:motorStyring.c ****     PWM2_Stop();
 261              		.loc 1 83 0
 262 000c FFF7FEFF 		bl	PWM2_Stop
 263              	.LVL30:
 264 0010 08BD     		pop	{r3, pc}
 265              	.L22:
 266 0012 00BF     		.align	2
 267              	.L21:
 268 0014 78000000 		.word	.LC4
 269              		.cfi_endproc
 270              	.LFE68:
 271              		.size	driveStop, .-driveStop
 272              		.section	.rodata.str1.4,"aMS",%progbits,1
 273              		.align	2
 274              	.LC0:
 275 0000 42454552 		.ascii	"BEERTRESS: Driving Forward!\015\012\000"
 275      54524553 
 275      533A2044 
 275      72697669 
 275      6E672046 
 276 001e 0000     		.space	2
 277              	.LC1:
 278 0020 42454552 		.ascii	"BEERTRESS: Driving Backwards!\015\012\000"
 278      54524553 
 278      533A2044 
 278      72697669 
 278      6E672042 
 279              	.LC2:
 280 0040 42454552 		.ascii	"BEERTRESS: Turning Left!\015\012\000"
 280      54524553 
 280      533A2054 
 280      75726E69 
 280      6E67204C 
 281 005b 00       		.space	1
 282              	.LC3:
 283 005c 42454552 		.ascii	"BEERTRESS: Turning Right!\015\012\000"
 283      54524553 
 283      533A2054 
 283      75726E69 
 283      6E672052 
 284              	.LC4:
 285 0078 42454552 		.ascii	"BEERTRESS: Stopped Driving!\015\012\000"
 285      54524553 
 285      533A2053 
 285      746F7070 
 285      65642044 
 286              		.text
 287              	.Letext0:
 288              		.file 2 "c:\\program files (x86)\\cypress\\psoc creator\\4.3\\psoc creator\\import\\gnu\\arm\\5.4.
 289              		.file 3 "c:\\program files (x86)\\cypress\\psoc creator\\4.3\\psoc creator\\import\\gnu\\arm\\5.4.
 290              		.file 4 "Generated_Source\\PSoC5/PWM1.h"
 291              		.file 5 "Generated_Source\\PSoC5/PWM2.h"
 292              		.file 6 "Generated_Source\\PSoC5/UART.h"
 293              		.file 7 "Generated_Source\\PSoC5/in1.h"
 294              		.file 8 "Generated_Source\\PSoC5/in2.h"
 295              		.file 9 "Generated_Source\\PSoC5/in3.h"
 296              		.file 10 "Generated_Source\\PSoC5/in4.h"
ARM GAS  C:\Users\PETERW~1\AppData\Local\Temp\ccybLulg.s 			page 8


 297              		.file 11 "Generated_Source\\PSoC5/core_cm3.h"
 298              		.section	.debug_info,"",%progbits
 299              	.Ldebug_info0:
 300 0000 8E030000 		.4byte	0x38e
 301 0004 0400     		.2byte	0x4
 302 0006 00000000 		.4byte	.Ldebug_abbrev0
 303 000a 04       		.byte	0x4
 304 000b 01       		.uleb128 0x1
 305 000c 6B000000 		.4byte	.LASF33
 306 0010 0C       		.byte	0xc
 307 0011 F9010000 		.4byte	.LASF34
 308 0015 2F010000 		.4byte	.LASF35
 309 0019 00000000 		.4byte	.Ldebug_ranges0+0
 310 001d 00000000 		.4byte	0
 311 0021 00000000 		.4byte	.Ldebug_line0
 312 0025 02       		.uleb128 0x2
 313 0026 01       		.byte	0x1
 314 0027 06       		.byte	0x6
 315 0028 29020000 		.4byte	.LASF0
 316 002c 02       		.uleb128 0x2
 317 002d 01       		.byte	0x1
 318 002e 08       		.byte	0x8
 319 002f 5D000000 		.4byte	.LASF1
 320 0033 02       		.uleb128 0x2
 321 0034 02       		.byte	0x2
 322 0035 05       		.byte	0x5
 323 0036 08020000 		.4byte	.LASF2
 324 003a 02       		.uleb128 0x2
 325 003b 02       		.byte	0x2
 326 003c 07       		.byte	0x7
 327 003d 28000000 		.4byte	.LASF3
 328 0041 03       		.uleb128 0x3
 329 0042 14000000 		.4byte	.LASF9
 330 0046 02       		.byte	0x2
 331 0047 3F       		.byte	0x3f
 332 0048 4C000000 		.4byte	0x4c
 333 004c 02       		.uleb128 0x2
 334 004d 04       		.byte	0x4
 335 004e 05       		.byte	0x5
 336 004f BA010000 		.4byte	.LASF4
 337 0053 02       		.uleb128 0x2
 338 0054 04       		.byte	0x4
 339 0055 07       		.byte	0x7
 340 0056 F9000000 		.4byte	.LASF5
 341 005a 02       		.uleb128 0x2
 342 005b 08       		.byte	0x8
 343 005c 05       		.byte	0x5
 344 005d D4010000 		.4byte	.LASF6
 345 0061 02       		.uleb128 0x2
 346 0062 08       		.byte	0x8
 347 0063 07       		.byte	0x7
 348 0064 99010000 		.4byte	.LASF7
 349 0068 04       		.uleb128 0x4
 350 0069 04       		.byte	0x4
 351 006a 05       		.byte	0x5
 352 006b 696E7400 		.ascii	"int\000"
 353 006f 02       		.uleb128 0x2
ARM GAS  C:\Users\PETERW~1\AppData\Local\Temp\ccybLulg.s 			page 9


 354 0070 04       		.byte	0x4
 355 0071 07       		.byte	0x7
 356 0072 8C010000 		.4byte	.LASF8
 357 0076 03       		.uleb128 0x3
 358 0077 C3010000 		.4byte	.LASF10
 359 007b 03       		.byte	0x3
 360 007c 2C       		.byte	0x2c
 361 007d 41000000 		.4byte	0x41
 362 0081 02       		.uleb128 0x2
 363 0082 04       		.byte	0x4
 364 0083 04       		.byte	0x4
 365 0084 57000000 		.4byte	.LASF11
 366 0088 02       		.uleb128 0x2
 367 0089 08       		.byte	0x8
 368 008a 04       		.byte	0x4
 369 008b 62010000 		.4byte	.LASF12
 370 008f 02       		.uleb128 0x2
 371 0090 01       		.byte	0x1
 372 0091 08       		.byte	0x8
 373 0092 F4010000 		.4byte	.LASF13
 374 0096 02       		.uleb128 0x2
 375 0097 08       		.byte	0x8
 376 0098 04       		.byte	0x4
 377 0099 1D020000 		.4byte	.LASF14
 378 009d 02       		.uleb128 0x2
 379 009e 04       		.byte	0x4
 380 009f 07       		.byte	0x7
 381 00a0 CB010000 		.4byte	.LASF15
 382 00a4 05       		.uleb128 0x5
 383 00a5 B0010000 		.4byte	.LASF16
 384 00a9 01       		.byte	0x1
 385 00aa 10       		.byte	0x10
 386 00ab 00000000 		.4byte	.LFB63
 387 00af 0C000000 		.4byte	.LFE63-.LFB63
 388 00b3 01       		.uleb128 0x1
 389 00b4 9C       		.byte	0x9c
 390 00b5 CC000000 		.4byte	0xcc
 391 00b9 06       		.uleb128 0x6
 392 00ba 06000000 		.4byte	.LVL0
 393 00be 18030000 		.4byte	0x318
 394 00c2 06       		.uleb128 0x6
 395 00c3 0A000000 		.4byte	.LVL1
 396 00c7 23030000 		.4byte	0x323
 397 00cb 00       		.byte	0
 398 00cc 05       		.uleb128 0x5
 399 00cd 15010000 		.4byte	.LASF17
 400 00d1 01       		.byte	0x1
 401 00d2 15       		.byte	0x15
 402 00d3 00000000 		.4byte	.LFB64
 403 00d7 3C000000 		.4byte	.LFE64-.LFB64
 404 00db 01       		.uleb128 0x1
 405 00dc 9C       		.byte	0x9c
 406 00dd 7B010000 		.4byte	0x17b
 407 00e1 07       		.uleb128 0x7
 408 00e2 08000000 		.4byte	.LVL2
 409 00e6 2E030000 		.4byte	0x32e
 410 00ea F8000000 		.4byte	0xf8
ARM GAS  C:\Users\PETERW~1\AppData\Local\Temp\ccybLulg.s 			page 10


 411 00ee 08       		.uleb128 0x8
 412 00ef 01       		.uleb128 0x1
 413 00f0 50       		.byte	0x50
 414 00f1 05       		.uleb128 0x5
 415 00f2 03       		.byte	0x3
 416 00f3 00000000 		.4byte	.LC0
 417 00f7 00       		.byte	0
 418 00f8 07       		.uleb128 0x7
 419 00f9 0E000000 		.4byte	.LVL3
 420 00fd 39030000 		.4byte	0x339
 421 0101 0B010000 		.4byte	0x10b
 422 0105 08       		.uleb128 0x8
 423 0106 01       		.uleb128 0x1
 424 0107 50       		.byte	0x50
 425 0108 01       		.uleb128 0x1
 426 0109 31       		.byte	0x31
 427 010a 00       		.byte	0
 428 010b 07       		.uleb128 0x7
 429 010c 14000000 		.4byte	.LVL4
 430 0110 44030000 		.4byte	0x344
 431 0114 1E010000 		.4byte	0x11e
 432 0118 08       		.uleb128 0x8
 433 0119 01       		.uleb128 0x1
 434 011a 50       		.byte	0x50
 435 011b 01       		.uleb128 0x1
 436 011c 30       		.byte	0x30
 437 011d 00       		.byte	0
 438 011e 07       		.uleb128 0x7
 439 011f 1A000000 		.4byte	.LVL5
 440 0123 4F030000 		.4byte	0x34f
 441 0127 31010000 		.4byte	0x131
 442 012b 08       		.uleb128 0x8
 443 012c 01       		.uleb128 0x1
 444 012d 50       		.byte	0x50
 445 012e 01       		.uleb128 0x1
 446 012f 30       		.byte	0x30
 447 0130 00       		.byte	0
 448 0131 07       		.uleb128 0x7
 449 0132 20000000 		.4byte	.LVL6
 450 0136 5A030000 		.4byte	0x35a
 451 013a 44010000 		.4byte	0x144
 452 013e 08       		.uleb128 0x8
 453 013f 01       		.uleb128 0x1
 454 0140 50       		.byte	0x50
 455 0141 01       		.uleb128 0x1
 456 0142 31       		.byte	0x31
 457 0143 00       		.byte	0
 458 0144 06       		.uleb128 0x6
 459 0145 24000000 		.4byte	.LVL7
 460 0149 18030000 		.4byte	0x318
 461 014d 06       		.uleb128 0x6
 462 014e 28000000 		.4byte	.LVL8
 463 0152 23030000 		.4byte	0x323
 464 0156 07       		.uleb128 0x7
 465 0157 2E000000 		.4byte	.LVL9
 466 015b 65030000 		.4byte	0x365
 467 015f 6A010000 		.4byte	0x16a
ARM GAS  C:\Users\PETERW~1\AppData\Local\Temp\ccybLulg.s 			page 11


 468 0163 08       		.uleb128 0x8
 469 0164 01       		.uleb128 0x1
 470 0165 50       		.byte	0x50
 471 0166 02       		.uleb128 0x2
 472 0167 08       		.byte	0x8
 473 0168 64       		.byte	0x64
 474 0169 00       		.byte	0
 475 016a 09       		.uleb128 0x9
 476 016b 34000000 		.4byte	.LVL10
 477 016f 70030000 		.4byte	0x370
 478 0173 08       		.uleb128 0x8
 479 0174 01       		.uleb128 0x1
 480 0175 50       		.byte	0x50
 481 0176 02       		.uleb128 0x2
 482 0177 08       		.byte	0x8
 483 0178 64       		.byte	0x64
 484 0179 00       		.byte	0
 485 017a 00       		.byte	0
 486 017b 05       		.uleb128 0x5
 487 017c 69010000 		.4byte	.LASF18
 488 0180 01       		.byte	0x1
 489 0181 25       		.byte	0x25
 490 0182 00000000 		.4byte	.LFB65
 491 0186 3C000000 		.4byte	.LFE65-.LFB65
 492 018a 01       		.uleb128 0x1
 493 018b 9C       		.byte	0x9c
 494 018c 2A020000 		.4byte	0x22a
 495 0190 07       		.uleb128 0x7
 496 0191 08000000 		.4byte	.LVL11
 497 0195 2E030000 		.4byte	0x32e
 498 0199 A7010000 		.4byte	0x1a7
 499 019d 08       		.uleb128 0x8
 500 019e 01       		.uleb128 0x1
 501 019f 50       		.byte	0x50
 502 01a0 05       		.uleb128 0x5
 503 01a1 03       		.byte	0x3
 504 01a2 20000000 		.4byte	.LC1
 505 01a6 00       		.byte	0
 506 01a7 07       		.uleb128 0x7
 507 01a8 0E000000 		.4byte	.LVL12
 508 01ac 39030000 		.4byte	0x339
 509 01b0 BA010000 		.4byte	0x1ba
 510 01b4 08       		.uleb128 0x8
 511 01b5 01       		.uleb128 0x1
 512 01b6 50       		.byte	0x50
 513 01b7 01       		.uleb128 0x1
 514 01b8 30       		.byte	0x30
 515 01b9 00       		.byte	0
 516 01ba 07       		.uleb128 0x7
 517 01bb 14000000 		.4byte	.LVL13
 518 01bf 44030000 		.4byte	0x344
 519 01c3 CD010000 		.4byte	0x1cd
 520 01c7 08       		.uleb128 0x8
 521 01c8 01       		.uleb128 0x1
 522 01c9 50       		.byte	0x50
 523 01ca 01       		.uleb128 0x1
 524 01cb 31       		.byte	0x31
ARM GAS  C:\Users\PETERW~1\AppData\Local\Temp\ccybLulg.s 			page 12


 525 01cc 00       		.byte	0
 526 01cd 07       		.uleb128 0x7
 527 01ce 1A000000 		.4byte	.LVL14
 528 01d2 4F030000 		.4byte	0x34f
 529 01d6 E0010000 		.4byte	0x1e0
 530 01da 08       		.uleb128 0x8
 531 01db 01       		.uleb128 0x1
 532 01dc 50       		.byte	0x50
 533 01dd 01       		.uleb128 0x1
 534 01de 33       		.byte	0x33
 535 01df 00       		.byte	0
 536 01e0 07       		.uleb128 0x7
 537 01e1 20000000 		.4byte	.LVL15
 538 01e5 5A030000 		.4byte	0x35a
 539 01e9 F3010000 		.4byte	0x1f3
 540 01ed 08       		.uleb128 0x8
 541 01ee 01       		.uleb128 0x1
 542 01ef 50       		.byte	0x50
 543 01f0 01       		.uleb128 0x1
 544 01f1 34       		.byte	0x34
 545 01f2 00       		.byte	0
 546 01f3 06       		.uleb128 0x6
 547 01f4 24000000 		.4byte	.LVL16
 548 01f8 18030000 		.4byte	0x318
 549 01fc 06       		.uleb128 0x6
 550 01fd 28000000 		.4byte	.LVL17
 551 0201 23030000 		.4byte	0x323
 552 0205 07       		.uleb128 0x7
 553 0206 2E000000 		.4byte	.LVL18
 554 020a 65030000 		.4byte	0x365
 555 020e 19020000 		.4byte	0x219
 556 0212 08       		.uleb128 0x8
 557 0213 01       		.uleb128 0x1
 558 0214 50       		.byte	0x50
 559 0215 02       		.uleb128 0x2
 560 0216 08       		.byte	0x8
 561 0217 64       		.byte	0x64
 562 0218 00       		.byte	0
 563 0219 09       		.uleb128 0x9
 564 021a 34000000 		.4byte	.LVL19
 565 021e 70030000 		.4byte	0x370
 566 0222 08       		.uleb128 0x8
 567 0223 01       		.uleb128 0x1
 568 0224 50       		.byte	0x50
 569 0225 02       		.uleb128 0x2
 570 0226 08       		.byte	0x8
 571 0227 64       		.byte	0x64
 572 0228 00       		.byte	0
 573 0229 00       		.byte	0
 574 022a 05       		.uleb128 0x5
 575 022b 44020000 		.4byte	.LASF19
 576 022f 01       		.byte	0x1
 577 0230 36       		.byte	0x36
 578 0231 00000000 		.4byte	.LFB66
 579 0235 1C000000 		.4byte	.LFE66-.LFB66
 580 0239 01       		.uleb128 0x1
 581 023a 9C       		.byte	0x9c
ARM GAS  C:\Users\PETERW~1\AppData\Local\Temp\ccybLulg.s 			page 13


 582 023b 79020000 		.4byte	0x279
 583 023f 07       		.uleb128 0x7
 584 0240 08000000 		.4byte	.LVL20
 585 0244 2E030000 		.4byte	0x32e
 586 0248 56020000 		.4byte	0x256
 587 024c 08       		.uleb128 0x8
 588 024d 01       		.uleb128 0x1
 589 024e 50       		.byte	0x50
 590 024f 05       		.uleb128 0x5
 591 0250 03       		.byte	0x3
 592 0251 40000000 		.4byte	.LC2
 593 0255 00       		.byte	0
 594 0256 06       		.uleb128 0x6
 595 0257 0C000000 		.4byte	.LVL21
 596 025b 18030000 		.4byte	0x318
 597 025f 06       		.uleb128 0x6
 598 0260 10000000 		.4byte	.LVL22
 599 0264 7B030000 		.4byte	0x37b
 600 0268 09       		.uleb128 0x9
 601 0269 16000000 		.4byte	.LVL23
 602 026d 70030000 		.4byte	0x370
 603 0271 08       		.uleb128 0x8
 604 0272 01       		.uleb128 0x1
 605 0273 50       		.byte	0x50
 606 0274 02       		.uleb128 0x2
 607 0275 08       		.byte	0x8
 608 0276 64       		.byte	0x64
 609 0277 00       		.byte	0
 610 0278 00       		.byte	0
 611 0279 05       		.uleb128 0x5
 612 027a 58020000 		.4byte	.LASF20
 613 027e 01       		.byte	0x1
 614 027f 42       		.byte	0x42
 615 0280 00000000 		.4byte	.LFB67
 616 0284 1C000000 		.4byte	.LFE67-.LFB67
 617 0288 01       		.uleb128 0x1
 618 0289 9C       		.byte	0x9c
 619 028a C8020000 		.4byte	0x2c8
 620 028e 07       		.uleb128 0x7
 621 028f 08000000 		.4byte	.LVL24
 622 0293 2E030000 		.4byte	0x32e
 623 0297 A5020000 		.4byte	0x2a5
 624 029b 08       		.uleb128 0x8
 625 029c 01       		.uleb128 0x1
 626 029d 50       		.byte	0x50
 627 029e 05       		.uleb128 0x5
 628 029f 03       		.byte	0x3
 629 02a0 5C000000 		.4byte	.LC3
 630 02a4 00       		.byte	0
 631 02a5 06       		.uleb128 0x6
 632 02a6 0C000000 		.4byte	.LVL25
 633 02aa 86030000 		.4byte	0x386
 634 02ae 06       		.uleb128 0x6
 635 02af 10000000 		.4byte	.LVL26
 636 02b3 23030000 		.4byte	0x323
 637 02b7 09       		.uleb128 0x9
 638 02b8 16000000 		.4byte	.LVL27
ARM GAS  C:\Users\PETERW~1\AppData\Local\Temp\ccybLulg.s 			page 14


 639 02bc 65030000 		.4byte	0x365
 640 02c0 08       		.uleb128 0x8
 641 02c1 01       		.uleb128 0x1
 642 02c2 50       		.byte	0x50
 643 02c3 02       		.uleb128 0x2
 644 02c4 08       		.byte	0x8
 645 02c5 64       		.byte	0x64
 646 02c6 00       		.byte	0
 647 02c7 00       		.byte	0
 648 02c8 05       		.uleb128 0x5
 649 02c9 0B010000 		.4byte	.LASF21
 650 02cd 01       		.byte	0x1
 651 02ce 4D       		.byte	0x4d
 652 02cf 00000000 		.4byte	.LFB68
 653 02d3 18000000 		.4byte	.LFE68-.LFB68
 654 02d7 01       		.uleb128 0x1
 655 02d8 9C       		.byte	0x9c
 656 02d9 07030000 		.4byte	0x307
 657 02dd 07       		.uleb128 0x7
 658 02de 08000000 		.4byte	.LVL28
 659 02e2 2E030000 		.4byte	0x32e
 660 02e6 F4020000 		.4byte	0x2f4
 661 02ea 08       		.uleb128 0x8
 662 02eb 01       		.uleb128 0x1
 663 02ec 50       		.byte	0x50
 664 02ed 05       		.uleb128 0x5
 665 02ee 03       		.byte	0x3
 666 02ef 78000000 		.4byte	.LC4
 667 02f3 00       		.byte	0
 668 02f4 06       		.uleb128 0x6
 669 02f5 0C000000 		.4byte	.LVL29
 670 02f9 86030000 		.4byte	0x386
 671 02fd 06       		.uleb128 0x6
 672 02fe 10000000 		.4byte	.LVL30
 673 0302 7B030000 		.4byte	0x37b
 674 0306 00       		.byte	0
 675 0307 0A       		.uleb128 0xa
 676 0308 22010000 		.4byte	.LASF36
 677 030c 0B       		.byte	0xb
 678 030d 1207     		.2byte	0x712
 679 030f 13030000 		.4byte	0x313
 680 0313 0B       		.uleb128 0xb
 681 0314 76000000 		.4byte	0x76
 682 0318 0C       		.uleb128 0xc
 683 0319 81010000 		.4byte	.LASF22
 684 031d 81010000 		.4byte	.LASF22
 685 0321 04       		.byte	0x4
 686 0322 92       		.byte	0x92
 687 0323 0C       		.uleb128 0xc
 688 0324 12020000 		.4byte	.LASF23
 689 0328 12020000 		.4byte	.LASF23
 690 032c 05       		.byte	0x5
 691 032d 92       		.byte	0x92
 692 032e 0C       		.uleb128 0xc
 693 032f 35020000 		.4byte	.LASF24
 694 0333 35020000 		.4byte	.LASF24
 695 0337 06       		.byte	0x6
ARM GAS  C:\Users\PETERW~1\AppData\Local\Temp\ccybLulg.s 			page 15


 696 0338 8B       		.byte	0x8b
 697 0339 0C       		.uleb128 0xc
 698 033a 4E020000 		.4byte	.LASF25
 699 033e 4E020000 		.4byte	.LASF25
 700 0342 07       		.byte	0x7
 701 0343 26       		.byte	0x26
 702 0344 0C       		.uleb128 0xc
 703 0345 0A000000 		.4byte	.LASF26
 704 0349 0A000000 		.4byte	.LASF26
 705 034d 08       		.byte	0x8
 706 034e 26       		.byte	0x26
 707 034f 0C       		.uleb128 0xc
 708 0350 00000000 		.4byte	.LASF27
 709 0354 00000000 		.4byte	.LASF27
 710 0358 09       		.byte	0x9
 711 0359 26       		.byte	0x26
 712 035a 0C       		.uleb128 0xc
 713 035b 1E000000 		.4byte	.LASF28
 714 035f 1E000000 		.4byte	.LASF28
 715 0363 0A       		.byte	0xa
 716 0364 26       		.byte	0x26
 717 0365 0C       		.uleb128 0xc
 718 0366 E2010000 		.4byte	.LASF29
 719 036a E2010000 		.4byte	.LASF29
 720 036e 05       		.byte	0x5
 721 036f C3       		.byte	0xc3
 722 0370 0C       		.uleb128 0xc
 723 0371 45000000 		.4byte	.LASF30
 724 0375 45000000 		.4byte	.LASF30
 725 0379 04       		.byte	0x4
 726 037a C3       		.byte	0xc3
 727 037b 0C       		.uleb128 0xc
 728 037c 77010000 		.4byte	.LASF31
 729 0380 77010000 		.4byte	.LASF31
 730 0384 05       		.byte	0x5
 731 0385 93       		.byte	0x93
 732 0386 0C       		.uleb128 0xc
 733 0387 3B000000 		.4byte	.LASF32
 734 038b 3B000000 		.4byte	.LASF32
 735 038f 04       		.byte	0x4
 736 0390 93       		.byte	0x93
 737 0391 00       		.byte	0
 738              		.section	.debug_abbrev,"",%progbits
 739              	.Ldebug_abbrev0:
 740 0000 01       		.uleb128 0x1
 741 0001 11       		.uleb128 0x11
 742 0002 01       		.byte	0x1
 743 0003 25       		.uleb128 0x25
 744 0004 0E       		.uleb128 0xe
 745 0005 13       		.uleb128 0x13
 746 0006 0B       		.uleb128 0xb
 747 0007 03       		.uleb128 0x3
 748 0008 0E       		.uleb128 0xe
 749 0009 1B       		.uleb128 0x1b
 750 000a 0E       		.uleb128 0xe
 751 000b 55       		.uleb128 0x55
 752 000c 17       		.uleb128 0x17
ARM GAS  C:\Users\PETERW~1\AppData\Local\Temp\ccybLulg.s 			page 16


 753 000d 11       		.uleb128 0x11
 754 000e 01       		.uleb128 0x1
 755 000f 10       		.uleb128 0x10
 756 0010 17       		.uleb128 0x17
 757 0011 00       		.byte	0
 758 0012 00       		.byte	0
 759 0013 02       		.uleb128 0x2
 760 0014 24       		.uleb128 0x24
 761 0015 00       		.byte	0
 762 0016 0B       		.uleb128 0xb
 763 0017 0B       		.uleb128 0xb
 764 0018 3E       		.uleb128 0x3e
 765 0019 0B       		.uleb128 0xb
 766 001a 03       		.uleb128 0x3
 767 001b 0E       		.uleb128 0xe
 768 001c 00       		.byte	0
 769 001d 00       		.byte	0
 770 001e 03       		.uleb128 0x3
 771 001f 16       		.uleb128 0x16
 772 0020 00       		.byte	0
 773 0021 03       		.uleb128 0x3
 774 0022 0E       		.uleb128 0xe
 775 0023 3A       		.uleb128 0x3a
 776 0024 0B       		.uleb128 0xb
 777 0025 3B       		.uleb128 0x3b
 778 0026 0B       		.uleb128 0xb
 779 0027 49       		.uleb128 0x49
 780 0028 13       		.uleb128 0x13
 781 0029 00       		.byte	0
 782 002a 00       		.byte	0
 783 002b 04       		.uleb128 0x4
 784 002c 24       		.uleb128 0x24
 785 002d 00       		.byte	0
 786 002e 0B       		.uleb128 0xb
 787 002f 0B       		.uleb128 0xb
 788 0030 3E       		.uleb128 0x3e
 789 0031 0B       		.uleb128 0xb
 790 0032 03       		.uleb128 0x3
 791 0033 08       		.uleb128 0x8
 792 0034 00       		.byte	0
 793 0035 00       		.byte	0
 794 0036 05       		.uleb128 0x5
 795 0037 2E       		.uleb128 0x2e
 796 0038 01       		.byte	0x1
 797 0039 3F       		.uleb128 0x3f
 798 003a 19       		.uleb128 0x19
 799 003b 03       		.uleb128 0x3
 800 003c 0E       		.uleb128 0xe
 801 003d 3A       		.uleb128 0x3a
 802 003e 0B       		.uleb128 0xb
 803 003f 3B       		.uleb128 0x3b
 804 0040 0B       		.uleb128 0xb
 805 0041 11       		.uleb128 0x11
 806 0042 01       		.uleb128 0x1
 807 0043 12       		.uleb128 0x12
 808 0044 06       		.uleb128 0x6
 809 0045 40       		.uleb128 0x40
ARM GAS  C:\Users\PETERW~1\AppData\Local\Temp\ccybLulg.s 			page 17


 810 0046 18       		.uleb128 0x18
 811 0047 9742     		.uleb128 0x2117
 812 0049 19       		.uleb128 0x19
 813 004a 01       		.uleb128 0x1
 814 004b 13       		.uleb128 0x13
 815 004c 00       		.byte	0
 816 004d 00       		.byte	0
 817 004e 06       		.uleb128 0x6
 818 004f 898201   		.uleb128 0x4109
 819 0052 00       		.byte	0
 820 0053 11       		.uleb128 0x11
 821 0054 01       		.uleb128 0x1
 822 0055 31       		.uleb128 0x31
 823 0056 13       		.uleb128 0x13
 824 0057 00       		.byte	0
 825 0058 00       		.byte	0
 826 0059 07       		.uleb128 0x7
 827 005a 898201   		.uleb128 0x4109
 828 005d 01       		.byte	0x1
 829 005e 11       		.uleb128 0x11
 830 005f 01       		.uleb128 0x1
 831 0060 31       		.uleb128 0x31
 832 0061 13       		.uleb128 0x13
 833 0062 01       		.uleb128 0x1
 834 0063 13       		.uleb128 0x13
 835 0064 00       		.byte	0
 836 0065 00       		.byte	0
 837 0066 08       		.uleb128 0x8
 838 0067 8A8201   		.uleb128 0x410a
 839 006a 00       		.byte	0
 840 006b 02       		.uleb128 0x2
 841 006c 18       		.uleb128 0x18
 842 006d 9142     		.uleb128 0x2111
 843 006f 18       		.uleb128 0x18
 844 0070 00       		.byte	0
 845 0071 00       		.byte	0
 846 0072 09       		.uleb128 0x9
 847 0073 898201   		.uleb128 0x4109
 848 0076 01       		.byte	0x1
 849 0077 11       		.uleb128 0x11
 850 0078 01       		.uleb128 0x1
 851 0079 31       		.uleb128 0x31
 852 007a 13       		.uleb128 0x13
 853 007b 00       		.byte	0
 854 007c 00       		.byte	0
 855 007d 0A       		.uleb128 0xa
 856 007e 34       		.uleb128 0x34
 857 007f 00       		.byte	0
 858 0080 03       		.uleb128 0x3
 859 0081 0E       		.uleb128 0xe
 860 0082 3A       		.uleb128 0x3a
 861 0083 0B       		.uleb128 0xb
 862 0084 3B       		.uleb128 0x3b
 863 0085 05       		.uleb128 0x5
 864 0086 49       		.uleb128 0x49
 865 0087 13       		.uleb128 0x13
 866 0088 3F       		.uleb128 0x3f
ARM GAS  C:\Users\PETERW~1\AppData\Local\Temp\ccybLulg.s 			page 18


 867 0089 19       		.uleb128 0x19
 868 008a 3C       		.uleb128 0x3c
 869 008b 19       		.uleb128 0x19
 870 008c 00       		.byte	0
 871 008d 00       		.byte	0
 872 008e 0B       		.uleb128 0xb
 873 008f 35       		.uleb128 0x35
 874 0090 00       		.byte	0
 875 0091 49       		.uleb128 0x49
 876 0092 13       		.uleb128 0x13
 877 0093 00       		.byte	0
 878 0094 00       		.byte	0
 879 0095 0C       		.uleb128 0xc
 880 0096 2E       		.uleb128 0x2e
 881 0097 00       		.byte	0
 882 0098 3F       		.uleb128 0x3f
 883 0099 19       		.uleb128 0x19
 884 009a 3C       		.uleb128 0x3c
 885 009b 19       		.uleb128 0x19
 886 009c 6E       		.uleb128 0x6e
 887 009d 0E       		.uleb128 0xe
 888 009e 03       		.uleb128 0x3
 889 009f 0E       		.uleb128 0xe
 890 00a0 3A       		.uleb128 0x3a
 891 00a1 0B       		.uleb128 0xb
 892 00a2 3B       		.uleb128 0x3b
 893 00a3 0B       		.uleb128 0xb
 894 00a4 00       		.byte	0
 895 00a5 00       		.byte	0
 896 00a6 00       		.byte	0
 897              		.section	.debug_aranges,"",%progbits
 898 0000 44000000 		.4byte	0x44
 899 0004 0200     		.2byte	0x2
 900 0006 00000000 		.4byte	.Ldebug_info0
 901 000a 04       		.byte	0x4
 902 000b 00       		.byte	0
 903 000c 0000     		.2byte	0
 904 000e 0000     		.2byte	0
 905 0010 00000000 		.4byte	.LFB63
 906 0014 0C000000 		.4byte	.LFE63-.LFB63
 907 0018 00000000 		.4byte	.LFB64
 908 001c 3C000000 		.4byte	.LFE64-.LFB64
 909 0020 00000000 		.4byte	.LFB65
 910 0024 3C000000 		.4byte	.LFE65-.LFB65
 911 0028 00000000 		.4byte	.LFB66
 912 002c 1C000000 		.4byte	.LFE66-.LFB66
 913 0030 00000000 		.4byte	.LFB67
 914 0034 1C000000 		.4byte	.LFE67-.LFB67
 915 0038 00000000 		.4byte	.LFB68
 916 003c 18000000 		.4byte	.LFE68-.LFB68
 917 0040 00000000 		.4byte	0
 918 0044 00000000 		.4byte	0
 919              		.section	.debug_ranges,"",%progbits
 920              	.Ldebug_ranges0:
 921 0000 00000000 		.4byte	.LFB63
 922 0004 0C000000 		.4byte	.LFE63
 923 0008 00000000 		.4byte	.LFB64
ARM GAS  C:\Users\PETERW~1\AppData\Local\Temp\ccybLulg.s 			page 19


 924 000c 3C000000 		.4byte	.LFE64
 925 0010 00000000 		.4byte	.LFB65
 926 0014 3C000000 		.4byte	.LFE65
 927 0018 00000000 		.4byte	.LFB66
 928 001c 1C000000 		.4byte	.LFE66
 929 0020 00000000 		.4byte	.LFB67
 930 0024 1C000000 		.4byte	.LFE67
 931 0028 00000000 		.4byte	.LFB68
 932 002c 18000000 		.4byte	.LFE68
 933 0030 00000000 		.4byte	0
 934 0034 00000000 		.4byte	0
 935              		.section	.debug_line,"",%progbits
 936              	.Ldebug_line0:
 937 0000 0A020000 		.section	.debug_str,"MS",%progbits,1
 937      02008901 
 937      00000201 
 937      FB0E0D00 
 937      01010101 
 938              	.LASF27:
 939 0000 696E335F 		.ascii	"in3_Write\000"
 939      57726974 
 939      6500
 940              	.LASF26:
 941 000a 696E325F 		.ascii	"in2_Write\000"
 941      57726974 
 941      6500
 942              	.LASF9:
 943 0014 5F5F696E 		.ascii	"__int32_t\000"
 943      7433325F 
 943      7400
 944              	.LASF28:
 945 001e 696E345F 		.ascii	"in4_Write\000"
 945      57726974 
 945      6500
 946              	.LASF3:
 947 0028 73686F72 		.ascii	"short unsigned int\000"
 947      7420756E 
 947      7369676E 
 947      65642069 
 947      6E7400
 948              	.LASF32:
 949 003b 50574D31 		.ascii	"PWM1_Stop\000"
 949      5F53746F 
 949      7000
 950              	.LASF30:
 951 0045 50574D31 		.ascii	"PWM1_WriteCompare\000"
 951      5F577269 
 951      7465436F 
 951      6D706172 
 951      6500
 952              	.LASF11:
 953 0057 666C6F61 		.ascii	"float\000"
 953      7400
 954              	.LASF1:
 955 005d 756E7369 		.ascii	"unsigned char\000"
 955      676E6564 
 955      20636861 
ARM GAS  C:\Users\PETERW~1\AppData\Local\Temp\ccybLulg.s 			page 20


 955      7200
 956              	.LASF33:
 957 006b 474E5520 		.ascii	"GNU C11 5.4.1 20160609 (release) [ARM/embedded-5-br"
 957      43313120 
 957      352E342E 
 957      31203230 
 957      31363036 
 958 009e 616E6368 		.ascii	"anch revision 237715] -mcpu=cortex-m3 -mthumb -g -O"
 958      20726576 
 958      6973696F 
 958      6E203233 
 958      37373135 
 959 00d1 67202D66 		.ascii	"g -ffunction-sections -ffat-lto-objects\000"
 959      66756E63 
 959      74696F6E 
 959      2D736563 
 959      74696F6E 
 960              	.LASF5:
 961 00f9 6C6F6E67 		.ascii	"long unsigned int\000"
 961      20756E73 
 961      69676E65 
 961      6420696E 
 961      7400
 962              	.LASF21:
 963 010b 64726976 		.ascii	"driveStop\000"
 963      6553746F 
 963      7000
 964              	.LASF17:
 965 0115 64726976 		.ascii	"driveForward\000"
 965      65466F72 
 965      77617264 
 965      00
 966              	.LASF36:
 967 0122 49544D5F 		.ascii	"ITM_RxBuffer\000"
 967      52784275 
 967      66666572 
 967      00
 968              	.LASF35:
 969 012f 433A5C49 		.ascii	"C:\\IKT\\3semesterprojekt\\Workspace01\\Design01.cy"
 969      4B545C33 
 969      73656D65 
 969      73746572 
 969      70726F6A 
 970 015e 64736E00 		.ascii	"dsn\000"
 971              	.LASF12:
 972 0162 646F7562 		.ascii	"double\000"
 972      6C6500
 973              	.LASF18:
 974 0169 64726976 		.ascii	"driveBackward\000"
 974      65426163 
 974      6B776172 
 974      6400
 975              	.LASF31:
 976 0177 50574D32 		.ascii	"PWM2_Stop\000"
 976      5F53746F 
 976      7000
 977              	.LASF22:
ARM GAS  C:\Users\PETERW~1\AppData\Local\Temp\ccybLulg.s 			page 21


 978 0181 50574D31 		.ascii	"PWM1_Start\000"
 978      5F537461 
 978      727400
 979              	.LASF8:
 980 018c 756E7369 		.ascii	"unsigned int\000"
 980      676E6564 
 980      20696E74 
 980      00
 981              	.LASF7:
 982 0199 6C6F6E67 		.ascii	"long long unsigned int\000"
 982      206C6F6E 
 982      6720756E 
 982      7369676E 
 982      65642069 
 983              	.LASF16:
 984 01b0 696E6974 		.ascii	"initMotor\000"
 984      4D6F746F 
 984      7200
 985              	.LASF4:
 986 01ba 6C6F6E67 		.ascii	"long int\000"
 986      20696E74 
 986      00
 987              	.LASF10:
 988 01c3 696E7433 		.ascii	"int32_t\000"
 988      325F7400 
 989              	.LASF15:
 990 01cb 73697A65 		.ascii	"sizetype\000"
 990      74797065 
 990      00
 991              	.LASF6:
 992 01d4 6C6F6E67 		.ascii	"long long int\000"
 992      206C6F6E 
 992      6720696E 
 992      7400
 993              	.LASF29:
 994 01e2 50574D32 		.ascii	"PWM2_WriteCompare\000"
 994      5F577269 
 994      7465436F 
 994      6D706172 
 994      6500
 995              	.LASF13:
 996 01f4 63686172 		.ascii	"char\000"
 996      00
 997              	.LASF34:
 998 01f9 6D6F746F 		.ascii	"motorStyring.c\000"
 998      72537479 
 998      72696E67 
 998      2E6300
 999              	.LASF2:
 1000 0208 73686F72 		.ascii	"short int\000"
 1000      7420696E 
 1000      7400
 1001              	.LASF23:
 1002 0212 50574D32 		.ascii	"PWM2_Start\000"
 1002      5F537461 
 1002      727400
 1003              	.LASF14:
ARM GAS  C:\Users\PETERW~1\AppData\Local\Temp\ccybLulg.s 			page 22


 1004 021d 6C6F6E67 		.ascii	"long double\000"
 1004      20646F75 
 1004      626C6500 
 1005              	.LASF0:
 1006 0229 7369676E 		.ascii	"signed char\000"
 1006      65642063 
 1006      68617200 
 1007              	.LASF24:
 1008 0235 55415254 		.ascii	"UART_PutString\000"
 1008      5F507574 
 1008      53747269 
 1008      6E6700
 1009              	.LASF19:
 1010 0244 64726976 		.ascii	"driveLeft\000"
 1010      654C6566 
 1010      7400
 1011              	.LASF25:
 1012 024e 696E315F 		.ascii	"in1_Write\000"
 1012      57726974 
 1012      6500
 1013              	.LASF20:
 1014 0258 64726976 		.ascii	"driveRight\000"
 1014      65526967 
 1014      687400
 1015              		.ident	"GCC: (GNU Tools for ARM Embedded Processors) 5.4.1 20160609 (release) [ARM/embedded-5-bran
