ARM GAS  C:\Users\Henry\AppData\Local\Temp\ccWk4oba.s 			page 1


   1              		.syntax unified
   2              		.cpu cortex-m3
   3              		.fpu softvfp
   4              		.eabi_attribute 20, 1
   5              		.eabi_attribute 21, 1
   6              		.eabi_attribute 23, 3
   7              		.eabi_attribute 24, 1
   8              		.eabi_attribute 25, 1
   9              		.eabi_attribute 26, 1
  10              		.eabi_attribute 30, 1
  11              		.eabi_attribute 34, 1
  12              		.eabi_attribute 18, 4
  13              		.thumb
  14              		.syntax unified
  15              		.file	"hcsr04.c"
  16              		.text
  17              	.Ltext0:
  18              		.cfi_sections	.debug_frame
  19              		.section	.text.initDistSens,"ax",%progbits
  20              		.align	2
  21              		.global	initDistSens
  22              		.thumb
  23              		.thumb_func
  24              		.type	initDistSens, %function
  25              	initDistSens:
  26              	.LFB64:
  27              		.file 1 "hcsr04.c"
   1:hcsr04.c      **** /* ========================================
   2:hcsr04.c      ****  *
   3:hcsr04.c      ****  * Copyright YOUR COMPANY, THE YEAR
   4:hcsr04.c      ****  * All Rights Reserved
   5:hcsr04.c      ****  * UNPUBLISHED, LICENSED SOFTWARE.
   6:hcsr04.c      ****  *
   7:hcsr04.c      ****  * CONFIDENTIAL AND PROPRIETARY INFORMATION
   8:hcsr04.c      ****  * WHICH IS THE PROPERTY OF your company.
   9:hcsr04.c      ****  *
  10:hcsr04.c      ****  * ========================================
  11:hcsr04.c      **** */
  12:hcsr04.c      **** #include "project.h"
  13:hcsr04.c      **** #include <stdio.h>
  14:hcsr04.c      **** #include <stdlib.h>
  15:hcsr04.c      **** 
  16:hcsr04.c      **** int distance;
  17:hcsr04.c      **** static char outputBuffer[256];
  18:hcsr04.c      **** CY_ISR_PROTO(Timer_int_Handler);
  19:hcsr04.c      **** 
  20:hcsr04.c      **** 
  21:hcsr04.c      **** void initDistSens()
  22:hcsr04.c      **** {
  28              		.loc 1 22 0
  29              		.cfi_startproc
  30              		@ args = 0, pretend = 0, frame = 0
  31              		@ frame_needed = 0, uses_anonymous_args = 0
  32 0000 08B5     		push	{r3, lr}
  33              		.cfi_def_cfa_offset 8
  34              		.cfi_offset 3, -8
  35              		.cfi_offset 14, -4
ARM GAS  C:\Users\Henry\AppData\Local\Temp\ccWk4oba.s 			page 2


  23:hcsr04.c      ****     PWM_Trigger_Start();
  36              		.loc 1 23 0
  37 0002 FFF7FEFF 		bl	PWM_Trigger_Start
  38              	.LVL0:
  24:hcsr04.c      ****     UART_1_Start();
  39              		.loc 1 24 0
  40 0006 FFF7FEFF 		bl	UART_1_Start
  41              	.LVL1:
  25:hcsr04.c      ****     Timer_Start();
  42              		.loc 1 25 0
  43 000a FFF7FEFF 		bl	Timer_Start
  44              	.LVL2:
  26:hcsr04.c      ****     Timer_int_StartEx(Timer_int_Handler);
  45              		.loc 1 26 0
  46 000e 0248     		ldr	r0, .L3
  47 0010 FFF7FEFF 		bl	Timer_int_StartEx
  48              	.LVL3:
  49 0014 08BD     		pop	{r3, pc}
  50              	.L4:
  51 0016 00BF     		.align	2
  52              	.L3:
  53 0018 00000000 		.word	Timer_int_Handler
  54              		.cfi_endproc
  55              	.LFE64:
  56              		.size	initDistSens, .-initDistSens
  57              		.global	__aeabi_i2d
  58              		.global	__aeabi_dmul
  59              		.global	__aeabi_d2iz
  60              		.section	.text.calcDist,"ax",%progbits
  61              		.align	2
  62              		.global	calcDist
  63              		.thumb
  64              		.thumb_func
  65              		.type	calcDist, %function
  66              	calcDist:
  67              	.LFB65:
  27:hcsr04.c      **** }
  28:hcsr04.c      **** 
  29:hcsr04.c      **** int calcDist()
  30:hcsr04.c      **** {
  68              		.loc 1 30 0
  69              		.cfi_startproc
  70              		@ args = 0, pretend = 0, frame = 0
  71              		@ frame_needed = 0, uses_anonymous_args = 0
  72 0000 08B5     		push	{r3, lr}
  73              		.cfi_def_cfa_offset 8
  74              		.cfi_offset 3, -8
  75              		.cfi_offset 14, -4
  31:hcsr04.c      ****     int capture = Timer_ReadCapture();
  76              		.loc 1 31 0
  77 0002 FFF7FEFF 		bl	Timer_ReadCapture
  78              	.LVL4:
  32:hcsr04.c      ****     //snprintf(outputBuffer, sizeof(outputBuffer), "Counter: %d \r\n", capture);
  33:hcsr04.c      ****     //UART_1_PutString(outputBuffer);
  34:hcsr04.c      ****     
  35:hcsr04.c      ****     distance = (65535 - capture) * 0.017;
  79              		.loc 1 35 0
ARM GAS  C:\Users\Henry\AppData\Local\Temp\ccWk4oba.s 			page 3


  80 0006 C0F57F40 		rsb	r0, r0, #65280
  81              	.LVL5:
  82 000a FF30     		adds	r0, r0, #255
  83 000c FFF7FEFF 		bl	__aeabi_i2d
  84              	.LVL6:
  85 0010 05A3     		adr	r3, .L7
  86 0012 D3E90023 		ldrd	r2, [r3]
  87 0016 FFF7FEFF 		bl	__aeabi_dmul
  88              	.LVL7:
  89 001a FFF7FEFF 		bl	__aeabi_d2iz
  90              	.LVL8:
  91 001e 044B     		ldr	r3, .L7+8
  92 0020 1860     		str	r0, [r3]
  36:hcsr04.c      ****     /*if(capture > 65250 && capture < 65340)
  37:hcsr04.c      ****     {
  38:hcsr04.c      ****         distance = 500;
  39:hcsr04.c      ****     }*/
  40:hcsr04.c      ****     return distance;
  41:hcsr04.c      **** }
  93              		.loc 1 41 0
  94 0022 08BD     		pop	{r3, pc}
  95              	.L8:
  96 0024 AFF30080 		.align	3
  97              	.L7:
  98 0028 9CC420B0 		.word	-1340029796
  99 002c 7268913F 		.word	1066494066
 100 0030 00000000 		.word	distance
 101              		.cfi_endproc
 102              	.LFE65:
 103              		.size	calcDist, .-calcDist
 104              		.section	.text.getDistance,"ax",%progbits
 105              		.align	2
 106              		.global	getDistance
 107              		.thumb
 108              		.thumb_func
 109              		.type	getDistance, %function
 110              	getDistance:
 111              	.LFB66:
  42:hcsr04.c      **** 
  43:hcsr04.c      **** int getDistance()
  44:hcsr04.c      **** {
 112              		.loc 1 44 0
 113              		.cfi_startproc
 114              		@ args = 0, pretend = 0, frame = 0
 115              		@ frame_needed = 0, uses_anonymous_args = 0
 116              		@ link register save eliminated.
  45:hcsr04.c      ****     return distance;
  46:hcsr04.c      **** }
 117              		.loc 1 46 0
 118 0000 014B     		ldr	r3, .L10
 119 0002 1868     		ldr	r0, [r3]
 120 0004 7047     		bx	lr
 121              	.L11:
 122 0006 00BF     		.align	2
 123              	.L10:
 124 0008 00000000 		.word	distance
 125              		.cfi_endproc
ARM GAS  C:\Users\Henry\AppData\Local\Temp\ccWk4oba.s 			page 4


 126              	.LFE66:
 127              		.size	getDistance, .-getDistance
 128              		.section	.text.outputDistanceToUART,"ax",%progbits
 129              		.align	2
 130              		.global	outputDistanceToUART
 131              		.thumb
 132              		.thumb_func
 133              		.type	outputDistanceToUART, %function
 134              	outputDistanceToUART:
 135              	.LFB67:
  47:hcsr04.c      **** 
  48:hcsr04.c      **** int outputDistanceToUART(int distance)
  49:hcsr04.c      **** {
 136              		.loc 1 49 0
 137              		.cfi_startproc
 138              		@ args = 0, pretend = 0, frame = 0
 139              		@ frame_needed = 0, uses_anonymous_args = 0
 140              	.LVL9:
 141 0000 38B5     		push	{r3, r4, r5, lr}
 142              		.cfi_def_cfa_offset 16
 143              		.cfi_offset 3, -16
 144              		.cfi_offset 4, -12
 145              		.cfi_offset 5, -8
 146              		.cfi_offset 14, -4
 147 0002 0446     		mov	r4, r0
  50:hcsr04.c      ****     snprintf(outputBuffer, sizeof(outputBuffer), "Distance: %d cm \r\n", distance);
 148              		.loc 1 50 0
 149 0004 064D     		ldr	r5, .L14
 150 0006 0346     		mov	r3, r0
 151 0008 064A     		ldr	r2, .L14+4
 152 000a 4FF48071 		mov	r1, #256
 153 000e 2846     		mov	r0, r5
 154              	.LVL10:
 155 0010 FFF7FEFF 		bl	snprintf
 156              	.LVL11:
  51:hcsr04.c      ****     UART_1_PutString(outputBuffer);
 157              		.loc 1 51 0
 158 0014 2846     		mov	r0, r5
 159 0016 FFF7FEFF 		bl	UART_1_PutString
 160              	.LVL12:
  52:hcsr04.c      ****     return distance;
  53:hcsr04.c      **** }
 161              		.loc 1 53 0
 162 001a 2046     		mov	r0, r4
 163 001c 38BD     		pop	{r3, r4, r5, pc}
 164              	.LVL13:
 165              	.L15:
 166 001e 00BF     		.align	2
 167              	.L14:
 168 0020 00000000 		.word	.LANCHOR0
 169 0024 00000000 		.word	.LC0
 170              		.cfi_endproc
 171              	.LFE67:
 172              		.size	outputDistanceToUART, .-outputDistanceToUART
 173              		.section	.text.Timer_int_Handler,"ax",%progbits
 174              		.align	2
 175              		.global	Timer_int_Handler
ARM GAS  C:\Users\Henry\AppData\Local\Temp\ccWk4oba.s 			page 5


 176              		.thumb
 177              		.thumb_func
 178              		.type	Timer_int_Handler, %function
 179              	Timer_int_Handler:
 180              	.LFB68:
  54:hcsr04.c      **** 
  55:hcsr04.c      **** 
  56:hcsr04.c      **** CY_ISR(Timer_int_Handler)
  57:hcsr04.c      **** {
 181              		.loc 1 57 0
 182              		.cfi_startproc
 183              		@ args = 0, pretend = 0, frame = 0
 184              		@ frame_needed = 0, uses_anonymous_args = 0
 185 0000 08B5     		push	{r3, lr}
 186              		.cfi_def_cfa_offset 8
 187              		.cfi_offset 3, -8
 188              		.cfi_offset 14, -4
  58:hcsr04.c      ****     distance = outputDistanceToUART(calcDist());
 189              		.loc 1 58 0
 190 0002 FFF7FEFF 		bl	calcDist
 191              	.LVL14:
 192 0006 FFF7FEFF 		bl	outputDistanceToUART
 193              	.LVL15:
 194 000a 024B     		ldr	r3, .L18
 195 000c 1860     		str	r0, [r3]
  59:hcsr04.c      ****     Timer_ClearFIFO();
 196              		.loc 1 59 0
 197 000e FFF7FEFF 		bl	Timer_ClearFIFO
 198              	.LVL16:
 199 0012 08BD     		pop	{r3, pc}
 200              	.L19:
 201              		.align	2
 202              	.L18:
 203 0014 00000000 		.word	distance
 204              		.cfi_endproc
 205              	.LFE68:
 206              		.size	Timer_int_Handler, .-Timer_int_Handler
 207              		.comm	distance,4,4
 208              		.section	.rodata.str1.4,"aMS",%progbits,1
 209              		.align	2
 210              	.LC0:
 211 0000 44697374 		.ascii	"Distance: %d cm \015\012\000"
 211      616E6365 
 211      3A202564 
 211      20636D20 
 211      0D0A00
 212              		.bss
 213              		.align	2
 214              		.set	.LANCHOR0,. + 0
 215              		.type	outputBuffer, %object
 216              		.size	outputBuffer, 256
 217              	outputBuffer:
 218 0000 00000000 		.space	256
 218      00000000 
 218      00000000 
 218      00000000 
 218      00000000 
ARM GAS  C:\Users\Henry\AppData\Local\Temp\ccWk4oba.s 			page 6


 219              		.text
 220              	.Letext0:
 221              		.file 2 "c:\\program files (x86)\\cypress\\psoc creator\\4.3\\psoc creator\\import\\gnu\\arm\\5.4.
 222              		.file 3 "c:\\program files (x86)\\cypress\\psoc creator\\4.3\\psoc creator\\import\\gnu\\arm\\5.4.
 223              		.file 4 "Generated_Source\\PSoC5/core_cm3.h"
 224              		.file 5 "Generated_Source\\PSoC5/PWM_Trigger.h"
 225              		.file 6 "Generated_Source\\PSoC5/UART_1.h"
 226              		.file 7 "Generated_Source\\PSoC5/Timer.h"
 227              		.file 8 "Generated_Source\\PSoC5/Timer_int.h"
 228              		.file 9 "c:\\program files (x86)\\cypress\\psoc creator\\4.3\\psoc creator\\import\\gnu\\arm\\5.4.
 229              		.section	.debug_info,"",%progbits
 230              	.Ldebug_info0:
 231 0000 5B020000 		.4byte	0x25b
 232 0004 0400     		.2byte	0x4
 233 0006 00000000 		.4byte	.Ldebug_abbrev0
 234 000a 04       		.byte	0x4
 235 000b 01       		.uleb128 0x1
 236 000c F7000000 		.4byte	.LASF30
 237 0010 0C       		.byte	0xc
 238 0011 0D000000 		.4byte	.LASF31
 239 0015 77000000 		.4byte	.LASF32
 240 0019 00000000 		.4byte	.Ldebug_ranges0+0
 241 001d 00000000 		.4byte	0
 242 0021 00000000 		.4byte	.Ldebug_line0
 243 0025 02       		.uleb128 0x2
 244 0026 01       		.byte	0x1
 245 0027 06       		.byte	0x6
 246 0028 7F020000 		.4byte	.LASF0
 247 002c 02       		.uleb128 0x2
 248 002d 01       		.byte	0x1
 249 002e 08       		.byte	0x8
 250 002f E9000000 		.4byte	.LASF1
 251 0033 02       		.uleb128 0x2
 252 0034 02       		.byte	0x2
 253 0035 05       		.byte	0x5
 254 0036 4E020000 		.4byte	.LASF2
 255 003a 02       		.uleb128 0x2
 256 003b 02       		.byte	0x2
 257 003c 07       		.byte	0x7
 258 003d A4010000 		.4byte	.LASF3
 259 0041 03       		.uleb128 0x3
 260 0042 31000000 		.4byte	.LASF9
 261 0046 02       		.byte	0x2
 262 0047 3F       		.byte	0x3f
 263 0048 4C000000 		.4byte	0x4c
 264 004c 02       		.uleb128 0x2
 265 004d 04       		.byte	0x4
 266 004e 05       		.byte	0x5
 267 004f 6A020000 		.4byte	.LASF4
 268 0053 02       		.uleb128 0x2
 269 0054 04       		.byte	0x4
 270 0055 07       		.byte	0x7
 271 0056 92010000 		.4byte	.LASF5
 272 005a 02       		.uleb128 0x2
 273 005b 08       		.byte	0x8
 274 005c 05       		.byte	0x5
 275 005d 3B020000 		.4byte	.LASF6
ARM GAS  C:\Users\Henry\AppData\Local\Temp\ccWk4oba.s 			page 7


 276 0061 02       		.uleb128 0x2
 277 0062 08       		.byte	0x8
 278 0063 07       		.byte	0x7
 279 0064 06020000 		.4byte	.LASF7
 280 0068 04       		.uleb128 0x4
 281 0069 04       		.byte	0x4
 282 006a 05       		.byte	0x5
 283 006b 696E7400 		.ascii	"int\000"
 284 006f 02       		.uleb128 0x2
 285 0070 04       		.byte	0x4
 286 0071 07       		.byte	0x7
 287 0072 F9010000 		.4byte	.LASF8
 288 0076 03       		.uleb128 0x3
 289 0077 1D020000 		.4byte	.LASF10
 290 007b 03       		.byte	0x3
 291 007c 2C       		.byte	0x2c
 292 007d 41000000 		.4byte	0x41
 293 0081 02       		.uleb128 0x2
 294 0082 04       		.byte	0x4
 295 0083 04       		.byte	0x4
 296 0084 E3000000 		.4byte	.LASF11
 297 0088 02       		.uleb128 0x2
 298 0089 08       		.byte	0x8
 299 008a 04       		.byte	0x4
 300 008b D4010000 		.4byte	.LASF12
 301 008f 02       		.uleb128 0x2
 302 0090 01       		.byte	0x1
 303 0091 08       		.byte	0x8
 304 0092 49020000 		.4byte	.LASF13
 305 0096 02       		.uleb128 0x2
 306 0097 08       		.byte	0x8
 307 0098 04       		.byte	0x4
 308 0099 73020000 		.4byte	.LASF14
 309 009d 02       		.uleb128 0x2
 310 009e 04       		.byte	0x4
 311 009f 07       		.byte	0x7
 312 00a0 25020000 		.4byte	.LASF15
 313 00a4 05       		.uleb128 0x5
 314 00a5 2E020000 		.4byte	.LASF33
 315 00a9 01       		.byte	0x1
 316 00aa 15       		.byte	0x15
 317 00ab 00000000 		.4byte	.LFB64
 318 00af 1C000000 		.4byte	.LFE64-.LFB64
 319 00b3 01       		.uleb128 0x1
 320 00b4 9C       		.byte	0x9c
 321 00b5 E8000000 		.4byte	0xe8
 322 00b9 06       		.uleb128 0x6
 323 00ba 06000000 		.4byte	.LVL0
 324 00be 06020000 		.4byte	0x206
 325 00c2 06       		.uleb128 0x6
 326 00c3 0A000000 		.4byte	.LVL1
 327 00c7 11020000 		.4byte	0x211
 328 00cb 06       		.uleb128 0x6
 329 00cc 0E000000 		.4byte	.LVL2
 330 00d0 1C020000 		.4byte	0x21c
 331 00d4 07       		.uleb128 0x7
 332 00d5 14000000 		.4byte	.LVL3
ARM GAS  C:\Users\Henry\AppData\Local\Temp\ccWk4oba.s 			page 8


 333 00d9 27020000 		.4byte	0x227
 334 00dd 08       		.uleb128 0x8
 335 00de 01       		.uleb128 0x1
 336 00df 50       		.byte	0x50
 337 00e0 05       		.uleb128 0x5
 338 00e1 03       		.byte	0x3
 339 00e2 00000000 		.4byte	Timer_int_Handler
 340 00e6 00       		.byte	0
 341 00e7 00       		.byte	0
 342 00e8 09       		.uleb128 0x9
 343 00e9 28000000 		.4byte	.LASF16
 344 00ed 01       		.byte	0x1
 345 00ee 1D       		.byte	0x1d
 346 00ef 68000000 		.4byte	0x68
 347 00f3 00000000 		.4byte	.LFB65
 348 00f7 34000000 		.4byte	.LFE65-.LFB65
 349 00fb 01       		.uleb128 0x1
 350 00fc 9C       		.byte	0x9c
 351 00fd 1A010000 		.4byte	0x11a
 352 0101 0A       		.uleb128 0xa
 353 0102 9C020000 		.4byte	.LASF18
 354 0106 01       		.byte	0x1
 355 0107 1F       		.byte	0x1f
 356 0108 68000000 		.4byte	0x68
 357 010c 00000000 		.4byte	.LLST0
 358 0110 06       		.uleb128 0x6
 359 0111 06000000 		.4byte	.LVL4
 360 0115 32020000 		.4byte	0x232
 361 0119 00       		.byte	0
 362 011a 0B       		.uleb128 0xb
 363 011b 59000000 		.4byte	.LASF34
 364 011f 01       		.byte	0x1
 365 0120 2B       		.byte	0x2b
 366 0121 68000000 		.4byte	0x68
 367 0125 00000000 		.4byte	.LFB66
 368 0129 0C000000 		.4byte	.LFE66-.LFB66
 369 012d 01       		.uleb128 0x1
 370 012e 9C       		.byte	0x9c
 371 012f 0C       		.uleb128 0xc
 372 0130 44000000 		.4byte	.LASF35
 373 0134 01       		.byte	0x1
 374 0135 30       		.byte	0x30
 375 0136 68000000 		.4byte	0x68
 376 013a 00000000 		.4byte	.LFB67
 377 013e 28000000 		.4byte	.LFE67-.LFB67
 378 0142 01       		.uleb128 0x1
 379 0143 9C       		.byte	0x9c
 380 0144 92010000 		.4byte	0x192
 381 0148 0D       		.uleb128 0xd
 382 0149 DA000000 		.4byte	.LASF21
 383 014d 01       		.byte	0x1
 384 014e 30       		.byte	0x30
 385 014f 68000000 		.4byte	0x68
 386 0153 13000000 		.4byte	.LLST1
 387 0157 0E       		.uleb128 0xe
 388 0158 14000000 		.4byte	.LVL11
 389 015c 3D020000 		.4byte	0x23d
ARM GAS  C:\Users\Henry\AppData\Local\Temp\ccWk4oba.s 			page 9


 390 0160 81010000 		.4byte	0x181
 391 0164 08       		.uleb128 0x8
 392 0165 01       		.uleb128 0x1
 393 0166 50       		.byte	0x50
 394 0167 02       		.uleb128 0x2
 395 0168 75       		.byte	0x75
 396 0169 00       		.sleb128 0
 397 016a 08       		.uleb128 0x8
 398 016b 01       		.uleb128 0x1
 399 016c 51       		.byte	0x51
 400 016d 03       		.uleb128 0x3
 401 016e 0A       		.byte	0xa
 402 016f 0001     		.2byte	0x100
 403 0171 08       		.uleb128 0x8
 404 0172 01       		.uleb128 0x1
 405 0173 52       		.byte	0x52
 406 0174 05       		.uleb128 0x5
 407 0175 03       		.byte	0x3
 408 0176 00000000 		.4byte	.LC0
 409 017a 08       		.uleb128 0x8
 410 017b 01       		.uleb128 0x1
 411 017c 53       		.byte	0x53
 412 017d 02       		.uleb128 0x2
 413 017e 74       		.byte	0x74
 414 017f 00       		.sleb128 0
 415 0180 00       		.byte	0
 416 0181 07       		.uleb128 0x7
 417 0182 1A000000 		.4byte	.LVL12
 418 0186 48020000 		.4byte	0x248
 419 018a 08       		.uleb128 0x8
 420 018b 01       		.uleb128 0x1
 421 018c 50       		.byte	0x50
 422 018d 02       		.uleb128 0x2
 423 018e 75       		.byte	0x75
 424 018f 00       		.sleb128 0
 425 0190 00       		.byte	0
 426 0191 00       		.byte	0
 427 0192 0F       		.uleb128 0xf
 428 0193 DB010000 		.4byte	.LASF17
 429 0197 01       		.byte	0x1
 430 0198 38       		.byte	0x38
 431 0199 00000000 		.4byte	.LFB68
 432 019d 18000000 		.4byte	.LFE68-.LFB68
 433 01a1 01       		.uleb128 0x1
 434 01a2 9C       		.byte	0x9c
 435 01a3 C3010000 		.4byte	0x1c3
 436 01a7 06       		.uleb128 0x6
 437 01a8 06000000 		.4byte	.LVL14
 438 01ac E8000000 		.4byte	0xe8
 439 01b0 06       		.uleb128 0x6
 440 01b1 0A000000 		.4byte	.LVL15
 441 01b5 2F010000 		.4byte	0x12f
 442 01b9 06       		.uleb128 0x6
 443 01ba 12000000 		.4byte	.LVL16
 444 01be 53020000 		.4byte	0x253
 445 01c2 00       		.byte	0
 446 01c3 10       		.uleb128 0x10
ARM GAS  C:\Users\Henry\AppData\Local\Temp\ccWk4oba.s 			page 10


 447 01c4 8F000000 		.4byte	0x8f
 448 01c8 D3010000 		.4byte	0x1d3
 449 01cc 11       		.uleb128 0x11
 450 01cd 9D000000 		.4byte	0x9d
 451 01d1 FF       		.byte	0xff
 452 01d2 00       		.byte	0
 453 01d3 12       		.uleb128 0x12
 454 01d4 85010000 		.4byte	.LASF19
 455 01d8 01       		.byte	0x1
 456 01d9 11       		.byte	0x11
 457 01da C3010000 		.4byte	0x1c3
 458 01de 05       		.uleb128 0x5
 459 01df 03       		.byte	0x3
 460 01e0 00000000 		.4byte	outputBuffer
 461 01e4 13       		.uleb128 0x13
 462 01e5 C7010000 		.4byte	.LASF20
 463 01e9 04       		.byte	0x4
 464 01ea 1207     		.2byte	0x712
 465 01ec F0010000 		.4byte	0x1f0
 466 01f0 14       		.uleb128 0x14
 467 01f1 76000000 		.4byte	0x76
 468 01f5 15       		.uleb128 0x15
 469 01f6 DA000000 		.4byte	.LASF21
 470 01fa 01       		.byte	0x1
 471 01fb 10       		.byte	0x10
 472 01fc 68000000 		.4byte	0x68
 473 0200 05       		.uleb128 0x5
 474 0201 03       		.byte	0x3
 475 0202 00000000 		.4byte	distance
 476 0206 16       		.uleb128 0x16
 477 0207 16000000 		.4byte	.LASF22
 478 020b 16000000 		.4byte	.LASF22
 479 020f 05       		.byte	0x5
 480 0210 92       		.byte	0x92
 481 0211 16       		.uleb128 0x16
 482 0212 00000000 		.4byte	.LASF23
 483 0216 00000000 		.4byte	.LASF23
 484 021a 06       		.byte	0x6
 485 021b 54       		.byte	0x54
 486 021c 16       		.uleb128 0x16
 487 021d ED010000 		.4byte	.LASF24
 488 0221 ED010000 		.4byte	.LASF24
 489 0225 07       		.byte	0x7
 490 0226 5A       		.byte	0x5a
 491 0227 16       		.uleb128 0x16
 492 0228 65000000 		.4byte	.LASF25
 493 022c 65000000 		.4byte	.LASF25
 494 0230 08       		.byte	0x8
 495 0231 18       		.byte	0x18
 496 0232 16       		.uleb128 0x16
 497 0233 58020000 		.4byte	.LASF26
 498 0237 58020000 		.4byte	.LASF26
 499 023b 07       		.byte	0x7
 500 023c 6B       		.byte	0x6b
 501 023d 16       		.uleb128 0x16
 502 023e 3B000000 		.4byte	.LASF27
 503 0242 3B000000 		.4byte	.LASF27
ARM GAS  C:\Users\Henry\AppData\Local\Temp\ccWk4oba.s 			page 11


 504 0246 09       		.byte	0x9
 505 0247 FD       		.byte	0xfd
 506 0248 16       		.uleb128 0x16
 507 0249 8B020000 		.4byte	.LASF28
 508 024d 8B020000 		.4byte	.LASF28
 509 0251 06       		.byte	0x6
 510 0252 8B       		.byte	0x8b
 511 0253 16       		.uleb128 0x16
 512 0254 B7010000 		.4byte	.LASF29
 513 0258 B7010000 		.4byte	.LASF29
 514 025c 07       		.byte	0x7
 515 025d 86       		.byte	0x86
 516 025e 00       		.byte	0
 517              		.section	.debug_abbrev,"",%progbits
 518              	.Ldebug_abbrev0:
 519 0000 01       		.uleb128 0x1
 520 0001 11       		.uleb128 0x11
 521 0002 01       		.byte	0x1
 522 0003 25       		.uleb128 0x25
 523 0004 0E       		.uleb128 0xe
 524 0005 13       		.uleb128 0x13
 525 0006 0B       		.uleb128 0xb
 526 0007 03       		.uleb128 0x3
 527 0008 0E       		.uleb128 0xe
 528 0009 1B       		.uleb128 0x1b
 529 000a 0E       		.uleb128 0xe
 530 000b 55       		.uleb128 0x55
 531 000c 17       		.uleb128 0x17
 532 000d 11       		.uleb128 0x11
 533 000e 01       		.uleb128 0x1
 534 000f 10       		.uleb128 0x10
 535 0010 17       		.uleb128 0x17
 536 0011 00       		.byte	0
 537 0012 00       		.byte	0
 538 0013 02       		.uleb128 0x2
 539 0014 24       		.uleb128 0x24
 540 0015 00       		.byte	0
 541 0016 0B       		.uleb128 0xb
 542 0017 0B       		.uleb128 0xb
 543 0018 3E       		.uleb128 0x3e
 544 0019 0B       		.uleb128 0xb
 545 001a 03       		.uleb128 0x3
 546 001b 0E       		.uleb128 0xe
 547 001c 00       		.byte	0
 548 001d 00       		.byte	0
 549 001e 03       		.uleb128 0x3
 550 001f 16       		.uleb128 0x16
 551 0020 00       		.byte	0
 552 0021 03       		.uleb128 0x3
 553 0022 0E       		.uleb128 0xe
 554 0023 3A       		.uleb128 0x3a
 555 0024 0B       		.uleb128 0xb
 556 0025 3B       		.uleb128 0x3b
 557 0026 0B       		.uleb128 0xb
 558 0027 49       		.uleb128 0x49
 559 0028 13       		.uleb128 0x13
 560 0029 00       		.byte	0
ARM GAS  C:\Users\Henry\AppData\Local\Temp\ccWk4oba.s 			page 12


 561 002a 00       		.byte	0
 562 002b 04       		.uleb128 0x4
 563 002c 24       		.uleb128 0x24
 564 002d 00       		.byte	0
 565 002e 0B       		.uleb128 0xb
 566 002f 0B       		.uleb128 0xb
 567 0030 3E       		.uleb128 0x3e
 568 0031 0B       		.uleb128 0xb
 569 0032 03       		.uleb128 0x3
 570 0033 08       		.uleb128 0x8
 571 0034 00       		.byte	0
 572 0035 00       		.byte	0
 573 0036 05       		.uleb128 0x5
 574 0037 2E       		.uleb128 0x2e
 575 0038 01       		.byte	0x1
 576 0039 3F       		.uleb128 0x3f
 577 003a 19       		.uleb128 0x19
 578 003b 03       		.uleb128 0x3
 579 003c 0E       		.uleb128 0xe
 580 003d 3A       		.uleb128 0x3a
 581 003e 0B       		.uleb128 0xb
 582 003f 3B       		.uleb128 0x3b
 583 0040 0B       		.uleb128 0xb
 584 0041 11       		.uleb128 0x11
 585 0042 01       		.uleb128 0x1
 586 0043 12       		.uleb128 0x12
 587 0044 06       		.uleb128 0x6
 588 0045 40       		.uleb128 0x40
 589 0046 18       		.uleb128 0x18
 590 0047 9742     		.uleb128 0x2117
 591 0049 19       		.uleb128 0x19
 592 004a 01       		.uleb128 0x1
 593 004b 13       		.uleb128 0x13
 594 004c 00       		.byte	0
 595 004d 00       		.byte	0
 596 004e 06       		.uleb128 0x6
 597 004f 898201   		.uleb128 0x4109
 598 0052 00       		.byte	0
 599 0053 11       		.uleb128 0x11
 600 0054 01       		.uleb128 0x1
 601 0055 31       		.uleb128 0x31
 602 0056 13       		.uleb128 0x13
 603 0057 00       		.byte	0
 604 0058 00       		.byte	0
 605 0059 07       		.uleb128 0x7
 606 005a 898201   		.uleb128 0x4109
 607 005d 01       		.byte	0x1
 608 005e 11       		.uleb128 0x11
 609 005f 01       		.uleb128 0x1
 610 0060 31       		.uleb128 0x31
 611 0061 13       		.uleb128 0x13
 612 0062 00       		.byte	0
 613 0063 00       		.byte	0
 614 0064 08       		.uleb128 0x8
 615 0065 8A8201   		.uleb128 0x410a
 616 0068 00       		.byte	0
 617 0069 02       		.uleb128 0x2
ARM GAS  C:\Users\Henry\AppData\Local\Temp\ccWk4oba.s 			page 13


 618 006a 18       		.uleb128 0x18
 619 006b 9142     		.uleb128 0x2111
 620 006d 18       		.uleb128 0x18
 621 006e 00       		.byte	0
 622 006f 00       		.byte	0
 623 0070 09       		.uleb128 0x9
 624 0071 2E       		.uleb128 0x2e
 625 0072 01       		.byte	0x1
 626 0073 3F       		.uleb128 0x3f
 627 0074 19       		.uleb128 0x19
 628 0075 03       		.uleb128 0x3
 629 0076 0E       		.uleb128 0xe
 630 0077 3A       		.uleb128 0x3a
 631 0078 0B       		.uleb128 0xb
 632 0079 3B       		.uleb128 0x3b
 633 007a 0B       		.uleb128 0xb
 634 007b 49       		.uleb128 0x49
 635 007c 13       		.uleb128 0x13
 636 007d 11       		.uleb128 0x11
 637 007e 01       		.uleb128 0x1
 638 007f 12       		.uleb128 0x12
 639 0080 06       		.uleb128 0x6
 640 0081 40       		.uleb128 0x40
 641 0082 18       		.uleb128 0x18
 642 0083 9642     		.uleb128 0x2116
 643 0085 19       		.uleb128 0x19
 644 0086 01       		.uleb128 0x1
 645 0087 13       		.uleb128 0x13
 646 0088 00       		.byte	0
 647 0089 00       		.byte	0
 648 008a 0A       		.uleb128 0xa
 649 008b 34       		.uleb128 0x34
 650 008c 00       		.byte	0
 651 008d 03       		.uleb128 0x3
 652 008e 0E       		.uleb128 0xe
 653 008f 3A       		.uleb128 0x3a
 654 0090 0B       		.uleb128 0xb
 655 0091 3B       		.uleb128 0x3b
 656 0092 0B       		.uleb128 0xb
 657 0093 49       		.uleb128 0x49
 658 0094 13       		.uleb128 0x13
 659 0095 02       		.uleb128 0x2
 660 0096 17       		.uleb128 0x17
 661 0097 00       		.byte	0
 662 0098 00       		.byte	0
 663 0099 0B       		.uleb128 0xb
 664 009a 2E       		.uleb128 0x2e
 665 009b 00       		.byte	0
 666 009c 3F       		.uleb128 0x3f
 667 009d 19       		.uleb128 0x19
 668 009e 03       		.uleb128 0x3
 669 009f 0E       		.uleb128 0xe
 670 00a0 3A       		.uleb128 0x3a
 671 00a1 0B       		.uleb128 0xb
 672 00a2 3B       		.uleb128 0x3b
 673 00a3 0B       		.uleb128 0xb
 674 00a4 49       		.uleb128 0x49
ARM GAS  C:\Users\Henry\AppData\Local\Temp\ccWk4oba.s 			page 14


 675 00a5 13       		.uleb128 0x13
 676 00a6 11       		.uleb128 0x11
 677 00a7 01       		.uleb128 0x1
 678 00a8 12       		.uleb128 0x12
 679 00a9 06       		.uleb128 0x6
 680 00aa 40       		.uleb128 0x40
 681 00ab 18       		.uleb128 0x18
 682 00ac 9742     		.uleb128 0x2117
 683 00ae 19       		.uleb128 0x19
 684 00af 00       		.byte	0
 685 00b0 00       		.byte	0
 686 00b1 0C       		.uleb128 0xc
 687 00b2 2E       		.uleb128 0x2e
 688 00b3 01       		.byte	0x1
 689 00b4 3F       		.uleb128 0x3f
 690 00b5 19       		.uleb128 0x19
 691 00b6 03       		.uleb128 0x3
 692 00b7 0E       		.uleb128 0xe
 693 00b8 3A       		.uleb128 0x3a
 694 00b9 0B       		.uleb128 0xb
 695 00ba 3B       		.uleb128 0x3b
 696 00bb 0B       		.uleb128 0xb
 697 00bc 27       		.uleb128 0x27
 698 00bd 19       		.uleb128 0x19
 699 00be 49       		.uleb128 0x49
 700 00bf 13       		.uleb128 0x13
 701 00c0 11       		.uleb128 0x11
 702 00c1 01       		.uleb128 0x1
 703 00c2 12       		.uleb128 0x12
 704 00c3 06       		.uleb128 0x6
 705 00c4 40       		.uleb128 0x40
 706 00c5 18       		.uleb128 0x18
 707 00c6 9742     		.uleb128 0x2117
 708 00c8 19       		.uleb128 0x19
 709 00c9 01       		.uleb128 0x1
 710 00ca 13       		.uleb128 0x13
 711 00cb 00       		.byte	0
 712 00cc 00       		.byte	0
 713 00cd 0D       		.uleb128 0xd
 714 00ce 05       		.uleb128 0x5
 715 00cf 00       		.byte	0
 716 00d0 03       		.uleb128 0x3
 717 00d1 0E       		.uleb128 0xe
 718 00d2 3A       		.uleb128 0x3a
 719 00d3 0B       		.uleb128 0xb
 720 00d4 3B       		.uleb128 0x3b
 721 00d5 0B       		.uleb128 0xb
 722 00d6 49       		.uleb128 0x49
 723 00d7 13       		.uleb128 0x13
 724 00d8 02       		.uleb128 0x2
 725 00d9 17       		.uleb128 0x17
 726 00da 00       		.byte	0
 727 00db 00       		.byte	0
 728 00dc 0E       		.uleb128 0xe
 729 00dd 898201   		.uleb128 0x4109
 730 00e0 01       		.byte	0x1
 731 00e1 11       		.uleb128 0x11
ARM GAS  C:\Users\Henry\AppData\Local\Temp\ccWk4oba.s 			page 15


 732 00e2 01       		.uleb128 0x1
 733 00e3 31       		.uleb128 0x31
 734 00e4 13       		.uleb128 0x13
 735 00e5 01       		.uleb128 0x1
 736 00e6 13       		.uleb128 0x13
 737 00e7 00       		.byte	0
 738 00e8 00       		.byte	0
 739 00e9 0F       		.uleb128 0xf
 740 00ea 2E       		.uleb128 0x2e
 741 00eb 01       		.byte	0x1
 742 00ec 3F       		.uleb128 0x3f
 743 00ed 19       		.uleb128 0x19
 744 00ee 03       		.uleb128 0x3
 745 00ef 0E       		.uleb128 0xe
 746 00f0 3A       		.uleb128 0x3a
 747 00f1 0B       		.uleb128 0xb
 748 00f2 3B       		.uleb128 0x3b
 749 00f3 0B       		.uleb128 0xb
 750 00f4 27       		.uleb128 0x27
 751 00f5 19       		.uleb128 0x19
 752 00f6 11       		.uleb128 0x11
 753 00f7 01       		.uleb128 0x1
 754 00f8 12       		.uleb128 0x12
 755 00f9 06       		.uleb128 0x6
 756 00fa 40       		.uleb128 0x40
 757 00fb 18       		.uleb128 0x18
 758 00fc 9742     		.uleb128 0x2117
 759 00fe 19       		.uleb128 0x19
 760 00ff 01       		.uleb128 0x1
 761 0100 13       		.uleb128 0x13
 762 0101 00       		.byte	0
 763 0102 00       		.byte	0
 764 0103 10       		.uleb128 0x10
 765 0104 01       		.uleb128 0x1
 766 0105 01       		.byte	0x1
 767 0106 49       		.uleb128 0x49
 768 0107 13       		.uleb128 0x13
 769 0108 01       		.uleb128 0x1
 770 0109 13       		.uleb128 0x13
 771 010a 00       		.byte	0
 772 010b 00       		.byte	0
 773 010c 11       		.uleb128 0x11
 774 010d 21       		.uleb128 0x21
 775 010e 00       		.byte	0
 776 010f 49       		.uleb128 0x49
 777 0110 13       		.uleb128 0x13
 778 0111 2F       		.uleb128 0x2f
 779 0112 0B       		.uleb128 0xb
 780 0113 00       		.byte	0
 781 0114 00       		.byte	0
 782 0115 12       		.uleb128 0x12
 783 0116 34       		.uleb128 0x34
 784 0117 00       		.byte	0
 785 0118 03       		.uleb128 0x3
 786 0119 0E       		.uleb128 0xe
 787 011a 3A       		.uleb128 0x3a
 788 011b 0B       		.uleb128 0xb
ARM GAS  C:\Users\Henry\AppData\Local\Temp\ccWk4oba.s 			page 16


 789 011c 3B       		.uleb128 0x3b
 790 011d 0B       		.uleb128 0xb
 791 011e 49       		.uleb128 0x49
 792 011f 13       		.uleb128 0x13
 793 0120 02       		.uleb128 0x2
 794 0121 18       		.uleb128 0x18
 795 0122 00       		.byte	0
 796 0123 00       		.byte	0
 797 0124 13       		.uleb128 0x13
 798 0125 34       		.uleb128 0x34
 799 0126 00       		.byte	0
 800 0127 03       		.uleb128 0x3
 801 0128 0E       		.uleb128 0xe
 802 0129 3A       		.uleb128 0x3a
 803 012a 0B       		.uleb128 0xb
 804 012b 3B       		.uleb128 0x3b
 805 012c 05       		.uleb128 0x5
 806 012d 49       		.uleb128 0x49
 807 012e 13       		.uleb128 0x13
 808 012f 3F       		.uleb128 0x3f
 809 0130 19       		.uleb128 0x19
 810 0131 3C       		.uleb128 0x3c
 811 0132 19       		.uleb128 0x19
 812 0133 00       		.byte	0
 813 0134 00       		.byte	0
 814 0135 14       		.uleb128 0x14
 815 0136 35       		.uleb128 0x35
 816 0137 00       		.byte	0
 817 0138 49       		.uleb128 0x49
 818 0139 13       		.uleb128 0x13
 819 013a 00       		.byte	0
 820 013b 00       		.byte	0
 821 013c 15       		.uleb128 0x15
 822 013d 34       		.uleb128 0x34
 823 013e 00       		.byte	0
 824 013f 03       		.uleb128 0x3
 825 0140 0E       		.uleb128 0xe
 826 0141 3A       		.uleb128 0x3a
 827 0142 0B       		.uleb128 0xb
 828 0143 3B       		.uleb128 0x3b
 829 0144 0B       		.uleb128 0xb
 830 0145 49       		.uleb128 0x49
 831 0146 13       		.uleb128 0x13
 832 0147 3F       		.uleb128 0x3f
 833 0148 19       		.uleb128 0x19
 834 0149 02       		.uleb128 0x2
 835 014a 18       		.uleb128 0x18
 836 014b 00       		.byte	0
 837 014c 00       		.byte	0
 838 014d 16       		.uleb128 0x16
 839 014e 2E       		.uleb128 0x2e
 840 014f 00       		.byte	0
 841 0150 3F       		.uleb128 0x3f
 842 0151 19       		.uleb128 0x19
 843 0152 3C       		.uleb128 0x3c
 844 0153 19       		.uleb128 0x19
 845 0154 6E       		.uleb128 0x6e
ARM GAS  C:\Users\Henry\AppData\Local\Temp\ccWk4oba.s 			page 17


 846 0155 0E       		.uleb128 0xe
 847 0156 03       		.uleb128 0x3
 848 0157 0E       		.uleb128 0xe
 849 0158 3A       		.uleb128 0x3a
 850 0159 0B       		.uleb128 0xb
 851 015a 3B       		.uleb128 0x3b
 852 015b 0B       		.uleb128 0xb
 853 015c 00       		.byte	0
 854 015d 00       		.byte	0
 855 015e 00       		.byte	0
 856              		.section	.debug_loc,"",%progbits
 857              	.Ldebug_loc0:
 858              	.LLST0:
 859 0000 06000000 		.4byte	.LVL4
 860 0004 0A000000 		.4byte	.LVL5
 861 0008 0100     		.2byte	0x1
 862 000a 50       		.byte	0x50
 863 000b 00000000 		.4byte	0
 864 000f 00000000 		.4byte	0
 865              	.LLST1:
 866 0013 00000000 		.4byte	.LVL9
 867 0017 10000000 		.4byte	.LVL10
 868 001b 0100     		.2byte	0x1
 869 001d 50       		.byte	0x50
 870 001e 10000000 		.4byte	.LVL10
 871 0022 13000000 		.4byte	.LVL11-1
 872 0026 0100     		.2byte	0x1
 873 0028 53       		.byte	0x53
 874 0029 13000000 		.4byte	.LVL11-1
 875 002d 1E000000 		.4byte	.LVL13
 876 0031 0100     		.2byte	0x1
 877 0033 54       		.byte	0x54
 878 0034 1E000000 		.4byte	.LVL13
 879 0038 28000000 		.4byte	.LFE67
 880 003c 0100     		.2byte	0x1
 881 003e 50       		.byte	0x50
 882 003f 00000000 		.4byte	0
 883 0043 00000000 		.4byte	0
 884              		.section	.debug_aranges,"",%progbits
 885 0000 3C000000 		.4byte	0x3c
 886 0004 0200     		.2byte	0x2
 887 0006 00000000 		.4byte	.Ldebug_info0
 888 000a 04       		.byte	0x4
 889 000b 00       		.byte	0
 890 000c 0000     		.2byte	0
 891 000e 0000     		.2byte	0
 892 0010 00000000 		.4byte	.LFB64
 893 0014 1C000000 		.4byte	.LFE64-.LFB64
 894 0018 00000000 		.4byte	.LFB65
 895 001c 34000000 		.4byte	.LFE65-.LFB65
 896 0020 00000000 		.4byte	.LFB66
 897 0024 0C000000 		.4byte	.LFE66-.LFB66
 898 0028 00000000 		.4byte	.LFB67
 899 002c 28000000 		.4byte	.LFE67-.LFB67
 900 0030 00000000 		.4byte	.LFB68
 901 0034 18000000 		.4byte	.LFE68-.LFB68
 902 0038 00000000 		.4byte	0
ARM GAS  C:\Users\Henry\AppData\Local\Temp\ccWk4oba.s 			page 18


 903 003c 00000000 		.4byte	0
 904              		.section	.debug_ranges,"",%progbits
 905              	.Ldebug_ranges0:
 906 0000 00000000 		.4byte	.LFB64
 907 0004 1C000000 		.4byte	.LFE64
 908 0008 00000000 		.4byte	.LFB65
 909 000c 34000000 		.4byte	.LFE65
 910 0010 00000000 		.4byte	.LFB66
 911 0014 0C000000 		.4byte	.LFE66
 912 0018 00000000 		.4byte	.LFB67
 913 001c 28000000 		.4byte	.LFE67
 914 0020 00000000 		.4byte	.LFB68
 915 0024 18000000 		.4byte	.LFE68
 916 0028 00000000 		.4byte	0
 917 002c 00000000 		.4byte	0
 918              		.section	.debug_line,"",%progbits
 919              	.Ldebug_line0:
 920 0000 49020000 		.section	.debug_str,"MS",%progbits,1
 920      0200EB01 
 920      00000201 
 920      FB0E0D00 
 920      01010101 
 921              	.LASF23:
 922 0000 55415254 		.ascii	"UART_1_Start\000"
 922      5F315F53 
 922      74617274 
 922      00
 923              	.LASF31:
 924 000d 68637372 		.ascii	"hcsr04.c\000"
 924      30342E63 
 924      00
 925              	.LASF22:
 926 0016 50574D5F 		.ascii	"PWM_Trigger_Start\000"
 926      54726967 
 926      6765725F 
 926      53746172 
 926      7400
 927              	.LASF16:
 928 0028 63616C63 		.ascii	"calcDist\000"
 928      44697374 
 928      00
 929              	.LASF9:
 930 0031 5F5F696E 		.ascii	"__int32_t\000"
 930      7433325F 
 930      7400
 931              	.LASF27:
 932 003b 736E7072 		.ascii	"snprintf\000"
 932      696E7466 
 932      00
 933              	.LASF35:
 934 0044 6F757470 		.ascii	"outputDistanceToUART\000"
 934      75744469 
 934      7374616E 
 934      6365546F 
 934      55415254 
 935              	.LASF34:
 936 0059 67657444 		.ascii	"getDistance\000"
ARM GAS  C:\Users\Henry\AppData\Local\Temp\ccWk4oba.s 			page 19


 936      69737461 
 936      6E636500 
 937              	.LASF25:
 938 0065 54696D65 		.ascii	"Timer_int_StartEx\000"
 938      725F696E 
 938      745F5374 
 938      61727445 
 938      7800
 939              	.LASF32:
 940 0077 433A5C55 		.ascii	"C:\\Users\\Henry\\Documents\\IKT\\3. semester\\Seme"
 940      73657273 
 940      5C48656E 
 940      72795C44 
 940      6F63756D 
 941 00a4 73746572 		.ascii	"sterprojekt 3\\god\\afstandssensor\\afstandssensor."
 941      70726F6A 
 941      656B7420 
 941      335C676F 
 941      645C6166 
 942 00d4 63796473 		.ascii	"cydsn\000"
 942      6E00
 943              	.LASF21:
 944 00da 64697374 		.ascii	"distance\000"
 944      616E6365 
 944      00
 945              	.LASF11:
 946 00e3 666C6F61 		.ascii	"float\000"
 946      7400
 947              	.LASF1:
 948 00e9 756E7369 		.ascii	"unsigned char\000"
 948      676E6564 
 948      20636861 
 948      7200
 949              	.LASF30:
 950 00f7 474E5520 		.ascii	"GNU C11 5.4.1 20160609 (release) [ARM/embedded-5-br"
 950      43313120 
 950      352E342E 
 950      31203230 
 950      31363036 
 951 012a 616E6368 		.ascii	"anch revision 237715] -mcpu=cortex-m3 -mthumb -g -O"
 951      20726576 
 951      6973696F 
 951      6E203233 
 951      37373135 
 952 015d 67202D66 		.ascii	"g -ffunction-sections -ffat-lto-objects\000"
 952      66756E63 
 952      74696F6E 
 952      2D736563 
 952      74696F6E 
 953              	.LASF19:
 954 0185 6F757470 		.ascii	"outputBuffer\000"
 954      75744275 
 954      66666572 
 954      00
 955              	.LASF5:
 956 0192 6C6F6E67 		.ascii	"long unsigned int\000"
 956      20756E73 
ARM GAS  C:\Users\Henry\AppData\Local\Temp\ccWk4oba.s 			page 20


 956      69676E65 
 956      6420696E 
 956      7400
 957              	.LASF3:
 958 01a4 73686F72 		.ascii	"short unsigned int\000"
 958      7420756E 
 958      7369676E 
 958      65642069 
 958      6E7400
 959              	.LASF29:
 960 01b7 54696D65 		.ascii	"Timer_ClearFIFO\000"
 960      725F436C 
 960      65617246 
 960      49464F00 
 961              	.LASF20:
 962 01c7 49544D5F 		.ascii	"ITM_RxBuffer\000"
 962      52784275 
 962      66666572 
 962      00
 963              	.LASF12:
 964 01d4 646F7562 		.ascii	"double\000"
 964      6C6500
 965              	.LASF17:
 966 01db 54696D65 		.ascii	"Timer_int_Handler\000"
 966      725F696E 
 966      745F4861 
 966      6E646C65 
 966      7200
 967              	.LASF24:
 968 01ed 54696D65 		.ascii	"Timer_Start\000"
 968      725F5374 
 968      61727400 
 969              	.LASF8:
 970 01f9 756E7369 		.ascii	"unsigned int\000"
 970      676E6564 
 970      20696E74 
 970      00
 971              	.LASF7:
 972 0206 6C6F6E67 		.ascii	"long long unsigned int\000"
 972      206C6F6E 
 972      6720756E 
 972      7369676E 
 972      65642069 
 973              	.LASF10:
 974 021d 696E7433 		.ascii	"int32_t\000"
 974      325F7400 
 975              	.LASF15:
 976 0225 73697A65 		.ascii	"sizetype\000"
 976      74797065 
 976      00
 977              	.LASF33:
 978 022e 696E6974 		.ascii	"initDistSens\000"
 978      44697374 
 978      53656E73 
 978      00
 979              	.LASF6:
 980 023b 6C6F6E67 		.ascii	"long long int\000"
ARM GAS  C:\Users\Henry\AppData\Local\Temp\ccWk4oba.s 			page 21


 980      206C6F6E 
 980      6720696E 
 980      7400
 981              	.LASF13:
 982 0249 63686172 		.ascii	"char\000"
 982      00
 983              	.LASF2:
 984 024e 73686F72 		.ascii	"short int\000"
 984      7420696E 
 984      7400
 985              	.LASF26:
 986 0258 54696D65 		.ascii	"Timer_ReadCapture\000"
 986      725F5265 
 986      61644361 
 986      70747572 
 986      6500
 987              	.LASF4:
 988 026a 6C6F6E67 		.ascii	"long int\000"
 988      20696E74 
 988      00
 989              	.LASF14:
 990 0273 6C6F6E67 		.ascii	"long double\000"
 990      20646F75 
 990      626C6500 
 991              	.LASF0:
 992 027f 7369676E 		.ascii	"signed char\000"
 992      65642063 
 992      68617200 
 993              	.LASF28:
 994 028b 55415254 		.ascii	"UART_1_PutString\000"
 994      5F315F50 
 994      75745374 
 994      72696E67 
 994      00
 995              	.LASF18:
 996 029c 63617074 		.ascii	"capture\000"
 996      75726500 
 997              		.ident	"GCC: (GNU Tools for ARM Embedded Processors) 5.4.1 20160609 (release) [ARM/embedded-5-bran
